2023-12-12 12:19:27 INFO Running task: 1_0...
2023-12-12 12:19:28 INFO Test Passed!


2023-12-12 12:19:28 INFO Running task: 2_0...
2023-12-12 12:19:29 INFO Test Passed!


2023-12-12 12:19:29 INFO Running task: 3_0...
2023-12-12 12:19:30 INFO Test Failed!
2023-12-12 12:19:30 INFO run_output: b'Note: /home/ubuntu/test_codellm/unit_tests/minimax/python_java/test.java uses unchecked or unsafe operations.\nNote: Recompile with -Xlint:unchecked for details.\n-1 3\nTestcase No.1 Failed!\n-1 4\nTestcase No.2 Failed!\n-1 -1\n-1 40\nTestcase No.4 Failed!\n-1 44\nTestcase No.5 Failed!\nPassed 1 / 5 testcases!\nTest Failed!\n'


2023-12-12 12:19:30 INFO Running task: 4_0...
2023-12-12 12:19:31 INFO Test Passed!


2023-12-12 12:19:31 INFO Running task: 5_0...
2023-12-12 12:19:32 INFO Test Passed!


2023-12-12 12:19:32 INFO Running task: 6_0...
2023-12-12 12:19:33 INFO Test Passed!


2023-12-12 12:19:33 INFO Running task: 7_0...
2023-12-12 12:19:33 INFO Test Passed!


2023-12-12 12:19:33 INFO Running task: 8_0...
2023-12-12 12:19:34 INFO Compilation Failed!
2023-12-12 12:19:34 INFO run_output: b"/home/ubuntu/test_codellm/unit_tests/minimax/python_java/test.java:220: error: incompatible types: possible lossy conversion from long to int\n    int cnt1 = s.chars().filter(c -> c == '1').count();\n                                                    ^\n1 error\nerror: compilation failed\n"


2023-12-12 12:19:34 INFO Running task: 9_0...
2023-12-12 12:19:35 INFO Compilation Failed!
2023-12-12 12:19:35 INFO run_output: b'/home/ubuntu/test_codellm/unit_tests/minimax/python_java/test.java:233: error: illegal start of expression\n                if (t.length() < ans.length() || t.length() == ans.length() && ***pareTo(ans) < 0) {\n                                                                               ^\n/home/ubuntu/test_codellm/unit_tests/minimax/python_java/test.java:233: error: illegal start of expression\n                if (t.length() < ans.length() || t.length() == ans.length() && ***pareTo(ans) < 0) {\n                                                                                ^\n/home/ubuntu/test_codellm/unit_tests/minimax/python_java/test.java:233: error: illegal start of expression\n                if (t.length() < ans.length() || t.length() == ans.length() && ***pareTo(ans) < 0) {\n                                                                                 ^\n3 errors\nerror: compilation failed\n'


2023-12-12 12:19:35 INFO Running task: 10_0...
2023-12-12 12:19:35 INFO Test Passed!


2023-12-12 12:19:35 INFO Running task: 11_0...
2023-12-12 12:19:36 INFO Test Passed!


2023-12-12 12:19:36 INFO Running task: 12_0...
2023-12-12 12:19:37 INFO Test Passed!


2023-12-12 12:19:37 INFO Running task: 13_0...
2023-12-12 12:19:38 INFO Test Passed!


2023-12-12 12:19:38 INFO Running task: 14_0...
2023-12-12 12:19:39 INFO Compilation Failed!
2023-12-12 12:19:39 INFO run_output: b'/home/ubuntu/test_codellm/unit_tests/minimax/python_java/test.java:222: error: cannot find symbol\n    return (int) processorTime.stream().zip(tasks.stream().skip(tasks.size() / 4)).mapToLong(p -> p.getLeft() + p.getRight()).max().getAsLong();\n                                       ^\n  symbol:   method zip(Stream<Integer>)\n  location: interface Stream<Integer>\nNote: /home/ubuntu/test_codellm/unit_tests/minimax/python_java/test.java uses unchecked or unsafe operations.\nNote: Recompile with -Xlint:unchecked for details.\n1 error\nerror: compilation failed\n'


2023-12-12 12:19:39 INFO Running task: 15_0...
2023-12-12 12:19:40 INFO Test Passed!


2023-12-12 12:19:40 INFO Running task: 16_0...
2023-12-12 12:19:41 INFO Test Failed!
2023-12-12 12:19:41 INFO run_output: b'2 2\n2 2\n2147483647 -1\nTestcase No.3 Failed!\n2 2\n18424 18424\nPassed 4 / 5 testcases!\nTest Failed!\n'


2023-12-12 12:19:41 INFO Running task: 17_0...
2023-12-12 12:19:42 INFO Test Passed!


2023-12-12 12:19:42 INFO Running task: 18_0...
2023-12-12 12:19:42 INFO Test Passed!


2023-12-12 12:19:42 INFO Running task: 19_0...
2023-12-12 12:19:43 INFO Test Passed!


2023-12-12 12:19:43 INFO Running task: 20_0...
2023-12-12 12:19:44 INFO Test Passed!


2023-12-12 12:19:44 INFO Running task: 21_0...
2023-12-12 12:19:45 INFO Test Passed!


2023-12-12 12:19:45 INFO Running task: 22_0...
2023-12-12 12:19:46 INFO Compilation Failed!
2023-12-12 12:19:46 INFO run_output: b'/home/ubuntu/test_codellm/unit_tests/minimax/python_java/test.java:221: error: no suitable method found for min(List<Integer>)\n    int mx = Math.min(stock) + budget;\n                 ^\n    method Math.min(int,int) is not applicable\n      (actual and formal argument lists differ in length)\n    method Math.min(long,long) is not applicable\n      (actual and formal argument lists differ in length)\n    method Math.min(float,float) is not applicable\n      (actual and formal argument lists differ in length)\n    method Math.min(double,double) is not applicable\n      (actual and formal argument lists differ in length)\nNote: /home/ubuntu/test_codellm/unit_tests/minimax/python_java/test.java uses unchecked or unsafe operations.\nNote: Recompile with -Xlint:unchecked for details.\n1 error\nerror: compilation failed\n'


2023-12-12 12:19:46 INFO Running task: 23_0...
2023-12-12 12:19:47 INFO Test Failed!
2023-12-12 12:19:47 INFO run_output: b'Note: /home/ubuntu/test_codellm/unit_tests/minimax/python_java/test.java uses unchecked or unsafe operations.\nNote: Recompile with -Xlint:unchecked for details.\n1 2\nTestcase No.1 Failed!\n1 3\nTestcase No.2 Failed!\n1 4\nTestcase No.3 Failed!\n0 1\nTestcase No.4 Failed!\n1 92\nTestcase No.5 Failed!\nPassed 0 / 5 testcases!\nTest Failed!\n'


2023-12-12 12:19:47 INFO Running task: 24_0...
2023-12-12 12:19:48 INFO Test Passed!


2023-12-12 12:19:48 INFO Running task: 25_0...
2023-12-12 12:19:49 INFO Compilation Failed!
2023-12-12 12:19:49 INFO run_output: b'/home/ubuntu/test_codellm/unit_tests/minimax/python_java/test.java:224: error: bad operand types for binary operator \'^\'\n            ans += cnt.getOrDefault(coordinate.get(0) ^ i + "," + coordinate.get(1) ^ (k - i), 0);\n                                                      ^\n  first type:  Integer\n  second type: String\nNote: /home/ubuntu/test_codellm/unit_tests/minimax/python_java/test.java uses unchecked or unsafe operations.\nNote: Recompile with -Xlint:unchecked for details.\n1 error\nerror: compilation failed\n'


2023-12-12 12:19:49 INFO Running task: 26_0...
2023-12-12 12:19:49 INFO Test Passed!


2023-12-12 12:19:49 INFO Running task: 27_0...
2023-12-12 12:19:50 INFO Compilation Failed!
2023-12-12 12:19:50 INFO run_output: b'/home/ubuntu/test_codellm/unit_tests/minimax/python_java/test.java:220: error: cannot find symbol\n    int maxCnt = cnt = 1;\n                 ^\n  symbol:   variable cnt\n  location: class Test\n/home/ubuntu/test_codellm/unit_tests/minimax/python_java/test.java:225: error: cannot find symbol\n            cnt++;\n            ^\n  symbol:   variable cnt\n  location: class Test\n/home/ubuntu/test_codellm/unit_tests/minimax/python_java/test.java:227: error: cannot find symbol\n            maxCnt = Math.max(maxCnt, cnt);\n                                      ^\n  symbol:   variable cnt\n  location: class Test\n/home/ubuntu/test_codellm/unit_tests/minimax/python_java/test.java:229: error: cannot find symbol\n            cnt = 1;\n            ^\n  symbol:   variable cnt\n  location: class Test\n/home/ubuntu/test_codellm/unit_tests/minimax/python_java/test.java:232: error: cannot find symbol\n    maxCnt = Math.max(maxCnt, cnt);\n                              ^\n  symbol:   variable cnt\n  location: class Test\nNote: /home/ubuntu/test_codellm/unit_tests/minimax/python_java/test.java uses unchecked or unsafe operations.\nNote: Recompile with -Xlint:unchecked for details.\n5 errors\nerror: compilation failed\n'


2023-12-12 12:19:50 INFO Running task: 28_0...
2023-12-12 12:19:51 INFO Test Passed!


2023-12-12 12:19:51 INFO Running task: 29_0...
2023-12-12 12:19:52 INFO Test Passed!


2023-12-12 12:19:52 INFO Running task: 30_0...
2023-12-12 12:19:53 INFO Test Passed!


2023-12-12 12:19:53 INFO Running task: 31_0...
2023-12-12 12:19:54 INFO Test Failed!
2023-12-12 12:19:54 INFO run_output: b'2 2\n3 3\n2 1\nTestcase No.3 Failed!\n19 19\n99 100\nTestcase No.5 Failed!\nPassed 3 / 5 testcases!\nTest Failed!\n'


2023-12-12 12:19:54 INFO Running task: 32_0...
2023-12-12 12:19:55 INFO Test Passed!


2023-12-12 12:19:55 INFO Running task: 33_0...
2023-12-12 12:19:55 INFO Test Passed!


2023-12-12 12:19:55 INFO Running task: 34_0...
2023-12-12 12:19:56 INFO Test Passed!


2023-12-12 12:19:56 INFO Running task: 35_0...
2023-12-12 12:19:57 INFO Test Passed!


2023-12-12 12:19:57 INFO Running task: 36_0...
2023-12-12 12:19:58 INFO Test Passed!


2023-12-12 12:19:58 INFO Running task: 37_0...
2023-12-12 12:19:59 INFO Test Passed!


2023-12-12 12:19:59 INFO Running task: 38_0...
2023-12-12 12:20:00 INFO Test Passed!


2023-12-12 12:20:00 INFO Running task: 39_0...
2023-12-12 12:20:01 INFO Test Passed!


2023-12-12 12:20:01 INFO Running task: 40_0...
2023-12-12 12:20:01 INFO Test Passed!


2023-12-12 12:20:01 INFO Running task: 41_0...
2023-12-12 12:20:02 INFO Test Passed!


2023-12-12 12:20:02 INFO Running task: 42_0...
2023-12-12 12:20:03 INFO Runtime Failed!
2023-12-12 12:20:03 INFO run_output: b'Note: /home/ubuntu/test_codellm/unit_tests/minimax/python_java/test.java uses unchecked or unsafe operations.\nNote: Recompile with -Xlint:unchecked for details.\njava.lang.IndexOutOfBoundsException: Index -1 out of bounds for length 1\n\tat java.base/jdk.internal.util.Preconditions.outOfBounds(Preconditions.java:64)\n\tat java.base/jdk.internal.util.Preconditions.outOfBoundsCheckIndex(Preconditions.java:70)\n\tat java.base/jdk.internal.util.Preconditions.checkIndex(Preconditions.java:266)\n\tat java.base/java.util.Objects.checkIndex(Objects.java:361)\n\tat java.base/java.util.ArrayList.get(ArrayList.java:427)\n\tat Test.testfunc(test.java:226)\n\tat Test.start(test.java:270)\n\tat Test.main(test.java:291)\n\tat java.base/jdk.internal.reflect.NativeMethodAccessorImpl.invoke0(Native Method)\n\tat java.base/jdk.internal.reflect.NativeMethodAccessorImpl.invoke(NativeMethodAccessorImpl.java:77)\n\tat java.base/jdk.internal.reflect.DelegatingMethodAccessorImpl.invoke(DelegatingMethodAccessorImpl.java:43)\n\tat java.base/java.lang.reflect.Method.invoke(Method.java:568)\n\tat jdk.compiler/com.sun.tools.javac.launcher.Main.execute(Main.java:419)\n\tat jdk.compiler/com.sun.tools.javac.launcher.Main.run(Main.java:192)\n\tat jdk.compiler/com.sun.tools.javac.launcher.Main.main(Main.java:132)\njava.lang.IndexOutOfBoundsException: Index -1 out of bounds for length 1\n\tat java.base/jdk.internal.util.Preconditions.outOfBounds(Preconditions.java:64)\n\tat java.base/jdk.internal.util.Preconditions.outOfBoundsCheckIndex(Preconditions.java:70)\n\tat java.base/jdk.internal.util.Preconditions.checkIndex(Preconditions.java:266)\n\tat java.base/java.util.Objects.checkIndex(Objects.java:361)\n\tat java.base/java.util.ArrayList.get(ArrayList.java:427)\n\tat Test.testfunc(test.java:226)\n\tat Test.start(test.java:270)\n\tat Test.main(test.java:291)\n\tat java.base/jdk.internal.reflect.NativeMethodAccessorImpl.invoke0(Native Method)\n\tat java.base/jdk.internal.reflect.NativeMethodAccessorImpl.invoke(NativeMethodAccessorImpl.java:77)\n\tat java.base/jdk.internal.reflect.DelegatingMethodAccessorImpl.invoke(DelegatingMethodAccessorImpl.java:43)\n\tat java.base/java.lang.reflect.Method.invoke(Method.java:568)\n\tat jdk.compiler/com.sun.tools.javac.launcher.Main.execute(Main.java:419)\n\tat jdk.compiler/com.sun.tools.javac.launcher.Main.run(Main.java:192)\n\tat jdk.compiler/com.sun.tools.javac.launcher.Main.main(Main.java:132)\njava.lang.IndexOutOfBoundsException: Index -1 out of bounds for length 1\n\tat java.base/jdk.internal.util.Preconditions.outOfBounds(Preconditions.java:64)\n\tat java.base/jdk.internal.util.Preconditions.outOfBoundsCheckIndex(Preconditions.java:70)\n\tat java.base/jdk.internal.util.Preconditions.checkIndex(Preconditions.java:266)\n\tat java.base/java.util.Objects.checkIndex(Objects.java:361)\n\tat java.base/java.util.ArrayList.get(ArrayList.java:427)\n\tat Test.testfunc(test.java:226)\n\tat Test.start(test.java:270)\n\tat Test.main(test.java:291)\n\tat java.base/jdk.internal.reflect.NativeMethodAccessorImpl.invoke0(Native Method)\n\tat java.base/jdk.internal.reflect.NativeMethodAccessorImpl.invoke(NativeMethodAccessorImpl.java:77)\n\tat java.base/jdk.internal.reflect.DelegatingMethodAccessorImpl.invoke(DelegatingMethodAccessorImpl.java:43)\n\tat java.base/java.lang.reflect.Method.invoke(Method.java:568)\n\tat jdk.compiler/com.sun.tools.javac.launcher.Main.execute(Main.java:419)\n\tat jdk.compiler/com.sun.tools.javac.launcher.Main.run(Main.java:192)\n\tat jdk.compiler/com.sun.tools.javac.launcher.Main.main(Main.java:132)\njava.lang.IndexOutOfBoundsException: Index -1 out of bounds for length 1\n\tat java.base/jdk.internal.util.Preconditions.outOfBounds(Preconditions.java:64)\n\tat java.base/jdk.internal.util.Preconditions.outOfBoundsCheckIndex(Preconditions.java:70)\n\tat java.base/jdk.internal.util.Preconditions.checkIndex(Preconditions.java:266)\n\tat java.base/java.util.Objects.checkIndex(Objects.java:361)\n\tat java.base/java.util.ArrayList.get(ArrayList.java:427)\n\tat Test.testfunc(test.java:226)\n\tat Test.start(test.java:270)\n\tat Test.main(test.java:291)\n\tat java.base/jdk.internal.reflect.NativeMethodAccessorImpl.invoke0(Native Method)\n\tat java.base/jdk.internal.reflect.NativeMethodAccessorImpl.invoke(NativeMethodAccessorImpl.java:77)\n\tat java.base/jdk.internal.reflect.DelegatingMethodAccessorImpl.invoke(DelegatingMethodAccessorImpl.java:43)\n\tat java.base/java.lang.reflect.Method.invoke(Method.java:568)\n\tat jdk.compiler/com.sun.tools.javac.launcher.Main.execute(Main.java:419)\n\tat jdk.compiler/com.sun.tools.javac.launcher.Main.run(Main.java:192)\n\tat jdk.compiler/com.sun.tools.javac.launcher.Main.main(Main.java:132)\njava.lang.IndexOutOfBoundsException: Index -1 out of bounds for length 1\n\tat java.base/jdk.internal.util.Preconditions.outOfBounds(Preconditions.java:64)\n\tat java.base/jdk.internal.util.Preconditions.outOfBoundsCheckIndex(Preconditions.java:70)\n\tat java.base/jdk.internal.util.Preconditions.checkIndex(Preconditions.java:266)\n\tat java.base/java.util.Objects.checkIndex(Objects.java:361)\n\tat java.base/java.util.ArrayList.get(ArrayList.java:427)\n\tat Test.testfunc(test.java:226)\n\tat Test.start(test.java:270)\n\tat Test.main(test.java:291)\n\tat java.base/jdk.internal.reflect.NativeMethodAccessorImpl.invoke0(Native Method)\n\tat java.base/jdk.internal.reflect.NativeMethodAccessorImpl.invoke(NativeMethodAccessorImpl.java:77)\n\tat java.base/jdk.internal.reflect.DelegatingMethodAccessorImpl.invoke(DelegatingMethodAccessorImpl.java:43)\n\tat java.base/java.lang.reflect.Method.invoke(Method.java:568)\n\tat jdk.compiler/com.sun.tools.javac.launcher.Main.execute(Main.java:419)\n\tat jdk.compiler/com.sun.tools.javac.launcher.Main.run(Main.java:192)\n\tat jdk.compiler/com.sun.tools.javac.launcher.Main.main(Main.java:132)\nPassed 0 / 5 testcases!\nTest Failed!\n'


2023-12-12 12:20:03 INFO Running task: 43_0...
2023-12-12 12:20:04 INFO Test Passed!


2023-12-12 12:20:04 INFO Running task: 44_0...
2023-12-12 12:20:05 INFO Runtime Failed!
2023-12-12 12:20:05 INFO run_output: b'java.lang.ArrayIndexOutOfBoundsException: Index 51 out of bounds for length 10\n\tat Test.testfunc(test.java:225)\n\tat Test.start(test.java:267)\n\tat Test.main(test.java:288)\n\tat java.base/jdk.internal.reflect.NativeMethodAccessorImpl.invoke0(Native Method)\n\tat java.base/jdk.internal.reflect.NativeMethodAccessorImpl.invoke(NativeMethodAccessorImpl.java:77)\n\tat java.base/jdk.internal.reflect.DelegatingMethodAccessorImpl.invoke(DelegatingMethodAccessorImpl.java:43)\n\tat java.base/java.lang.reflect.Method.invoke(Method.java:568)\n\tat jdk.compiler/com.sun.tools.javac.launcher.Main.execute(Main.java:419)\n\tat jdk.compiler/com.sun.tools.javac.launcher.Main.run(Main.java:192)\n\tat jdk.compiler/com.sun.tools.javac.launcher.Main.main(Main.java:132)\n-1 -1\njava.lang.ArrayIndexOutOfBoundsException: Index 1940 out of bounds for length 10\n\tat Test.testfunc(test.java:225)\n\tat Test.start(test.java:267)\n\tat Test.main(test.java:288)\n\tat java.base/jdk.internal.reflect.NativeMethodAccessorImpl.invoke0(Native Method)\n\tat java.base/jdk.internal.reflect.NativeMethodAccessorImpl.invoke(NativeMethodAccessorImpl.java:77)\n\tat java.base/jdk.internal.reflect.DelegatingMethodAccessorImpl.invoke(DelegatingMethodAccessorImpl.java:43)\n\tat java.base/java.lang.reflect.Method.invoke(Method.java:568)\n\tat jdk.compiler/com.sun.tools.javac.launcher.Main.execute(Main.java:419)\n\tat jdk.compiler/com.sun.tools.javac.launcher.Main.run(Main.java:192)\n\tat jdk.compiler/com.sun.tools.javac.launcher.Main.main(Main.java:132)\njava.lang.ArrayIndexOutOfBoundsException: Index 875 out of bounds for length 10\n\tat Test.testfunc(test.java:225)\n\tat Test.start(test.java:267)\n\tat Test.main(test.java:288)\n\tat java.base/jdk.internal.reflect.NativeMethodAccessorImpl.invoke0(Native Method)\n\tat java.base/jdk.internal.reflect.NativeMethodAccessorImpl.invoke(NativeMethodAccessorImpl.java:77)\n\tat java.base/jdk.internal.reflect.DelegatingMethodAccessorImpl.invoke(DelegatingMethodAccessorImpl.java:43)\n\tat java.base/java.lang.reflect.Method.invoke(Method.java:568)\n\tat jdk.compiler/com.sun.tools.javac.launcher.Main.execute(Main.java:419)\n\tat jdk.compiler/com.sun.tools.javac.launcher.Main.run(Main.java:192)\n\tat jdk.compiler/com.sun.tools.javac.launcher.Main.main(Main.java:132)\njava.lang.ArrayIndexOutOfBoundsException: Index 3361 out of bounds for length 10\n\tat Test.testfunc(test.java:225)\n\tat Test.start(test.java:267)\n\tat Test.main(test.java:288)\n\tat java.base/jdk.internal.reflect.NativeMethodAccessorImpl.invoke0(Native Method)\n\tat java.base/jdk.internal.reflect.NativeMethodAccessorImpl.invoke(NativeMethodAccessorImpl.java:77)\n\tat java.base/jdk.internal.reflect.DelegatingMethodAccessorImpl.invoke(DelegatingMethodAccessorImpl.java:43)\n\tat java.base/java.lang.reflect.Method.invoke(Method.java:568)\n\tat jdk.compiler/com.sun.tools.javac.launcher.Main.execute(Main.java:419)\n\tat jdk.compiler/com.sun.tools.javac.launcher.Main.run(Main.java:192)\n\tat jdk.compiler/com.sun.tools.javac.launcher.Main.main(Main.java:132)\nPassed 1 / 5 testcases!\nTest Failed!\n'


2023-12-12 12:20:05 INFO Running task: 45_0...
2023-12-12 12:20:06 INFO Compilation Failed!
2023-12-12 12:20:06 INFO run_output: b'/home/ubuntu/test_codellm/unit_tests/minimax/python_java/test.java:231: error: no suitable constructor found for StringBuilder(Deque<Character>)\n    return tail ? q.toString() : new StringBuilder(q).reverse().toString();\n                                 ^\n    constructor StringBuilder.StringBuilder() is not applicable\n      (actual and formal argument lists differ in length)\n    constructor StringBuilder.StringBuilder(int) is not applicable\n      (argument mismatch; Deque<Character> cannot be converted to int)\n    constructor StringBuilder.StringBuilder(String) is not applicable\n      (argument mismatch; Deque<Character> cannot be converted to String)\n    constructor StringBuilder.StringBuilder(CharSequence) is not applicable\n      (argument mismatch; Deque<Character> cannot be converted to CharSequence)\n1 error\nerror: compilation failed\n'


2023-12-12 12:20:06 INFO Running task: 46_0...
2023-12-12 12:20:07 INFO Test Passed!


2023-12-12 12:20:07 INFO Running task: 47_0...
2023-12-12 12:20:07 INFO Test Passed!


2023-12-12 12:20:07 INFO Running task: 48_0...
2023-12-12 12:20:08 INFO Compilation Failed!
2023-12-12 12:20:08 INFO run_output: b'/home/ubuntu/test_codellm/unit_tests/minimax/python_java/test.java:222: error: illegal start of expression\n        ***puteIfAbsent(nums.get(i), v -> new ArrayList<>()).add(i);\n        ^\n/home/ubuntu/test_codellm/unit_tests/minimax/python_java/test.java:222: error: illegal start of expression\n        ***puteIfAbsent(nums.get(i), v -> new ArrayList<>()).add(i);\n         ^\n/home/ubuntu/test_codellm/unit_tests/minimax/python_java/test.java:222: error: illegal start of expression\n        ***puteIfAbsent(nums.get(i), v -> new ArrayList<>()).add(i);\n          ^\n3 errors\nerror: compilation failed\n'


2023-12-12 12:20:08 INFO Running task: 49_0...
2023-12-12 12:20:09 INFO Test Passed!


2023-12-12 12:20:09 INFO Running task: 50_0...
2023-12-12 12:20:10 INFO Test Passed!


2023-12-12 12:20:10 INFO Running task: 51_0...
2023-12-12 12:20:10 INFO Test Passed!


2023-12-12 12:20:10 INFO Running task: 52_0...
2023-12-12 12:20:11 INFO Test Passed!


2023-12-12 12:20:11 INFO Running task: 53_0...
2023-12-12 12:20:12 INFO Compilation Failed!
2023-12-12 12:20:12 INFO run_output: b'/home/ubuntu/test_codellm/unit_tests/minimax/python_java/test.java:220: error: illegal start of expression\n    return (int) ((n * n) % ***);\n                            ^\n/home/ubuntu/test_codellm/unit_tests/minimax/python_java/test.java:220: error: illegal start of expression\n    return (int) ((n * n) % ***);\n                             ^\n/home/ubuntu/test_codellm/unit_tests/minimax/python_java/test.java:220: error: illegal start of expression\n    return (int) ((n * n) % ***);\n                              ^\n/home/ubuntu/test_codellm/unit_tests/minimax/python_java/test.java:220: error: illegal start of expression\n    return (int) ((n * n) % ***);\n                               ^\n4 errors\nerror: compilation failed\n'


2023-12-12 12:20:12 INFO Running task: 54_0...
2023-12-12 12:20:13 INFO Test Passed!


2023-12-12 12:20:13 INFO Running task: 55_0...
2023-12-12 12:20:13 INFO Compilation Failed!
2023-12-12 12:20:13 INFO run_output: b'/home/ubuntu/test_codellm/unit_tests/minimax/python_java/test.java:224: error: method bsearch in class Test cannot be applied to given types;\n            result.add(bsearch(rank_nums, score));\n                       ^\n  required: int[],int\n  found:    List<Integer>,int\n  reason: argument mismatch; List<Integer> cannot be converted to int[]\nNote: /home/ubuntu/test_codellm/unit_tests/minimax/python_java/test.java uses unchecked or unsafe operations.\nNote: Recompile with -Xlint:unchecked for details.\n1 error\nerror: compilation failed\n'


2023-12-12 12:20:13 INFO Running task: 56_0...
2023-12-12 12:20:15 INFO Test Passed!


2023-12-12 12:20:15 INFO Running task: 57_0...
2023-12-12 12:20:16 INFO Compilation Failed!
2023-12-12 12:20:16 INFO run_output: b'/home/ubuntu/test_codellm/unit_tests/minimax/python_java/test.java:226: error: cannot find symbol\n        ListNode current = previous = llist;\n                           ^\n  symbol:   variable previous\n  location: class Test\n/home/ubuntu/test_codellm/unit_tests/minimax/python_java/test.java:229: error: cannot find symbol\n            previous = current;\n            ^\n  symbol:   variable previous\n  location: class Test\n/home/ubuntu/test_codellm/unit_tests/minimax/python_java/test.java:233: error: cannot find symbol\n        previous.next = current.next;\n        ^\n  symbol:   variable previous\n  location: class Test\n3 errors\nerror: compilation failed\n'


2023-12-12 12:20:16 INFO Running task: 58_0...
2023-12-12 12:20:17 INFO Test Passed!


2023-12-12 12:20:17 INFO Running task: 59_0...
2023-12-12 12:20:18 INFO Test Passed!


2023-12-12 12:20:18 INFO Running task: 60_0...
2023-12-12 12:20:19 INFO Test Passed!


2023-12-12 12:20:19 INFO Running task: 61_0...
2023-12-12 12:20:20 INFO Runtime Failed!
2023-12-12 12:20:20 INFO run_output: b'Note: /home/ubuntu/test_codellm/unit_tests/minimax/python_java/test.java uses unchecked or unsafe operations.\nNote: Recompile with -Xlint:unchecked for details.\njava.lang.IndexOutOfBoundsException: Index -2 out of bounds for length 1\n\tat java.base/jdk.internal.util.Preconditions.outOfBounds(Preconditions.java:64)\n\tat java.base/jdk.internal.util.Preconditions.outOfBoundsCheckIndex(Preconditions.java:70)\n\tat java.base/jdk.internal.util.Preconditions.checkIndex(Preconditions.java:266)\n\tat java.base/java.util.Objects.checkIndex(Objects.java:361)\n\tat java.base/java.util.ArrayList.get(ArrayList.java:427)\n\tat Test.testfunc(test.java:228)\n\tat Test.start(test.java:275)\n\tat Test.main(test.java:296)\n\tat java.base/jdk.internal.reflect.NativeMethodAccessorImpl.invoke0(Native Method)\n\tat java.base/jdk.internal.reflect.NativeMethodAccessorImpl.invoke(NativeMethodAccessorImpl.java:77)\n\tat java.base/jdk.internal.reflect.DelegatingMethodAccessorImpl.invoke(DelegatingMethodAccessorImpl.java:43)\n\tat java.base/java.lang.reflect.Method.invoke(Method.java:568)\n\tat jdk.compiler/com.sun.tools.javac.launcher.Main.execute(Main.java:419)\n\tat jdk.compiler/com.sun.tools.javac.launcher.Main.run(Main.java:192)\n\tat jdk.compiler/com.sun.tools.javac.launcher.Main.main(Main.java:132)\njava.lang.IndexOutOfBoundsException: Index -2 out of bounds for length 1\n\tat java.base/jdk.internal.util.Preconditions.outOfBounds(Preconditions.java:64)\n\tat java.base/jdk.internal.util.Preconditions.outOfBoundsCheckIndex(Preconditions.java:70)\n\tat java.base/jdk.internal.util.Preconditions.checkIndex(Preconditions.java:266)\n\tat java.base/java.util.Objects.checkIndex(Objects.java:361)\n\tat java.base/java.util.ArrayList.get(ArrayList.java:427)\n\tat Test.testfunc(test.java:228)\n\tat Test.start(test.java:275)\n\tat Test.main(test.java:296)\n\tat java.base/jdk.internal.reflect.NativeMethodAccessorImpl.invoke0(Native Method)\n\tat java.base/jdk.internal.reflect.NativeMethodAccessorImpl.invoke(NativeMethodAccessorImpl.java:77)\n\tat java.base/jdk.internal.reflect.DelegatingMethodAccessorImpl.invoke(DelegatingMethodAccessorImpl.java:43)\n\tat java.base/java.lang.reflect.Method.invoke(Method.java:568)\n\tat jdk.compiler/com.sun.tools.javac.launcher.Main.execute(Main.java:419)\n\tat jdk.compiler/com.sun.tools.javac.launcher.Main.run(Main.java:192)\n\tat jdk.compiler/com.sun.tools.javac.launcher.Main.main(Main.java:132)\njava.lang.IndexOutOfBoundsException: Index -2 out of bounds for length 1\n\tat java.base/jdk.internal.util.Preconditions.outOfBounds(Preconditions.java:64)\n\tat java.base/jdk.internal.util.Preconditions.outOfBoundsCheckIndex(Preconditions.java:70)\n\tat java.base/jdk.internal.util.Preconditions.checkIndex(Preconditions.java:266)\n\tat java.base/java.util.Objects.checkIndex(Objects.java:361)\n\tat java.base/java.util.ArrayList.get(ArrayList.java:427)\n\tat Test.testfunc(test.java:228)\n\tat Test.start(test.java:275)\n\tat Test.main(test.java:296)\n\tat java.base/jdk.internal.reflect.NativeMethodAccessorImpl.invoke0(Native Method)\n\tat java.base/jdk.internal.reflect.NativeMethodAccessorImpl.invoke(NativeMethodAccessorImpl.java:77)\n\tat java.base/jdk.internal.reflect.DelegatingMethodAccessorImpl.invoke(DelegatingMethodAccessorImpl.java:43)\n\tat java.base/java.lang.reflect.Method.invoke(Method.java:568)\n\tat jdk.compiler/com.sun.tools.javac.launcher.Main.execute(Main.java:419)\n\tat jdk.compiler/com.sun.tools.javac.launcher.Main.run(Main.java:192)\n\tat jdk.compiler/com.sun.tools.javac.launcher.Main.main(Main.java:132)\njava.lang.IndexOutOfBoundsException: Index -2 out of bounds for length 1\n\tat java.base/jdk.internal.util.Preconditions.outOfBounds(Preconditions.java:64)\n\tat java.base/jdk.internal.util.Preconditions.outOfBoundsCheckIndex(Preconditions.java:70)\n\tat java.base/jdk.internal.util.Preconditions.checkIndex(Preconditions.java:266)\n\tat java.base/java.util.Objects.checkIndex(Objects.java:361)\n\tat java.base/java.util.ArrayList.get(ArrayList.java:427)\n\tat Test.testfunc(test.java:228)\n\tat Test.start(test.java:275)\n\tat Test.main(test.java:296)\n\tat java.base/jdk.internal.reflect.NativeMethodAccessorImpl.invoke0(Native Method)\n\tat java.base/jdk.internal.reflect.NativeMethodAccessorImpl.invoke(NativeMethodAccessorImpl.java:77)\n\tat java.base/jdk.internal.reflect.DelegatingMethodAccessorImpl.invoke(DelegatingMethodAccessorImpl.java:43)\n\tat java.base/java.lang.reflect.Method.invoke(Method.java:568)\n\tat jdk.compiler/com.sun.tools.javac.launcher.Main.execute(Main.java:419)\n\tat jdk.compiler/com.sun.tools.javac.launcher.Main.run(Main.java:192)\n\tat jdk.compiler/com.sun.tools.javac.launcher.Main.main(Main.java:132)\njava.lang.IndexOutOfBoundsException: Index -2 out of bounds for length 1\n\tat java.base/jdk.internal.util.Preconditions.outOfBounds(Preconditions.java:64)\n\tat java.base/jdk.internal.util.Preconditions.outOfBoundsCheckIndex(Preconditions.java:70)\n\tat java.base/jdk.internal.util.Preconditions.checkIndex(Preconditions.java:266)\n\tat java.base/java.util.Objects.checkIndex(Objects.java:361)\n\tat java.base/java.util.ArrayList.get(ArrayList.java:427)\n\tat Test.testfunc(test.java:228)\n\tat Test.start(test.java:275)\n\tat Test.main(test.java:296)\n\tat java.base/jdk.internal.reflect.NativeMethodAccessorImpl.invoke0(Native Method)\n\tat java.base/jdk.internal.reflect.NativeMethodAccessorImpl.invoke(NativeMethodAccessorImpl.java:77)\n\tat java.base/jdk.internal.reflect.DelegatingMethodAccessorImpl.invoke(DelegatingMethodAccessorImpl.java:43)\n\tat java.base/java.lang.reflect.Method.invoke(Method.java:568)\n\tat jdk.compiler/com.sun.tools.javac.launcher.Main.execute(Main.java:419)\n\tat jdk.compiler/com.sun.tools.javac.launcher.Main.run(Main.java:192)\n\tat jdk.compiler/com.sun.tools.javac.launcher.Main.main(Main.java:132)\nPassed 0 / 5 testcases!\nTest Failed!\n'


2023-12-12 12:20:20 INFO Running task: 62_0...
2023-12-12 12:20:20 INFO Compilation Failed!
2023-12-12 12:20:20 INFO run_output: b"/home/ubuntu/test_codellm/unit_tests/minimax/python_java/test.java:232: error: not a statement\n        for (List\n             ^\n/home/ubuntu/test_codellm/unit_tests/minimax/python_java/test.java:232: error: ';' expected\n        for (List\n                 ^\n/home/ubuntu/test_codellm/unit_tests/minimax/python_java/test.java:235: error: illegal start of expression\n    public static void start() {\n    ^\n/home/ubuntu/test_codellm/unit_tests/minimax/python_java/test.java:293: error: reached end of file while parsing\n}\n ^\n4 errors\nerror: compilation failed\n"


2023-12-12 12:20:20 INFO Running task: 63_0...
2023-12-12 12:20:21 INFO Test Passed!


2023-12-12 12:20:21 INFO Running task: 64_0...
2023-12-12 12:20:22 INFO Test Failed!
2023-12-12 12:20:22 INFO run_output: b'[7, 25]: 16\n16 10\nTestcase No.1 Failed!\n[644348056063778397, 644348056063778764]: 0\n0 0\n[758116218053664, 916214496168692242]: 430\n430 53\nTestcase No.3 Failed!\n[858917, 51595714]: 249\n249 30\nTestcase No.4 Failed!\n[33, 48]: 16\n16 3\nTestcase No.5 Failed!\nPassed 1 / 5 testcases!\nTest Failed!\n'


2023-12-12 12:20:22 INFO Running task: 65_0...
2023-12-12 12:20:23 INFO Test Passed!


2023-12-12 12:20:23 INFO Running task: 66_0...
2023-12-12 12:20:24 INFO Test Failed!
2023-12-12 12:20:24 INFO run_output: b'2 2\n143 143\n1614380127 149876695044291679\nTestcase No.3 Failed!\n-167237517 245084191090813043\nTestcase No.4 Failed!\n1810315984 707704350405245648\nTestcase No.5 Failed!\nPassed 2 / 5 testcases!\nTest Failed!\n'


2023-12-12 12:20:24 INFO Running task: 67_0...
2023-12-12 12:20:25 INFO Test Passed!


2023-12-12 12:20:25 INFO Running task: 68_0...
2023-12-12 12:20:26 INFO Test Failed!
2023-12-12 12:20:26 INFO run_output: b'"12.09.2017" "13.09.2017"\nTestcase No.1 Failed!\n"12.09.2016" "12.09.2016"\n"12.09.1800" "12.09.1800"\n"12.09.1840" "12.09.1840"\n"12.09.2156" "12.09.2156"\nPassed 4 / 5 testcases!\nTest Failed!\n'


2023-12-12 12:20:26 INFO Running task: 69_0...
2023-12-12 12:20:28 INFO Test Passed!


2023-12-12 12:20:28 INFO Running task: 70_0...
2023-12-12 12:20:29 INFO Test Passed!


2023-12-12 12:20:29 INFO Running task: 71_0...
2023-12-12 12:20:30 INFO Test Passed!


2023-12-12 12:20:30 INFO Running task: 72_0...
2023-12-12 12:20:31 INFO Runtime Failed!
2023-12-12 12:20:31 INFO run_output: b'Note: /home/ubuntu/test_codellm/unit_tests/minimax/python_java/test.java uses unchecked or unsafe operations.\nNote: Recompile with -Xlint:unchecked for details.\n[[2,3,4,8],[1,7,11,12],[5,6,10,16],[9,13,14,15]] [[2,3,4,8],[1,7,11,12],[5,6,10,16],[9,13,14,15]]\n[[2,3,4,8],[1,7,11,12],[5,6,10,16],[9,13,14,15]] [[3,4,8,12],[2,11,10,16],[1,7,6,15],[5,9,13,14]]\nTestcase No.2 Failed!\njava.lang.IndexOutOfBoundsException: Index 4 out of bounds for length 4\n\tat java.base/jdk.internal.util.Preconditions.outOfBounds(Preconditions.java:64)\n\tat java.base/jdk.internal.util.Preconditions.outOfBoundsCheckIndex(Preconditions.java:70)\n\tat java.base/jdk.internal.util.Preconditions.checkIndex(Preconditions.java:266)\n\tat java.base/java.util.Objects.checkIndex(Objects.java:361)\n\tat java.base/java.util.ArrayList.get(ArrayList.java:427)\n\tat Test.testfunc(test.java:225)\n\tat Test.start(test.java:283)\n\tat Test.main(test.java:304)\n\tat java.base/jdk.internal.reflect.NativeMethodAccessorImpl.invoke0(Native Method)\n\tat java.base/jdk.internal.reflect.NativeMethodAccessorImpl.invoke(NativeMethodAccessorImpl.java:77)\n\tat java.base/jdk.internal.reflect.DelegatingMethodAccessorImpl.invoke(DelegatingMethodAccessorImpl.java:43)\n\tat java.base/java.lang.reflect.Method.invoke(Method.java:568)\n\tat jdk.compiler/com.sun.tools.javac.launcher.Main.execute(Main.java:419)\n\tat jdk.compiler/com.sun.tools.javac.launcher.Main.run(Main.java:192)\n\tat jdk.compiler/com.sun.tools.javac.launcher.Main.main(Main.java:132)\njava.lang.IndexOutOfBoundsException: Index 2 out of bounds for length 2\n\tat java.base/jdk.internal.util.Preconditions.outOfBounds(Preconditions.java:64)\n\tat java.base/jdk.internal.util.Preconditions.outOfBoundsCheckIndex(Preconditions.java:70)\n\tat java.base/jdk.internal.util.Preconditions.checkIndex(Preconditions.java:266)\n\tat java.base/java.util.Objects.checkIndex(Objects.java:361)\n\tat java.base/java.util.ArrayList.get(ArrayList.java:427)\n\tat Test.testfunc(test.java:238)\n\tat Test.start(test.java:283)\n\tat Test.main(test.java:304)\n\tat java.base/jdk.internal.reflect.NativeMethodAccessorImpl.invoke0(Native Method)\n\tat java.base/jdk.internal.reflect.NativeMethodAccessorImpl.invoke(NativeMethodAccessorImpl.java:77)\n\tat java.base/jdk.internal.reflect.DelegatingMethodAccessorImpl.invoke(DelegatingMethodAccessorImpl.java:43)\n\tat java.base/java.lang.reflect.Method.invoke(Method.java:568)\n\tat jdk.compiler/com.sun.tools.javac.launcher.Main.execute(Main.java:419)\n\tat jdk.compiler/com.sun.tools.javac.launcher.Main.run(Main.java:192)\n\tat jdk.compiler/com.sun.tools.javac.launcher.Main.main(Main.java:132)\njava.lang.IndexOutOfBoundsException: Index 20 out of bounds for length 20\n\tat java.base/jdk.internal.util.Preconditions.outOfBounds(Preconditions.java:64)\n\tat java.base/jdk.internal.util.Preconditions.outOfBoundsCheckIndex(Preconditions.java:70)\n\tat java.base/jdk.internal.util.Preconditions.checkIndex(Preconditions.java:266)\n\tat java.base/java.util.Objects.checkIndex(Objects.java:361)\n\tat java.base/java.util.ArrayList.get(ArrayList.java:427)\n\tat Test.testfunc(test.java:238)\n\tat Test.start(test.java:283)\n\tat Test.main(test.java:304)\n\tat java.base/jdk.internal.reflect.NativeMethodAccessorImpl.invoke0(Native Method)\n\tat java.base/jdk.internal.reflect.NativeMethodAccessorImpl.invoke(NativeMethodAccessorImpl.java:77)\n\tat java.base/jdk.internal.reflect.DelegatingMethodAccessorImpl.invoke(DelegatingMethodAccessorImpl.java:43)\n\tat java.base/java.lang.reflect.Method.invoke(Method.java:568)\n\tat jdk.compiler/com.sun.tools.javac.launcher.Main.execute(Main.java:419)\n\tat jdk.compiler/com.sun.tools.javac.launcher.Main.run(Main.java:192)\n\tat jdk.compiler/com.sun.tools.javac.launcher.Main.main(Main.java:132)\nPassed 1 / 5 testcases!\nTest Failed!\n'


2023-12-12 12:20:31 INFO Running task: 73_0...
2023-12-12 12:20:32 INFO Test Passed!


2023-12-12 12:20:32 INFO Running task: 74_0...
2023-12-12 12:20:33 INFO Test Passed!


2023-12-12 12:20:33 INFO Running task: 75_0...
2023-12-12 12:20:34 INFO Test Passed!


2023-12-12 12:20:34 INFO Running task: 76_0...
2023-12-12 12:20:35 INFO Test Passed!


2023-12-12 12:20:35 INFO Running task: 77_0...
2023-12-12 12:20:36 INFO Test Passed!


2023-12-12 12:20:36 INFO Running task: 78_0...
2023-12-12 12:20:37 INFO Test Failed!
2023-12-12 12:20:37 INFO run_output: b'3 4\nTestcase No.1 Failed!\n10 11\nTestcase No.2 Failed!\n10 11\nTestcase No.3 Failed!\n99999 100000\nTestcase No.4 Failed!\n50000 50000\nPassed 1 / 5 testcases!\nTest Failed!\n'


2023-12-12 12:20:37 INFO Running task: 79_0...
2023-12-12 12:20:37 INFO Test Failed!
2023-12-12 12:20:37 INFO run_output: b'3 3\n5 5\n0 -1\nTestcase No.3 Failed!\n999 999\n0 -1\nTestcase No.5 Failed!\nPassed 3 / 5 testcases!\nTest Failed!\n'


2023-12-12 12:20:37 INFO Running task: 80_0...
2023-12-12 12:20:38 INFO Test Passed!


2023-12-12 12:20:38 INFO Running task: 81_0...
2023-12-12 12:20:39 INFO Compilation Failed!
2023-12-12 12:20:39 INFO run_output: b'/home/ubuntu/test_codellm/unit_tests/minimax/python_java/test.java:227: error: \')\' expected\n        {(0, -1), (-1, -1), (-1, 0)},\n           ^\n/home/ubuntu/test_codellm/unit_tests/minimax/python_java/test.java:227: error: \'}\' expected\n        {(0, -1), (-1, -1), (-1, 0)},\n               ^\n/home/ubuntu/test_codellm/unit_tests/minimax/python_java/test.java:227: error: illegal start of type\n        {(0, -1), (-1, -1), (-1, 0)},\n                                    ^\n/home/ubuntu/test_codellm/unit_tests/minimax/python_java/test.java:227: error: <identifier> expected\n        {(0, -1), (-1, -1), (-1, 0)},\n                                     ^\n/home/ubuntu/test_codellm/unit_tests/minimax/python_java/test.java:228: error: \')\' expected\n        {(0, 1), (-1, 0), (-1, 1)},\n           ^\n/home/ubuntu/test_codellm/unit_tests/minimax/python_java/test.java:228: error: not a statement\n        {(0, 1), (-1, 0), (-1, 1)},\n         ^\n/home/ubuntu/test_codellm/unit_tests/minimax/python_java/test.java:228: error: illegal start of type\n        {(0, 1), (-1, 0), (-1, 1)},\n                                  ^\n/home/ubuntu/test_codellm/unit_tests/minimax/python_java/test.java:228: error: <identifier> expected\n        {(0, 1), (-1, 0), (-1, 1)},\n                                   ^\n/home/ubuntu/test_codellm/unit_tests/minimax/python_java/test.java:229: error: \')\' expected\n        {(0, -1), (1, 0), (1, -1)},\n           ^\n/home/ubuntu/test_codellm/unit_tests/minimax/python_java/test.java:229: error: not a statement\n        {(0, -1), (1, 0), (1, -1)},\n         ^\n/home/ubuntu/test_codellm/unit_tests/minimax/python_java/test.java:229: error: illegal start of type\n        {(0, -1), (1, 0), (1, -1)},\n                                  ^\n/home/ubuntu/test_codellm/unit_tests/minimax/python_java/test.java:229: error: <identifier> expected\n        {(0, -1), (1, 0), (1, -1)},\n                                   ^\n/home/ubuntu/test_codellm/unit_tests/minimax/python_java/test.java:230: error: \')\' expected\n        {(0, 1), (1, 0), (1, 1)}\n           ^\n/home/ubuntu/test_codellm/unit_tests/minimax/python_java/test.java:230: error: not a statement\n        {(0, 1), (1, 0), (1, 1)}\n         ^\n/home/ubuntu/test_codellm/unit_tests/minimax/python_java/test.java:232: error: class, interface, enum, or record expected\n    for (int[] coordinate : coordinates) {\n    ^\n/home/ubuntu/test_codellm/unit_tests/minimax/python_java/test.java:235: error: class, interface, enum, or record expected\n            for (int[] dxdy : a) {\n            ^\n/home/ubuntu/test_codellm/unit_tests/minimax/python_java/test.java:237: error: class, interface, enum, or record expected\n                if (nx < 0 || ny < 0 || nx >= m || ny >= n) {\n                ^\n/home/ubuntu/test_codellm/unit_tests/minimax/python_java/test.java:239: error: class, interface, enum, or record expected\n                    break;\n                    ^\n/home/ubuntu/test_codellm/unit_tests/minimax/python_java/test.java:240: error: class, interface, enum, or record expected\n                }\n                ^\n/home/ubuntu/test_codellm/unit_tests/minimax/python_java/test.java:243: error: class, interface, enum, or record expected\n                }\n                ^\n/home/ubuntu/test_codellm/unit_tests/minimax/python_java/test.java:246: error: class, interface, enum, or record expected\n        }\n        ^\n/home/ubuntu/test_codellm/unit_tests/minimax/python_java/test.java:248: error: class, interface, enum, or record expected\n    for (int i = 2; i < 5; i++) {\n                    ^\n/home/ubuntu/test_codellm/unit_tests/minimax/python_java/test.java:248: error: class, interface, enum, or record expected\n    for (int i = 2; i < 5; i++) {\n                           ^\n/home/ubuntu/test_codellm/unit_tests/minimax/python_java/test.java:250: error: class, interface, enum, or record expected\n    }\n    ^\n/home/ubuntu/test_codellm/unit_tests/minimax/python_java/test.java:252: error: class, interface, enum, or record expected\n    return ans;\n    ^\n/home/ubuntu/test_codellm/unit_tests/minimax/python_java/test.java:253: error: class, interface, enum, or record expected\n}\n^\n/home/ubuntu/test_codellm/unit_tests/minimax/python_java/test.java:256: error: class, interface, enum, or record expected\n    public static void start() {\n                  ^\n/home/ubuntu/test_codellm/unit_tests/minimax/python_java/test.java:258: error: class, interface, enum, or record expected\n        int count = 0;\n        ^\n/home/ubuntu/test_codellm/unit_tests/minimax/python_java/test.java:261: error: class, interface, enum, or record expected\n        String[] input_type = {"int", "int", "int[][]"};\n        ^\n/home/ubuntu/test_codellm/unit_tests/minimax/python_java/test.java:262: error: class, interface, enum, or record expected\n        String output_type = "long[]";\n        ^\n/home/ubuntu/test_codellm/unit_tests/minimax/python_java/test.java:264: error: class, interface, enum, or record expected\n        int data1;\n        ^\n/home/ubuntu/test_codellm/unit_tests/minimax/python_java/test.java:265: error: class, interface, enum, or record expected\n\t\tint data2;\n\t\t^\n/home/ubuntu/test_codellm/unit_tests/minimax/python_java/test.java:266: error: class, interface, enum, or record expected\n\t\tint[][] data3;\n\t\t^\n/home/ubuntu/test_codellm/unit_tests/minimax/python_java/test.java:267: error: class, interface, enum, or record expected\n        long[] return_data;\n        ^\n/home/ubuntu/test_codellm/unit_tests/minimax/python_java/test.java:268: error: class, interface, enum, or record expected\n        long[] gold_ans;\n        ^\n/home/ubuntu/test_codellm/unit_tests/minimax/python_java/test.java:270: error: class, interface, enum, or record expected\n        String basePath = "/home/ubuntu/test_codellm/datas/testcases/81";\n        ^\n/home/ubuntu/test_codellm/unit_tests/minimax/python_java/test.java:271: error: class, interface, enum, or record expected\n        for (int folder = 1; folder <= 5; folder++) {\n        ^\n/home/ubuntu/test_codellm/unit_tests/minimax/python_java/test.java:271: error: class, interface, enum, or record expected\n        for (int folder = 1; folder <= 5; folder++) {\n                             ^\n/home/ubuntu/test_codellm/unit_tests/minimax/python_java/test.java:271: error: class, interface, enum, or record expected\n        for (int folder = 1; folder <= 5; folder++) {\n                                          ^\n/home/ubuntu/test_codellm/unit_tests/minimax/python_java/test.java:274: error: class, interface, enum, or record expected\n            String[] inputDatas;\n            ^\n/home/ubuntu/test_codellm/unit_tests/minimax/python_java/test.java:275: error: class, interface, enum, or record expected\n            try (BufferedReader br = new BufferedReader(new FileReader(Paths.get(basePath, folder + "i.txt").toString()))) {\n            ^\n/home/ubuntu/test_codellm/unit_tests/minimax/python_java/test.java:277: error: class, interface, enum, or record expected\n            } catch (FileNotFoundException e) {\n            ^\n/home/ubuntu/test_codellm/unit_tests/minimax/python_java/test.java:279: error: class, interface, enum, or record expected\n            } catch (IOException e) {\n            ^\n/home/ubuntu/test_codellm/unit_tests/minimax/python_java/test.java:281: error: class, interface, enum, or record expected\n            }\n            ^\n/home/ubuntu/test_codellm/unit_tests/minimax/python_java/test.java:283: error: class, interface, enum, or record expected\n\t\tdata2 = (int)convertToType(inputDatas[1].trim(), input_type[1]);\n\t\t^\n/home/ubuntu/test_codellm/unit_tests/minimax/python_java/test.java:284: error: class, interface, enum, or record expected\n\t\tdata3 = (int[][])convertToType(inputDatas[2].trim(), input_type[2]);\n\t\t^\n/home/ubuntu/test_codellm/unit_tests/minimax/python_java/test.java:286: error: class, interface, enum, or record expected\n            String returnDatas = null;\n            ^\n/home/ubuntu/test_codellm/unit_tests/minimax/python_java/test.java:287: error: class, interface, enum, or record expected\n            try (BufferedReader br = new BufferedReader(new FileReader(Paths.get(basePath, folder + "o.txt").toString()))) {\n            ^\n/home/ubuntu/test_codellm/unit_tests/minimax/python_java/test.java:289: error: class, interface, enum, or record expected\n            } catch (IOException e) {\n            ^\n/home/ubuntu/test_codellm/unit_tests/minimax/python_java/test.java:291: error: class, interface, enum, or record expected\n            }\n            ^\n/home/ubuntu/test_codellm/unit_tests/minimax/python_java/test.java:294: error: class, interface, enum, or record expected\n            try {\n            ^\n/home/ubuntu/test_codellm/unit_tests/minimax/python_java/test.java:296: error: class, interface, enum, or record expected\n                if (areEquivalent(return_data, gold_ans)){\n                ^\n/home/ubuntu/test_codellm/unit_tests/minimax/python_java/test.java:298: error: class, interface, enum, or record expected\n                }else{\n                ^\n/home/ubuntu/test_codellm/unit_tests/minimax/python_java/test.java:300: error: class, interface, enum, or record expected\n                }\n                ^\n/home/ubuntu/test_codellm/unit_tests/minimax/python_java/test.java:303: error: class, interface, enum, or record expected\n            }\n            ^\n/home/ubuntu/test_codellm/unit_tests/minimax/python_java/test.java:309: error: class, interface, enum, or record expected\n        } else {\n        ^\n/home/ubuntu/test_codellm/unit_tests/minimax/python_java/test.java:311: error: class, interface, enum, or record expected\n            System.out.println("Test Failed!");\n            ^\n/home/ubuntu/test_codellm/unit_tests/minimax/python_java/test.java:312: error: class, interface, enum, or record expected\n        }\n        ^\n/home/ubuntu/test_codellm/unit_tests/minimax/python_java/test.java:315: error: class, interface, enum, or record expected\n    public static void main(String[] args) {\n                  ^\n/home/ubuntu/test_codellm/unit_tests/minimax/python_java/test.java:317: error: class, interface, enum, or record expected\n    }\n    ^\n60 errors\nerror: compilation failed\n'


2023-12-12 12:20:39 INFO Running task: 82_0...
2023-12-12 12:20:40 INFO Runtime Failed!
2023-12-12 12:20:40 INFO run_output: b'java.lang.IllegalArgumentException: duplicate element: ***\n\tat java.base/java.util.ImmutableCollections$SetN.<init>(ImmutableCollections.java:918)\n\tat java.base/java.util.Set.of(Set.java:588)\n\tat Test.testfunc(test.java:223)\n\tat Test.start(test.java:277)\n\tat Test.main(test.java:298)\n\tat java.base/jdk.internal.reflect.NativeMethodAccessorImpl.invoke0(Native Method)\n\tat java.base/jdk.internal.reflect.NativeMethodAccessorImpl.invoke(NativeMethodAccessorImpl.java:77)\n\tat java.base/jdk.internal.reflect.DelegatingMethodAccessorImpl.invoke(DelegatingMethodAccessorImpl.java:43)\n\tat java.base/java.lang.reflect.Method.invoke(Method.java:568)\n\tat jdk.compiler/com.sun.tools.javac.launcher.Main.execute(Main.java:419)\n\tat jdk.compiler/com.sun.tools.javac.launcher.Main.run(Main.java:192)\n\tat jdk.compiler/com.sun.tools.javac.launcher.Main.main(Main.java:132)\njava.lang.IllegalArgumentException: duplicate element: ***\n\tat java.base/java.util.ImmutableCollections$SetN.<init>(ImmutableCollections.java:918)\n\tat java.base/java.util.Set.of(Set.java:588)\n\tat Test.testfunc(test.java:223)\n\tat Test.start(test.java:277)\n\tat Test.main(test.java:298)\n\tat java.base/jdk.internal.reflect.NativeMethodAccessorImpl.invoke0(Native Method)\n\tat java.base/jdk.internal.reflect.NativeMethodAccessorImpl.invoke(NativeMethodAccessorImpl.java:77)\n\tat java.base/jdk.internal.reflect.DelegatingMethodAccessorImpl.invoke(DelegatingMethodAccessorImpl.java:43)\n\tat java.base/java.lang.reflect.Method.invoke(Method.java:568)\n\tat jdk.compiler/com.sun.tools.javac.launcher.Main.execute(Main.java:419)\n\tat jdk.compiler/com.sun.tools.javac.launcher.Main.run(Main.java:192)\n\tat jdk.compiler/com.sun.tools.javac.launcher.Main.main(Main.java:132)\n-1 -1\njava.lang.IllegalArgumentException: duplicate element: ***\n\tat java.base/java.util.ImmutableCollections$SetN.<init>(ImmutableCollections.java:918)\n\tat java.base/java.util.Set.of(Set.java:588)\n\tat Test.testfunc(test.java:223)\n\tat Test.start(test.java:277)\n\tat Test.main(test.java:298)\n\tat java.base/jdk.internal.reflect.NativeMethodAccessorImpl.invoke0(Native Method)\n\tat java.base/jdk.internal.reflect.NativeMethodAccessorImpl.invoke(NativeMethodAccessorImpl.java:77)\n\tat java.base/jdk.internal.reflect.DelegatingMethodAccessorImpl.invoke(DelegatingMethodAccessorImpl.java:43)\n\tat java.base/java.lang.reflect.Method.invoke(Method.java:568)\n\tat jdk.compiler/com.sun.tools.javac.launcher.Main.execute(Main.java:419)\n\tat jdk.compiler/com.sun.tools.javac.launcher.Main.run(Main.java:192)\n\tat jdk.compiler/com.sun.tools.javac.launcher.Main.main(Main.java:132)\n-1 -1\nPassed 2 / 5 testcases!\nTest Failed!\n'


2023-12-12 12:20:40 INFO Running task: 83_0...
2023-12-12 12:20:40 INFO Test Passed!


2023-12-12 12:20:40 INFO Running task: 84_0...
2023-12-12 12:20:41 INFO Test Passed!


2023-12-12 12:20:41 INFO Running task: 85_0...
2023-12-12 12:20:42 INFO Test Passed!


2023-12-12 12:20:42 INFO Running task: 86_0...
2023-12-12 12:20:43 INFO Compilation Failed!
2023-12-12 12:20:43 INFO run_output: b'/home/ubuntu/test_codellm/unit_tests/minimax/python_java/test.java:223: error: cannot find symbol\n            if (cnt[y] > 0 && gcd(x % 10, y) == 1) {\n                              ^\n  symbol:   method gcd(int,int)\n  location: class Test\n1 error\nerror: compilation failed\n'


2023-12-12 12:20:43 INFO Running task: 87_0...
2023-12-12 12:20:43 INFO Compilation Failed!
2023-12-12 12:20:43 INFO run_output: b'/home/ubuntu/test_codellm/unit_tests/minimax/python_java/test.java:220: error: illegal start of expression\n    Arrays.sort(logs, (a, b) -> ***pare(a[1], b[1]));\n                                ^\n/home/ubuntu/test_codellm/unit_tests/minimax/python_java/test.java:220: error: illegal start of expression\n    Arrays.sort(logs, (a, b) -> ***pare(a[1], b[1]));\n                                 ^\n/home/ubuntu/test_codellm/unit_tests/minimax/python_java/test.java:220: error: illegal start of expression\n    Arrays.sort(logs, (a, b) -> ***pare(a[1], b[1]));\n                                  ^\n3 errors\nerror: compilation failed\n'


2023-12-12 12:20:43 INFO Running task: 88_0...
2023-12-12 12:20:43 INFO Compilation Failed!
2023-12-12 12:20:43 INFO run_output: b'/home/ubuntu/test_codellm/unit_tests/minimax/python_java/test.java:224: error: illegal start of expression\n            ***puteIfAbsent(x, k -> new HashSet<>()).add(y);\n            ^\n/home/ubuntu/test_codellm/unit_tests/minimax/python_java/test.java:224: error: illegal start of expression\n            ***puteIfAbsent(x, k -> new HashSet<>()).add(y);\n             ^\n/home/ubuntu/test_codellm/unit_tests/minimax/python_java/test.java:224: error: illegal start of expression\n            ***puteIfAbsent(x, k -> new HashSet<>()).add(y);\n              ^\n/home/ubuntu/test_codellm/unit_tests/minimax/python_java/test.java:225: error: illegal start of expression\n            ***puteIfAbsent(y, k -> new HashSet<>()).add(x);\n            ^\n/home/ubuntu/test_codellm/unit_tests/minimax/python_java/test.java:225: error: illegal start of expression\n            ***puteIfAbsent(y, k -> new HashSet<>()).add(x);\n             ^\n/home/ubuntu/test_codellm/unit_tests/minimax/python_java/test.java:225: error: illegal start of expression\n            ***puteIfAbsent(y, k -> new HashSet<>()).add(x);\n              ^\n6 errors\nerror: compilation failed\n'


2023-12-12 12:20:43 INFO Running task: 89_0...
2023-12-12 12:20:44 INFO Test Passed!


2023-12-12 12:20:44 INFO Running task: 90_0...
2023-12-12 12:20:45 INFO Test Passed!


2023-12-12 12:20:45 INFO Running task: 91_0...
2023-12-12 12:20:46 INFO Compilation Failed!
2023-12-12 12:20:46 INFO run_output: b"/home/ubuntu/test_codellm/unit_tests/minimax/python_java/test.java:238: error: bad operand types for binary operator '+'\n                ans += e == v * (v - 1);\n                    ^\n  first type:  int\n  second type: boolean\n/home/ubuntu/test_codellm/unit_tests/minimax/python_java/test.java:247: error: array required, but List<List<Integer>> found\n        counts.set(1, counts.get(1) + g[x].size());\n                                       ^\n/home/ubuntu/test_codellm/unit_tests/minimax/python_java/test.java:248: error: array required, but List<List<Integer>> found\n        for (int y : g[x]) {\n                      ^\n/home/ubuntu/test_codellm/unit_tests/minimax/python_java/test.java:293: error: method testfunc in class Test cannot be applied to given types;\n                return_data = testfunc(data1, data2);\n                              ^\n  required: int,List<List<Integer>>\n  found:    int,int[][]\n  reason: argument mismatch; int[][] cannot be converted to List<List<Integer>>\n4 errors\nerror: compilation failed\n"


2023-12-12 12:20:46 INFO Running task: 92_0...
2023-12-12 12:20:47 INFO Runtime Failed!
2023-12-12 12:20:47 INFO run_output: b'Exception in thread "main" java.lang.StackOverflowError\n\tat Test.reach(test.java:242)\n\tat Test.reach(test.java:242)\n\tat Test.reach(test.java:242)\n\tat Test.reach(test.java:242)\n\tat Test.reach(test.java:242)\n\tat Test.reach(test.java:242)\n\tat Test.reach(test.java:242)\n\tat Test.reach(test.java:242)\n\tat Test.reach(test.java:242)\n\tat Test.reach(test.java:242)\n\tat Test.reach(test.java:242)\n\tat Test.reach(test.java:242)\n\tat Test.reach(test.java:242)\n\tat Test.reach(test.java:242)\n\tat Test.reach(test.java:242)\n\tat Test.reach(test.java:242)\n\tat Test.reach(test.java:242)\n\tat Test.reach(test.java:242)\n\tat Test.reach(test.java:242)\n\tat Test.reach(test.java:242)\n\tat Test.reach(test.java:242)\n\tat Test.reach(test.java:242)\n\tat Test.reach(test.java:242)\n\tat Test.reach(test.java:242)\n\tat Test.reach(test.java:242)\n\tat Test.reach(test.java:242)\n\tat Test.reach(test.java:242)\n\tat Test.reach(test.java:242)\n\tat Test.reach(test.java:242)\n\tat Test.reach(test.java:242)\n\tat Test.reach(test.java:242)\n\tat Test.reach(test.java:242)\n\tat Test.reach(test.java:242)\n\tat Test.reach(test.java:242)\n\tat Test.reach(test.java:242)\n\tat Test.reach(test.java:242)\n\tat Test.reach(test.java:242)\n\tat Test.reach(test.java:242)\n\tat Test.reach(test.java:242)\n\tat Test.reach(test.java:242)\n\tat Test.reach(test.java:242)\n\tat Test.reach(test.java:242)\n\tat Test.reach(test.java:242)\n\tat Test.reach(test.java:242)\n\tat Test.reach(test.java:242)\n\tat Test.reach(test.java:242)\n\tat Test.reach(test.java:242)\n\tat Test.reach(test.java:242)\n\tat Test.reach(test.java:242)\n\tat Test.reach(test.java:242)\n\tat Test.reach(test.java:242)\n\tat Test.reach(test.java:242)\n\tat Test.reach(test.java:242)\n\tat Test.reach(test.java:242)\n\tat Test.reach(test.java:242)\n\tat Test.reach(test.java:242)\n\tat Test.reach(test.java:242)\n\tat Test.reach(test.java:242)\n\tat Test.reach(test.java:242)\n\tat Test.reach(test.java:242)\n\tat Test.reach(test.java:242)\n\tat Test.reach(test.java:242)\n\tat Test.reach(test.java:242)\n\tat Test.reach(test.java:242)\n\tat Test.reach(test.java:242)\n\tat Test.reach(test.java:242)\n\tat Test.reach(test.java:242)\n\tat Test.reach(test.java:242)\n\tat Test.reach(test.java:242)\n\tat Test.reach(test.java:242)\n\tat Test.reach(test.java:242)\n\tat Test.reach(test.java:242)\n\tat Test.reach(test.java:242)\n\tat Test.reach(test.java:242)\n\tat Test.reach(test.java:242)\n\tat Test.reach(test.java:242)\n\tat Test.reach(test.java:242)\n\tat Test.reach(test.java:242)\n\tat Test.reach(test.java:242)\n\tat Test.reach(test.java:242)\n\tat Test.reach(test.java:242)\n\tat Test.reach(test.java:242)\n\tat Test.reach(test.java:242)\n\tat Test.reach(test.java:242)\n\tat Test.reach(test.java:242)\n\tat Test.reach(test.java:242)\n\tat Test.reach(test.java:242)\n\tat Test.reach(test.java:242)\n\tat Test.reach(test.java:242)\n\tat Test.reach(test.java:242)\n\tat Test.reach(test.java:242)\n\tat Test.reach(test.java:242)\n\tat Test.reach(test.java:242)\n\tat Test.reach(test.java:242)\n\tat Test.reach(test.java:242)\n\tat Test.reach(test.java:242)\n\tat Test.reach(test.java:242)\n\tat Test.reach(test.java:242)\n\tat Test.reach(test.java:242)\n\tat Test.reach(test.java:242)\n\tat Test.reach(test.java:242)\n\tat Test.reach(test.java:242)\n\tat Test.reach(test.java:242)\n\tat Test.reach(test.java:242)\n\tat Test.reach(test.java:242)\n\tat Test.reach(test.java:242)\n\tat Test.reach(test.java:242)\n\tat Test.reach(test.java:242)\n\tat Test.reach(test.java:242)\n\tat Test.reach(test.java:242)\n\tat Test.reach(test.java:242)\n\tat Test.reach(test.java:242)\n\tat Test.reach(test.java:242)\n\tat Test.reach(test.java:242)\n\tat Test.reach(test.java:242)\n\tat Test.reach(test.java:242)\n\tat Test.reach(test.java:242)\n\tat Test.reach(test.java:242)\n\tat Test.reach(test.java:242)\n\tat Test.reach(test.java:242)\n\tat Test.reach(test.java:242)\n\tat Test.reach(test.java:242)\n\tat Test.reach(test.java:242)\n\tat Test.reach(test.java:242)\n\tat Test.reach(test.java:242)\n\tat Test.reach(test.java:242)\n\tat Test.reach(test.java:242)\n\tat Test.reach(test.java:242)\n\tat Test.reach(test.java:242)\n\tat Test.reach(test.java:242)\n\tat Test.reach(test.java:242)\n\tat Test.reach(test.java:242)\n\tat Test.reach(test.java:242)\n\tat Test.reach(test.java:242)\n\tat Test.reach(test.java:242)\n\tat Test.reach(test.java:242)\n\tat Test.reach(test.java:242)\n\tat Test.reach(test.java:242)\n\tat Test.reach(test.java:242)\n\tat Test.reach(test.java:242)\n\tat Test.reach(test.java:242)\n\tat Test.reach(test.java:242)\n\tat Test.reach(test.java:242)\n\tat Test.reach(test.java:242)\n\tat Test.reach(test.java:242)\n\tat Test.reach(test.java:242)\n\tat Test.reach(test.java:242)\n\tat Test.reach(test.java:242)\n\tat Test.reach(test.java:242)\n\tat Test.reach(test.java:242)\n\tat Test.reach(test.java:242)\n\tat Test.reach(test.java:242)\n\tat Test.reach(test.java:242)\n\tat Test.reach(test.java:242)\n\tat Test.reach(test.java:242)\n\tat Test.reach(test.java:242)\n\tat Test.reach(test.java:242)\n\tat Test.reach(test.java:242)\n\tat Test.reach(test.java:242)\n\tat Test.reach(test.java:242)\n\tat Test.reach(test.java:242)\n\tat Test.reach(test.java:242)\n\tat Test.reach(test.java:242)\n\tat Test.reach(test.java:242)\n\tat Test.reach(test.java:242)\n\tat Test.reach(test.java:242)\n\tat Test.reach(test.java:242)\n\tat Test.reach(test.java:242)\n\tat Test.reach(test.java:242)\n\tat Test.reach(test.java:242)\n\tat Test.reach(test.java:242)\n\tat Test.reach(test.java:242)\n\tat Test.reach(test.java:242)\n\tat Test.reach(test.java:242)\n\tat Test.reach(test.java:242)\n\tat Test.reach(test.java:242)\n\tat Test.reach(test.java:242)\n\tat Test.reach(test.java:242)\n\tat Test.reach(test.java:242)\n\tat Test.reach(test.java:242)\n\tat Test.reach(test.java:242)\n\tat Test.reach(test.java:242)\n\tat Test.reach(test.java:242)\n\tat Test.reach(test.java:242)\n\tat Test.reach(test.java:242)\n\tat Test.reach(test.java:242)\n\tat Test.reach(test.java:242)\n\tat Test.reach(test.java:242)\n\tat Test.reach(test.java:242)\n\tat Test.reach(test.java:242)\n\tat Test.reach(test.java:242)\n\tat Test.reach(test.java:242)\n\tat Test.reach(test.java:242)\n\tat Test.reach(test.java:242)\n\tat Test.reach(test.java:242)\n\tat Test.reach(test.java:242)\n\tat Test.reach(test.java:242)\n\tat Test.reach(test.java:242)\n\tat Test.reach(test.java:242)\n\tat Test.reach(test.java:242)\n\tat Test.reach(test.java:242)\n\tat Test.reach(test.java:242)\n\tat Test.reach(test.java:242)\n\tat Test.reach(test.java:242)\n\tat Test.reach(test.java:242)\n\tat Test.reach(test.java:242)\n\tat Test.reach(test.java:242)\n\tat Test.reach(test.java:242)\n\tat Test.reach(test.java:242)\n\tat Test.reach(test.java:242)\n\tat Test.reach(test.java:242)\n\tat Test.reach(test.java:242)\n\tat Test.reach(test.java:242)\n\tat Test.reach(test.java:242)\n\tat Test.reach(test.java:242)\n\tat Test.reach(test.java:242)\n\tat Test.reach(test.java:242)\n\tat Test.reach(test.java:242)\n\tat Test.reach(test.java:242)\n\tat Test.reach(test.java:242)\n\tat Test.reach(test.java:242)\n\tat Test.reach(test.java:242)\n\tat Test.reach(test.java:242)\n\tat Test.reach(test.java:242)\n\tat Test.reach(test.java:242)\n\tat Test.reach(test.java:242)\n\tat Test.reach(test.java:242)\n\tat Test.reach(test.java:242)\n\tat Test.reach(test.java:242)\n\tat Test.reach(test.java:242)\n\tat Test.reach(test.java:242)\n\tat Test.reach(test.java:242)\n\tat Test.reach(test.java:242)\n\tat Test.reach(test.java:242)\n\tat Test.reach(test.java:242)\n\tat Test.reach(test.java:242)\n\tat Test.reach(test.java:242)\n\tat Test.reach(test.java:242)\n\tat Test.reach(test.java:242)\n\tat Test.reach(test.java:242)\n\tat Test.reach(test.java:242)\n\tat Test.reach(test.java:242)\n\tat Test.reach(test.java:242)\n\tat Test.reach(test.java:242)\n\tat Test.reach(test.java:242)\n\tat Test.reach(test.java:242)\n\tat Test.reach(test.java:242)\n\tat Test.reach(test.java:242)\n\tat Test.reach(test.java:242)\n\tat Test.reach(test.java:242)\n\tat Test.reach(test.java:242)\n\tat Test.reach(test.java:242)\n\tat Test.reach(test.java:242)\n\tat Test.reach(test.java:242)\n\tat Test.reach(test.java:242)\n\tat Test.reach(test.java:242)\n\tat Test.reach(test.java:242)\n\tat Test.reach(test.java:242)\n\tat Test.reach(test.java:242)\n\tat Test.reach(test.java:242)\n\tat Test.reach(test.java:242)\n\tat Test.reach(test.java:242)\n\tat Test.reach(test.java:242)\n\tat Test.reach(test.java:242)\n\tat Test.reach(test.java:242)\n\tat Test.reach(test.java:242)\n\tat Test.reach(test.java:242)\n\tat Test.reach(test.java:242)\n\tat Test.reach(test.java:242)\n\tat Test.reach(test.java:242)\n\tat Test.reach(test.java:242)\n\tat Test.reach(test.java:242)\n\tat Test.reach(test.java:242)\n\tat Test.reach(test.java:242)\n\tat Test.reach(test.java:242)\n\tat Test.reach(test.java:242)\n\tat Test.reach(test.java:242)\n\tat Test.reach(test.java:242)\n\tat Test.reach(test.java:242)\n\tat Test.reach(test.java:242)\n\tat Test.reach(test.java:242)\n\tat Test.reach(test.java:242)\n\tat Test.reach(test.java:242)\n\tat Test.reach(test.java:242)\n\tat Test.reach(test.java:242)\n\tat Test.reach(test.java:242)\n\tat Test.reach(test.java:242)\n\tat Test.reach(test.java:242)\n\tat Test.reach(test.java:242)\n\tat Test.reach(test.java:242)\n\tat Test.reach(test.java:242)\n\tat Test.reach(test.java:242)\n\tat Test.reach(test.java:242)\n\tat Test.reach(test.java:242)\n\tat Test.reach(test.java:242)\n\tat Test.reach(test.java:242)\n\tat Test.reach(test.java:242)\n\tat Test.reach(test.java:242)\n\tat Test.reach(test.java:242)\n\tat Test.reach(test.java:242)\n\tat Test.reach(test.java:242)\n\tat Test.reach(test.java:242)\n\tat Test.reach(test.java:242)\n\tat Test.reach(test.java:242)\n\tat Test.reach(test.java:242)\n\tat Test.reach(test.java:242)\n\tat Test.reach(test.java:242)\n\tat Test.reach(test.java:242)\n\tat Test.reach(test.java:242)\n\tat Test.reach(test.java:242)\n\tat Test.reach(test.java:242)\n\tat Test.reach(test.java:242)\n\tat Test.reach(test.java:242)\n\tat Test.reach(test.java:242)\n\tat Test.reach(test.java:242)\n\tat Test.reach(test.java:242)\n\tat Test.reach(test.java:242)\n\tat Test.reach(test.java:242)\n\tat Test.reach(test.java:242)\n\tat Test.reach(test.java:242)\n\tat Test.reach(test.java:242)\n\tat Test.reach(test.java:242)\n\tat Test.reach(test.java:242)\n\tat Test.reach(test.java:242)\n\tat Test.reach(test.java:242)\n\tat Test.reach(test.java:242)\n\tat Test.reach(test.java:242)\n\tat Test.reach(test.java:242)\n\tat Test.reach(test.java:242)\n\tat Test.reach(test.java:242)\n\tat Test.reach(test.java:242)\n\tat Test.reach(test.java:242)\n\tat Test.reach(test.java:242)\n\tat Test.reach(test.java:242)\n\tat Test.reach(test.java:242)\n\tat Test.reach(test.java:242)\n\tat Test.reach(test.java:242)\n\tat Test.reach(test.java:242)\n\tat Test.reach(test.java:242)\n\tat Test.reach(test.java:242)\n\tat Test.reach(test.java:242)\n\tat Test.reach(test.java:242)\n\tat Test.reach(test.java:242)\n\tat Test.reach(test.java:242)\n\tat Test.reach(test.java:242)\n\tat Test.reach(test.java:242)\n\tat Test.reach(test.java:242)\n\tat Test.reach(test.java:242)\n\tat Test.reach(test.java:242)\n\tat Test.reach(test.java:242)\n\tat Test.reach(test.java:242)\n\tat Test.reach(test.java:242)\n\tat Test.reach(test.java:242)\n\tat Test.reach(test.java:242)\n\tat Test.reach(test.java:242)\n\tat Test.reach(test.java:242)\n\tat Test.reach(test.java:242)\n\tat Test.reach(test.java:242)\n\tat Test.reach(test.java:242)\n\tat Test.reach(test.java:242)\n\tat Test.reach(test.java:242)\n\tat Test.reach(test.java:242)\n\tat Test.reach(test.java:242)\n\tat Test.reach(test.java:242)\n\tat Test.reach(test.java:242)\n\tat Test.reach(test.java:242)\n\tat Test.reach(test.java:242)\n\tat Test.reach(test.java:242)\n\tat Test.reach(test.java:242)\n\tat Test.reach(test.java:242)\n\tat Test.reach(test.java:242)\n\tat Test.reach(test.java:242)\n\tat Test.reach(test.java:242)\n\tat Test.reach(test.java:242)\n\tat Test.reach(test.java:242)\n\tat Test.reach(test.java:242)\n\tat Test.reach(test.java:242)\n\tat Test.reach(test.java:242)\n\tat Test.reach(test.java:242)\n\tat Test.reach(test.java:242)\n\tat Test.reach(test.java:242)\n\tat Test.reach(test.java:242)\n\tat Test.reach(test.java:242)\n\tat Test.reach(test.java:242)\n\tat Test.reach(test.java:242)\n\tat Test.reach(test.java:242)\n\tat Test.reach(test.java:242)\n\tat Test.reach(test.java:242)\n\tat Test.reach(test.java:242)\n\tat Test.reach(test.java:242)\n\tat Test.reach(test.java:242)\n\tat Test.reach(test.java:242)\n\tat Test.reach(test.java:242)\n\tat Test.reach(test.java:242)\n\tat Test.reach(test.java:242)\n\tat Test.reach(test.java:242)\n\tat Test.reach(test.java:242)\n\tat Test.reach(test.java:242)\n\tat Test.reach(test.java:242)\n\tat Test.reach(test.java:242)\n\tat Test.reach(test.java:242)\n\tat Test.reach(test.java:242)\n\tat Test.reach(test.java:242)\n\tat Test.reach(test.java:242)\n\tat Test.reach(test.java:242)\n\tat Test.reach(test.java:242)\n\tat Test.reach(test.java:242)\n\tat Test.reach(test.java:242)\n\tat Test.reach(test.java:242)\n\tat Test.reach(test.java:242)\n\tat Test.reach(test.java:242)\n\tat Test.reach(test.java:242)\n\tat Test.reach(test.java:242)\n\tat Test.reach(test.java:242)\n\tat Test.reach(test.java:242)\n\tat Test.reach(test.java:242)\n\tat Test.reach(test.java:242)\n\tat Test.reach(test.java:242)\n\tat Test.reach(test.java:242)\n\tat Test.reach(test.java:242)\n\tat Test.reach(test.java:242)\n\tat Test.reach(test.java:242)\n\tat Test.reach(test.java:242)\n\tat Test.reach(test.java:242)\n\tat Test.reach(test.java:242)\n\tat Test.reach(test.java:242)\n\tat Test.reach(test.java:242)\n\tat Test.reach(test.java:242)\n\tat Test.reach(test.java:242)\n\tat Test.reach(test.java:242)\n\tat Test.reach(test.java:242)\n\tat Test.reach(test.java:242)\n\tat Test.reach(test.java:242)\n\tat Test.reach(test.java:242)\n\tat Test.reach(test.java:242)\n\tat Test.reach(test.java:242)\n\tat Test.reach(test.java:242)\n\tat Test.reach(test.java:242)\n\tat Test.reach(test.java:242)\n\tat Test.reach(test.java:242)\n\tat Test.reach(test.java:242)\n\tat Test.reach(test.java:242)\n\tat Test.reach(test.java:242)\n\tat Test.reach(test.java:242)\n\tat Test.reach(test.java:242)\n\tat Test.reach(test.java:242)\n\tat Test.reach(test.java:242)\n\tat Test.reach(test.java:242)\n\tat Test.reach(test.java:242)\n\tat Test.reach(test.java:242)\n\tat Test.reach(test.java:242)\n\tat Test.reach(test.java:242)\n\tat Test.reach(test.java:242)\n\tat Test.reach(test.java:242)\n\tat Test.reach(test.java:242)\n\tat Test.reach(test.java:242)\n\tat Test.reach(test.java:242)\n\tat Test.reach(test.java:242)\n\tat Test.reach(test.java:242)\n\tat Test.reach(test.java:242)\n\tat Test.reach(test.java:242)\n\tat Test.reach(test.java:242)\n\tat Test.reach(test.java:242)\n\tat Test.reach(test.java:242)\n\tat Test.reach(test.java:242)\n\tat Test.reach(test.java:242)\n\tat Test.reach(test.java:242)\n\tat Test.reach(test.java:242)\n\tat Test.reach(test.java:242)\n\tat Test.reach(test.java:242)\n\tat Test.reach(test.java:242)\n\tat Test.reach(test.java:242)\n\tat Test.reach(test.java:242)\n\tat Test.reach(test.java:242)\n\tat Test.reach(test.java:242)\n\tat Test.reach(test.java:242)\n\tat Test.reach(test.java:242)\n\tat Test.reach(test.java:242)\n\tat Test.reach(test.java:242)\n\tat Test.reach(test.java:242)\n\tat Test.reach(test.java:242)\n\tat Test.reach(test.java:242)\n\tat Test.reach(test.java:242)\n\tat Test.reach(test.java:242)\n\tat Test.reach(test.java:242)\n\tat Test.reach(test.java:242)\n\tat Test.reach(test.java:242)\n\tat Test.reach(test.java:242)\n\tat Test.reach(test.java:242)\n\tat Test.reach(test.java:242)\n\tat Test.reach(test.java:242)\n\tat Test.reach(test.java:242)\n\tat Test.reach(test.java:242)\n\tat Test.reach(test.java:242)\n\tat Test.reach(test.java:242)\n\tat Test.reach(test.java:242)\n\tat Test.reach(test.java:242)\n\tat Test.reach(test.java:242)\n\tat Test.reach(test.java:242)\n\tat Test.reach(test.java:242)\n\tat Test.reach(test.java:242)\n\tat Test.reach(test.java:242)\n\tat Test.reach(test.java:242)\n\tat Test.reach(test.java:242)\n\tat Test.reach(test.java:242)\n\tat Test.reach(test.java:242)\n\tat Test.reach(test.java:242)\n\tat Test.reach(test.java:242)\n\tat Test.reach(test.java:242)\n\tat Test.reach(test.java:242)\n\tat Test.reach(test.java:242)\n\tat Test.reach(test.java:242)\n\tat Test.reach(test.java:242)\n\tat Test.reach(test.java:242)\n\tat Test.reach(test.java:242)\n\tat Test.reach(test.java:242)\n\tat Test.reach(test.java:242)\n\tat Test.reach(test.java:242)\n\tat Test.reach(test.java:242)\n\tat Test.reach(test.java:242)\n\tat Test.reach(test.java:242)\n\tat Test.reach(test.java:242)\n\tat Test.reach(test.java:242)\n\tat Test.reach(test.java:242)\n\tat Test.reach(test.java:242)\n\tat Test.reach(test.java:242)\n\tat Test.reach(test.java:242)\n\tat Test.reach(test.java:242)\n\tat Test.reach(test.java:242)\n\tat Test.reach(test.java:242)\n\tat Test.reach(test.java:242)\n\tat Test.reach(test.java:242)\n\tat Test.reach(test.java:242)\n\tat Test.reach(test.java:242)\n\tat Test.reach(test.java:242)\n\tat Test.reach(test.java:242)\n\tat Test.reach(test.java:242)\n\tat Test.reach(test.java:242)\n\tat Test.reach(test.java:242)\n\tat Test.reach(test.java:242)\n\tat Test.reach(test.java:242)\n\tat Test.reach(test.java:242)\n\tat Test.reach(test.java:242)\n\tat Test.reach(test.java:242)\n\tat Test.reach(test.java:242)\n\tat Test.reach(test.java:242)\n\tat Test.reach(test.java:242)\n\tat Test.reach(test.java:242)\n\tat Test.reach(test.java:242)\n\tat Test.reach(test.java:242)\n\tat Test.reach(test.java:242)\n\tat Test.reach(test.java:242)\n\tat Test.reach(test.java:242)\n\tat Test.reach(test.java:242)\n\tat Test.reach(test.java:242)\n\tat Test.reach(test.java:242)\n\tat Test.reach(test.java:242)\n\tat Test.reach(test.java:242)\n\tat Test.reach(test.java:242)\n\tat Test.reach(test.java:242)\n\tat Test.reach(test.java:242)\n\tat Test.reach(test.java:242)\n\tat Test.reach(test.java:242)\n\tat Test.reach(test.java:242)\n\tat Test.reach(test.java:242)\n\tat Test.reach(test.java:242)\n\tat Test.reach(test.java:242)\n\tat Test.reach(test.java:242)\n\tat Test.reach(test.java:242)\n\tat Test.reach(test.java:242)\n\tat Test.reach(test.java:242)\n\tat Test.reach(test.java:242)\n\tat Test.reach(test.java:242)\n\tat Test.reach(test.java:242)\n\tat Test.reach(test.java:242)\n\tat Test.reach(test.java:242)\n\tat Test.reach(test.java:242)\n\tat Test.reach(test.java:242)\n\tat Test.reach(test.java:242)\n\tat Test.reach(test.java:242)\n\tat Test.reach(test.java:242)\n\tat Test.reach(test.java:242)\n\tat Test.reach(test.java:242)\n\tat Test.reach(test.java:242)\n\tat Test.reach(test.java:242)\n\tat Test.reach(test.java:242)\n\tat Test.reach(test.java:242)\n\tat Test.reach(test.java:242)\n\tat Test.reach(test.java:242)\n\tat Test.reach(test.java:242)\n\tat Test.reach(test.java:242)\n\tat Test.reach(test.java:242)\n\tat Test.reach(test.java:242)\n\tat Test.reach(test.java:242)\n\tat Test.reach(test.java:242)\n\tat Test.reach(test.java:242)\n\tat Test.reach(test.java:242)\n\tat Test.reach(test.java:242)\n\tat Test.reach(test.java:242)\n\tat Test.reach(test.java:242)\n\tat Test.reach(test.java:242)\n\tat Test.reach(test.java:242)\n\tat Test.reach(test.java:242)\n\tat Test.reach(test.java:242)\n\tat Test.reach(test.java:242)\n\tat Test.reach(test.java:242)\n\tat Test.reach(test.java:242)\n\tat Test.reach(test.java:242)\n\tat Test.reach(test.java:242)\n\tat Test.reach(test.java:242)\n\tat Test.reach(test.java:242)\n\tat Test.reach(test.java:242)\n\tat Test.reach(test.java:242)\n\tat Test.reach(test.java:242)\n\tat Test.reach(test.java:242)\n\tat Test.reach(test.java:242)\n\tat Test.reach(test.java:242)\n\tat Test.reach(test.java:242)\n\tat Test.reach(test.java:242)\n\tat Test.reach(test.java:242)\n\tat Test.reach(test.java:242)\n\tat Test.reach(test.java:242)\n\tat Test.reach(test.java:242)\n\tat Test.reach(test.java:242)\n\tat Test.reach(test.java:242)\n\tat Test.reach(test.java:242)\n\tat Test.reach(test.java:242)\n\tat Test.reach(test.java:242)\n\tat Test.reach(test.java:242)\n\tat Test.reach(test.java:242)\n\tat Test.reach(test.java:242)\n\tat Test.reach(test.java:242)\n\tat Test.reach(test.java:242)\n\tat Test.reach(test.java:242)\n\tat Test.reach(test.java:242)\n\tat Test.reach(test.java:242)\n\tat Test.reach(test.java:242)\n\tat Test.reach(test.java:242)\n\tat Test.reach(test.java:242)\n\tat Test.reach(test.java:242)\n\tat Test.reach(test.java:242)\n\tat Test.reach(test.java:242)\n\tat Test.reach(test.java:242)\n\tat Test.reach(test.java:242)\n\tat Test.reach(test.java:242)\n\tat Test.reach(test.java:242)\n\tat Test.reach(test.java:242)\n\tat Test.reach(test.java:242)\n\tat Test.reach(test.java:242)\n\tat Test.reach(test.java:242)\n\tat Test.reach(test.java:242)\n\tat Test.reach(test.java:242)\n\tat Test.reach(test.java:242)\n\tat Test.reach(test.java:242)\n\tat Test.reach(test.java:242)\n\tat Test.reach(test.java:242)\n\tat Test.reach(test.java:242)\n\tat Test.reach(test.java:242)\n\tat Test.reach(test.java:242)\n\tat Test.reach(test.java:242)\n\tat Test.reach(test.java:242)\n\tat Test.reach(test.java:242)\n\tat Test.reach(test.java:242)\n\tat Test.reach(test.java:242)\n\tat Test.reach(test.java:242)\n\tat Test.reach(test.java:242)\n\tat Test.reach(test.java:242)\n\tat Test.reach(test.java:242)\n\tat Test.reach(test.java:242)\n\tat Test.reach(test.java:242)\n\tat Test.reach(test.java:242)\n\tat Test.reach(test.java:242)\n\tat Test.reach(test.java:242)\n\tat Test.reach(test.java:242)\n\tat Test.reach(test.java:242)\n\tat Test.reach(test.java:242)\n\tat Test.reach(test.java:242)\n\tat Test.reach(test.java:242)\n\tat Test.reach(test.java:242)\n\tat Test.reach(test.java:242)\n\tat Test.reach(test.java:242)\n\tat Test.reach(test.java:242)\n\tat Test.reach(test.java:242)\n\tat Test.reach(test.java:242)\n\tat Test.reach(test.java:242)\n\tat Test.reach(test.java:242)\n\tat Test.reach(test.java:242)\n\tat Test.reach(test.java:242)\n\tat Test.reach(test.java:242)\n\tat Test.reach(test.java:242)\n\tat Test.reach(test.java:242)\n\tat Test.reach(test.java:242)\n\tat Test.reach(test.java:242)\n\tat Test.reach(test.java:242)\n\tat Test.reach(test.java:242)\n\tat Test.reach(test.java:242)\n\tat Test.reach(test.java:242)\n\tat Test.reach(test.java:242)\n\tat Test.reach(test.java:242)\n\tat Test.reach(test.java:242)\n\tat Test.reach(test.java:242)\n\tat Test.reach(test.java:242)\n\tat Test.reach(test.java:242)\n\tat Test.reach(test.java:242)\n\tat Test.reach(test.java:242)\n\tat Test.reach(test.java:242)\n\tat Test.reach(test.java:242)\n\tat Test.reach(test.java:242)\n\tat Test.reach(test.java:242)\n\tat Test.reach(test.java:242)\n\tat Test.reach(test.java:242)\n\tat Test.reach(test.java:242)\n\tat Test.reach(test.java:242)\n\tat Test.reach(test.java:242)\n\tat Test.reach(test.java:242)\n\tat Test.reach(test.java:242)\n\tat Test.reach(test.java:242)\n\tat Test.reach(test.java:242)\n\tat Test.reach(test.java:242)\n\tat Test.reach(test.java:242)\n\tat Test.reach(test.java:242)\n\tat Test.reach(test.java:242)\n\tat Test.reach(test.java:242)\n\tat Test.reach(test.java:242)\n\tat Test.reach(test.java:242)\n\tat Test.reach(test.java:242)\n\tat Test.reach(test.java:242)\n\tat Test.reach(test.java:242)\n\tat Test.reach(test.java:242)\n\tat Test.reach(test.java:242)\n\tat Test.reach(test.java:242)\n\tat Test.reach(test.java:242)\n\tat Test.reach(test.java:242)\n\tat Test.reach(test.java:242)\n\tat Test.reach(test.java:242)\n\tat Test.reach(test.java:242)\n\tat Test.reach(test.java:242)\n\tat Test.reach(test.java:242)\n\tat Test.reach(test.java:242)\n\tat Test.reach(test.java:242)\n\tat Test.reach(test.java:242)\n\tat Test.reach(test.java:242)\n\tat Test.reach(test.java:242)\n\tat Test.reach(test.java:242)\n\tat Test.reach(test.java:242)\n\tat Test.reach(test.java:242)\n\tat Test.reach(test.java:242)\n\tat Test.reach(test.java:242)\n\tat Test.reach(test.java:242)\n\tat Test.reach(test.java:242)\n\tat Test.reach(test.java:242)\n\tat Test.reach(test.java:242)\n\tat Test.reach(test.java:242)\n\tat Test.reach(test.java:242)\n\tat Test.reach(test.java:242)\n\tat Test.reach(test.java:242)\n\tat Test.reach(test.java:242)\n\tat Test.reach(test.java:242)\n\tat Test.reach(test.java:242)\n\tat Test.reach(test.java:242)\n\tat Test.reach(test.java:242)\n\tat Test.reach(test.java:242)\n\tat Test.reach(test.java:242)\n\tat Test.reach(test.java:242)\n\tat Test.reach(test.java:242)\n\tat Test.reach(test.java:242)\n\tat Test.reach(test.java:242)\n\tat Test.reach(test.java:242)\n\tat Test.reach(test.java:242)\n\tat Test.reach(test.java:242)\n\tat Test.reach(test.java:242)\n\tat Test.reach(test.java:242)\n\tat Test.reach(test.java:242)\n\tat Test.reach(test.java:242)\n\tat Test.reach(test.java:242)\n\tat Test.reach(test.java:242)\n\tat Test.reach(test.java:242)\n\tat Test.reach(test.java:242)\n\tat Test.reach(test.java:242)\n\tat Test.reach(test.java:242)\n\tat Test.reach(test.java:242)\n\tat Test.reach(test.java:242)\n\tat Test.reach(test.java:242)\n\tat Test.reach(test.java:242)\n\tat Test.reach(test.java:242)\n\tat Test.reach(test.java:242)\n\tat Test.reach(test.java:242)\n\tat Test.reach(test.java:242)\n\tat Test.reach(test.java:242)\n\tat Test.reach(test.java:242)\n\tat Test.reach(test.java:242)\n\tat Test.reach(test.java:242)\n\tat Test.reach(test.java:242)\n\tat Test.reach(test.java:242)\n\tat Test.reach(test.java:242)\n\tat Test.reach(test.java:242)\n\tat Test.reach(test.java:242)\n\tat Test.reach(test.java:242)\n\tat Test.reach(test.java:242)\n\tat Test.reach(test.java:242)\n\tat Test.reach(test.java:242)\n\tat Test.reach(test.java:242)\n\tat Test.reach(test.java:242)\n\tat Test.reach(test.java:242)\n\tat Test.reach(test.java:242)\n\tat Test.reach(test.java:242)\n\tat Test.reach(test.java:242)\n\tat Test.reach(test.java:242)\n\tat Test.reach(test.java:242)\n\tat Test.reach(test.java:242)\n\tat Test.reach(test.java:242)\n\tat Test.reach(test.java:242)\n\tat Test.reach(test.java:242)\n\tat Test.reach(test.java:242)\n\tat Test.reach(test.java:242)\n\tat Test.reach(test.java:242)\n\tat Test.reach(test.java:242)\n\tat Test.reach(test.java:242)\n\tat Test.reach(test.java:242)\n\tat Test.reach(test.java:242)\n\tat Test.reach(test.java:242)\n\tat Test.reach(test.java:242)\n\tat Test.reach(test.java:242)\n\tat Test.reach(test.java:242)\n\tat Test.reach(test.java:242)\n\tat Test.reach(test.java:242)\n\tat Test.reach(test.java:242)\n\tat Test.reach(test.java:242)\n\tat Test.reach(test.java:242)\n\tat Test.reach(test.java:242)\n\tat Test.reach(test.java:242)\n\tat Test.reach(test.java:242)\n\tat Test.reach(test.java:242)\n\tat Test.reach(test.java:242)\n\tat Test.reach(test.java:242)\n\tat Test.reach(test.java:242)\n\tat Test.reach(test.java:242)\n\tat Test.reach(test.java:242)\n\tat Test.reach(test.java:242)\n\tat Test.reach(test.java:242)\n\tat Test.reach(test.java:242)\n\tat Test.reach(test.java:242)\n\tat Test.reach(test.java:242)\n\tat Test.reach(test.java:242)\n\tat Test.reach(test.java:242)\n\tat Test.reach(test.java:242)\n\tat Test.reach(test.java:242)\n\tat Test.reach(test.java:242)\n\tat Test.reach(test.java:242)\n\tat Test.reach(test.java:242)\n\tat Test.reach(test.java:242)\n\tat Test.reach(test.java:242)\n\tat Test.reach(test.java:242)\n\tat Test.reach(test.java:242)\n\tat Test.reach(test.java:242)\n\tat Test.reach(test.java:242)\n\tat Test.reach(test.java:242)\n\tat Test.reach(test.java:242)\n\tat Test.reach(test.java:242)\n\tat Test.reach(test.java:242)\n\tat Test.reach(test.java:242)\n\tat Test.reach(test.java:242)\n\tat Test.reach(test.java:242)\n\tat Test.reach(test.java:242)\n\tat Test.reach(test.java:242)\n\tat Test.reach(test.java:242)\n\tat Test.reach(test.java:242)\n\tat Test.reach(test.java:242)\n\tat Test.reach(test.java:242)\n\tat Test.reach(test.java:242)\n\tat Test.reach(test.java:242)\n\tat Test.reach(test.java:242)\n\tat Test.reach(test.java:242)\n\tat Test.reach(test.java:242)\n\tat Test.reach(test.java:242)\n\tat Test.reach(test.java:242)\n\tat Test.reach(test.java:242)\n\tat Test.reach(test.java:242)\n\tat Test.reach(test.java:242)\n\tat Test.reach(test.java:242)\n\tat Test.reach(test.java:242)\n\tat Test.reach(test.java:242)\n\tat Test.reach(test.java:242)\n\tat Test.reach(test.java:242)\n\tat Test.reach(test.java:242)\n\tat Test.reach(test.java:242)\n\tat Test.reach(test.java:242)\n\tat Test.reach(test.java:242)\n\tat Test.reach(test.java:242)\n\tat Test.reach(test.java:242)\n\tat Test.reach(test.java:242)\n\tat Test.reach(test.java:242)\n\tat Test.reach(test.java:242)\n\tat Test.reach(test.java:242)\n\tat Test.reach(test.java:242)\n\tat Test.reach(test.java:242)\n\tat Test.reach(test.java:242)\n\tat Test.reach(test.java:242)\n\tat Test.reach(test.java:242)\n\tat Test.reach(test.java:242)\n\tat Test.reach(test.java:242)\n\tat Test.reach(test.java:242)\n\tat Test.reach(test.java:242)\n\tat Test.reach(test.java:242)\n\tat Test.reach(test.java:242)\n\tat Test.reach(test.java:242)\n\tat Test.reach(test.java:242)\n\tat Test.reach(test.java:242)\n\tat Test.reach(test.java:242)\n\tat Test.reach(test.java:242)\n\tat Test.reach(test.java:242)\n\tat Test.reach(test.java:242)\n\tat Test.reach(test.java:242)\n\tat Test.reach(test.java:242)\n\tat Test.reach(test.java:242)\n\tat Test.reach(test.java:242)\n\tat Test.reach(test.java:242)\n\tat Test.reach(test.java:242)\n\tat Test.reach(test.java:242)\n\tat Test.reach(test.java:242)\n\tat Test.reach(test.java:242)\n\tat Test.reach(test.java:242)\n\tat Test.reach(test.java:242)\n\tat Test.reach(test.java:242)\n\tat Test.reach(test.java:242)\n\tat Test.reach(test.java:242)\n\tat Test.reach(test.java:242)\n\tat Test.reach(test.java:242)\n\tat Test.reach(test.java:242)\n\tat Test.reach(test.java:242)\n\tat Test.reach(test.java:242)\n\tat Test.reach(test.java:242)\n\tat Test.reach(test.java:242)\n\tat Test.reach(test.java:242)\n\tat Test.reach(test.java:242)\n\tat Test.reach(test.java:242)\n\tat Test.reach(test.java:242)\n\tat Test.reach(test.java:242)\n\tat Test.reach(test.java:242)\n\tat Test.reach(test.java:242)\n\tat Test.reach(test.java:242)\n\tat Test.reach(test.java:242)\n\tat Test.reach(test.java:242)\n\tat Test.reach(test.java:242)\n\tat Test.reach(test.java:242)\n\tat Test.reach(test.java:242)\n\tat Test.reach(test.java:242)\n\tat Test.reach(test.java:242)\n\tat Test.reach(test.java:242)\n\tat Test.reach(test.java:242)\n\tat Test.reach(test.java:242)\n\tat Test.reach(test.java:242)\n\tat Test.reach(test.java:242)\n\tat Test.reach(test.java:242)\n\tat Test.reach(test.java:242)\n\tat Test.reach(test.java:242)\n\tat Test.reach(test.java:242)\n\tat Test.reach(test.java:242)\n\tat Test.reach(test.java:242)\n\tat Test.reach(test.java:242)\n\tat Test.reach(test.java:242)\n\tat Test.reach(test.java:242)\n\tat Test.reach(test.java:242)\n\tat Test.reach(test.java:242)\n\tat Test.reach(test.java:242)\n\tat Test.reach(test.java:242)\n\tat Test.reach(test.java:242)\n\tat Test.reach(test.java:242)\n\tat Test.reach(test.java:242)\n\tat Test.reach(test.java:242)\n\tat Test.reach(test.java:242)\n\tat Test.reach(test.java:242)\n\tat Test.reach(test.java:242)\n\tat Test.reach(test.java:242)\n\tat Test.reach(test.java:242)\n\tat Test.reach(test.java:242)\n\tat Test.reach(test.java:242)\n\tat Test.reach(test.java:242)\n\tat Test.reach(test.java:242)\n\tat Test.reach(test.java:242)\n\tat Test.reach(test.java:242)\n\tat Test.reach(test.java:242)\n\tat Test.reach(test.java:242)\n\tat Test.reach(test.java:242)\n\tat Test.reach(test.java:242)\n\tat Test.reach(test.java:242)\n\tat Test.reach(test.java:242)\n\tat Test.reach(test.java:242)\n\tat Test.reach(test.java:242)\n\tat Test.reach(test.java:242)\n\tat Test.reach(test.java:242)\n\tat Test.reach(test.java:242)\n\tat Test.reach(test.java:242)\n\tat Test.reach(test.java:242)\n\tat Test.reach(test.java:242)\n\tat Test.reach(test.java:242)\n\tat Test.reach(test.java:242)\n\tat Test.reach(test.java:242)\n\tat Test.reach(test.java:242)\n\tat Test.reach(test.java:242)\n\tat Test.reach(test.java:242)\n\tat Test.reach(test.java:242)\n\tat Test.reach(test.java:242)\n\tat Test.reach(test.java:242)\n\tat Test.reach(test.java:242)\n\tat Test.reach(test.java:242)\n\tat Test.reach(test.java:242)\n\tat Test.reach(test.java:242)\n\tat Test.reach(test.java:242)\n\tat Test.reach(test.java:242)\n\tat Test.reach(test.java:242)\n\tat Test.reach(test.java:242)\n\tat Test.reach(test.java:242)\n\tat Test.reach(test.java:242)\n\tat Test.reach(test.java:242)\n\tat Test.reach(test.java:242)\n\tat Test.reach(test.java:242)\n'


2023-12-12 12:20:47 INFO Running task: 93_0...
2023-12-12 12:20:47 INFO Compilation Failed!
2023-12-12 12:20:47 INFO run_output: b'/home/ubuntu/test_codellm/unit_tests/minimax/python_java/test.java:224: error: illegal start of expression\n            ***puteIfAbsent(x, k -> new ArrayList<>()).add(y);\n            ^\n/home/ubuntu/test_codellm/unit_tests/minimax/python_java/test.java:224: error: illegal start of expression\n            ***puteIfAbsent(x, k -> new ArrayList<>()).add(y);\n             ^\n/home/ubuntu/test_codellm/unit_tests/minimax/python_java/test.java:224: error: illegal start of expression\n            ***puteIfAbsent(x, k -> new ArrayList<>()).add(y);\n              ^\n/home/ubuntu/test_codellm/unit_tests/minimax/python_java/test.java:225: error: illegal start of expression\n            ***puteIfAbsent(y, k -> new ArrayList<>()).add(x);\n            ^\n/home/ubuntu/test_codellm/unit_tests/minimax/python_java/test.java:225: error: illegal start of expression\n            ***puteIfAbsent(y, k -> new ArrayList<>()).add(x);\n             ^\n/home/ubuntu/test_codellm/unit_tests/minimax/python_java/test.java:225: error: illegal start of expression\n            ***puteIfAbsent(y, k -> new ArrayList<>()).add(x);\n              ^\n6 errors\nerror: compilation failed\n'


2023-12-12 12:20:47 INFO Running task: 94_0...
2023-12-12 12:20:48 INFO Test Passed!


2023-12-12 12:20:48 INFO Running task: 95_0...
2023-12-12 12:20:49 INFO Test Passed!


2023-12-12 12:20:49 INFO Running task: 96_0...
2023-12-12 12:20:50 INFO Test Passed!


2023-12-12 12:20:50 INFO Running task: 97_0...
2023-12-12 12:20:51 INFO Test Passed!


2023-12-12 12:20:51 INFO Running task: 98_0...
2023-12-12 12:20:51 INFO Compilation Failed!
2023-12-12 12:20:51 INFO run_output: b"/home/ubuntu/test_codellm/unit_tests/minimax/python_java/test.java:230: error: bad operand types for binary operator '!='\n            return new int[]{fa.val != null ? fa.val : -1, depth};\n                                    ^\n  first type:  int\n  second type: <null>\n1 error\nerror: compilation failed\n"


2023-12-12 12:20:51 INFO Running task: 99_0...
2023-12-12 12:20:52 INFO Compilation Failed!
2023-12-12 12:20:52 INFO run_output: b'/home/ubuntu/test_codellm/unit_tests/minimax/python_java/test.java:221: error: incompatible types: cannot infer type arguments for HashSet<>\n    Set<Integer> set = new HashSet<>(Arrays.asList(nums));\n                                  ^\n    reason: inference variable E has incompatible bounds\n      equality constraints: Integer\n      lower bounds: T,int[]\n  where E,T are type-variables:\n    E extends Object declared in class HashSet\n    T extends Object declared in method <T>asList(T...)\n1 error\nerror: compilation failed\n'


2023-12-12 12:20:52 INFO Running task: 100_0...
2023-12-12 12:20:53 INFO Test Passed!


2023-12-12 12:20:53 INFO [[1], [1], [4], [1], [1], [1], [1], [2], [2], [1], [1], [1], [1], [2], [1], [4], [1], [1], [1], [1], [1], [2], [4], [1], [2], [1], [2], [1], [1], [1], [4], [1], [1], [1], [1], [1], [1], [1], [1], [1], [1], [3], [1], [3], [2], [1], [1], [2], [1], [1], [1], [1], [2], [1], [2], [1], [2], [1], [1], [1], [3], [2], [1], [4], [1], [4], [1], [4], [1], [1], [1], [3], [1], [1], [1], [1], [1], [4], [4], [1], [2], [3], [1], [1], [1], [2], [2], [2], [1], [1], [2], [3], [2], [1], [1], [1], [1], [2], [2], [1]]
