2023-12-07 19:42:44 INFO Running task: 1_0...
2023-12-07 19:42:45 INFO Test Passed!


2023-12-07 19:42:45 INFO Running task: 2_0...
2023-12-07 19:42:46 INFO Test Passed!


2023-12-07 19:42:46 INFO Running task: 3_0...
Note: /home/ubuntu/test_codellm/unit_tests/minimax/python_java/test.java uses unchecked or unsafe operations.
Note: Recompile with -Xlint:unchecked for details.
2023-12-07 19:42:47 INFO Test Failed!
2023-12-07 19:42:47 INFO run_output: b'-1 3\nTestcase No.1 Failed!\n-1 4\nTestcase No.2 Failed!\n-1 -1\n-1 40\nTestcase No.4 Failed!\n-1 44\nTestcase No.5 Failed!\n1 / 5 passed!\nTest Failed!\n'


2023-12-07 19:42:47 INFO Running task: 4_0...
2023-12-07 19:42:48 INFO Test Passed!


2023-12-07 19:42:48 INFO Running task: 5_0...
2023-12-07 19:42:49 INFO Test Passed!


2023-12-07 19:42:49 INFO Running task: 6_0...
2023-12-07 19:42:50 INFO Test Passed!


2023-12-07 19:42:50 INFO Running task: 7_0...
2023-12-07 19:42:51 INFO Test Passed!


2023-12-07 19:42:51 INFO Running task: 8_0...
/home/ubuntu/test_codellm/unit_tests/minimax/python_java/test.java:220: error: incompatible types: possible lossy conversion from long to int
    int cnt1 = s.chars().filter(c -> c == '1').count();
                                                    ^
1 error
error: compilation failed
2023-12-07 19:42:52 INFO Command '['java', '/home/ubuntu/test_codellm/unit_tests/minimax/python_java/test.java']' returned non-zero exit status 1.
2023-12-07 19:42:52 INFO Compilation Failed!
2023-12-07 19:42:52 INFO run_output: b''


2023-12-07 19:42:52 INFO Running task: 9_0...
/home/ubuntu/test_codellm/unit_tests/minimax/python_java/test.java:233: error: illegal start of expression
                if (t.length() < ans.length() || t.length() == ans.length() && ***pareTo(ans) < 0) {
                                                                               ^
/home/ubuntu/test_codellm/unit_tests/minimax/python_java/test.java:233: error: illegal start of expression
                if (t.length() < ans.length() || t.length() == ans.length() && ***pareTo(ans) < 0) {
                                                                                ^
/home/ubuntu/test_codellm/unit_tests/minimax/python_java/test.java:233: error: illegal start of expression
                if (t.length() < ans.length() || t.length() == ans.length() && ***pareTo(ans) < 0) {
                                                                                 ^
3 errors
error: compilation failed
2023-12-07 19:42:52 INFO Command '['java', '/home/ubuntu/test_codellm/unit_tests/minimax/python_java/test.java']' returned non-zero exit status 1.
2023-12-07 19:42:52 INFO Compilation Failed!
2023-12-07 19:42:52 INFO run_output: b''


2023-12-07 19:42:52 INFO Running task: 10_0...
2023-12-07 19:42:53 INFO Test Passed!


2023-12-07 19:42:53 INFO Running task: 11_0...
Note: /home/ubuntu/test_codellm/unit_tests/minimax/python_java/test.java uses unchecked or unsafe operations.
Note: Recompile with -Xlint:unchecked for details.
2023-12-07 19:42:54 INFO Test Passed!


2023-12-07 19:42:54 INFO Running task: 12_0...
Note: /home/ubuntu/test_codellm/unit_tests/minimax/python_java/test.java uses unchecked or unsafe operations.
Note: Recompile with -Xlint:unchecked for details.
2023-12-07 19:42:55 INFO Test Passed!


2023-12-07 19:42:55 INFO Running task: 13_0...
2023-12-07 19:42:55 INFO Test Passed!


2023-12-07 19:42:55 INFO Running task: 14_0...
/home/ubuntu/test_codellm/unit_tests/minimax/python_java/test.java:222: error: cannot find symbol
    return (int) processorTime.stream().zip(tasks.stream().skip(tasks.size() / 4)).mapToLong(p -> p.getLeft() + p.getRight()).max().getAsLong();
                                       ^
  symbol:   method zip(Stream<Integer>)
  location: interface Stream<Integer>
Note: /home/ubuntu/test_codellm/unit_tests/minimax/python_java/test.java uses unchecked or unsafe operations.
Note: Recompile with -Xlint:unchecked for details.
1 error
error: compilation failed
2023-12-07 19:42:56 INFO Command '['java', '/home/ubuntu/test_codellm/unit_tests/minimax/python_java/test.java']' returned non-zero exit status 1.
2023-12-07 19:42:56 INFO Compilation Failed!
2023-12-07 19:42:56 INFO run_output: b''


2023-12-07 19:42:56 INFO Running task: 15_0...
2023-12-07 19:42:57 INFO Test Passed!


2023-12-07 19:42:57 INFO Running task: 16_0...
2023-12-07 19:42:58 INFO Test Failed!
2023-12-07 19:42:58 INFO run_output: b'2 2\n2 2\n2147483647 -1\nTestcase No.3 Failed!\n2 2\n18424 18424\n4 / 5 passed!\nTest Failed!\n'


2023-12-07 19:42:58 INFO Running task: 17_0...
2023-12-07 19:42:59 INFO Test Passed!


2023-12-07 19:42:59 INFO Running task: 18_0...
2023-12-07 19:43:00 INFO Test Passed!


2023-12-07 19:43:00 INFO Running task: 19_0...
2023-12-07 19:43:01 INFO Test Passed!


2023-12-07 19:43:01 INFO Running task: 20_0...
2023-12-07 19:43:02 INFO Test Passed!


2023-12-07 19:43:02 INFO Running task: 21_0...
Note: /home/ubuntu/test_codellm/unit_tests/minimax/python_java/test.java uses unchecked or unsafe operations.
Note: Recompile with -Xlint:unchecked for details.
2023-12-07 19:43:03 INFO Test Passed!


2023-12-07 19:43:03 INFO Running task: 22_0...
/home/ubuntu/test_codellm/unit_tests/minimax/python_java/test.java:221: error: no suitable method found for min(List<Integer>)
    int mx = Math.min(stock) + budget;
                 ^
    method Math.min(int,int) is not applicable
      (actual and formal argument lists differ in length)
    method Math.min(long,long) is not applicable
      (actual and formal argument lists differ in length)
    method Math.min(float,float) is not applicable
      (actual and formal argument lists differ in length)
    method Math.min(double,double) is not applicable
      (actual and formal argument lists differ in length)
Note: /home/ubuntu/test_codellm/unit_tests/minimax/python_java/test.java uses unchecked or unsafe operations.
Note: Recompile with -Xlint:unchecked for details.
1 error
error: compilation failed
2023-12-07 19:43:03 INFO Command '['java', '/home/ubuntu/test_codellm/unit_tests/minimax/python_java/test.java']' returned non-zero exit status 1.
2023-12-07 19:43:03 INFO Compilation Failed!
2023-12-07 19:43:03 INFO run_output: b''


2023-12-07 19:43:03 INFO Running task: 23_0...
Note: /home/ubuntu/test_codellm/unit_tests/minimax/python_java/test.java uses unchecked or unsafe operations.
Note: Recompile with -Xlint:unchecked for details.
2023-12-07 19:43:04 INFO Test Failed!
2023-12-07 19:43:04 INFO run_output: b'1 2\nTestcase No.1 Failed!\n1 3\nTestcase No.2 Failed!\n1 4\nTestcase No.3 Failed!\n0 1\nTestcase No.4 Failed!\n1 92\nTestcase No.5 Failed!\n0 / 5 passed!\nTest Failed!\n'


2023-12-07 19:43:04 INFO Running task: 24_0...
Note: /home/ubuntu/test_codellm/unit_tests/minimax/python_java/test.java uses unchecked or unsafe operations.
Note: Recompile with -Xlint:unchecked for details.
2023-12-07 19:43:05 INFO Test Passed!


2023-12-07 19:43:05 INFO Running task: 25_0...
/home/ubuntu/test_codellm/unit_tests/minimax/python_java/test.java:224: error: bad operand types for binary operator '^'
            ans += cnt.getOrDefault(coordinate.get(0) ^ i + "," + coordinate.get(1) ^ (k - i), 0);
                                                      ^
  first type:  Integer
  second type: String
Note: /home/ubuntu/test_codellm/unit_tests/minimax/python_java/test.java uses unchecked or unsafe operations.
Note: Recompile with -Xlint:unchecked for details.
1 error
error: compilation failed
2023-12-07 19:43:06 INFO Command '['java', '/home/ubuntu/test_codellm/unit_tests/minimax/python_java/test.java']' returned non-zero exit status 1.
2023-12-07 19:43:06 INFO Compilation Failed!
2023-12-07 19:43:06 INFO run_output: b''


2023-12-07 19:43:06 INFO Running task: 26_0...
Note: /home/ubuntu/test_codellm/unit_tests/minimax/python_java/test.java uses unchecked or unsafe operations.
Note: Recompile with -Xlint:unchecked for details.
2023-12-07 19:43:07 INFO Test Passed!


2023-12-07 19:43:07 INFO Running task: 27_0...
/home/ubuntu/test_codellm/unit_tests/minimax/python_java/test.java:220: error: cannot find symbol
    int maxCnt = cnt = 1;
                 ^
  symbol:   variable cnt
  location: class Test
/home/ubuntu/test_codellm/unit_tests/minimax/python_java/test.java:225: error: cannot find symbol
            cnt++;
            ^
  symbol:   variable cnt
  location: class Test
/home/ubuntu/test_codellm/unit_tests/minimax/python_java/test.java:227: error: cannot find symbol
            maxCnt = Math.max(maxCnt, cnt);
                                      ^
  symbol:   variable cnt
  location: class Test
/home/ubuntu/test_codellm/unit_tests/minimax/python_java/test.java:229: error: cannot find symbol
            cnt = 1;
            ^
  symbol:   variable cnt
  location: class Test
/home/ubuntu/test_codellm/unit_tests/minimax/python_java/test.java:232: error: cannot find symbol
    maxCnt = Math.max(maxCnt, cnt);
                              ^
  symbol:   variable cnt
  location: class Test
Note: /home/ubuntu/test_codellm/unit_tests/minimax/python_java/test.java uses unchecked or unsafe operations.
Note: Recompile with -Xlint:unchecked for details.
5 errors
error: compilation failed
2023-12-07 19:43:08 INFO Command '['java', '/home/ubuntu/test_codellm/unit_tests/minimax/python_java/test.java']' returned non-zero exit status 1.
2023-12-07 19:43:08 INFO Compilation Failed!
2023-12-07 19:43:08 INFO run_output: b''


2023-12-07 19:43:08 INFO Running task: 28_0...
Note: /home/ubuntu/test_codellm/unit_tests/minimax/python_java/test.java uses unchecked or unsafe operations.
Note: Recompile with -Xlint:unchecked for details.
2023-12-07 19:43:08 INFO Test Passed!


2023-12-07 19:43:08 INFO Running task: 29_0...
2023-12-07 19:43:09 INFO Test Passed!


2023-12-07 19:43:09 INFO Running task: 30_0...
Note: /home/ubuntu/test_codellm/unit_tests/minimax/python_java/test.java uses unchecked or unsafe operations.
Note: Recompile with -Xlint:unchecked for details.
2023-12-07 19:43:10 INFO Test Passed!


2023-12-07 19:43:10 INFO Running task: 31_0...
2023-12-07 19:43:11 INFO Test Failed!
2023-12-07 19:43:11 INFO run_output: b'2 2\n3 3\n2 1\nTestcase No.3 Failed!\n19 19\n99 100\nTestcase No.5 Failed!\n3 / 5 passed!\nTest Failed!\n'


2023-12-07 19:43:11 INFO Running task: 32_0...
2023-12-07 19:43:12 INFO Test Passed!


2023-12-07 19:43:12 INFO Running task: 33_0...
Note: /home/ubuntu/test_codellm/unit_tests/minimax/python_java/test.java uses unchecked or unsafe operations.
Note: Recompile with -Xlint:unchecked for details.
2023-12-07 19:43:13 INFO Test Passed!


2023-12-07 19:43:13 INFO Running task: 34_0...
2023-12-07 19:43:14 INFO Test Passed!


2023-12-07 19:43:14 INFO Running task: 35_0...
2023-12-07 19:43:15 INFO Test Passed!


2023-12-07 19:43:15 INFO Running task: 36_0...
2023-12-07 19:43:16 INFO Test Passed!


2023-12-07 19:43:16 INFO Running task: 37_0...
Note: /home/ubuntu/test_codellm/unit_tests/minimax/python_java/test.java uses unchecked or unsafe operations.
Note: Recompile with -Xlint:unchecked for details.
2023-12-07 19:43:17 INFO Test Passed!


2023-12-07 19:43:17 INFO Running task: 38_0...
Note: /home/ubuntu/test_codellm/unit_tests/minimax/python_java/test.java uses unchecked or unsafe operations.
Note: Recompile with -Xlint:unchecked for details.
2023-12-07 19:43:17 INFO Test Passed!


2023-12-07 19:43:17 INFO Running task: 39_0...
2023-12-07 19:43:18 INFO Test Passed!


2023-12-07 19:43:18 INFO Running task: 40_0...
Note: /home/ubuntu/test_codellm/unit_tests/minimax/python_java/test.java uses unchecked or unsafe operations.
Note: Recompile with -Xlint:unchecked for details.
2023-12-07 19:43:19 INFO Test Passed!


2023-12-07 19:43:19 INFO Running task: 41_0...
Note: /home/ubuntu/test_codellm/unit_tests/minimax/python_java/test.java uses unchecked or unsafe operations.
Note: Recompile with -Xlint:unchecked for details.
2023-12-07 19:43:20 INFO Test Passed!


2023-12-07 19:43:20 INFO Running task: 42_0...
Note: /home/ubuntu/test_codellm/unit_tests/minimax/python_java/test.java uses unchecked or unsafe operations.
Note: Recompile with -Xlint:unchecked for details.
java.lang.IndexOutOfBoundsException: Index -1 out of bounds for length 1
	at java.base/jdk.internal.util.Preconditions.outOfBounds(Preconditions.java:64)
	at java.base/jdk.internal.util.Preconditions.outOfBoundsCheckIndex(Preconditions.java:70)
	at java.base/jdk.internal.util.Preconditions.checkIndex(Preconditions.java:266)
	at java.base/java.util.Objects.checkIndex(Objects.java:361)
	at java.base/java.util.ArrayList.get(ArrayList.java:427)
	at Test.testfunc(test.java:226)
	at Test.start(test.java:270)
	at Test.main(test.java:291)
	at java.base/jdk.internal.reflect.NativeMethodAccessorImpl.invoke0(Native Method)
	at java.base/jdk.internal.reflect.NativeMethodAccessorImpl.invoke(NativeMethodAccessorImpl.java:77)
	at java.base/jdk.internal.reflect.DelegatingMethodAccessorImpl.invoke(DelegatingMethodAccessorImpl.java:43)
	at java.base/java.lang.reflect.Method.invoke(Method.java:568)
	at jdk.compiler/com.sun.tools.javac.launcher.Main.execute(Main.java:419)
	at jdk.compiler/com.sun.tools.javac.launcher.Main.run(Main.java:192)
	at jdk.compiler/com.sun.tools.javac.launcher.Main.main(Main.java:132)
java.lang.IndexOutOfBoundsException: Index -1 out of bounds for length 1
	at java.base/jdk.internal.util.Preconditions.outOfBounds(Preconditions.java:64)
	at java.base/jdk.internal.util.Preconditions.outOfBoundsCheckIndex(Preconditions.java:70)
	at java.base/jdk.internal.util.Preconditions.checkIndex(Preconditions.java:266)
	at java.base/java.util.Objects.checkIndex(Objects.java:361)
	at java.base/java.util.ArrayList.get(ArrayList.java:427)
	at Test.testfunc(test.java:226)
	at Test.start(test.java:270)
	at Test.main(test.java:291)
	at java.base/jdk.internal.reflect.NativeMethodAccessorImpl.invoke0(Native Method)
	at java.base/jdk.internal.reflect.NativeMethodAccessorImpl.invoke(NativeMethodAccessorImpl.java:77)
	at java.base/jdk.internal.reflect.DelegatingMethodAccessorImpl.invoke(DelegatingMethodAccessorImpl.java:43)
	at java.base/java.lang.reflect.Method.invoke(Method.java:568)
	at jdk.compiler/com.sun.tools.javac.launcher.Main.execute(Main.java:419)
	at jdk.compiler/com.sun.tools.javac.launcher.Main.run(Main.java:192)
	at jdk.compiler/com.sun.tools.javac.launcher.Main.main(Main.java:132)
java.lang.IndexOutOfBoundsException: Index -1 out of bounds for length 1
	at java.base/jdk.internal.util.Preconditions.outOfBounds(Preconditions.java:64)
	at java.base/jdk.internal.util.Preconditions.outOfBoundsCheckIndex(Preconditions.java:70)
	at java.base/jdk.internal.util.Preconditions.checkIndex(Preconditions.java:266)
	at java.base/java.util.Objects.checkIndex(Objects.java:361)
	at java.base/java.util.ArrayList.get(ArrayList.java:427)
	at Test.testfunc(test.java:226)
	at Test.start(test.java:270)
	at Test.main(test.java:291)
	at java.base/jdk.internal.reflect.NativeMethodAccessorImpl.invoke0(Native Method)
	at java.base/jdk.internal.reflect.NativeMethodAccessorImpl.invoke(NativeMethodAccessorImpl.java:77)
	at java.base/jdk.internal.reflect.DelegatingMethodAccessorImpl.invoke(DelegatingMethodAccessorImpl.java:43)
	at java.base/java.lang.reflect.Method.invoke(Method.java:568)
	at jdk.compiler/com.sun.tools.javac.launcher.Main.execute(Main.java:419)
	at jdk.compiler/com.sun.tools.javac.launcher.Main.run(Main.java:192)
	at jdk.compiler/com.sun.tools.javac.launcher.Main.main(Main.java:132)
java.lang.IndexOutOfBoundsException: Index -1 out of bounds for length 1
	at java.base/jdk.internal.util.Preconditions.outOfBounds(Preconditions.java:64)
	at java.base/jdk.internal.util.Preconditions.outOfBoundsCheckIndex(Preconditions.java:70)
	at java.base/jdk.internal.util.Preconditions.checkIndex(Preconditions.java:266)
	at java.base/java.util.Objects.checkIndex(Objects.java:361)
	at java.base/java.util.ArrayList.get(ArrayList.java:427)
	at Test.testfunc(test.java:226)
	at Test.start(test.java:270)
	at Test.main(test.java:291)
	at java.base/jdk.internal.reflect.NativeMethodAccessorImpl.invoke0(Native Method)
	at java.base/jdk.internal.reflect.NativeMethodAccessorImpl.invoke(NativeMethodAccessorImpl.java:77)
	at java.base/jdk.internal.reflect.DelegatingMethodAccessorImpl.invoke(DelegatingMethodAccessorImpl.java:43)
	at java.base/java.lang.reflect.Method.invoke(Method.java:568)
	at jdk.compiler/com.sun.tools.javac.launcher.Main.execute(Main.java:419)
	at jdk.compiler/com.sun.tools.javac.launcher.Main.run(Main.java:192)
	at jdk.compiler/com.sun.tools.javac.launcher.Main.main(Main.java:132)
java.lang.IndexOutOfBoundsException: Index -1 out of bounds for length 1
	at java.base/jdk.internal.util.Preconditions.outOfBounds(Preconditions.java:64)
	at java.base/jdk.internal.util.Preconditions.outOfBoundsCheckIndex(Preconditions.java:70)
	at java.base/jdk.internal.util.Preconditions.checkIndex(Preconditions.java:266)
	at java.base/java.util.Objects.checkIndex(Objects.java:361)
	at java.base/java.util.ArrayList.get(ArrayList.java:427)
	at Test.testfunc(test.java:226)
	at Test.start(test.java:270)
	at Test.main(test.java:291)
	at java.base/jdk.internal.reflect.NativeMethodAccessorImpl.invoke0(Native Method)
	at java.base/jdk.internal.reflect.NativeMethodAccessorImpl.invoke(NativeMethodAccessorImpl.java:77)
	at java.base/jdk.internal.reflect.DelegatingMethodAccessorImpl.invoke(DelegatingMethodAccessorImpl.java:43)
	at java.base/java.lang.reflect.Method.invoke(Method.java:568)
	at jdk.compiler/com.sun.tools.javac.launcher.Main.execute(Main.java:419)
	at jdk.compiler/com.sun.tools.javac.launcher.Main.run(Main.java:192)
	at jdk.compiler/com.sun.tools.javac.launcher.Main.main(Main.java:132)
2023-12-07 19:43:21 INFO Test Failed!
2023-12-07 19:43:21 INFO run_output: b'0 / 5 passed!\nTest Failed!\n'


2023-12-07 19:43:21 INFO Running task: 43_0...
2023-12-07 19:43:22 INFO Test Passed!


2023-12-07 19:43:22 INFO Running task: 44_0...
java.lang.ArrayIndexOutOfBoundsException: Index 51 out of bounds for length 10
	at Test.testfunc(test.java:225)
	at Test.start(test.java:267)
	at Test.main(test.java:288)
	at java.base/jdk.internal.reflect.NativeMethodAccessorImpl.invoke0(Native Method)
	at java.base/jdk.internal.reflect.NativeMethodAccessorImpl.invoke(NativeMethodAccessorImpl.java:77)
	at java.base/jdk.internal.reflect.DelegatingMethodAccessorImpl.invoke(DelegatingMethodAccessorImpl.java:43)
	at java.base/java.lang.reflect.Method.invoke(Method.java:568)
	at jdk.compiler/com.sun.tools.javac.launcher.Main.execute(Main.java:419)
	at jdk.compiler/com.sun.tools.javac.launcher.Main.run(Main.java:192)
	at jdk.compiler/com.sun.tools.javac.launcher.Main.main(Main.java:132)
java.lang.ArrayIndexOutOfBoundsException: Index 1940 out of bounds for length 10
	at Test.testfunc(test.java:225)
	at Test.start(test.java:267)
	at Test.main(test.java:288)
	at java.base/jdk.internal.reflect.NativeMethodAccessorImpl.invoke0(Native Method)
	at java.base/jdk.internal.reflect.NativeMethodAccessorImpl.invoke(NativeMethodAccessorImpl.java:77)
	at java.base/jdk.internal.reflect.DelegatingMethodAccessorImpl.invoke(DelegatingMethodAccessorImpl.java:43)
	at java.base/java.lang.reflect.Method.invoke(Method.java:568)
	at jdk.compiler/com.sun.tools.javac.launcher.Main.execute(Main.java:419)
	at jdk.compiler/com.sun.tools.javac.launcher.Main.run(Main.java:192)
	at jdk.compiler/com.sun.tools.javac.launcher.Main.main(Main.java:132)
java.lang.ArrayIndexOutOfBoundsException: Index 875 out of bounds for length 10
	at Test.testfunc(test.java:225)
	at Test.start(test.java:267)
	at Test.main(test.java:288)
	at java.base/jdk.internal.reflect.NativeMethodAccessorImpl.invoke0(Native Method)
	at java.base/jdk.internal.reflect.NativeMethodAccessorImpl.invoke(NativeMethodAccessorImpl.java:77)
	at java.base/jdk.internal.reflect.DelegatingMethodAccessorImpl.invoke(DelegatingMethodAccessorImpl.java:43)
	at java.base/java.lang.reflect.Method.invoke(Method.java:568)
	at jdk.compiler/com.sun.tools.javac.launcher.Main.execute(Main.java:419)
	at jdk.compiler/com.sun.tools.javac.launcher.Main.run(Main.java:192)
	at jdk.compiler/com.sun.tools.javac.launcher.Main.main(Main.java:132)
java.lang.ArrayIndexOutOfBoundsException: Index 3361 out of bounds for length 10
	at Test.testfunc(test.java:225)
	at Test.start(test.java:267)
	at Test.main(test.java:288)
	at java.base/jdk.internal.reflect.NativeMethodAccessorImpl.invoke0(Native Method)
	at java.base/jdk.internal.reflect.NativeMethodAccessorImpl.invoke(NativeMethodAccessorImpl.java:77)
	at java.base/jdk.internal.reflect.DelegatingMethodAccessorImpl.invoke(DelegatingMethodAccessorImpl.java:43)
	at java.base/java.lang.reflect.Method.invoke(Method.java:568)
	at jdk.compiler/com.sun.tools.javac.launcher.Main.execute(Main.java:419)
	at jdk.compiler/com.sun.tools.javac.launcher.Main.run(Main.java:192)
	at jdk.compiler/com.sun.tools.javac.launcher.Main.main(Main.java:132)
2023-12-07 19:43:23 INFO Test Failed!
2023-12-07 19:43:23 INFO run_output: b'-1 -1\n1 / 5 passed!\nTest Failed!\n'


2023-12-07 19:43:23 INFO Running task: 45_0...
/home/ubuntu/test_codellm/unit_tests/minimax/python_java/test.java:231: error: no suitable constructor found for StringBuilder(Deque<Character>)
    return tail ? q.toString() : new StringBuilder(q).reverse().toString();
                                 ^
    constructor StringBuilder.StringBuilder() is not applicable
      (actual and formal argument lists differ in length)
    constructor StringBuilder.StringBuilder(int) is not applicable
      (argument mismatch; Deque<Character> cannot be converted to int)
    constructor StringBuilder.StringBuilder(String) is not applicable
      (argument mismatch; Deque<Character> cannot be converted to String)
    constructor StringBuilder.StringBuilder(CharSequence) is not applicable
      (argument mismatch; Deque<Character> cannot be converted to CharSequence)
1 error
error: compilation failed
2023-12-07 19:43:23 INFO Command '['java', '/home/ubuntu/test_codellm/unit_tests/minimax/python_java/test.java']' returned non-zero exit status 1.
2023-12-07 19:43:23 INFO Compilation Failed!
2023-12-07 19:43:23 INFO run_output: b''


2023-12-07 19:43:23 INFO Running task: 46_0...
Note: /home/ubuntu/test_codellm/unit_tests/minimax/python_java/test.java uses unchecked or unsafe operations.
Note: Recompile with -Xlint:unchecked for details.
2023-12-07 19:43:24 INFO Test Passed!


2023-12-07 19:43:24 INFO Running task: 47_0...
2023-12-07 19:43:25 INFO Test Passed!


2023-12-07 19:43:25 INFO Running task: 48_0...
/home/ubuntu/test_codellm/unit_tests/minimax/python_java/test.java:222: error: illegal start of expression
        ***puteIfAbsent(nums.get(i), v -> new ArrayList<>()).add(i);
        ^
/home/ubuntu/test_codellm/unit_tests/minimax/python_java/test.java:222: error: illegal start of expression
        ***puteIfAbsent(nums.get(i), v -> new ArrayList<>()).add(i);
         ^
/home/ubuntu/test_codellm/unit_tests/minimax/python_java/test.java:222: error: illegal start of expression
        ***puteIfAbsent(nums.get(i), v -> new ArrayList<>()).add(i);
          ^
3 errors
error: compilation failed
2023-12-07 19:43:25 INFO Command '['java', '/home/ubuntu/test_codellm/unit_tests/minimax/python_java/test.java']' returned non-zero exit status 1.
2023-12-07 19:43:25 INFO Compilation Failed!
2023-12-07 19:43:25 INFO run_output: b''


2023-12-07 19:43:25 INFO Running task: 49_0...
2023-12-07 19:43:26 INFO Test Passed!


2023-12-07 19:43:26 INFO Running task: 50_0...
Note: /home/ubuntu/test_codellm/unit_tests/minimax/python_java/test.java uses unchecked or unsafe operations.
Note: Recompile with -Xlint:unchecked for details.
2023-12-07 19:43:27 INFO Test Passed!


2023-12-07 19:43:27 INFO Running task: 51_0...
Note: /home/ubuntu/test_codellm/unit_tests/minimax/python_java/test.java uses unchecked or unsafe operations.
Note: Recompile with -Xlint:unchecked for details.
2023-12-07 19:43:28 INFO Test Passed!


2023-12-07 19:43:28 INFO Running task: 52_0...
Note: /home/ubuntu/test_codellm/unit_tests/minimax/python_java/test.java uses unchecked or unsafe operations.
Note: Recompile with -Xlint:unchecked for details.
2023-12-07 19:43:29 INFO Test Passed!


2023-12-07 19:43:29 INFO Running task: 53_0...
/home/ubuntu/test_codellm/unit_tests/minimax/python_java/test.java:220: error: illegal start of expression
    return (int) ((n * n) % ***);
                            ^
/home/ubuntu/test_codellm/unit_tests/minimax/python_java/test.java:220: error: illegal start of expression
    return (int) ((n * n) % ***);
                             ^
/home/ubuntu/test_codellm/unit_tests/minimax/python_java/test.java:220: error: illegal start of expression
    return (int) ((n * n) % ***);
                              ^
/home/ubuntu/test_codellm/unit_tests/minimax/python_java/test.java:220: error: illegal start of expression
    return (int) ((n * n) % ***);
                               ^
4 errors
error: compilation failed
2023-12-07 19:43:29 INFO Command '['java', '/home/ubuntu/test_codellm/unit_tests/minimax/python_java/test.java']' returned non-zero exit status 1.
2023-12-07 19:43:29 INFO Compilation Failed!
2023-12-07 19:43:29 INFO run_output: b''


2023-12-07 19:43:29 INFO Running task: 54_0...
Note: /home/ubuntu/test_codellm/unit_tests/minimax/python_java/test.java uses unchecked or unsafe operations.
Note: Recompile with -Xlint:unchecked for details.
2023-12-07 19:43:30 INFO Test Passed!


2023-12-07 19:43:30 INFO Running task: 55_0...
/home/ubuntu/test_codellm/unit_tests/minimax/python_java/test.java:224: error: method bsearch in class Test cannot be applied to given types;
            result.add(bsearch(rank_nums, score));
                       ^
  required: int[],int
  found:    List<Integer>,int
  reason: argument mismatch; List<Integer> cannot be converted to int[]
Note: /home/ubuntu/test_codellm/unit_tests/minimax/python_java/test.java uses unchecked or unsafe operations.
Note: Recompile with -Xlint:unchecked for details.
1 error
error: compilation failed
2023-12-07 19:43:31 INFO Command '['java', '/home/ubuntu/test_codellm/unit_tests/minimax/python_java/test.java']' returned non-zero exit status 1.
2023-12-07 19:43:31 INFO Compilation Failed!
2023-12-07 19:43:31 INFO run_output: b''


2023-12-07 19:43:31 INFO Running task: 56_0...
Note: /home/ubuntu/test_codellm/unit_tests/minimax/python_java/test.java uses unchecked or unsafe operations.
Note: Recompile with -Xlint:unchecked for details.
2023-12-07 19:43:32 INFO Test Passed!


2023-12-07 19:43:32 INFO Running task: 57_0...
/home/ubuntu/test_codellm/unit_tests/minimax/python_java/test.java:226: error: cannot find symbol
        ListNode current = previous = llist;
                           ^
  symbol:   variable previous
  location: class Test
/home/ubuntu/test_codellm/unit_tests/minimax/python_java/test.java:229: error: cannot find symbol
            previous = current;
            ^
  symbol:   variable previous
  location: class Test
/home/ubuntu/test_codellm/unit_tests/minimax/python_java/test.java:233: error: cannot find symbol
        previous.next = current.next;
        ^
  symbol:   variable previous
  location: class Test
3 errors
error: compilation failed
2023-12-07 19:43:33 INFO Command '['java', '/home/ubuntu/test_codellm/unit_tests/minimax/python_java/test.java']' returned non-zero exit status 1.
2023-12-07 19:43:33 INFO Compilation Failed!
2023-12-07 19:43:33 INFO run_output: b''


2023-12-07 19:43:33 INFO Running task: 58_0...
2023-12-07 19:43:34 INFO Test Passed!


2023-12-07 19:43:34 INFO Running task: 59_0...
Note: /home/ubuntu/test_codellm/unit_tests/minimax/python_java/test.java uses unchecked or unsafe operations.
Note: Recompile with -Xlint:unchecked for details.
2023-12-07 19:43:36 INFO Test Passed!


2023-12-07 19:43:36 INFO Running task: 60_0...
Note: /home/ubuntu/test_codellm/unit_tests/minimax/python_java/test.java uses unchecked or unsafe operations.
Note: Recompile with -Xlint:unchecked for details.
2023-12-07 19:43:37 INFO Test Passed!


2023-12-07 19:43:37 INFO Running task: 61_0...
Note: /home/ubuntu/test_codellm/unit_tests/minimax/python_java/test.java uses unchecked or unsafe operations.
Note: Recompile with -Xlint:unchecked for details.
java.lang.IndexOutOfBoundsException: Index -2 out of bounds for length 1
	at java.base/jdk.internal.util.Preconditions.outOfBounds(Preconditions.java:64)
	at java.base/jdk.internal.util.Preconditions.outOfBoundsCheckIndex(Preconditions.java:70)
	at java.base/jdk.internal.util.Preconditions.checkIndex(Preconditions.java:266)
	at java.base/java.util.Objects.checkIndex(Objects.java:361)
	at java.base/java.util.ArrayList.get(ArrayList.java:427)
	at Test.testfunc(test.java:228)
	at Test.start(test.java:275)
	at Test.main(test.java:296)
	at java.base/jdk.internal.reflect.NativeMethodAccessorImpl.invoke0(Native Method)
	at java.base/jdk.internal.reflect.NativeMethodAccessorImpl.invoke(NativeMethodAccessorImpl.java:77)
	at java.base/jdk.internal.reflect.DelegatingMethodAccessorImpl.invoke(DelegatingMethodAccessorImpl.java:43)
	at java.base/java.lang.reflect.Method.invoke(Method.java:568)
	at jdk.compiler/com.sun.tools.javac.launcher.Main.execute(Main.java:419)
	at jdk.compiler/com.sun.tools.javac.launcher.Main.run(Main.java:192)
	at jdk.compiler/com.sun.tools.javac.launcher.Main.main(Main.java:132)
java.lang.IndexOutOfBoundsException: Index -2 out of bounds for length 1
	at java.base/jdk.internal.util.Preconditions.outOfBounds(Preconditions.java:64)
	at java.base/jdk.internal.util.Preconditions.outOfBoundsCheckIndex(Preconditions.java:70)
	at java.base/jdk.internal.util.Preconditions.checkIndex(Preconditions.java:266)
	at java.base/java.util.Objects.checkIndex(Objects.java:361)
	at java.base/java.util.ArrayList.get(ArrayList.java:427)
	at Test.testfunc(test.java:228)
	at Test.start(test.java:275)
	at Test.main(test.java:296)
	at java.base/jdk.internal.reflect.NativeMethodAccessorImpl.invoke0(Native Method)
	at java.base/jdk.internal.reflect.NativeMethodAccessorImpl.invoke(NativeMethodAccessorImpl.java:77)
	at java.base/jdk.internal.reflect.DelegatingMethodAccessorImpl.invoke(DelegatingMethodAccessorImpl.java:43)
	at java.base/java.lang.reflect.Method.invoke(Method.java:568)
	at jdk.compiler/com.sun.tools.javac.launcher.Main.execute(Main.java:419)
	at jdk.compiler/com.sun.tools.javac.launcher.Main.run(Main.java:192)
	at jdk.compiler/com.sun.tools.javac.launcher.Main.main(Main.java:132)
java.lang.IndexOutOfBoundsException: Index -2 out of bounds for length 1
	at java.base/jdk.internal.util.Preconditions.outOfBounds(Preconditions.java:64)
	at java.base/jdk.internal.util.Preconditions.outOfBoundsCheckIndex(Preconditions.java:70)
	at java.base/jdk.internal.util.Preconditions.checkIndex(Preconditions.java:266)
	at java.base/java.util.Objects.checkIndex(Objects.java:361)
	at java.base/java.util.ArrayList.get(ArrayList.java:427)
	at Test.testfunc(test.java:228)
	at Test.start(test.java:275)
	at Test.main(test.java:296)
	at java.base/jdk.internal.reflect.NativeMethodAccessorImpl.invoke0(Native Method)
	at java.base/jdk.internal.reflect.NativeMethodAccessorImpl.invoke(NativeMethodAccessorImpl.java:77)
	at java.base/jdk.internal.reflect.DelegatingMethodAccessorImpl.invoke(DelegatingMethodAccessorImpl.java:43)
	at java.base/java.lang.reflect.Method.invoke(Method.java:568)
	at jdk.compiler/com.sun.tools.javac.launcher.Main.execute(Main.java:419)
	at jdk.compiler/com.sun.tools.javac.launcher.Main.run(Main.java:192)
	at jdk.compiler/com.sun.tools.javac.launcher.Main.main(Main.java:132)
java.lang.IndexOutOfBoundsException: Index -2 out of bounds for length 1
	at java.base/jdk.internal.util.Preconditions.outOfBounds(Preconditions.java:64)
	at java.base/jdk.internal.util.Preconditions.outOfBoundsCheckIndex(Preconditions.java:70)
	at java.base/jdk.internal.util.Preconditions.checkIndex(Preconditions.java:266)
	at java.base/java.util.Objects.checkIndex(Objects.java:361)
	at java.base/java.util.ArrayList.get(ArrayList.java:427)
	at Test.testfunc(test.java:228)
	at Test.start(test.java:275)
	at Test.main(test.java:296)
	at java.base/jdk.internal.reflect.NativeMethodAccessorImpl.invoke0(Native Method)
	at java.base/jdk.internal.reflect.NativeMethodAccessorImpl.invoke(NativeMethodAccessorImpl.java:77)
	at java.base/jdk.internal.reflect.DelegatingMethodAccessorImpl.invoke(DelegatingMethodAccessorImpl.java:43)
	at java.base/java.lang.reflect.Method.invoke(Method.java:568)
	at jdk.compiler/com.sun.tools.javac.launcher.Main.execute(Main.java:419)
	at jdk.compiler/com.sun.tools.javac.launcher.Main.run(Main.java:192)
	at jdk.compiler/com.sun.tools.javac.launcher.Main.main(Main.java:132)
java.lang.IndexOutOfBoundsException: Index -2 out of bounds for length 1
	at java.base/jdk.internal.util.Preconditions.outOfBounds(Preconditions.java:64)
	at java.base/jdk.internal.util.Preconditions.outOfBoundsCheckIndex(Preconditions.java:70)
	at java.base/jdk.internal.util.Preconditions.checkIndex(Preconditions.java:266)
	at java.base/java.util.Objects.checkIndex(Objects.java:361)
	at java.base/java.util.ArrayList.get(ArrayList.java:427)
	at Test.testfunc(test.java:228)
	at Test.start(test.java:275)
	at Test.main(test.java:296)
	at java.base/jdk.internal.reflect.NativeMethodAccessorImpl.invoke0(Native Method)
	at java.base/jdk.internal.reflect.NativeMethodAccessorImpl.invoke(NativeMethodAccessorImpl.java:77)
	at java.base/jdk.internal.reflect.DelegatingMethodAccessorImpl.invoke(DelegatingMethodAccessorImpl.java:43)
	at java.base/java.lang.reflect.Method.invoke(Method.java:568)
	at jdk.compiler/com.sun.tools.javac.launcher.Main.execute(Main.java:419)
	at jdk.compiler/com.sun.tools.javac.launcher.Main.run(Main.java:192)
	at jdk.compiler/com.sun.tools.javac.launcher.Main.main(Main.java:132)
2023-12-07 19:43:38 INFO Test Failed!
2023-12-07 19:43:38 INFO run_output: b'0 / 5 passed!\nTest Failed!\n'


2023-12-07 19:43:38 INFO Running task: 62_0...
/home/ubuntu/test_codellm/unit_tests/minimax/python_java/test.java:232: error: not a statement
        for (List
             ^
/home/ubuntu/test_codellm/unit_tests/minimax/python_java/test.java:232: error: ';' expected
        for (List
                 ^
/home/ubuntu/test_codellm/unit_tests/minimax/python_java/test.java:235: error: illegal start of expression
    public static void start() {
    ^
/home/ubuntu/test_codellm/unit_tests/minimax/python_java/test.java:293: error: reached end of file while parsing
}
 ^
4 errors
error: compilation failed
2023-12-07 19:43:38 INFO Command '['java', '/home/ubuntu/test_codellm/unit_tests/minimax/python_java/test.java']' returned non-zero exit status 1.
2023-12-07 19:43:38 INFO Compilation Failed!
2023-12-07 19:43:38 INFO run_output: b''


2023-12-07 19:43:38 INFO Running task: 63_0...
2023-12-07 19:43:39 INFO Test Passed!


2023-12-07 19:43:39 INFO Running task: 64_0...
2023-12-07 19:43:40 INFO Test Failed!
2023-12-07 19:43:40 INFO run_output: b'[7, 25]: 16\n16 10\nTestcase No.1 Failed!\n[644348056063778397, 644348056063778764]: 0\n0 0\n[758116218053664, 916214496168692242]: 430\n430 53\nTestcase No.3 Failed!\n[858917, 51595714]: 249\n249 30\nTestcase No.4 Failed!\n[33, 48]: 16\n16 3\nTestcase No.5 Failed!\n1 / 5 passed!\nTest Failed!\n'


2023-12-07 19:43:40 INFO Running task: 65_0...
Note: /home/ubuntu/test_codellm/unit_tests/minimax/python_java/test.java uses unchecked or unsafe operations.
Note: Recompile with -Xlint:unchecked for details.
2023-12-07 19:43:41 INFO Test Passed!


2023-12-07 19:43:41 INFO Running task: 66_0...
2023-12-07 19:43:41 INFO Test Failed!
2023-12-07 19:43:41 INFO run_output: b'2 2\n143 143\n1614380127 149876695044291679\nTestcase No.3 Failed!\n-167237517 245084191090813043\nTestcase No.4 Failed!\n1810315984 707704350405245648\nTestcase No.5 Failed!\n2 / 5 passed!\nTest Failed!\n'


2023-12-07 19:43:41 INFO Running task: 67_0...
Note: /home/ubuntu/test_codellm/unit_tests/minimax/python_java/test.java uses unchecked or unsafe operations.
Note: Recompile with -Xlint:unchecked for details.
2023-12-07 19:43:43 INFO Test Passed!


2023-12-07 19:43:43 INFO Running task: 68_0...
2023-12-07 19:43:44 INFO Test Failed!
2023-12-07 19:43:44 INFO run_output: b'"12.09.2017" "13.09.2017"\nTestcase No.1 Failed!\n"12.09.2016" "12.09.2016"\n"12.09.1800" "12.09.1800"\n"12.09.1840" "12.09.1840"\n"12.09.2156" "12.09.2156"\n4 / 5 passed!\nTest Failed!\n'


2023-12-07 19:43:44 INFO Running task: 69_0...
Note: /home/ubuntu/test_codellm/unit_tests/minimax/python_java/test.java uses unchecked or unsafe operations.
Note: Recompile with -Xlint:unchecked for details.
2023-12-07 19:43:46 INFO Test Passed!


2023-12-07 19:43:46 INFO Running task: 70_0...
2023-12-07 19:43:46 INFO Test Passed!


2023-12-07 19:43:46 INFO Running task: 71_0...
2023-12-07 19:43:48 INFO Test Passed!


2023-12-07 19:43:48 INFO Running task: 72_0...
Note: /home/ubuntu/test_codellm/unit_tests/minimax/python_java/test.java uses unchecked or unsafe operations.
Note: Recompile with -Xlint:unchecked for details.
java.lang.IndexOutOfBoundsException: Index 4 out of bounds for length 4
	at java.base/jdk.internal.util.Preconditions.outOfBounds(Preconditions.java:64)
	at java.base/jdk.internal.util.Preconditions.outOfBoundsCheckIndex(Preconditions.java:70)
	at java.base/jdk.internal.util.Preconditions.checkIndex(Preconditions.java:266)
	at java.base/java.util.Objects.checkIndex(Objects.java:361)
	at java.base/java.util.ArrayList.get(ArrayList.java:427)
	at Test.testfunc(test.java:225)
	at Test.start(test.java:283)
	at Test.main(test.java:304)
	at java.base/jdk.internal.reflect.NativeMethodAccessorImpl.invoke0(Native Method)
	at java.base/jdk.internal.reflect.NativeMethodAccessorImpl.invoke(NativeMethodAccessorImpl.java:77)
	at java.base/jdk.internal.reflect.DelegatingMethodAccessorImpl.invoke(DelegatingMethodAccessorImpl.java:43)
	at java.base/java.lang.reflect.Method.invoke(Method.java:568)
	at jdk.compiler/com.sun.tools.javac.launcher.Main.execute(Main.java:419)
	at jdk.compiler/com.sun.tools.javac.launcher.Main.run(Main.java:192)
	at jdk.compiler/com.sun.tools.javac.launcher.Main.main(Main.java:132)
java.lang.IndexOutOfBoundsException: Index 2 out of bounds for length 2
	at java.base/jdk.internal.util.Preconditions.outOfBounds(Preconditions.java:64)
	at java.base/jdk.internal.util.Preconditions.outOfBoundsCheckIndex(Preconditions.java:70)
	at java.base/jdk.internal.util.Preconditions.checkIndex(Preconditions.java:266)
	at java.base/java.util.Objects.checkIndex(Objects.java:361)
	at java.base/java.util.ArrayList.get(ArrayList.java:427)
	at Test.testfunc(test.java:238)
	at Test.start(test.java:283)
	at Test.main(test.java:304)
	at java.base/jdk.internal.reflect.NativeMethodAccessorImpl.invoke0(Native Method)
	at java.base/jdk.internal.reflect.NativeMethodAccessorImpl.invoke(NativeMethodAccessorImpl.java:77)
	at java.base/jdk.internal.reflect.DelegatingMethodAccessorImpl.invoke(DelegatingMethodAccessorImpl.java:43)
	at java.base/java.lang.reflect.Method.invoke(Method.java:568)
	at jdk.compiler/com.sun.tools.javac.launcher.Main.execute(Main.java:419)
	at jdk.compiler/com.sun.tools.javac.launcher.Main.run(Main.java:192)
	at jdk.compiler/com.sun.tools.javac.launcher.Main.main(Main.java:132)
java.lang.IndexOutOfBoundsException: Index 20 out of bounds for length 20
	at java.base/jdk.internal.util.Preconditions.outOfBounds(Preconditions.java:64)
	at java.base/jdk.internal.util.Preconditions.outOfBoundsCheckIndex(Preconditions.java:70)
	at java.base/jdk.internal.util.Preconditions.checkIndex(Preconditions.java:266)
	at java.base/java.util.Objects.checkIndex(Objects.java:361)
	at java.base/java.util.ArrayList.get(ArrayList.java:427)
	at Test.testfunc(test.java:238)
	at Test.start(test.java:283)
	at Test.main(test.java:304)
	at java.base/jdk.internal.reflect.NativeMethodAccessorImpl.invoke0(Native Method)
	at java.base/jdk.internal.reflect.NativeMethodAccessorImpl.invoke(NativeMethodAccessorImpl.java:77)
	at java.base/jdk.internal.reflect.DelegatingMethodAccessorImpl.invoke(DelegatingMethodAccessorImpl.java:43)
	at java.base/java.lang.reflect.Method.invoke(Method.java:568)
	at jdk.compiler/com.sun.tools.javac.launcher.Main.execute(Main.java:419)
	at jdk.compiler/com.sun.tools.javac.launcher.Main.run(Main.java:192)
	at jdk.compiler/com.sun.tools.javac.launcher.Main.main(Main.java:132)
2023-12-07 19:43:48 INFO Test Failed!
2023-12-07 19:43:48 INFO run_output: b'[[2,3,4,8],[1,7,11,12],[5,6,10,16],[9,13,14,15]] [[2,3,4,8],[1,7,11,12],[5,6,10,16],[9,13,14,15]]\n[[2,3,4,8],[1,7,11,12],[5,6,10,16],[9,13,14,15]] [[3,4,8,12],[2,11,10,16],[1,7,6,15],[5,9,13,14]]\nTestcase No.2 Failed!\n1 / 5 passed!\nTest Failed!\n'


2023-12-07 19:43:48 INFO Running task: 73_0...
2023-12-07 19:43:49 INFO Test Passed!


2023-12-07 19:43:49 INFO Running task: 74_0...
Note: /home/ubuntu/test_codellm/unit_tests/minimax/python_java/test.java uses unchecked or unsafe operations.
Note: Recompile with -Xlint:unchecked for details.
2023-12-07 19:43:50 INFO Test Passed!


2023-12-07 19:43:50 INFO Running task: 75_0...
Note: /home/ubuntu/test_codellm/unit_tests/minimax/python_java/test.java uses unchecked or unsafe operations.
Note: Recompile with -Xlint:unchecked for details.
2023-12-07 19:43:51 INFO Test Passed!


2023-12-07 19:43:51 INFO Running task: 76_0...
2023-12-07 19:43:52 INFO Test Passed!


2023-12-07 19:43:52 INFO Running task: 77_0...
2023-12-07 19:43:53 INFO Test Passed!


2023-12-07 19:43:53 INFO Running task: 78_0...
2023-12-07 19:43:54 INFO Test Failed!
2023-12-07 19:43:54 INFO run_output: b'3 4\nTestcase No.1 Failed!\n10 11\nTestcase No.2 Failed!\n10 11\nTestcase No.3 Failed!\n99999 100000\nTestcase No.4 Failed!\n50000 50000\n1 / 5 passed!\nTest Failed!\n'


2023-12-07 19:43:54 INFO Running task: 79_0...
2023-12-07 19:43:55 INFO Test Failed!
2023-12-07 19:43:55 INFO run_output: b'3 3\n5 5\n0 -1\nTestcase No.3 Failed!\n999 999\n0 -1\nTestcase No.5 Failed!\n3 / 5 passed!\nTest Failed!\n'


2023-12-07 19:43:55 INFO Running task: 80_0...
2023-12-07 19:43:56 INFO Test Passed!


2023-12-07 19:43:56 INFO Running task: 81_0...
/home/ubuntu/test_codellm/unit_tests/minimax/python_java/test.java:227: error: ')' expected
        {(0, -1), (-1, -1), (-1, 0)},
           ^
/home/ubuntu/test_codellm/unit_tests/minimax/python_java/test.java:227: error: '}' expected
        {(0, -1), (-1, -1), (-1, 0)},
               ^
/home/ubuntu/test_codellm/unit_tests/minimax/python_java/test.java:227: error: illegal start of type
        {(0, -1), (-1, -1), (-1, 0)},
                                    ^
/home/ubuntu/test_codellm/unit_tests/minimax/python_java/test.java:227: error: <identifier> expected
        {(0, -1), (-1, -1), (-1, 0)},
                                     ^
/home/ubuntu/test_codellm/unit_tests/minimax/python_java/test.java:228: error: ')' expected
        {(0, 1), (-1, 0), (-1, 1)},
           ^
/home/ubuntu/test_codellm/unit_tests/minimax/python_java/test.java:228: error: not a statement
        {(0, 1), (-1, 0), (-1, 1)},
         ^
/home/ubuntu/test_codellm/unit_tests/minimax/python_java/test.java:228: error: illegal start of type
        {(0, 1), (-1, 0), (-1, 1)},
                                  ^
/home/ubuntu/test_codellm/unit_tests/minimax/python_java/test.java:228: error: <identifier> expected
        {(0, 1), (-1, 0), (-1, 1)},
                                   ^
/home/ubuntu/test_codellm/unit_tests/minimax/python_java/test.java:229: error: ')' expected
        {(0, -1), (1, 0), (1, -1)},
           ^
/home/ubuntu/test_codellm/unit_tests/minimax/python_java/test.java:229: error: not a statement
        {(0, -1), (1, 0), (1, -1)},
         ^
/home/ubuntu/test_codellm/unit_tests/minimax/python_java/test.java:229: error: illegal start of type
        {(0, -1), (1, 0), (1, -1)},
                                  ^
/home/ubuntu/test_codellm/unit_tests/minimax/python_java/test.java:229: error: <identifier> expected
        {(0, -1), (1, 0), (1, -1)},
                                   ^
/home/ubuntu/test_codellm/unit_tests/minimax/python_java/test.java:230: error: ')' expected
        {(0, 1), (1, 0), (1, 1)}
           ^
/home/ubuntu/test_codellm/unit_tests/minimax/python_java/test.java:230: error: not a statement
        {(0, 1), (1, 0), (1, 1)}
         ^
/home/ubuntu/test_codellm/unit_tests/minimax/python_java/test.java:232: error: class, interface, enum, or record expected
    for (int[] coordinate : coordinates) {
    ^
/home/ubuntu/test_codellm/unit_tests/minimax/python_java/test.java:235: error: class, interface, enum, or record expected
            for (int[] dxdy : a) {
            ^
/home/ubuntu/test_codellm/unit_tests/minimax/python_java/test.java:237: error: class, interface, enum, or record expected
                if (nx < 0 || ny < 0 || nx >= m || ny >= n) {
                ^
/home/ubuntu/test_codellm/unit_tests/minimax/python_java/test.java:239: error: class, interface, enum, or record expected
                    break;
                    ^
/home/ubuntu/test_codellm/unit_tests/minimax/python_java/test.java:240: error: class, interface, enum, or record expected
                }
                ^
/home/ubuntu/test_codellm/unit_tests/minimax/python_java/test.java:243: error: class, interface, enum, or record expected
                }
                ^
/home/ubuntu/test_codellm/unit_tests/minimax/python_java/test.java:246: error: class, interface, enum, or record expected
        }
        ^
/home/ubuntu/test_codellm/unit_tests/minimax/python_java/test.java:248: error: class, interface, enum, or record expected
    for (int i = 2; i < 5; i++) {
                    ^
/home/ubuntu/test_codellm/unit_tests/minimax/python_java/test.java:248: error: class, interface, enum, or record expected
    for (int i = 2; i < 5; i++) {
                           ^
/home/ubuntu/test_codellm/unit_tests/minimax/python_java/test.java:250: error: class, interface, enum, or record expected
    }
    ^
/home/ubuntu/test_codellm/unit_tests/minimax/python_java/test.java:252: error: class, interface, enum, or record expected
    return ans;
    ^
/home/ubuntu/test_codellm/unit_tests/minimax/python_java/test.java:253: error: class, interface, enum, or record expected
}
^
/home/ubuntu/test_codellm/unit_tests/minimax/python_java/test.java:256: error: class, interface, enum, or record expected
    public static void start() {
                  ^
/home/ubuntu/test_codellm/unit_tests/minimax/python_java/test.java:258: error: class, interface, enum, or record expected
        int count = 0;
        ^
/home/ubuntu/test_codellm/unit_tests/minimax/python_java/test.java:261: error: class, interface, enum, or record expected
        String[] input_type = {"int", "int", "int[][]"};
        ^
/home/ubuntu/test_codellm/unit_tests/minimax/python_java/test.java:262: error: class, interface, enum, or record expected
        String output_type = "long[]";
        ^
/home/ubuntu/test_codellm/unit_tests/minimax/python_java/test.java:264: error: class, interface, enum, or record expected
        int data1;
        ^
/home/ubuntu/test_codellm/unit_tests/minimax/python_java/test.java:265: error: class, interface, enum, or record expected
		int data2;
		^
/home/ubuntu/test_codellm/unit_tests/minimax/python_java/test.java:266: error: class, interface, enum, or record expected
		int[][] data3;
		^
/home/ubuntu/test_codellm/unit_tests/minimax/python_java/test.java:267: error: class, interface, enum, or record expected
        long[] return_data;
        ^
/home/ubuntu/test_codellm/unit_tests/minimax/python_java/test.java:268: error: class, interface, enum, or record expected
        long[] gold_ans;
        ^
/home/ubuntu/test_codellm/unit_tests/minimax/python_java/test.java:270: error: class, interface, enum, or record expected
        String basePath = "/home/ubuntu/test_codellm/datas/testcases/81";
        ^
/home/ubuntu/test_codellm/unit_tests/minimax/python_java/test.java:271: error: class, interface, enum, or record expected
        for (int folder = 1; folder <= 5; folder++) {
        ^
/home/ubuntu/test_codellm/unit_tests/minimax/python_java/test.java:271: error: class, interface, enum, or record expected
        for (int folder = 1; folder <= 5; folder++) {
                             ^
/home/ubuntu/test_codellm/unit_tests/minimax/python_java/test.java:271: error: class, interface, enum, or record expected
        for (int folder = 1; folder <= 5; folder++) {
                                          ^
/home/ubuntu/test_codellm/unit_tests/minimax/python_java/test.java:274: error: class, interface, enum, or record expected
            String[] inputDatas;
            ^
/home/ubuntu/test_codellm/unit_tests/minimax/python_java/test.java:275: error: class, interface, enum, or record expected
            try (BufferedReader br = new BufferedReader(new FileReader(Paths.get(basePath, folder + "i.txt").toString()))) {
            ^
/home/ubuntu/test_codellm/unit_tests/minimax/python_java/test.java:277: error: class, interface, enum, or record expected
            } catch (FileNotFoundException e) {
            ^
/home/ubuntu/test_codellm/unit_tests/minimax/python_java/test.java:279: error: class, interface, enum, or record expected
            } catch (IOException e) {
            ^
/home/ubuntu/test_codellm/unit_tests/minimax/python_java/test.java:281: error: class, interface, enum, or record expected
            }
            ^
/home/ubuntu/test_codellm/unit_tests/minimax/python_java/test.java:283: error: class, interface, enum, or record expected
		data2 = (int)convertToType(inputDatas[1].trim(), input_type[1]);
		^
/home/ubuntu/test_codellm/unit_tests/minimax/python_java/test.java:284: error: class, interface, enum, or record expected
		data3 = (int[][])convertToType(inputDatas[2].trim(), input_type[2]);
		^
/home/ubuntu/test_codellm/unit_tests/minimax/python_java/test.java:286: error: class, interface, enum, or record expected
            String returnDatas = null;
            ^
/home/ubuntu/test_codellm/unit_tests/minimax/python_java/test.java:287: error: class, interface, enum, or record expected
            try (BufferedReader br = new BufferedReader(new FileReader(Paths.get(basePath, folder + "o.txt").toString()))) {
            ^
/home/ubuntu/test_codellm/unit_tests/minimax/python_java/test.java:289: error: class, interface, enum, or record expected
            } catch (IOException e) {
            ^
/home/ubuntu/test_codellm/unit_tests/minimax/python_java/test.java:291: error: class, interface, enum, or record expected
            }
            ^
/home/ubuntu/test_codellm/unit_tests/minimax/python_java/test.java:294: error: class, interface, enum, or record expected
            try {
            ^
/home/ubuntu/test_codellm/unit_tests/minimax/python_java/test.java:296: error: class, interface, enum, or record expected
                if (areEquivalent(return_data, gold_ans)){
                ^
/home/ubuntu/test_codellm/unit_tests/minimax/python_java/test.java:298: error: class, interface, enum, or record expected
                }else{
                ^
/home/ubuntu/test_codellm/unit_tests/minimax/python_java/test.java:300: error: class, interface, enum, or record expected
                }
                ^
/home/ubuntu/test_codellm/unit_tests/minimax/python_java/test.java:303: error: class, interface, enum, or record expected
            }
            ^
/home/ubuntu/test_codellm/unit_tests/minimax/python_java/test.java:309: error: class, interface, enum, or record expected
        } else {
        ^
/home/ubuntu/test_codellm/unit_tests/minimax/python_java/test.java:311: error: class, interface, enum, or record expected
            System.out.println("Test Failed!");
            ^
/home/ubuntu/test_codellm/unit_tests/minimax/python_java/test.java:312: error: class, interface, enum, or record expected
        }
        ^
/home/ubuntu/test_codellm/unit_tests/minimax/python_java/test.java:315: error: class, interface, enum, or record expected
    public static void main(String[] args) {
                  ^
/home/ubuntu/test_codellm/unit_tests/minimax/python_java/test.java:317: error: class, interface, enum, or record expected
    }
    ^
60 errors
error: compilation failed
2023-12-07 19:43:56 INFO Command '['java', '/home/ubuntu/test_codellm/unit_tests/minimax/python_java/test.java']' returned non-zero exit status 1.
2023-12-07 19:43:56 INFO Compilation Failed!
2023-12-07 19:43:56 INFO run_output: b''


2023-12-07 19:43:56 INFO Running task: 82_0...
java.lang.IllegalArgumentException: duplicate element: ***
	at java.base/java.util.ImmutableCollections$SetN.<init>(ImmutableCollections.java:918)
	at java.base/java.util.Set.of(Set.java:588)
	at Test.testfunc(test.java:223)
	at Test.start(test.java:277)
	at Test.main(test.java:298)
	at java.base/jdk.internal.reflect.NativeMethodAccessorImpl.invoke0(Native Method)
	at java.base/jdk.internal.reflect.NativeMethodAccessorImpl.invoke(NativeMethodAccessorImpl.java:77)
	at java.base/jdk.internal.reflect.DelegatingMethodAccessorImpl.invoke(DelegatingMethodAccessorImpl.java:43)
	at java.base/java.lang.reflect.Method.invoke(Method.java:568)
	at jdk.compiler/com.sun.tools.javac.launcher.Main.execute(Main.java:419)
	at jdk.compiler/com.sun.tools.javac.launcher.Main.run(Main.java:192)
	at jdk.compiler/com.sun.tools.javac.launcher.Main.main(Main.java:132)
java.lang.IllegalArgumentException: duplicate element: ***
	at java.base/java.util.ImmutableCollections$SetN.<init>(ImmutableCollections.java:918)
	at java.base/java.util.Set.of(Set.java:588)
	at Test.testfunc(test.java:223)
	at Test.start(test.java:277)
	at Test.main(test.java:298)
	at java.base/jdk.internal.reflect.NativeMethodAccessorImpl.invoke0(Native Method)
	at java.base/jdk.internal.reflect.NativeMethodAccessorImpl.invoke(NativeMethodAccessorImpl.java:77)
	at java.base/jdk.internal.reflect.DelegatingMethodAccessorImpl.invoke(DelegatingMethodAccessorImpl.java:43)
	at java.base/java.lang.reflect.Method.invoke(Method.java:568)
	at jdk.compiler/com.sun.tools.javac.launcher.Main.execute(Main.java:419)
	at jdk.compiler/com.sun.tools.javac.launcher.Main.run(Main.java:192)
	at jdk.compiler/com.sun.tools.javac.launcher.Main.main(Main.java:132)
java.lang.IllegalArgumentException: duplicate element: ***
	at java.base/java.util.ImmutableCollections$SetN.<init>(ImmutableCollections.java:918)
	at java.base/java.util.Set.of(Set.java:588)
	at Test.testfunc(test.java:223)
	at Test.start(test.java:277)
	at Test.main(test.java:298)
	at java.base/jdk.internal.reflect.NativeMethodAccessorImpl.invoke0(Native Method)
	at java.base/jdk.internal.reflect.NativeMethodAccessorImpl.invoke(NativeMethodAccessorImpl.java:77)
	at java.base/jdk.internal.reflect.DelegatingMethodAccessorImpl.invoke(DelegatingMethodAccessorImpl.java:43)
	at java.base/java.lang.reflect.Method.invoke(Method.java:568)
	at jdk.compiler/com.sun.tools.javac.launcher.Main.execute(Main.java:419)
	at jdk.compiler/com.sun.tools.javac.launcher.Main.run(Main.java:192)
	at jdk.compiler/com.sun.tools.javac.launcher.Main.main(Main.java:132)
2023-12-07 19:43:57 INFO Test Failed!
2023-12-07 19:43:57 INFO run_output: b'-1 -1\n-1 -1\n2 / 5 passed!\nTest Failed!\n'


2023-12-07 19:43:57 INFO Running task: 83_0...
2023-12-07 19:43:58 INFO Test Passed!


2023-12-07 19:43:58 INFO Running task: 84_0...
Note: /home/ubuntu/test_codellm/unit_tests/minimax/python_java/test.java uses unchecked or unsafe operations.
Note: Recompile with -Xlint:unchecked for details.
2023-12-07 19:43:59 INFO Test Passed!


2023-12-07 19:43:59 INFO Running task: 85_0...
2023-12-07 19:44:00 INFO Test Passed!


2023-12-07 19:44:00 INFO Running task: 86_0...
/home/ubuntu/test_codellm/unit_tests/minimax/python_java/test.java:223: error: cannot find symbol
            if (cnt[y] > 0 && gcd(x % 10, y) == 1) {
                              ^
  symbol:   method gcd(int,int)
  location: class Test
1 error
error: compilation failed
2023-12-07 19:44:00 INFO Command '['java', '/home/ubuntu/test_codellm/unit_tests/minimax/python_java/test.java']' returned non-zero exit status 1.
2023-12-07 19:44:00 INFO Compilation Failed!
2023-12-07 19:44:00 INFO run_output: b''


2023-12-07 19:44:00 INFO Running task: 87_0...
/home/ubuntu/test_codellm/unit_tests/minimax/python_java/test.java:220: error: illegal start of expression
    Arrays.sort(logs, (a, b) -> ***pare(a[1], b[1]));
                                ^
/home/ubuntu/test_codellm/unit_tests/minimax/python_java/test.java:220: error: illegal start of expression
    Arrays.sort(logs, (a, b) -> ***pare(a[1], b[1]));
                                 ^
/home/ubuntu/test_codellm/unit_tests/minimax/python_java/test.java:220: error: illegal start of expression
    Arrays.sort(logs, (a, b) -> ***pare(a[1], b[1]));
                                  ^
3 errors
error: compilation failed
2023-12-07 19:44:01 INFO Command '['java', '/home/ubuntu/test_codellm/unit_tests/minimax/python_java/test.java']' returned non-zero exit status 1.
2023-12-07 19:44:01 INFO Compilation Failed!
2023-12-07 19:44:01 INFO run_output: b''


2023-12-07 19:44:01 INFO Running task: 88_0...
/home/ubuntu/test_codellm/unit_tests/minimax/python_java/test.java:224: error: illegal start of expression
            ***puteIfAbsent(x, k -> new HashSet<>()).add(y);
            ^
/home/ubuntu/test_codellm/unit_tests/minimax/python_java/test.java:224: error: illegal start of expression
            ***puteIfAbsent(x, k -> new HashSet<>()).add(y);
             ^
/home/ubuntu/test_codellm/unit_tests/minimax/python_java/test.java:224: error: illegal start of expression
            ***puteIfAbsent(x, k -> new HashSet<>()).add(y);
              ^
/home/ubuntu/test_codellm/unit_tests/minimax/python_java/test.java:225: error: illegal start of expression
            ***puteIfAbsent(y, k -> new HashSet<>()).add(x);
            ^
/home/ubuntu/test_codellm/unit_tests/minimax/python_java/test.java:225: error: illegal start of expression
            ***puteIfAbsent(y, k -> new HashSet<>()).add(x);
             ^
/home/ubuntu/test_codellm/unit_tests/minimax/python_java/test.java:225: error: illegal start of expression
            ***puteIfAbsent(y, k -> new HashSet<>()).add(x);
              ^
6 errors
error: compilation failed
2023-12-07 19:44:01 INFO Command '['java', '/home/ubuntu/test_codellm/unit_tests/minimax/python_java/test.java']' returned non-zero exit status 1.
2023-12-07 19:44:01 INFO Compilation Failed!
2023-12-07 19:44:01 INFO run_output: b''


2023-12-07 19:44:01 INFO Running task: 89_0...
2023-12-07 19:44:02 INFO Test Passed!


2023-12-07 19:44:02 INFO Running task: 90_0...
2023-12-07 19:44:03 INFO Test Passed!


2023-12-07 19:44:03 INFO Running task: 91_0...
/home/ubuntu/test_codellm/unit_tests/minimax/python_java/test.java:238: error: bad operand types for binary operator '+'
                ans += e == v * (v - 1);
                    ^
  first type:  int
  second type: boolean
/home/ubuntu/test_codellm/unit_tests/minimax/python_java/test.java:247: error: array required, but List<List<Integer>> found
        counts.set(1, counts.get(1) + g[x].size());
                                       ^
/home/ubuntu/test_codellm/unit_tests/minimax/python_java/test.java:248: error: array required, but List<List<Integer>> found
        for (int y : g[x]) {
                      ^
/home/ubuntu/test_codellm/unit_tests/minimax/python_java/test.java:293: error: method testfunc in class Test cannot be applied to given types;
                return_data = testfunc(data1, data2);
                              ^
  required: int,List<List<Integer>>
  found:    int,int[][]
  reason: argument mismatch; int[][] cannot be converted to List<List<Integer>>
4 errors
error: compilation failed
2023-12-07 19:44:04 INFO Command '['java', '/home/ubuntu/test_codellm/unit_tests/minimax/python_java/test.java']' returned non-zero exit status 1.
2023-12-07 19:44:04 INFO Compilation Failed!
2023-12-07 19:44:04 INFO run_output: b''


2023-12-07 19:44:04 INFO Running task: 92_0...
Exception in thread "main" java.lang.StackOverflowError
	at Test.reach(test.java:242)
	at Test.reach(test.java:242)
	at Test.reach(test.java:242)
	at Test.reach(test.java:242)
	at Test.reach(test.java:242)
	at Test.reach(test.java:242)
	at Test.reach(test.java:242)
	at Test.reach(test.java:242)
	at Test.reach(test.java:242)
	at Test.reach(test.java:242)
	at Test.reach(test.java:242)
	at Test.reach(test.java:242)
	at Test.reach(test.java:242)
	at Test.reach(test.java:242)
	at Test.reach(test.java:242)
	at Test.reach(test.java:242)
	at Test.reach(test.java:242)
	at Test.reach(test.java:242)
	at Test.reach(test.java:242)
	at Test.reach(test.java:242)
	at Test.reach(test.java:242)
	at Test.reach(test.java:242)
	at Test.reach(test.java:242)
	at Test.reach(test.java:242)
	at Test.reach(test.java:242)
	at Test.reach(test.java:242)
	at Test.reach(test.java:242)
	at Test.reach(test.java:242)
	at Test.reach(test.java:242)
	at Test.reach(test.java:242)
	at Test.reach(test.java:242)
	at Test.reach(test.java:242)
	at Test.reach(test.java:242)
	at Test.reach(test.java:242)
	at Test.reach(test.java:242)
	at Test.reach(test.java:242)
	at Test.reach(test.java:242)
	at Test.reach(test.java:242)
	at Test.reach(test.java:242)
	at Test.reach(test.java:242)
	at Test.reach(test.java:242)
	at Test.reach(test.java:242)
	at Test.reach(test.java:242)
	at Test.reach(test.java:242)
	at Test.reach(test.java:242)
	at Test.reach(test.java:242)
	at Test.reach(test.java:242)
	at Test.reach(test.java:242)
	at Test.reach(test.java:242)
	at Test.reach(test.java:242)
	at Test.reach(test.java:242)
	at Test.reach(test.java:242)
	at Test.reach(test.java:242)
	at Test.reach(test.java:242)
	at Test.reach(test.java:242)
	at Test.reach(test.java:242)
	at Test.reach(test.java:242)
	at Test.reach(test.java:242)
	at Test.reach(test.java:242)
	at Test.reach(test.java:242)
	at Test.reach(test.java:242)
	at Test.reach(test.java:242)
	at Test.reach(test.java:242)
	at Test.reach(test.java:242)
	at Test.reach(test.java:242)
	at Test.reach(test.java:242)
	at Test.reach(test.java:242)
	at Test.reach(test.java:242)
	at Test.reach(test.java:242)
	at Test.reach(test.java:242)
	at Test.reach(test.java:242)
	at Test.reach(test.java:242)
	at Test.reach(test.java:242)
	at Test.reach(test.java:242)
	at Test.reach(test.java:242)
	at Test.reach(test.java:242)
	at Test.reach(test.java:242)
	at Test.reach(test.java:242)
	at Test.reach(test.java:242)
	at Test.reach(test.java:242)
	at Test.reach(test.java:242)
	at Test.reach(test.java:242)
	at Test.reach(test.java:242)
	at Test.reach(test.java:242)
	at Test.reach(test.java:242)
	at Test.reach(test.java:242)
	at Test.reach(test.java:242)
	at Test.reach(test.java:242)
	at Test.reach(test.java:242)
	at Test.reach(test.java:242)
	at Test.reach(test.java:242)
	at Test.reach(test.java:242)
	at Test.reach(test.java:242)
	at Test.reach(test.java:242)
	at Test.reach(test.java:242)
	at Test.reach(test.java:242)
	at Test.reach(test.java:242)
	at Test.reach(test.java:242)
	at Test.reach(test.java:242)
	at Test.reach(test.java:242)
	at Test.reach(test.java:242)
	at Test.reach(test.java:242)
	at Test.reach(test.java:242)
	at Test.reach(test.java:242)
	at Test.reach(test.java:242)
	at Test.reach(test.java:242)
	at Test.reach(test.java:242)
	at Test.reach(test.java:242)
	at Test.reach(test.java:242)
	at Test.reach(test.java:242)
	at Test.reach(test.java:242)
	at Test.reach(test.java:242)
	at Test.reach(test.java:242)
	at Test.reach(test.java:242)
	at Test.reach(test.java:242)
	at Test.reach(test.java:242)
	at Test.reach(test.java:242)
	at Test.reach(test.java:242)
	at Test.reach(test.java:242)
	at Test.reach(test.java:242)
	at Test.reach(test.java:242)
	at Test.reach(test.java:242)
	at Test.reach(test.java:242)
	at Test.reach(test.java:242)
	at Test.reach(test.java:242)
	at Test.reach(test.java:242)
	at Test.reach(test.java:242)
	at Test.reach(test.java:242)
	at Test.reach(test.java:242)
	at Test.reach(test.java:242)
	at Test.reach(test.java:242)
	at Test.reach(test.java:242)
	at Test.reach(test.java:242)
	at Test.reach(test.java:242)
	at Test.reach(test.java:242)
	at Test.reach(test.java:242)
	at Test.reach(test.java:242)
	at Test.reach(test.java:242)
	at Test.reach(test.java:242)
	at Test.reach(test.java:242)
	at Test.reach(test.java:242)
	at Test.reach(test.java:242)
	at Test.reach(test.java:242)
	at Test.reach(test.java:242)
	at Test.reach(test.java:242)
	at Test.reach(test.java:242)
	at Test.reach(test.java:242)
	at Test.reach(test.java:242)
	at Test.reach(test.java:242)
	at Test.reach(test.java:242)
	at Test.reach(test.java:242)
	at Test.reach(test.java:242)
	at Test.reach(test.java:242)
	at Test.reach(test.java:242)
	at Test.reach(test.java:242)
	at Test.reach(test.java:242)
	at Test.reach(test.java:242)
	at Test.reach(test.java:242)
	at Test.reach(test.java:242)
	at Test.reach(test.java:242)
	at Test.reach(test.java:242)
	at Test.reach(test.java:242)
	at Test.reach(test.java:242)
	at Test.reach(test.java:242)
	at Test.reach(test.java:242)
	at Test.reach(test.java:242)
	at Test.reach(test.java:242)
	at Test.reach(test.java:242)
	at Test.reach(test.java:242)
	at Test.reach(test.java:242)
	at Test.reach(test.java:242)
	at Test.reach(test.java:242)
	at Test.reach(test.java:242)
	at Test.reach(test.java:242)
	at Test.reach(test.java:242)
	at Test.reach(test.java:242)
	at Test.reach(test.java:242)
	at Test.reach(test.java:242)
	at Test.reach(test.java:242)
	at Test.reach(test.java:242)
	at Test.reach(test.java:242)
	at Test.reach(test.java:242)
	at Test.reach(test.java:242)
	at Test.reach(test.java:242)
	at Test.reach(test.java:242)
	at Test.reach(test.java:242)
	at Test.reach(test.java:242)
	at Test.reach(test.java:242)
	at Test.reach(test.java:242)
	at Test.reach(test.java:242)
	at Test.reach(test.java:242)
	at Test.reach(test.java:242)
	at Test.reach(test.java:242)
	at Test.reach(test.java:242)
	at Test.reach(test.java:242)
	at Test.reach(test.java:242)
	at Test.reach(test.java:242)
	at Test.reach(test.java:242)
	at Test.reach(test.java:242)
	at Test.reach(test.java:242)
	at Test.reach(test.java:242)
	at Test.reach(test.java:242)
	at Test.reach(test.java:242)
	at Test.reach(test.java:242)
	at Test.reach(test.java:242)
	at Test.reach(test.java:242)
	at Test.reach(test.java:242)
	at Test.reach(test.java:242)
	at Test.reach(test.java:242)
	at Test.reach(test.java:242)
	at Test.reach(test.java:242)
	at Test.reach(test.java:242)
	at Test.reach(test.java:242)
	at Test.reach(test.java:242)
	at Test.reach(test.java:242)
	at Test.reach(test.java:242)
	at Test.reach(test.java:242)
	at Test.reach(test.java:242)
	at Test.reach(test.java:242)
	at Test.reach(test.java:242)
	at Test.reach(test.java:242)
	at Test.reach(test.java:242)
	at Test.reach(test.java:242)
	at Test.reach(test.java:242)
	at Test.reach(test.java:242)
	at Test.reach(test.java:242)
	at Test.reach(test.java:242)
	at Test.reach(test.java:242)
	at Test.reach(test.java:242)
	at Test.reach(test.java:242)
	at Test.reach(test.java:242)
	at Test.reach(test.java:242)
	at Test.reach(test.java:242)
	at Test.reach(test.java:242)
	at Test.reach(test.java:242)
	at Test.reach(test.java:242)
	at Test.reach(test.java:242)
	at Test.reach(test.java:242)
	at Test.reach(test.java:242)
	at Test.reach(test.java:242)
	at Test.reach(test.java:242)
	at Test.reach(test.java:242)
	at Test.reach(test.java:242)
	at Test.reach(test.java:242)
	at Test.reach(test.java:242)
	at Test.reach(test.java:242)
	at Test.reach(test.java:242)
	at Test.reach(test.java:242)
	at Test.reach(test.java:242)
	at Test.reach(test.java:242)
	at Test.reach(test.java:242)
	at Test.reach(test.java:242)
	at Test.reach(test.java:242)
	at Test.reach(test.java:242)
	at Test.reach(test.java:242)
	at Test.reach(test.java:242)
	at Test.reach(test.java:242)
	at Test.reach(test.java:242)
	at Test.reach(test.java:242)
	at Test.reach(test.java:242)
	at Test.reach(test.java:242)
	at Test.reach(test.java:242)
	at Test.reach(test.java:242)
	at Test.reach(test.java:242)
	at Test.reach(test.java:242)
	at Test.reach(test.java:242)
	at Test.reach(test.java:242)
	at Test.reach(test.java:242)
	at Test.reach(test.java:242)
	at Test.reach(test.java:242)
	at Test.reach(test.java:242)
	at Test.reach(test.java:242)
	at Test.reach(test.java:242)
	at Test.reach(test.java:242)
	at Test.reach(test.java:242)
	at Test.reach(test.java:242)
	at Test.reach(test.java:242)
	at Test.reach(test.java:242)
	at Test.reach(test.java:242)
	at Test.reach(test.java:242)
	at Test.reach(test.java:242)
	at Test.reach(test.java:242)
	at Test.reach(test.java:242)
	at Test.reach(test.java:242)
	at Test.reach(test.java:242)
	at Test.reach(test.java:242)
	at Test.reach(test.java:242)
	at Test.reach(test.java:242)
	at Test.reach(test.java:242)
	at Test.reach(test.java:242)
	at Test.reach(test.java:242)
	at Test.reach(test.java:242)
	at Test.reach(test.java:242)
	at Test.reach(test.java:242)
	at Test.reach(test.java:242)
	at Test.reach(test.java:242)
	at Test.reach(test.java:242)
	at Test.reach(test.java:242)
	at Test.reach(test.java:242)
	at Test.reach(test.java:242)
	at Test.reach(test.java:242)
	at Test.reach(test.java:242)
	at Test.reach(test.java:242)
	at Test.reach(test.java:242)
	at Test.reach(test.java:242)
	at Test.reach(test.java:242)
	at Test.reach(test.java:242)
	at Test.reach(test.java:242)
	at Test.reach(test.java:242)
	at Test.reach(test.java:242)
	at Test.reach(test.java:242)
	at Test.reach(test.java:242)
	at Test.reach(test.java:242)
	at Test.reach(test.java:242)
	at Test.reach(test.java:242)
	at Test.reach(test.java:242)
	at Test.reach(test.java:242)
	at Test.reach(test.java:242)
	at Test.reach(test.java:242)
	at Test.reach(test.java:242)
	at Test.reach(test.java:242)
	at Test.reach(test.java:242)
	at Test.reach(test.java:242)
	at Test.reach(test.java:242)
	at Test.reach(test.java:242)
	at Test.reach(test.java:242)
	at Test.reach(test.java:242)
	at Test.reach(test.java:242)
	at Test.reach(test.java:242)
	at Test.reach(test.java:242)
	at Test.reach(test.java:242)
	at Test.reach(test.java:242)
	at Test.reach(test.java:242)
	at Test.reach(test.java:242)
	at Test.reach(test.java:242)
	at Test.reach(test.java:242)
	at Test.reach(test.java:242)
	at Test.reach(test.java:242)
	at Test.reach(test.java:242)
	at Test.reach(test.java:242)
	at Test.reach(test.java:242)
	at Test.reach(test.java:242)
	at Test.reach(test.java:242)
	at Test.reach(test.java:242)
	at Test.reach(test.java:242)
	at Test.reach(test.java:242)
	at Test.reach(test.java:242)
	at Test.reach(test.java:242)
	at Test.reach(test.java:242)
	at Test.reach(test.java:242)
	at Test.reach(test.java:242)
	at Test.reach(test.java:242)
	at Test.reach(test.java:242)
	at Test.reach(test.java:242)
	at Test.reach(test.java:242)
	at Test.reach(test.java:242)
	at Test.reach(test.java:242)
	at Test.reach(test.java:242)
	at Test.reach(test.java:242)
	at Test.reach(test.java:242)
	at Test.reach(test.java:242)
	at Test.reach(test.java:242)
	at Test.reach(test.java:242)
	at Test.reach(test.java:242)
	at Test.reach(test.java:242)
	at Test.reach(test.java:242)
	at Test.reach(test.java:242)
	at Test.reach(test.java:242)
	at Test.reach(test.java:242)
	at Test.reach(test.java:242)
	at Test.reach(test.java:242)
	at Test.reach(test.java:242)
	at Test.reach(test.java:242)
	at Test.reach(test.java:242)
	at Test.reach(test.java:242)
	at Test.reach(test.java:242)
	at Test.reach(test.java:242)
	at Test.reach(test.java:242)
	at Test.reach(test.java:242)
	at Test.reach(test.java:242)
	at Test.reach(test.java:242)
	at Test.reach(test.java:242)
	at Test.reach(test.java:242)
	at Test.reach(test.java:242)
	at Test.reach(test.java:242)
	at Test.reach(test.java:242)
	at Test.reach(test.java:242)
	at Test.reach(test.java:242)
	at Test.reach(test.java:242)
	at Test.reach(test.java:242)
	at Test.reach(test.java:242)
	at Test.reach(test.java:242)
	at Test.reach(test.java:242)
	at Test.reach(test.java:242)
	at Test.reach(test.java:242)
	at Test.reach(test.java:242)
	at Test.reach(test.java:242)
	at Test.reach(test.java:242)
	at Test.reach(test.java:242)
	at Test.reach(test.java:242)
	at Test.reach(test.java:242)
	at Test.reach(test.java:242)
	at Test.reach(test.java:242)
	at Test.reach(test.java:242)
	at Test.reach(test.java:242)
	at Test.reach(test.java:242)
	at Test.reach(test.java:242)
	at Test.reach(test.java:242)
	at Test.reach(test.java:242)
	at Test.reach(test.java:242)
	at Test.reach(test.java:242)
	at Test.reach(test.java:242)
	at Test.reach(test.java:242)
	at Test.reach(test.java:242)
	at Test.reach(test.java:242)
	at Test.reach(test.java:242)
	at Test.reach(test.java:242)
	at Test.reach(test.java:242)
	at Test.reach(test.java:242)
	at Test.reach(test.java:242)
	at Test.reach(test.java:242)
	at Test.reach(test.java:242)
	at Test.reach(test.java:242)
	at Test.reach(test.java:242)
	at Test.reach(test.java:242)
	at Test.reach(test.java:242)
	at Test.reach(test.java:242)
	at Test.reach(test.java:242)
	at Test.reach(test.java:242)
	at Test.reach(test.java:242)
	at Test.reach(test.java:242)
	at Test.reach(test.java:242)
	at Test.reach(test.java:242)
	at Test.reach(test.java:242)
	at Test.reach(test.java:242)
	at Test.reach(test.java:242)
	at Test.reach(test.java:242)
	at Test.reach(test.java:242)
	at Test.reach(test.java:242)
	at Test.reach(test.java:242)
	at Test.reach(test.java:242)
	at Test.reach(test.java:242)
	at Test.reach(test.java:242)
	at Test.reach(test.java:242)
	at Test.reach(test.java:242)
	at Test.reach(test.java:242)
	at Test.reach(test.java:242)
	at Test.reach(test.java:242)
	at Test.reach(test.java:242)
	at Test.reach(test.java:242)
	at Test.reach(test.java:242)
	at Test.reach(test.java:242)
	at Test.reach(test.java:242)
	at Test.reach(test.java:242)
	at Test.reach(test.java:242)
	at Test.reach(test.java:242)
	at Test.reach(test.java:242)
	at Test.reach(test.java:242)
	at Test.reach(test.java:242)
	at Test.reach(test.java:242)
	at Test.reach(test.java:242)
	at Test.reach(test.java:242)
	at Test.reach(test.java:242)
	at Test.reach(test.java:242)
	at Test.reach(test.java:242)
	at Test.reach(test.java:242)
	at Test.reach(test.java:242)
	at Test.reach(test.java:242)
	at Test.reach(test.java:242)
	at Test.reach(test.java:242)
	at Test.reach(test.java:242)
	at Test.reach(test.java:242)
	at Test.reach(test.java:242)
	at Test.reach(test.java:242)
	at Test.reach(test.java:242)
	at Test.reach(test.java:242)
	at Test.reach(test.java:242)
	at Test.reach(test.java:242)
	at Test.reach(test.java:242)
	at Test.reach(test.java:242)
	at Test.reach(test.java:242)
	at Test.reach(test.java:242)
	at Test.reach(test.java:242)
	at Test.reach(test.java:242)
	at Test.reach(test.java:242)
	at Test.reach(test.java:242)
	at Test.reach(test.java:242)
	at Test.reach(test.java:242)
	at Test.reach(test.java:242)
	at Test.reach(test.java:242)
	at Test.reach(test.java:242)
	at Test.reach(test.java:242)
	at Test.reach(test.java:242)
	at Test.reach(test.java:242)
	at Test.reach(test.java:242)
	at Test.reach(test.java:242)
	at Test.reach(test.java:242)
	at Test.reach(test.java:242)
	at Test.reach(test.java:242)
	at Test.reach(test.java:242)
	at Test.reach(test.java:242)
	at Test.reach(test.java:242)
	at Test.reach(test.java:242)
	at Test.reach(test.java:242)
	at Test.reach(test.java:242)
	at Test.reach(test.java:242)
	at Test.reach(test.java:242)
	at Test.reach(test.java:242)
	at Test.reach(test.java:242)
	at Test.reach(test.java:242)
	at Test.reach(test.java:242)
	at Test.reach(test.java:242)
	at Test.reach(test.java:242)
	at Test.reach(test.java:242)
	at Test.reach(test.java:242)
	at Test.reach(test.java:242)
	at Test.reach(test.java:242)
	at Test.reach(test.java:242)
	at Test.reach(test.java:242)
	at Test.reach(test.java:242)
	at Test.reach(test.java:242)
	at Test.reach(test.java:242)
	at Test.reach(test.java:242)
	at Test.reach(test.java:242)
	at Test.reach(test.java:242)
	at Test.reach(test.java:242)
	at Test.reach(test.java:242)
	at Test.reach(test.java:242)
	at Test.reach(test.java:242)
	at Test.reach(test.java:242)
	at Test.reach(test.java:242)
	at Test.reach(test.java:242)
	at Test.reach(test.java:242)
	at Test.reach(test.java:242)
	at Test.reach(test.java:242)
	at Test.reach(test.java:242)
	at Test.reach(test.java:242)
	at Test.reach(test.java:242)
	at Test.reach(test.java:242)
	at Test.reach(test.java:242)
	at Test.reach(test.java:242)
	at Test.reach(test.java:242)
	at Test.reach(test.java:242)
	at Test.reach(test.java:242)
	at Test.reach(test.java:242)
	at Test.reach(test.java:242)
	at Test.reach(test.java:242)
	at Test.reach(test.java:242)
	at Test.reach(test.java:242)
	at Test.reach(test.java:242)
	at Test.reach(test.java:242)
	at Test.reach(test.java:242)
	at Test.reach(test.java:242)
	at Test.reach(test.java:242)
	at Test.reach(test.java:242)
	at Test.reach(test.java:242)
	at Test.reach(test.java:242)
	at Test.reach(test.java:242)
	at Test.reach(test.java:242)
	at Test.reach(test.java:242)
	at Test.reach(test.java:242)
	at Test.reach(test.java:242)
	at Test.reach(test.java:242)
	at Test.reach(test.java:242)
	at Test.reach(test.java:242)
	at Test.reach(test.java:242)
	at Test.reach(test.java:242)
	at Test.reach(test.java:242)
	at Test.reach(test.java:242)
	at Test.reach(test.java:242)
	at Test.reach(test.java:242)
	at Test.reach(test.java:242)
	at Test.reach(test.java:242)
	at Test.reach(test.java:242)
	at Test.reach(test.java:242)
	at Test.reach(test.java:242)
	at Test.reach(test.java:242)
	at Test.reach(test.java:242)
	at Test.reach(test.java:242)
	at Test.reach(test.java:242)
	at Test.reach(test.java:242)
	at Test.reach(test.java:242)
	at Test.reach(test.java:242)
	at Test.reach(test.java:242)
	at Test.reach(test.java:242)
	at Test.reach(test.java:242)
	at Test.reach(test.java:242)
	at Test.reach(test.java:242)
	at Test.reach(test.java:242)
	at Test.reach(test.java:242)
	at Test.reach(test.java:242)
	at Test.reach(test.java:242)
	at Test.reach(test.java:242)
	at Test.reach(test.java:242)
	at Test.reach(test.java:242)
	at Test.reach(test.java:242)
	at Test.reach(test.java:242)
	at Test.reach(test.java:242)
	at Test.reach(test.java:242)
	at Test.reach(test.java:242)
	at Test.reach(test.java:242)
	at Test.reach(test.java:242)
	at Test.reach(test.java:242)
	at Test.reach(test.java:242)
	at Test.reach(test.java:242)
	at Test.reach(test.java:242)
	at Test.reach(test.java:242)
	at Test.reach(test.java:242)
	at Test.reach(test.java:242)
	at Test.reach(test.java:242)
	at Test.reach(test.java:242)
	at Test.reach(test.java:242)
	at Test.reach(test.java:242)
	at Test.reach(test.java:242)
	at Test.reach(test.java:242)
	at Test.reach(test.java:242)
	at Test.reach(test.java:242)
	at Test.reach(test.java:242)
	at Test.reach(test.java:242)
	at Test.reach(test.java:242)
	at Test.reach(test.java:242)
	at Test.reach(test.java:242)
	at Test.reach(test.java:242)
	at Test.reach(test.java:242)
	at Test.reach(test.java:242)
	at Test.reach(test.java:242)
	at Test.reach(test.java:242)
	at Test.reach(test.java:242)
	at Test.reach(test.java:242)
	at Test.reach(test.java:242)
	at Test.reach(test.java:242)
	at Test.reach(test.java:242)
	at Test.reach(test.java:242)
	at Test.reach(test.java:242)
	at Test.reach(test.java:242)
	at Test.reach(test.java:242)
	at Test.reach(test.java:242)
	at Test.reach(test.java:242)
	at Test.reach(test.java:242)
	at Test.reach(test.java:242)
	at Test.reach(test.java:242)
	at Test.reach(test.java:242)
	at Test.reach(test.java:242)
	at Test.reach(test.java:242)
	at Test.reach(test.java:242)
	at Test.reach(test.java:242)
	at Test.reach(test.java:242)
	at Test.reach(test.java:242)
	at Test.reach(test.java:242)
	at Test.reach(test.java:242)
	at Test.reach(test.java:242)
	at Test.reach(test.java:242)
	at Test.reach(test.java:242)
	at Test.reach(test.java:242)
	at Test.reach(test.java:242)
	at Test.reach(test.java:242)
	at Test.reach(test.java:242)
	at Test.reach(test.java:242)
	at Test.reach(test.java:242)
	at Test.reach(test.java:242)
	at Test.reach(test.java:242)
	at Test.reach(test.java:242)
	at Test.reach(test.java:242)
	at Test.reach(test.java:242)
	at Test.reach(test.java:242)
	at Test.reach(test.java:242)
	at Test.reach(test.java:242)
	at Test.reach(test.java:242)
	at Test.reach(test.java:242)
	at Test.reach(test.java:242)
	at Test.reach(test.java:242)
	at Test.reach(test.java:242)
	at Test.reach(test.java:242)
	at Test.reach(test.java:242)
	at Test.reach(test.java:242)
	at Test.reach(test.java:242)
	at Test.reach(test.java:242)
	at Test.reach(test.java:242)
	at Test.reach(test.java:242)
	at Test.reach(test.java:242)
	at Test.reach(test.java:242)
	at Test.reach(test.java:242)
	at Test.reach(test.java:242)
	at Test.reach(test.java:242)
	at Test.reach(test.java:242)
	at Test.reach(test.java:242)
	at Test.reach(test.java:242)
	at Test.reach(test.java:242)
	at Test.reach(test.java:242)
	at Test.reach(test.java:242)
	at Test.reach(test.java:242)
	at Test.reach(test.java:242)
	at Test.reach(test.java:242)
	at Test.reach(test.java:242)
	at Test.reach(test.java:242)
	at Test.reach(test.java:242)
	at Test.reach(test.java:242)
	at Test.reach(test.java:242)
	at Test.reach(test.java:242)
	at Test.reach(test.java:242)
	at Test.reach(test.java:242)
	at Test.reach(test.java:242)
	at Test.reach(test.java:242)
	at Test.reach(test.java:242)
	at Test.reach(test.java:242)
	at Test.reach(test.java:242)
	at Test.reach(test.java:242)
	at Test.reach(test.java:242)
	at Test.reach(test.java:242)
	at Test.reach(test.java:242)
	at Test.reach(test.java:242)
	at Test.reach(test.java:242)
	at Test.reach(test.java:242)
	at Test.reach(test.java:242)
	at Test.reach(test.java:242)
	at Test.reach(test.java:242)
	at Test.reach(test.java:242)
	at Test.reach(test.java:242)
	at Test.reach(test.java:242)
	at Test.reach(test.java:242)
	at Test.reach(test.java:242)
	at Test.reach(test.java:242)
	at Test.reach(test.java:242)
	at Test.reach(test.java:242)
	at Test.reach(test.java:242)
	at Test.reach(test.java:242)
	at Test.reach(test.java:242)
	at Test.reach(test.java:242)
	at Test.reach(test.java:242)
	at Test.reach(test.java:242)
	at Test.reach(test.java:242)
	at Test.reach(test.java:242)
	at Test.reach(test.java:242)
	at Test.reach(test.java:242)
	at Test.reach(test.java:242)
	at Test.reach(test.java:242)
	at Test.reach(test.java:242)
	at Test.reach(test.java:242)
	at Test.reach(test.java:242)
	at Test.reach(test.java:242)
	at Test.reach(test.java:242)
	at Test.reach(test.java:242)
	at Test.reach(test.java:242)
	at Test.reach(test.java:242)
	at Test.reach(test.java:242)
	at Test.reach(test.java:242)
	at Test.reach(test.java:242)
	at Test.reach(test.java:242)
	at Test.reach(test.java:242)
	at Test.reach(test.java:242)
	at Test.reach(test.java:242)
	at Test.reach(test.java:242)
	at Test.reach(test.java:242)
	at Test.reach(test.java:242)
	at Test.reach(test.java:242)
	at Test.reach(test.java:242)
	at Test.reach(test.java:242)
	at Test.reach(test.java:242)
	at Test.reach(test.java:242)
	at Test.reach(test.java:242)
	at Test.reach(test.java:242)
	at Test.reach(test.java:242)
	at Test.reach(test.java:242)
	at Test.reach(test.java:242)
	at Test.reach(test.java:242)
	at Test.reach(test.java:242)
	at Test.reach(test.java:242)
	at Test.reach(test.java:242)
	at Test.reach(test.java:242)
	at Test.reach(test.java:242)
	at Test.reach(test.java:242)
	at Test.reach(test.java:242)
	at Test.reach(test.java:242)
	at Test.reach(test.java:242)
	at Test.reach(test.java:242)
	at Test.reach(test.java:242)
	at Test.reach(test.java:242)
	at Test.reach(test.java:242)
	at Test.reach(test.java:242)
	at Test.reach(test.java:242)
	at Test.reach(test.java:242)
	at Test.reach(test.java:242)
	at Test.reach(test.java:242)
	at Test.reach(test.java:242)
	at Test.reach(test.java:242)
	at Test.reach(test.java:242)
	at Test.reach(test.java:242)
	at Test.reach(test.java:242)
	at Test.reach(test.java:242)
	at Test.reach(test.java:242)
	at Test.reach(test.java:242)
	at Test.reach(test.java:242)
	at Test.reach(test.java:242)
	at Test.reach(test.java:242)
	at Test.reach(test.java:242)
	at Test.reach(test.java:242)
	at Test.reach(test.java:242)
	at Test.reach(test.java:242)
	at Test.reach(test.java:242)
	at Test.reach(test.java:242)
	at Test.reach(test.java:242)
	at Test.reach(test.java:242)
	at Test.reach(test.java:242)
	at Test.reach(test.java:242)
	at Test.reach(test.java:242)
	at Test.reach(test.java:242)
	at Test.reach(test.java:242)
	at Test.reach(test.java:242)
	at Test.reach(test.java:242)
	at Test.reach(test.java:242)
	at Test.reach(test.java:242)
	at Test.reach(test.java:242)
	at Test.reach(test.java:242)
	at Test.reach(test.java:242)
	at Test.reach(test.java:242)
	at Test.reach(test.java:242)
	at Test.reach(test.java:242)
	at Test.reach(test.java:242)
	at Test.reach(test.java:242)
	at Test.reach(test.java:242)
	at Test.reach(test.java:242)
	at Test.reach(test.java:242)
	at Test.reach(test.java:242)
	at Test.reach(test.java:242)
	at Test.reach(test.java:242)
	at Test.reach(test.java:242)
	at Test.reach(test.java:242)
	at Test.reach(test.java:242)
	at Test.reach(test.java:242)
	at Test.reach(test.java:242)
	at Test.reach(test.java:242)
	at Test.reach(test.java:242)
	at Test.reach(test.java:242)
	at Test.reach(test.java:242)
	at Test.reach(test.java:242)
	at Test.reach(test.java:242)
	at Test.reach(test.java:242)
	at Test.reach(test.java:242)
	at Test.reach(test.java:242)
	at Test.reach(test.java:242)
	at Test.reach(test.java:242)
	at Test.reach(test.java:242)
	at Test.reach(test.java:242)
	at Test.reach(test.java:242)
	at Test.reach(test.java:242)
	at Test.reach(test.java:242)
	at Test.reach(test.java:242)
	at Test.reach(test.java:242)
	at Test.reach(test.java:242)
	at Test.reach(test.java:242)
	at Test.reach(test.java:242)
	at Test.reach(test.java:242)
	at Test.reach(test.java:242)
	at Test.reach(test.java:242)
	at Test.reach(test.java:242)
	at Test.reach(test.java:242)
	at Test.reach(test.java:242)
	at Test.reach(test.java:242)
	at Test.reach(test.java:242)
	at Test.reach(test.java:242)
	at Test.reach(test.java:242)
	at Test.reach(test.java:242)
	at Test.reach(test.java:242)
	at Test.reach(test.java:242)
	at Test.reach(test.java:242)
	at Test.reach(test.java:242)
	at Test.reach(test.java:242)
	at Test.reach(test.java:242)
	at Test.reach(test.java:242)
	at Test.reach(test.java:242)
	at Test.reach(test.java:242)
	at Test.reach(test.java:242)
	at Test.reach(test.java:242)
	at Test.reach(test.java:242)
	at Test.reach(test.java:242)
	at Test.reach(test.java:242)
	at Test.reach(test.java:242)
	at Test.reach(test.java:242)
	at Test.reach(test.java:242)
	at Test.reach(test.java:242)
	at Test.reach(test.java:242)
	at Test.reach(test.java:242)
	at Test.reach(test.java:242)
	at Test.reach(test.java:242)
	at Test.reach(test.java:242)
	at Test.reach(test.java:242)
	at Test.reach(test.java:242)
	at Test.reach(test.java:242)
	at Test.reach(test.java:242)
	at Test.reach(test.java:242)
	at Test.reach(test.java:242)
	at Test.reach(test.java:242)
	at Test.reach(test.java:242)
	at Test.reach(test.java:242)
	at Test.reach(test.java:242)
	at Test.reach(test.java:242)
	at Test.reach(test.java:242)
	at Test.reach(test.java:242)
	at Test.reach(test.java:242)
	at Test.reach(test.java:242)
	at Test.reach(test.java:242)
	at Test.reach(test.java:242)
	at Test.reach(test.java:242)
	at Test.reach(test.java:242)
	at Test.reach(test.java:242)
	at Test.reach(test.java:242)
	at Test.reach(test.java:242)
	at Test.reach(test.java:242)
	at Test.reach(test.java:242)
	at Test.reach(test.java:242)
	at Test.reach(test.java:242)
	at Test.reach(test.java:242)
	at Test.reach(test.java:242)
	at Test.reach(test.java:242)
	at Test.reach(test.java:242)
	at Test.reach(test.java:242)
	at Test.reach(test.java:242)
	at Test.reach(test.java:242)
	at Test.reach(test.java:242)
	at Test.reach(test.java:242)
	at Test.reach(test.java:242)
	at Test.reach(test.java:242)
	at Test.reach(test.java:242)
	at Test.reach(test.java:242)
	at Test.reach(test.java:242)
	at Test.reach(test.java:242)
	at Test.reach(test.java:242)
	at Test.reach(test.java:242)
	at Test.reach(test.java:242)
	at Test.reach(test.java:242)
	at Test.reach(test.java:242)
	at Test.reach(test.java:242)
	at Test.reach(test.java:242)
	at Test.reach(test.java:242)
	at Test.reach(test.java:242)
	at Test.reach(test.java:242)
	at Test.reach(test.java:242)
	at Test.reach(test.java:242)
	at Test.reach(test.java:242)
	at Test.reach(test.java:242)
	at Test.reach(test.java:242)
	at Test.reach(test.java:242)
	at Test.reach(test.java:242)
	at Test.reach(test.java:242)
	at Test.reach(test.java:242)
	at Test.reach(test.java:242)
	at Test.reach(test.java:242)
	at Test.reach(test.java:242)
	at Test.reach(test.java:242)
	at Test.reach(test.java:242)
	at Test.reach(test.java:242)
	at Test.reach(test.java:242)
	at Test.reach(test.java:242)
	at Test.reach(test.java:242)
	at Test.reach(test.java:242)
	at Test.reach(test.java:242)
	at Test.reach(test.java:242)
	at Test.reach(test.java:242)
	at Test.reach(test.java:242)
	at Test.reach(test.java:242)
	at Test.reach(test.java:242)
	at Test.reach(test.java:242)
	at Test.reach(test.java:242)
	at Test.reach(test.java:242)
	at Test.reach(test.java:242)
	at Test.reach(test.java:242)
	at Test.reach(test.java:242)
	at Test.reach(test.java:242)
	at Test.reach(test.java:242)
	at Test.reach(test.java:242)
	at Test.reach(test.java:242)
	at Test.reach(test.java:242)
	at Test.reach(test.java:242)
	at Test.reach(test.java:242)
	at Test.reach(test.java:242)
	at Test.reach(test.java:242)
	at Test.reach(test.java:242)
	at Test.reach(test.java:242)
	at Test.reach(test.java:242)
	at Test.reach(test.java:242)
	at Test.reach(test.java:242)
	at Test.reach(test.java:242)
	at Test.reach(test.java:242)
	at Test.reach(test.java:242)
	at Test.reach(test.java:242)
	at Test.reach(test.java:242)
	at Test.reach(test.java:242)
	at Test.reach(test.java:242)
	at Test.reach(test.java:242)
	at Test.reach(test.java:242)
	at Test.reach(test.java:242)
	at Test.reach(test.java:242)
	at Test.reach(test.java:242)
	at Test.reach(test.java:242)
	at Test.reach(test.java:242)
	at Test.reach(test.java:242)
	at Test.reach(test.java:242)
	at Test.reach(test.java:242)
	at Test.reach(test.java:242)
	at Test.reach(test.java:242)
	at Test.reach(test.java:242)
	at Test.reach(test.java:242)
	at Test.reach(test.java:242)
	at Test.reach(test.java:242)
	at Test.reach(test.java:242)
	at Test.reach(test.java:242)
	at Test.reach(test.java:242)
	at Test.reach(test.java:242)
	at Test.reach(test.java:242)
	at Test.reach(test.java:242)
	at Test.reach(test.java:242)
	at Test.reach(test.java:242)
	at Test.reach(test.java:242)
	at Test.reach(test.java:242)
	at Test.reach(test.java:242)
	at Test.reach(test.java:242)
	at Test.reach(test.java:242)
2023-12-07 19:44:05 INFO Command '['java', '/home/ubuntu/test_codellm/unit_tests/minimax/python_java/test.java']' returned non-zero exit status 1.
2023-12-07 19:44:05 INFO Compilation Failed!
2023-12-07 19:44:05 INFO run_output: b''


2023-12-07 19:44:05 INFO Running task: 93_0...
/home/ubuntu/test_codellm/unit_tests/minimax/python_java/test.java:224: error: illegal start of expression
            ***puteIfAbsent(x, k -> new ArrayList<>()).add(y);
            ^
/home/ubuntu/test_codellm/unit_tests/minimax/python_java/test.java:224: error: illegal start of expression
            ***puteIfAbsent(x, k -> new ArrayList<>()).add(y);
             ^
/home/ubuntu/test_codellm/unit_tests/minimax/python_java/test.java:224: error: illegal start of expression
            ***puteIfAbsent(x, k -> new ArrayList<>()).add(y);
              ^
/home/ubuntu/test_codellm/unit_tests/minimax/python_java/test.java:225: error: illegal start of expression
            ***puteIfAbsent(y, k -> new ArrayList<>()).add(x);
            ^
/home/ubuntu/test_codellm/unit_tests/minimax/python_java/test.java:225: error: illegal start of expression
            ***puteIfAbsent(y, k -> new ArrayList<>()).add(x);
             ^
/home/ubuntu/test_codellm/unit_tests/minimax/python_java/test.java:225: error: illegal start of expression
            ***puteIfAbsent(y, k -> new ArrayList<>()).add(x);
              ^
6 errors
error: compilation failed
2023-12-07 19:44:05 INFO Command '['java', '/home/ubuntu/test_codellm/unit_tests/minimax/python_java/test.java']' returned non-zero exit status 1.
2023-12-07 19:44:05 INFO Compilation Failed!
2023-12-07 19:44:05 INFO run_output: b''


2023-12-07 19:44:05 INFO Running task: 94_0...
2023-12-07 19:44:06 INFO Test Passed!


2023-12-07 19:44:06 INFO Running task: 95_0...
Note: /home/ubuntu/test_codellm/unit_tests/minimax/python_java/test.java uses unchecked or unsafe operations.
Note: Recompile with -Xlint:unchecked for details.
2023-12-07 19:44:07 INFO Test Passed!


2023-12-07 19:44:07 INFO Running task: 96_0...
2023-12-07 19:44:08 INFO Test Passed!


2023-12-07 19:44:08 INFO Running task: 97_0...
2023-12-07 19:44:08 INFO Test Passed!


2023-12-07 19:44:08 INFO Running task: 98_0...
/home/ubuntu/test_codellm/unit_tests/minimax/python_java/test.java:230: error: bad operand types for binary operator '!='
            return new int[]{fa.val != null ? fa.val : -1, depth};
                                    ^
  first type:  int
  second type: <null>
1 error
error: compilation failed
2023-12-07 19:44:09 INFO Command '['java', '/home/ubuntu/test_codellm/unit_tests/minimax/python_java/test.java']' returned non-zero exit status 1.
2023-12-07 19:44:09 INFO Compilation Failed!
2023-12-07 19:44:09 INFO run_output: b''


2023-12-07 19:44:09 INFO Running task: 99_0...
/home/ubuntu/test_codellm/unit_tests/minimax/python_java/test.java:221: error: incompatible types: cannot infer type arguments for HashSet<>
    Set<Integer> set = new HashSet<>(Arrays.asList(nums));
                                  ^
    reason: inference variable E has incompatible bounds
      equality constraints: Integer
      lower bounds: T,int[]
  where E,T are type-variables:
    E extends Object declared in class HashSet
    T extends Object declared in method <T>asList(T...)
1 error
error: compilation failed
2023-12-07 19:44:10 INFO Command '['java', '/home/ubuntu/test_codellm/unit_tests/minimax/python_java/test.java']' returned non-zero exit status 1.
2023-12-07 19:44:10 INFO Compilation Failed!
2023-12-07 19:44:10 INFO run_output: b''


2023-12-07 19:44:10 INFO Running task: 100_0...
2023-12-07 19:44:11 INFO Test Passed!


2023-12-07 19:44:11 INFO [[1], [1], [2], [1], [1], [1], [1], [3], [3], [1], [1], [1], [1], [3], [1], [2], [1], [1], [1], [1], [1], [3], [2], [1], [3], [1], [3], [1], [1], [1], [2], [1], [1], [1], [1], [1], [1], [1], [1], [1], [1], [2], [1], [2], [3], [1], [1], [3], [1], [1], [1], [1], [3], [1], [3], [1], [3], [1], [1], [1], [2], [3], [1], [2], [1], [2], [1], [2], [1], [1], [1], [2], [1], [1], [1], [1], [1], [2], [2], [1], [3], [2], [1], [1], [1], [3], [3], [3], [1], [1], [3], [3], [3], [1], [1], [1], [1], [3], [3], [1]]
