2023-12-07 15:47:40 INFO Running task: 1_0...
2023-12-07 15:47:42 INFO Test Passed!


2023-12-07 15:47:42 INFO Running task: 2_0...
2023-12-07 15:47:43 INFO Test Passed!


2023-12-07 15:47:43 INFO Running task: 3_0...
2023-12-07 15:47:45 INFO Test Passed!


2023-12-07 15:47:45 INFO Running task: 4_0...
2023-12-07 15:47:47 INFO Test Passed!


2023-12-07 15:47:47 INFO Running task: 5_0...
2023-12-07 15:47:48 INFO Test Passed!


2023-12-07 15:47:48 INFO Running task: 6_0...
2023-12-07 15:47:50 INFO Test Passed!


2023-12-07 15:47:50 INFO Running task: 7_0...
2023-12-07 15:47:52 INFO Test Passed!


2023-12-07 15:47:52 INFO Running task: 8_0...
2023-12-07 15:47:54 INFO Test Passed!


2023-12-07 15:47:54 INFO Running task: 9_0...
2023-12-07 15:47:55 INFO Test Passed!


2023-12-07 15:47:55 INFO Running task: 10_0...
/home/ubuntu/test_codellm/unit_tests/spark/java_c++/test.cpp: In member function ‘int Test::testfunc(std::string)’:
/home/ubuntu/test_codellm/unit_tests/spark/java_c++/test.cpp:323:27: error: conversion from ‘std::string’ {aka ‘std::__cxx11::basic_string<char>’} to non-scalar type ‘std::vector<char>’ requested
  323 |     std::vector<char> s = word;
      |                           ^~~~
2023-12-07 15:47:57 INFO Command '['g++', '-O0', '-std=c++20', '/home/ubuntu/test_codellm/unit_tests/spark/java_c++/test.cpp', '-o', '/home/ubuntu/test_codellm/unit_tests/spark/java_c++/out.o']' returned non-zero exit status 1.
2023-12-07 15:47:57 INFO Compilation Failed!
2023-12-07 15:47:57 INFO run_output: b''


2023-12-07 15:47:57 INFO Running task: 11_0...
2023-12-07 15:47:58 INFO Test Passed!


2023-12-07 15:47:58 INFO Running task: 12_0...
2023-12-07 15:48:00 INFO Test Passed!


2023-12-07 15:48:00 INFO Running task: 13_0...
2023-12-07 15:48:02 INFO Test Passed!


2023-12-07 15:48:02 INFO Running task: 14_0...
2023-12-07 15:48:04 INFO Test Passed!


2023-12-07 15:48:04 INFO Running task: 15_0...
2023-12-07 15:48:06 INFO Test Passed!


2023-12-07 15:48:06 INFO Running task: 16_0...
2023-12-07 15:48:08 INFO Test Passed!


2023-12-07 15:48:08 INFO Running task: 17_0...
/home/ubuntu/test_codellm/unit_tests/spark/java_c++/test.cpp: In member function ‘long long int Test::testfunc(std::vector<int>&)’:
/home/ubuntu/test_codellm/unit_tests/spark/java_c++/test.cpp:331:29: error: ‘_cast’ was not declared in this scope
  331 |         ans = std::max(ans, _cast<long long>(preMax - nums[j]) * sufMax[j + 1]);
      |                             ^~~~~~~~~~~~~~~~
2023-12-07 15:48:09 INFO Command '['g++', '-O0', '-std=c++20', '/home/ubuntu/test_codellm/unit_tests/spark/java_c++/test.cpp', '-o', '/home/ubuntu/test_codellm/unit_tests/spark/java_c++/out.o']' returned non-zero exit status 1.
2023-12-07 15:48:09 INFO Compilation Failed!
2023-12-07 15:48:09 INFO run_output: b''


2023-12-07 15:48:09 INFO Running task: 18_0...
/home/ubuntu/test_codellm/unit_tests/spark/java_c++/test.cpp: In member function ‘long long int Test::testfunc(std::vector<int>&)’:
/home/ubuntu/test_codellm/unit_tests/spark/java_c++/test.cpp:331:29: error: ‘_cast’ was not declared in this scope
  331 |         ans = std::max(ans, _cast<long long>(preMax - nums[j]) * sufMax[j + 1]);
      |                             ^~~~~~~~~~~~~~~~
2023-12-07 15:48:10 INFO Command '['g++', '-O0', '-std=c++20', '/home/ubuntu/test_codellm/unit_tests/spark/java_c++/test.cpp', '-o', '/home/ubuntu/test_codellm/unit_tests/spark/java_c++/out.o']' returned non-zero exit status 1.
2023-12-07 15:48:10 INFO Compilation Failed!
2023-12-07 15:48:10 INFO run_output: b''


2023-12-07 15:48:10 INFO Running task: 19_0...
2023-12-07 15:48:12 INFO Test Passed!


2023-12-07 15:48:12 INFO Running task: 20_0...
2023-12-07 15:48:13 INFO Test Passed!


2023-12-07 15:48:13 INFO Running task: 21_0...
2023-12-07 15:48:15 INFO Test Passed!


2023-12-07 15:48:15 INFO Running task: 22_0...
/home/ubuntu/test_codellm/unit_tests/spark/java_c++/test.cpp: In member function ‘int Test::testfunc(int, int, int, std::vector<std::vector<int> >, std::vector<int>, std::vector<int>)’:
/home/ubuntu/test_codellm/unit_tests/spark/java_c++/test.cpp:324:17: error: no matching function for call to ‘min(__gnu_cxx::__alloc_traits<std::allocator<int>, int>::value_type&)’
  324 |     int mx = min(stock[0]) + budget;
      |              ~~~^~~~~~~~~~
In file included from /usr/include/c++/11/bits/char_traits.h:39,
                 from /usr/include/c++/11/string:40,
                 from /home/ubuntu/test_codellm/unit_tests/spark/java_c++/test.cpp:1:
/usr/include/c++/11/bits/stl_algobase.h:230:5: note: candidate: ‘template<class _Tp> constexpr const _Tp& std::min(const _Tp&, const _Tp&)’
  230 |     min(const _Tp& __a, const _Tp& __b)
      |     ^~~
/usr/include/c++/11/bits/stl_algobase.h:230:5: note:   template argument deduction/substitution failed:
/home/ubuntu/test_codellm/unit_tests/spark/java_c++/test.cpp:324:17: note:   candidate expects 2 arguments, 1 provided
  324 |     int mx = min(stock[0]) + budget;
      |              ~~~^~~~~~~~~~
In file included from /usr/include/c++/11/bits/char_traits.h:39,
                 from /usr/include/c++/11/string:40,
                 from /home/ubuntu/test_codellm/unit_tests/spark/java_c++/test.cpp:1:
/usr/include/c++/11/bits/stl_algobase.h:278:5: note: candidate: ‘template<class _Tp, class _Compare> constexpr const _Tp& std::min(const _Tp&, const _Tp&, _Compare)’
  278 |     min(const _Tp& __a, const _Tp& __b, _Compare __comp)
      |     ^~~
/usr/include/c++/11/bits/stl_algobase.h:278:5: note:   template argument deduction/substitution failed:
/home/ubuntu/test_codellm/unit_tests/spark/java_c++/test.cpp:324:17: note:   candidate expects 3 arguments, 1 provided
  324 |     int mx = min(stock[0]) + budget;
      |              ~~~^~~~~~~~~~
In file included from /usr/include/c++/11/string:52,
                 from /home/ubuntu/test_codellm/unit_tests/spark/java_c++/test.cpp:1:
/usr/include/c++/11/bits/stl_algo.h:3449:5: note: candidate: ‘template<class _Tp> constexpr _Tp std::min(std::initializer_list<_Tp>)’
 3449 |     min(initializer_list<_Tp> __l)
      |     ^~~
/usr/include/c++/11/bits/stl_algo.h:3449:5: note:   template argument deduction/substitution failed:
/home/ubuntu/test_codellm/unit_tests/spark/java_c++/test.cpp:324:17: note:   mismatched types ‘std::initializer_list<_Tp>’ and ‘int’
  324 |     int mx = min(stock[0]) + budget;
      |              ~~~^~~~~~~~~~
In file included from /usr/include/c++/11/string:52,
                 from /home/ubuntu/test_codellm/unit_tests/spark/java_c++/test.cpp:1:
/usr/include/c++/11/bits/stl_algo.h:3455:5: note: candidate: ‘template<class _Tp, class _Compare> constexpr _Tp std::min(std::initializer_list<_Tp>, _Compare)’
 3455 |     min(initializer_list<_Tp> __l, _Compare __comp)
      |     ^~~
/usr/include/c++/11/bits/stl_algo.h:3455:5: note:   template argument deduction/substitution failed:
/home/ubuntu/test_codellm/unit_tests/spark/java_c++/test.cpp:324:17: note:   mismatched types ‘std::initializer_list<_Tp>’ and ‘int’
  324 |     int mx = min(stock[0]) + budget;
      |              ~~~^~~~~~~~~~
2023-12-07 15:48:16 INFO Command '['g++', '-O0', '-std=c++20', '/home/ubuntu/test_codellm/unit_tests/spark/java_c++/test.cpp', '-o', '/home/ubuntu/test_codellm/unit_tests/spark/java_c++/out.o']' returned non-zero exit status 1.
2023-12-07 15:48:16 INFO Compilation Failed!
2023-12-07 15:48:16 INFO run_output: b''


2023-12-07 15:48:16 INFO Running task: 23_0...
2023-12-07 15:48:18 INFO Test Passed!


2023-12-07 15:48:18 INFO Running task: 24_0...
2023-12-07 15:48:20 INFO Test Passed!


2023-12-07 15:48:20 INFO Running task: 25_0...
2023-12-07 15:48:22 INFO Test Failed!
2023-12-07 15:48:22 INFO run_output: b'2 2\n0 10\nTestcase No.2 Failed!\n3 5\nTestcase No.3 Failed!\n0 1249975000\nTestcase No.4 Failed!\n0 33230\nTestcase No.5 Failed!\nPassed 1/5 tests\nTest Failed!\n'


2023-12-07 15:48:22 INFO Running task: 26_0...
2023-12-07 15:48:24 INFO Test Passed!


2023-12-07 15:48:24 INFO Running task: 27_0...
2023-12-07 15:48:25 INFO Test Passed!


2023-12-07 15:48:25 INFO Running task: 28_0...
2023-12-07 15:48:27 INFO Test Passed!


2023-12-07 15:48:27 INFO Running task: 29_0...
2023-12-07 15:48:29 INFO Test Passed!


2023-12-07 15:48:29 INFO Running task: 30_0...
2023-12-07 15:48:31 INFO Test Passed!


2023-12-07 15:48:31 INFO Running task: 31_0...
2023-12-07 15:48:32 INFO Test Passed!


2023-12-07 15:48:32 INFO Running task: 32_0...
2023-12-07 15:48:34 INFO Test Passed!


2023-12-07 15:48:34 INFO Running task: 33_0...
2023-12-07 15:48:36 INFO Test Passed!


2023-12-07 15:48:36 INFO Running task: 34_0...
2023-12-07 15:48:37 INFO Test Failed!
2023-12-07 15:48:37 INFO run_output: b'false true\nTestcase No.1 Failed!\nfalse false\nfalse true\nTestcase No.3 Failed!\nfalse true\nTestcase No.4 Failed!\nfalse false\nPassed 2/5 tests\nTest Failed!\n'


2023-12-07 15:48:37 INFO Running task: 35_0...
2023-12-07 15:48:39 INFO Test Failed!
2023-12-07 15:48:39 INFO run_output: b'false true\nTestcase No.1 Failed!\nfalse false\nfalse false\nfalse true\nTestcase No.4 Failed!\nfalse true\nTestcase No.5 Failed!\nPassed 2/5 tests\nTest Failed!\n'


2023-12-07 15:48:39 INFO Running task: 36_0...
2023-12-07 15:48:41 INFO Test Passed!


2023-12-07 15:48:41 INFO Running task: 37_0...
2023-12-07 15:48:43 INFO Test Passed!


2023-12-07 15:48:43 INFO Running task: 38_0...
2023-12-07 15:48:44 INFO Test Passed!


2023-12-07 15:48:44 INFO Running task: 39_0...
2023-12-07 15:48:46 INFO Test Passed!


2023-12-07 15:48:46 INFO Running task: 40_0...
2023-12-07 15:48:47 INFO Test Passed!


2023-12-07 15:48:47 INFO Running task: 41_0...
2023-12-07 15:48:49 INFO Test Passed!


2023-12-07 15:48:49 INFO Running task: 42_0...
/home/ubuntu/test_codellm/unit_tests/spark/java_c++/test.cpp: In member function ‘int Test::testfunc(std::vector<int>&, int)’:
/home/ubuntu/test_codellm/unit_tests/spark/java_c++/test.cpp:331:46: error: no match for ‘operator-’ (operand types are ‘std::multiset<int>::iterator’ {aka ‘std::_Rb_tree<int, int, std::_Identity<int>, std::less<int>, std::allocator<int> >::const_iterator’} and ‘std::multiset<int>::iterator’ {aka ‘std::_Rb_tree<int, int, std::_Identity<int>, std::less<int>, std::allocator<int> >::const_iterator’})
  331 |         ans = min(ans, min({s.upper_bound(y) - s.find(y), y - *s.lower_bound(y)}));
      |                             ~~~~~~~~~~~~~~~~ ^ ~~~~~~~~~
      |                                          |           |
      |                                          |           _Rb_tree_const_iterator<[...]>
      |                                          _Rb_tree_const_iterator<[...]>
In file included from /usr/include/c++/11/bits/stl_algobase.h:67,
                 from /usr/include/c++/11/bits/char_traits.h:39,
                 from /usr/include/c++/11/string:40,
                 from /home/ubuntu/test_codellm/unit_tests/spark/java_c++/test.cpp:1:
/usr/include/c++/11/bits/stl_iterator.h:560:5: note: candidate: ‘template<class _IteratorL, class _IteratorR> constexpr decltype ((__y.base() - __x.base())) std::operator-(const std::reverse_iterator<_IteratorL>&, const std::reverse_iterator<_IteratorR>&)’
  560 |     operator-(const reverse_iterator<_IteratorL>& __x,
      |     ^~~~~~~~
/usr/include/c++/11/bits/stl_iterator.h:560:5: note:   template argument deduction/substitution failed:
/home/ubuntu/test_codellm/unit_tests/spark/java_c++/test.cpp:331:56: note:   ‘std::multiset<int>::iterator’ {aka ‘std::_Rb_tree<int, int, std::_Identity<int>, std::less<int>, std::allocator<int> >::const_iterator’} is not derived from ‘const std::reverse_iterator<_IteratorL>’
  331 |         ans = min(ans, min({s.upper_bound(y) - s.find(y), y - *s.lower_bound(y)}));
      |                                                        ^
In file included from /usr/include/c++/11/bits/stl_algobase.h:67,
                 from /usr/include/c++/11/bits/char_traits.h:39,
                 from /usr/include/c++/11/string:40,
                 from /home/ubuntu/test_codellm/unit_tests/spark/java_c++/test.cpp:1:
/usr/include/c++/11/bits/stl_iterator.h:1639:5: note: candidate: ‘template<class _IteratorL, class _IteratorR> constexpr decltype ((__x.base() - __y.base())) std::operator-(const std::move_iterator<_IteratorL>&, const std::move_iterator<_IteratorR>&)’
 1639 |     operator-(const move_iterator<_IteratorL>& __x,
      |     ^~~~~~~~
/usr/include/c++/11/bits/stl_iterator.h:1639:5: note:   template argument deduction/substitution failed:
/home/ubuntu/test_codellm/unit_tests/spark/java_c++/test.cpp:331:56: note:   ‘std::multiset<int>::iterator’ {aka ‘std::_Rb_tree<int, int, std::_Identity<int>, std::less<int>, std::allocator<int> >::const_iterator’} is not derived from ‘const std::move_iterator<_IteratorL>’
  331 |         ans = min(ans, min({s.upper_bound(y) - s.find(y), y - *s.lower_bound(y)}));
      |                                                        ^
/home/ubuntu/test_codellm/unit_tests/spark/java_c++/test.cpp:331:27: error: no matching function for call to ‘min(<brace-enclosed initializer list>)’
  331 |         ans = min(ans, min({s.upper_bound(y) - s.find(y), y - *s.lower_bound(y)}));
      |                        ~~~^~~~~~~~~~~~~~~~~~~~~~~~~~~~~~~~~~~~~~~~~~~~~~~~~~~~~~~
In file included from /usr/include/c++/11/bits/char_traits.h:39,
                 from /usr/include/c++/11/string:40,
                 from /home/ubuntu/test_codellm/unit_tests/spark/java_c++/test.cpp:1:
/usr/include/c++/11/bits/stl_algobase.h:230:5: note: candidate: ‘template<class _Tp> constexpr const _Tp& std::min(const _Tp&, const _Tp&)’
  230 |     min(const _Tp& __a, const _Tp& __b)
      |     ^~~
/usr/include/c++/11/bits/stl_algobase.h:230:5: note:   template argument deduction/substitution failed:
/home/ubuntu/test_codellm/unit_tests/spark/java_c++/test.cpp:331:27: note:   candidate expects 2 arguments, 1 provided
  331 |         ans = min(ans, min({s.upper_bound(y) - s.find(y), y - *s.lower_bound(y)}));
      |                        ~~~^~~~~~~~~~~~~~~~~~~~~~~~~~~~~~~~~~~~~~~~~~~~~~~~~~~~~~~
In file included from /usr/include/c++/11/bits/char_traits.h:39,
                 from /usr/include/c++/11/string:40,
                 from /home/ubuntu/test_codellm/unit_tests/spark/java_c++/test.cpp:1:
/usr/include/c++/11/bits/stl_algobase.h:278:5: note: candidate: ‘template<class _Tp, class _Compare> constexpr const _Tp& std::min(const _Tp&, const _Tp&, _Compare)’
  278 |     min(const _Tp& __a, const _Tp& __b, _Compare __comp)
      |     ^~~
/usr/include/c++/11/bits/stl_algobase.h:278:5: note:   template argument deduction/substitution failed:
/home/ubuntu/test_codellm/unit_tests/spark/java_c++/test.cpp:331:27: note:   candidate expects 3 arguments, 1 provided
  331 |         ans = min(ans, min({s.upper_bound(y) - s.find(y), y - *s.lower_bound(y)}));
      |                        ~~~^~~~~~~~~~~~~~~~~~~~~~~~~~~~~~~~~~~~~~~~~~~~~~~~~~~~~~~
In file included from /usr/include/c++/11/string:52,
                 from /home/ubuntu/test_codellm/unit_tests/spark/java_c++/test.cpp:1:
/usr/include/c++/11/bits/stl_algo.h:3449:5: note: candidate: ‘template<class _Tp> constexpr _Tp std::min(std::initializer_list<_Tp>)’
 3449 |     min(initializer_list<_Tp> __l)
      |     ^~~
/usr/include/c++/11/bits/stl_algo.h:3449:5: note:   template argument deduction/substitution failed:
/usr/include/c++/11/bits/stl_algo.h:3455:5: note: candidate: ‘template<class _Tp, class _Compare> constexpr _Tp std::min(std::initializer_list<_Tp>, _Compare)’
 3455 |     min(initializer_list<_Tp> __l, _Compare __comp)
      |     ^~~
/usr/include/c++/11/bits/stl_algo.h:3455:5: note:   template argument deduction/substitution failed:
2023-12-07 15:48:50 INFO Command '['g++', '-O0', '-std=c++20', '/home/ubuntu/test_codellm/unit_tests/spark/java_c++/test.cpp', '-o', '/home/ubuntu/test_codellm/unit_tests/spark/java_c++/out.o']' returned non-zero exit status 1.
2023-12-07 15:48:50 INFO Compilation Failed!
2023-12-07 15:48:50 INFO run_output: b''


2023-12-07 15:48:50 INFO Running task: 43_0...
2023-12-07 15:48:52 INFO Test Passed!


2023-12-07 15:48:52 INFO Running task: 44_0...
2023-12-07 15:48:54 INFO Test Passed!


2023-12-07 15:48:54 INFO Running task: 45_0...
2023-12-07 15:48:55 INFO Test Passed!


2023-12-07 15:48:55 INFO Running task: 46_0...
2023-12-07 15:48:57 INFO Test Passed!


2023-12-07 15:48:57 INFO Running task: 47_0...
2023-12-07 15:48:59 INFO Test Passed!


2023-12-07 15:48:59 INFO Running task: 48_0...
2023-12-07 15:49:01 INFO Test Passed!


2023-12-07 15:49:01 INFO Running task: 49_0...
2023-12-07 15:49:02 INFO Test Passed!


2023-12-07 15:49:02 INFO Running task: 50_0...
2023-12-07 15:49:04 INFO Test Passed!


2023-12-07 15:49:04 INFO Running task: 51_0...
/home/ubuntu/test_codellm/unit_tests/spark/java_c++/test.cpp: In member function ‘void Test::Start()’:
/home/ubuntu/test_codellm/unit_tests/spark/java_c++/test.cpp:365:45: error: no match for ‘operator=’ (operand types are ‘std::vector<long int>’ and ‘std::vector<long long int>’)
  365 |                 return_data = testfunc(data1);
      |                                             ^
In file included from /usr/include/c++/11/vector:72,
                 from /home/ubuntu/test_codellm/unit_tests/spark/java_c++/test.cpp:2:
/usr/include/c++/11/bits/vector.tcc:198:5: note: candidate: ‘std::vector<_Tp, _Alloc>& std::vector<_Tp, _Alloc>::operator=(const std::vector<_Tp, _Alloc>&) [with _Tp = long int; _Alloc = std::allocator<long int>]’
  198 |     vector<_Tp, _Alloc>::
      |     ^~~~~~~~~~~~~~~~~~~
/usr/include/c++/11/bits/vector.tcc:199:42: note:   no known conversion for argument 1 from ‘std::vector<long long int>’ to ‘const std::vector<long int>&’
  199 |     operator=(const vector<_Tp, _Alloc>& __x)
      |               ~~~~~~~~~~~~~~~~~~~~~~~~~~~^~~
In file included from /usr/include/c++/11/vector:67,
                 from /home/ubuntu/test_codellm/unit_tests/spark/java_c++/test.cpp:2:
/usr/include/c++/11/bits/stl_vector.h:709:7: note: candidate: ‘std::vector<_Tp, _Alloc>& std::vector<_Tp, _Alloc>::operator=(std::vector<_Tp, _Alloc>&&) [with _Tp = long int; _Alloc = std::allocator<long int>]’
  709 |       operator=(vector&& __x) noexcept(_Alloc_traits::_S_nothrow_move())
      |       ^~~~~~~~
/usr/include/c++/11/bits/stl_vector.h:709:26: note:   no known conversion for argument 1 from ‘std::vector<long long int>’ to ‘std::vector<long int>&&’
  709 |       operator=(vector&& __x) noexcept(_Alloc_traits::_S_nothrow_move())
      |                 ~~~~~~~~~^~~
/usr/include/c++/11/bits/stl_vector.h:730:7: note: candidate: ‘std::vector<_Tp, _Alloc>& std::vector<_Tp, _Alloc>::operator=(std::initializer_list<_Tp>) [with _Tp = long int; _Alloc = std::allocator<long int>]’
  730 |       operator=(initializer_list<value_type> __l)
      |       ^~~~~~~~
/usr/include/c++/11/bits/stl_vector.h:730:46: note:   no known conversion for argument 1 from ‘std::vector<long long int>’ to ‘std::initializer_list<long int>’
  730 |       operator=(initializer_list<value_type> __l)
      |                 ~~~~~~~~~~~~~~~~~~~~~~~~~~~~~^~~
2023-12-07 15:49:05 INFO Command '['g++', '-O0', '-std=c++20', '/home/ubuntu/test_codellm/unit_tests/spark/java_c++/test.cpp', '-o', '/home/ubuntu/test_codellm/unit_tests/spark/java_c++/out.o']' returned non-zero exit status 1.
2023-12-07 15:49:05 INFO Compilation Failed!
2023-12-07 15:49:05 INFO run_output: b''


2023-12-07 15:49:05 INFO Running task: 52_0...
2023-12-07 15:49:07 INFO Test Passed!


2023-12-07 15:49:07 INFO Running task: 53_0...
2023-12-07 15:49:09 INFO Test Passed!


2023-12-07 15:49:09 INFO Running task: 54_0...
2023-12-07 15:49:10 INFO Test Passed!


2023-12-07 15:49:10 INFO Running task: 55_0...
2023-12-07 15:49:16 INFO Test Passed!


2023-12-07 15:49:16 INFO Running task: 56_0...
2023-12-07 15:49:20 INFO Test Passed!


2023-12-07 15:49:20 INFO Running task: 57_0...
2023-12-07 15:49:21 INFO Test Passed!


2023-12-07 15:49:21 INFO Running task: 58_0...
2023-12-07 15:49:23 INFO Test Passed!


2023-12-07 15:49:23 INFO Running task: 59_0...
2023-12-07 15:49:26 INFO Test Passed!


2023-12-07 15:49:26 INFO Running task: 60_0...
2023-12-07 15:49:28 INFO Test Failed!
2023-12-07 15:49:28 INFO run_output: b'[206,205,204] [204,205,206]\nTestcase No.1 Failed!\n[12,8,10,3,7] [3,7,8,10,12]\nTestcase No.2 Failed!\n[3714,3677,3684,3674,3695,3685,3720,3670] [3670,3674,3677,3684,3685,3695,3714,3720]\nTestcase No.3 Failed!\n[8609,8587] [8587,8609]\nTestcase No.4 Failed!\n[2479,2518,2517,2489,2458,2442,2444,2515,2457,2473,2466,2438,2447,2451,2510,2483,2488,2437] [2437,2438,2442,2444,2447,2451,2457,2458,2466,2473,2479,2483,2488,2489,2510,2515,2517,2518]\nTestcase No.5 Failed!\nPassed 0/5 tests\nTest Failed!\n'


2023-12-07 15:49:28 INFO Running task: 61_0...
/home/ubuntu/test_codellm/unit_tests/spark/java_c++/test.cpp: In member function ‘long int Test::testfunc(std::vector<long long int>, long long int)’:
/home/ubuntu/test_codellm/unit_tests/spark/java_c++/test.cpp:332:30: error: no matching function for call to ‘max(long int&, long long int&)’
  332 |             maxSum = std::max(maxSum, possibleMax);
      |                      ~~~~~~~~^~~~~~~~~~~~~~~~~~~~~
In file included from /usr/include/c++/11/bits/char_traits.h:39,
                 from /usr/include/c++/11/string:40,
                 from /home/ubuntu/test_codellm/unit_tests/spark/java_c++/test.cpp:1:
/usr/include/c++/11/bits/stl_algobase.h:254:5: note: candidate: ‘template<class _Tp> constexpr const _Tp& std::max(const _Tp&, const _Tp&)’
  254 |     max(const _Tp& __a, const _Tp& __b)
      |     ^~~
/usr/include/c++/11/bits/stl_algobase.h:254:5: note:   template argument deduction/substitution failed:
/home/ubuntu/test_codellm/unit_tests/spark/java_c++/test.cpp:332:30: note:   deduced conflicting types for parameter ‘const _Tp’ (‘long int’ and ‘long long int’)
  332 |             maxSum = std::max(maxSum, possibleMax);
      |                      ~~~~~~~~^~~~~~~~~~~~~~~~~~~~~
In file included from /usr/include/c++/11/bits/char_traits.h:39,
                 from /usr/include/c++/11/string:40,
                 from /home/ubuntu/test_codellm/unit_tests/spark/java_c++/test.cpp:1:
/usr/include/c++/11/bits/stl_algobase.h:300:5: note: candidate: ‘template<class _Tp, class _Compare> constexpr const _Tp& std::max(const _Tp&, const _Tp&, _Compare)’
  300 |     max(const _Tp& __a, const _Tp& __b, _Compare __comp)
      |     ^~~
/usr/include/c++/11/bits/stl_algobase.h:300:5: note:   template argument deduction/substitution failed:
/home/ubuntu/test_codellm/unit_tests/spark/java_c++/test.cpp:332:30: note:   deduced conflicting types for parameter ‘const _Tp’ (‘long int’ and ‘long long int’)
  332 |             maxSum = std::max(maxSum, possibleMax);
      |                      ~~~~~~~~^~~~~~~~~~~~~~~~~~~~~
In file included from /usr/include/c++/11/string:52,
                 from /home/ubuntu/test_codellm/unit_tests/spark/java_c++/test.cpp:1:
/usr/include/c++/11/bits/stl_algo.h:3461:5: note: candidate: ‘template<class _Tp> constexpr _Tp std::max(std::initializer_list<_Tp>)’
 3461 |     max(initializer_list<_Tp> __l)
      |     ^~~
/usr/include/c++/11/bits/stl_algo.h:3461:5: note:   template argument deduction/substitution failed:
/home/ubuntu/test_codellm/unit_tests/spark/java_c++/test.cpp:332:30: note:   mismatched types ‘std::initializer_list<_Tp>’ and ‘long int’
  332 |             maxSum = std::max(maxSum, possibleMax);
      |                      ~~~~~~~~^~~~~~~~~~~~~~~~~~~~~
In file included from /usr/include/c++/11/string:52,
                 from /home/ubuntu/test_codellm/unit_tests/spark/java_c++/test.cpp:1:
/usr/include/c++/11/bits/stl_algo.h:3467:5: note: candidate: ‘template<class _Tp, class _Compare> constexpr _Tp std::max(std::initializer_list<_Tp>, _Compare)’
 3467 |     max(initializer_list<_Tp> __l, _Compare __comp)
      |     ^~~
/usr/include/c++/11/bits/stl_algo.h:3467:5: note:   template argument deduction/substitution failed:
/home/ubuntu/test_codellm/unit_tests/spark/java_c++/test.cpp:332:30: note:   mismatched types ‘std::initializer_list<_Tp>’ and ‘long int’
  332 |             maxSum = std::max(maxSum, possibleMax);
      |                      ~~~~~~~~^~~~~~~~~~~~~~~~~~~~~
/home/ubuntu/test_codellm/unit_tests/spark/java_c++/test.cpp: In member function ‘void Test::Start()’:
/home/ubuntu/test_codellm/unit_tests/spark/java_c++/test.cpp:377:40: error: cannot convert ‘vector<long int>’ to ‘vector<long long int>’
  377 |                 return_data = testfunc(data1, data2);
      |                                        ^~~~~
      |                                        |
      |                                        vector<long int>
/home/ubuntu/test_codellm/unit_tests/spark/java_c++/test.cpp:322:38: note:   initializing argument 1 of ‘long int Test::testfunc(std::vector<long long int>, long long int)’
  322 | long testfunc(std::vector<long long> a, long long m) {
      |               ~~~~~~~~~~~~~~~~~~~~~~~^
2023-12-07 15:49:29 INFO Command '['g++', '-O0', '-std=c++20', '/home/ubuntu/test_codellm/unit_tests/spark/java_c++/test.cpp', '-o', '/home/ubuntu/test_codellm/unit_tests/spark/java_c++/out.o']' returned non-zero exit status 1.
2023-12-07 15:49:29 INFO Compilation Failed!
2023-12-07 15:49:29 INFO run_output: b''


2023-12-07 15:49:29 INFO Running task: 62_0...
2023-12-07 15:49:31 INFO Test Passed!


2023-12-07 15:49:31 INFO Running task: 63_0...
2023-12-07 15:49:33 INFO Test Passed!


2023-12-07 15:49:33 INFO Running task: 64_0...
2023-12-07 15:49:34 INFO Test Passed!


2023-12-07 15:49:34 INFO Running task: 65_0...
2023-12-07 15:49:36 INFO Test Passed!


2023-12-07 15:49:36 INFO Running task: 66_0...
2023-12-07 15:49:38 INFO Test Passed!


2023-12-07 15:49:38 INFO Running task: 67_0...
/home/ubuntu/test_codellm/unit_tests/spark/java_c++/test.cpp: In member function ‘int Test::testfunc(std::vector<long int>)’:
/home/ubuntu/test_codellm/unit_tests/spark/java_c++/test.cpp:333:12: error: ‘_cast’ was not declared in this scope
  333 |     return _cast<int>(min);
      |            ^~~~~~~~~~
2023-12-07 15:49:39 INFO Command '['g++', '-O0', '-std=c++20', '/home/ubuntu/test_codellm/unit_tests/spark/java_c++/test.cpp', '-o', '/home/ubuntu/test_codellm/unit_tests/spark/java_c++/out.o']' returned non-zero exit status 1.
2023-12-07 15:49:39 INFO Compilation Failed!
2023-12-07 15:49:39 INFO run_output: b''


2023-12-07 15:49:39 INFO Running task: 68_0...
/home/ubuntu/test_codellm/unit_tests/spark/java_c++/test.cpp: In member function ‘std::string Test::testfunc(int)’:
/home/ubuntu/test_codellm/unit_tests/spark/java_c++/test.cpp:330:37: error: invalid operands of types ‘const char [3]’ and ‘const char [5]’ to binary ‘operator+’
  330 |     return (leapYear ? "12" : "13") + ".09." + std::to_string(year);
      |            ~~~~~~~~~~~~~~~~~~~~~~~~ ^ ~~~~~~
      |                      |                |
      |                      const char [3]   const char [5]
2023-12-07 15:49:40 INFO Command '['g++', '-O0', '-std=c++20', '/home/ubuntu/test_codellm/unit_tests/spark/java_c++/test.cpp', '-o', '/home/ubuntu/test_codellm/unit_tests/spark/java_c++/out.o']' returned non-zero exit status 1.
2023-12-07 15:49:40 INFO Compilation Failed!
2023-12-07 15:49:40 INFO run_output: b''


2023-12-07 15:49:40 INFO Running task: 69_0...
2023-12-07 15:49:44 INFO Test Passed!


2023-12-07 15:49:44 INFO Running task: 70_0...
2023-12-07 15:49:46 INFO Test Passed!


2023-12-07 15:49:46 INFO Running task: 71_0...
2023-12-07 15:49:48 INFO Test Passed!


2023-12-07 15:49:48 INFO Running task: 72_0...
2023-12-07 15:49:49 INFO Test Passed!


2023-12-07 15:49:49 INFO Running task: 73_0...
2023-12-07 15:49:51 INFO Test Passed!


2023-12-07 15:49:51 INFO Running task: 74_0...
2023-12-07 15:49:53 INFO Test Failed!
2023-12-07 15:49:53 INFO run_output: b'[3,4] [3,4,6,12]\nTestcase No.1 Failed!\n[1,2] [1,2,4]\nTestcase No.2 Failed!\n[7] [7,14]\nTestcase No.3 Failed!\n[1232,2464,3696,4928,7392,8624,9856,13552,14784,17248,25872,27104,29568,34496,40656,51744,54208,60368,68992,81312,94864,103488,108416,120736,162624,181104,189728,206976,241472,284592,325248,362208,379456,482944,569184,664048,724416,758912,1138368,1328096,1448832,1992144,2276736,2656192,3984288,5312384,7968576] [1232,2464,3696,4928,7392,8624,9856,13552,14784,17248,25872,27104,29568,34496,40656,51744,54208,60368,68992,81312,94864,103488,108416,120736,162624,181104,189728,206976,241472,284592,325248,362208,379456,482944,569184,664048,724416,758912,1138368,1328096,1448832,1992144,2276736,2656192,3984288,5312384,7968576,15937152]\nTestcase No.4 Failed!\n[10000,20000,40000,50000,80000,100000,160000,200000,250000,320000,400000,500000,800000,1000000,1250000,1600000,2000000,2500000,4000000,5000000,6250000,8000000,10000000,12500000,20000000,25000000,31250000,40000000,50000000,62500000,100000000,125000000,200000000,250000000,500000000] [10000,20000,40000,50000,80000,100000,160000,200000,250000,320000,400000,500000,800000,1000000,1250000,1600000,2000000,2500000,4000000,5000000,6250000,8000000,10000000,12500000,20000000,25000000,31250000,40000000,50000000,62500000,100000000,125000000,200000000,250000000,500000000,1000000000]\nTestcase No.5 Failed!\nPassed 0/5 tests\nTest Failed!\n'


2023-12-07 15:49:53 INFO Running task: 75_0...
2023-12-07 15:49:55 INFO Test Passed!


2023-12-07 15:49:55 INFO Running task: 76_0...
2023-12-07 15:49:56 INFO Test Passed!


2023-12-07 15:49:56 INFO Running task: 77_0...
2023-12-07 15:49:58 INFO Test Passed!


2023-12-07 15:49:58 INFO Running task: 78_0...
2023-12-07 15:50:00 INFO Test Passed!


2023-12-07 15:50:00 INFO Running task: 79_0...
2023-12-07 15:50:02 INFO Test Passed!


2023-12-07 15:50:02 INFO Running task: 80_0...
2023-12-07 15:50:03 INFO Test Passed!


2023-12-07 15:50:03 INFO Running task: 81_0...
/home/ubuntu/test_codellm/unit_tests/spark/java_c++/test.cpp: In member function ‘std::vector<long long int> Test::testfunc(int, int, std::vector<std::vector<int> >)’:
/home/ubuntu/test_codellm/unit_tests/spark/java_c++/test.cpp:324:21: error: ‘_cast’ was not declared in this scope
  324 |     long long sum = _cast<long long>(m - 1) * (n - 1);
      |                     ^~~~~~~~~~~~~~~~
/home/ubuntu/test_codellm/unit_tests/spark/java_c++/test.cpp:328:25: error: expected primary-expression before ‘long’
  328 |         st.insert(_cast<long long>(coordinates[i][0]) * n + coordinates[i][1]);
      |                         ^~~~
2023-12-07 15:50:05 INFO Command '['g++', '-O0', '-std=c++20', '/home/ubuntu/test_codellm/unit_tests/spark/java_c++/test.cpp', '-o', '/home/ubuntu/test_codellm/unit_tests/spark/java_c++/out.o']' returned non-zero exit status 1.
2023-12-07 15:50:05 INFO Compilation Failed!
2023-12-07 15:50:05 INFO run_output: b''


2023-12-07 15:50:05 INFO Running task: 82_0...
2023-12-07 15:50:06 INFO Test Passed!


2023-12-07 15:50:06 INFO Running task: 83_0...
2023-12-07 15:50:08 INFO Test Passed!


2023-12-07 15:50:08 INFO Running task: 84_0...
2023-12-07 15:50:10 INFO Test Passed!


2023-12-07 15:50:10 INFO Running task: 85_0...
/home/ubuntu/test_codellm/unit_tests/spark/java_c++/test.cpp: In member function ‘int Test::testfunc(std::vector<std::__cxx11::basic_string<char> >)’:
/home/ubuntu/test_codellm/unit_tests/spark/java_c++/test.cpp:329:55: error: ‘_cast’ was not declared in this scope
  329 |         res = std::max(res, isDigits ? std::stoi(s) : _cast<int>(s.length()));
      |                                                       ^~~~~~~~~~
2023-12-07 15:50:11 INFO Command '['g++', '-O0', '-std=c++20', '/home/ubuntu/test_codellm/unit_tests/spark/java_c++/test.cpp', '-o', '/home/ubuntu/test_codellm/unit_tests/spark/java_c++/out.o']' returned non-zero exit status 1.
2023-12-07 15:50:11 INFO Compilation Failed!
2023-12-07 15:50:11 INFO run_output: b''


2023-12-07 15:50:11 INFO Running task: 86_0...
2023-12-07 15:50:13 INFO Test Passed!


2023-12-07 15:50:13 INFO Running task: 87_0...
2023-12-07 15:50:16 INFO Command '['/home/ubuntu/test_codellm/unit_tests/spark/java_c++/out.o']' died with <Signals.SIGSEGV: 11>.
2023-12-07 15:50:16 INFO Compilation Failed!
2023-12-07 15:50:16 INFO run_output: b'[1,1] [1,2]\nTestcase No.1 Failed!\n[1,1] [0,1]\nTestcase No.2 Failed!\n'


2023-12-07 15:50:16 INFO Running task: 88_0...
2023-12-07 15:50:18 INFO Test Passed!


2023-12-07 15:50:18 INFO Running task: 89_0...
2023-12-07 15:50:20 INFO Test Passed!


2023-12-07 15:50:20 INFO Running task: 90_0...
2023-12-07 15:50:22 INFO Test Passed!


2023-12-07 15:50:22 INFO Running task: 91_0...
2023-12-07 15:50:24 INFO Test Passed!


2023-12-07 15:50:24 INFO Running task: 92_0...
2023-12-07 15:50:26 INFO Test Passed!


2023-12-07 15:50:26 INFO Running task: 93_0...
2023-12-07 15:50:28 INFO Test Passed!


2023-12-07 15:50:28 INFO Running task: 94_0...
2023-12-07 15:50:29 INFO Test Passed!


2023-12-07 15:50:29 INFO Running task: 95_0...
2023-12-07 15:50:31 INFO Test Passed!


2023-12-07 15:50:31 INFO Running task: 96_0...
2023-12-07 15:50:33 INFO Test Passed!


2023-12-07 15:50:33 INFO Running task: 97_0...
2023-12-07 15:50:34 INFO Test Passed!


2023-12-07 15:50:34 INFO Running task: 98_0...
2023-12-07 15:50:36 INFO Test Failed!
2023-12-07 15:50:36 INFO run_output: b'false false\nfalse true\nTestcase No.2 Failed!\nfalse false\nfalse false\nfalse true\nTestcase No.5 Failed!\nPassed 3/5 tests\nTest Failed!\n'


2023-12-07 15:50:36 INFO Running task: 99_0...
2023-12-07 15:50:38 INFO Test Passed!


2023-12-07 15:50:38 INFO Running task: 100_0...
2023-12-07 15:50:40 INFO Test Passed!


2023-12-07 15:50:40 INFO [[1], [1], [1], [1], [1], [1], [1], [1], [1], [3], [1], [1], [1], [1], [1], [1], [3], [3], [1], [1], [1], [3], [1], [1], [2], [1], [1], [1], [1], [1], [1], [1], [1], [2], [2], [1], [1], [1], [1], [1], [1], [3], [1], [1], [1], [1], [1], [1], [1], [1], [3], [1], [1], [1], [1], [1], [1], [1], [1], [2], [3], [1], [1], [1], [1], [1], [3], [3], [1], [1], [1], [1], [1], [2], [1], [1], [1], [1], [1], [1], [3], [1], [1], [1], [3], [1], [3], [1], [1], [1], [1], [1], [1], [1], [1], [1], [1], [2], [1], [1]]
