2023-12-12 10:39:27 INFO Running task: 1_0...
2023-12-12 10:39:28 INFO Test Passed!


2023-12-12 10:39:28 INFO Running task: 2_0...
2023-12-12 10:39:29 INFO Test Passed!


2023-12-12 10:39:29 INFO Running task: 3_0...
2023-12-12 10:39:30 INFO Test Passed!


2023-12-12 10:39:30 INFO Running task: 4_0...
2023-12-12 10:39:31 INFO Compilation Failed!
2023-12-12 10:39:31 INFO run_output: b"/home/ubuntu/test_codellm/unit_tests/spark/c++_java/test.java:222: error: bad operand types for binary operator '+'\n        ans += s.charAt(i) != s.charAt(i + 1);\n            ^\n  first type:  int\n  second type: boolean\n1 error\nerror: compilation failed\n"


2023-12-12 10:39:31 INFO Running task: 5_0...
2023-12-12 10:39:31 INFO Test Passed!


2023-12-12 10:39:31 INFO Running task: 6_0...
2023-12-12 10:39:32 INFO Test Passed!


2023-12-12 10:39:32 INFO Running task: 7_0...
2023-12-12 10:39:33 INFO Test Passed!


2023-12-12 10:39:33 INFO Running task: 8_0...
2023-12-12 10:39:34 INFO Test Passed!


2023-12-12 10:39:34 INFO Running task: 9_0...
2023-12-12 10:39:35 INFO Test Passed!


2023-12-12 10:39:35 INFO Running task: 10_0...
2023-12-12 10:39:36 INFO Compilation Failed!
2023-12-12 10:39:36 INFO run_output: b"/home/ubuntu/test_codellm/unit_tests/spark/c++_java/test.java:222: error: bad operand types for binary operator '+'\n        t += s.charAt(i - 1) >= s.charAt(i);\n          ^\n  first type:  int\n  second type: boolean\n1 error\nerror: compilation failed\n"


2023-12-12 10:39:36 INFO Running task: 11_0...
2023-12-12 10:39:37 INFO Test Passed!


2023-12-12 10:39:37 INFO Running task: 12_0...
2023-12-12 10:39:38 INFO Test Passed!


2023-12-12 10:39:38 INFO Running task: 13_0...
2023-12-12 10:39:39 INFO Test Passed!


2023-12-12 10:39:39 INFO Running task: 14_0...
2023-12-12 10:39:40 INFO Test Passed!


2023-12-12 10:39:40 INFO Running task: 15_0...
2023-12-12 10:39:40 INFO Test Passed!


2023-12-12 10:39:40 INFO Running task: 16_0...
2023-12-12 10:39:41 INFO Compilation Failed!
2023-12-12 10:39:41 INFO run_output: b'/home/ubuntu/test_codellm/unit_tests/spark/c++_java/test.java:237: error: incompatible types: possible lossy conversion from long to int\n    return ans == Integer.MAX_VALUE ? -1 : ans + target / total * n;\n                                    ^\n1 error\nerror: compilation failed\n'


2023-12-12 10:39:41 INFO Running task: 17_0...
2023-12-12 10:39:42 INFO Test Passed!


2023-12-12 10:39:42 INFO Running task: 18_0...
2023-12-12 10:39:43 INFO Test Passed!


2023-12-12 10:39:43 INFO Running task: 19_0...
2023-12-12 10:39:44 INFO Test Passed!


2023-12-12 10:39:44 INFO Running task: 20_0...
2023-12-12 10:39:45 INFO Test Passed!


2023-12-12 10:39:45 INFO Running task: 21_0...
2023-12-12 10:39:46 INFO Test Passed!


2023-12-12 10:39:46 INFO Running task: 22_0...
2023-12-12 10:39:47 INFO Compilation Failed!
2023-12-12 10:39:47 INFO run_output: b'/home/ubuntu/test_codellm/unit_tests/spark/c++_java/test.java:223: error: cannot find symbol\n        BiFunction<Long, Long, Boolean> check = (num) -> {\n        ^\n  symbol:   class BiFunction\n  location: class Test\n/home/ubuntu/test_codellm/unit_tests/spark/c++_java/test.java:238: error: unexpected type\n            (check.apply(mid) ? left : right) = mid;\n                              ^\n  required: variable\n  found:    value\nNote: /home/ubuntu/test_codellm/unit_tests/spark/c++_java/test.java uses unchecked or unsafe operations.\nNote: Recompile with -Xlint:unchecked for details.\n2 errors\nerror: compilation failed\n'


2023-12-12 10:39:47 INFO Running task: 23_0...
2023-12-12 10:39:47 INFO Test Passed!


2023-12-12 10:39:47 INFO Running task: 24_0...
2023-12-12 10:39:48 INFO Test Passed!


2023-12-12 10:39:48 INFO Running task: 25_0...
2023-12-12 10:39:49 INFO Test Passed!


2023-12-12 10:39:49 INFO Running task: 26_0...
2023-12-12 10:39:50 INFO Test Passed!


2023-12-12 10:39:50 INFO Running task: 27_0...
2023-12-12 10:39:51 INFO Test Passed!


2023-12-12 10:39:51 INFO Running task: 28_0...
2023-12-12 10:39:52 INFO Compilation Failed!
2023-12-12 10:39:52 INFO run_output: b"/home/ubuntu/test_codellm/unit_tests/spark/c++_java/test.java:228: error: bad operand types for binary operator '+'\n        ans += s > 0;\n            ^\n  first type:  int\n  second type: boolean\nNote: /home/ubuntu/test_codellm/unit_tests/spark/c++_java/test.java uses unchecked or unsafe operations.\nNote: Recompile with -Xlint:unchecked for details.\n1 error\nerror: compilation failed\n"


2023-12-12 10:39:52 INFO Running task: 29_0...
2023-12-12 10:39:53 INFO Test Passed!


2023-12-12 10:39:53 INFO Running task: 30_0...
2023-12-12 10:39:54 INFO Runtime Failed!
2023-12-12 10:39:54 INFO run_output: b'Note: /home/ubuntu/test_codellm/unit_tests/spark/c++_java/test.java uses unchecked or unsafe operations.\nNote: Recompile with -Xlint:unchecked for details.\njava.lang.IndexOutOfBoundsException: Index 0 out of bounds for length 0\n\tat java.base/jdk.internal.util.Preconditions.outOfBounds(Preconditions.java:64)\n\tat java.base/jdk.internal.util.Preconditions.outOfBoundsCheckIndex(Preconditions.java:70)\n\tat java.base/jdk.internal.util.Preconditions.checkIndex(Preconditions.java:266)\n\tat java.base/java.util.Objects.checkIndex(Objects.java:361)\n\tat java.base/java.util.ArrayList.get(ArrayList.java:427)\n\tat Test.testfunc(test.java:224)\n\tat Test.start(test.java:276)\n\tat Test.main(test.java:297)\n\tat java.base/jdk.internal.reflect.NativeMethodAccessorImpl.invoke0(Native Method)\n\tat java.base/jdk.internal.reflect.NativeMethodAccessorImpl.invoke(NativeMethodAccessorImpl.java:77)\n\tat java.base/jdk.internal.reflect.DelegatingMethodAccessorImpl.invoke(DelegatingMethodAccessorImpl.java:43)\n\tat java.base/java.lang.reflect.Method.invoke(Method.java:568)\n\tat jdk.compiler/com.sun.tools.javac.launcher.Main.execute(Main.java:419)\n\tat jdk.compiler/com.sun.tools.javac.launcher.Main.run(Main.java:192)\n\tat jdk.compiler/com.sun.tools.javac.launcher.Main.main(Main.java:132)\njava.lang.IndexOutOfBoundsException: Index 0 out of bounds for length 0\n\tat java.base/jdk.internal.util.Preconditions.outOfBounds(Preconditions.java:64)\n\tat java.base/jdk.internal.util.Preconditions.outOfBoundsCheckIndex(Preconditions.java:70)\n\tat java.base/jdk.internal.util.Preconditions.checkIndex(Preconditions.java:266)\n\tat java.base/java.util.Objects.checkIndex(Objects.java:361)\n\tat java.base/java.util.ArrayList.get(ArrayList.java:427)\n\tat Test.testfunc(test.java:224)\n\tat Test.start(test.java:276)\n\tat Test.main(test.java:297)\n\tat java.base/jdk.internal.reflect.NativeMethodAccessorImpl.invoke0(Native Method)\n\tat java.base/jdk.internal.reflect.NativeMethodAccessorImpl.invoke(NativeMethodAccessorImpl.java:77)\n\tat java.base/jdk.internal.reflect.DelegatingMethodAccessorImpl.invoke(DelegatingMethodAccessorImpl.java:43)\n\tat java.base/java.lang.reflect.Method.invoke(Method.java:568)\n\tat jdk.compiler/com.sun.tools.javac.launcher.Main.execute(Main.java:419)\n\tat jdk.compiler/com.sun.tools.javac.launcher.Main.run(Main.java:192)\n\tat jdk.compiler/com.sun.tools.javac.launcher.Main.main(Main.java:132)\njava.lang.IndexOutOfBoundsException: Index 0 out of bounds for length 0\n\tat java.base/jdk.internal.util.Preconditions.outOfBounds(Preconditions.java:64)\n\tat java.base/jdk.internal.util.Preconditions.outOfBoundsCheckIndex(Preconditions.java:70)\n\tat java.base/jdk.internal.util.Preconditions.checkIndex(Preconditions.java:266)\n\tat java.base/java.util.Objects.checkIndex(Objects.java:361)\n\tat java.base/java.util.ArrayList.get(ArrayList.java:427)\n\tat Test.testfunc(test.java:224)\n\tat Test.start(test.java:276)\n\tat Test.main(test.java:297)\n\tat java.base/jdk.internal.reflect.NativeMethodAccessorImpl.invoke0(Native Method)\n\tat java.base/jdk.internal.reflect.NativeMethodAccessorImpl.invoke(NativeMethodAccessorImpl.java:77)\n\tat java.base/jdk.internal.reflect.DelegatingMethodAccessorImpl.invoke(DelegatingMethodAccessorImpl.java:43)\n\tat java.base/java.lang.reflect.Method.invoke(Method.java:568)\n\tat jdk.compiler/com.sun.tools.javac.launcher.Main.execute(Main.java:419)\n\tat jdk.compiler/com.sun.tools.javac.launcher.Main.run(Main.java:192)\n\tat jdk.compiler/com.sun.tools.javac.launcher.Main.main(Main.java:132)\njava.lang.IndexOutOfBoundsException: Index 0 out of bounds for length 0\n\tat java.base/jdk.internal.util.Preconditions.outOfBounds(Preconditions.java:64)\n\tat java.base/jdk.internal.util.Preconditions.outOfBoundsCheckIndex(Preconditions.java:70)\n\tat java.base/jdk.internal.util.Preconditions.checkIndex(Preconditions.java:266)\n\tat java.base/java.util.Objects.checkIndex(Objects.java:361)\n\tat java.base/java.util.ArrayList.get(ArrayList.java:427)\n\tat Test.testfunc(test.java:224)\n\tat Test.start(test.java:276)\n\tat Test.main(test.java:297)\n\tat java.base/jdk.internal.reflect.NativeMethodAccessorImpl.invoke0(Native Method)\n\tat java.base/jdk.internal.reflect.NativeMethodAccessorImpl.invoke(NativeMethodAccessorImpl.java:77)\n\tat java.base/jdk.internal.reflect.DelegatingMethodAccessorImpl.invoke(DelegatingMethodAccessorImpl.java:43)\n\tat java.base/java.lang.reflect.Method.invoke(Method.java:568)\n\tat jdk.compiler/com.sun.tools.javac.launcher.Main.execute(Main.java:419)\n\tat jdk.compiler/com.sun.tools.javac.launcher.Main.run(Main.java:192)\n\tat jdk.compiler/com.sun.tools.javac.launcher.Main.main(Main.java:132)\njava.lang.IndexOutOfBoundsException: Index 0 out of bounds for length 0\n\tat java.base/jdk.internal.util.Preconditions.outOfBounds(Preconditions.java:64)\n\tat java.base/jdk.internal.util.Preconditions.outOfBoundsCheckIndex(Preconditions.java:70)\n\tat java.base/jdk.internal.util.Preconditions.checkIndex(Preconditions.java:266)\n\tat java.base/java.util.Objects.checkIndex(Objects.java:361)\n\tat java.base/java.util.ArrayList.get(ArrayList.java:427)\n\tat Test.testfunc(test.java:224)\n\tat Test.start(test.java:276)\n\tat Test.main(test.java:297)\n\tat java.base/jdk.internal.reflect.NativeMethodAccessorImpl.invoke0(Native Method)\n\tat java.base/jdk.internal.reflect.NativeMethodAccessorImpl.invoke(NativeMethodAccessorImpl.java:77)\n\tat java.base/jdk.internal.reflect.DelegatingMethodAccessorImpl.invoke(DelegatingMethodAccessorImpl.java:43)\n\tat java.base/java.lang.reflect.Method.invoke(Method.java:568)\n\tat jdk.compiler/com.sun.tools.javac.launcher.Main.execute(Main.java:419)\n\tat jdk.compiler/com.sun.tools.javac.launcher.Main.run(Main.java:192)\n\tat jdk.compiler/com.sun.tools.javac.launcher.Main.main(Main.java:132)\nPassed 0 / 5 testcases!\nTest Failed!\n'


2023-12-12 10:39:54 INFO Running task: 31_0...
2023-12-12 10:39:55 INFO Compilation Failed!
2023-12-12 10:39:55 INFO run_output: b'/home/ubuntu/test_codellm/unit_tests/spark/c++_java/test.java:222: error: no suitable method found for min(int,int,int,int,int)\n    return Math.min(f("00", num), f("25", num), f("50", num), f("75", num), zero);\n               ^\n    method Math.min(int,int) is not applicable\n      (actual and formal argument lists differ in length)\n    method Math.min(long,long) is not applicable\n      (actual and formal argument lists differ in length)\n    method Math.min(float,float) is not applicable\n      (actual and formal argument lists differ in length)\n    method Math.min(double,double) is not applicable\n      (actual and formal argument lists differ in length)\n1 error\nerror: compilation failed\n'


2023-12-12 10:39:55 INFO Running task: 32_0...
2023-12-12 10:39:56 INFO Test Passed!


2023-12-12 10:39:56 INFO Running task: 33_0...
2023-12-12 10:39:56 INFO Test Passed!


2023-12-12 10:39:56 INFO Running task: 34_0...
2023-12-12 10:39:57 INFO Test Passed!


2023-12-12 10:39:57 INFO Running task: 35_0...
2023-12-12 10:39:58 INFO Test Passed!


2023-12-12 10:39:58 INFO Running task: 36_0...
2023-12-12 10:39:59 INFO Test Passed!


2023-12-12 10:39:59 INFO Running task: 37_0...
2023-12-12 10:40:00 INFO Test Passed!


2023-12-12 10:40:00 INFO Running task: 38_0...
2023-12-12 10:40:01 INFO Test Passed!


2023-12-12 10:40:01 INFO Running task: 39_0...
2023-12-12 10:40:02 INFO Test Passed!


2023-12-12 10:40:02 INFO Running task: 40_0...
2023-12-12 10:40:02 INFO Test Passed!


2023-12-12 10:40:02 INFO Running task: 41_0...
2023-12-12 10:40:03 INFO Test Passed!


2023-12-12 10:40:03 INFO Running task: 42_0...
2023-12-12 10:40:04 INFO Compilation Failed!
2023-12-12 10:40:04 INFO run_output: b'/home/ubuntu/test_codellm/unit_tests/spark/c++_java/test.java:226: error: cannot find symbol\n            Integer it = s.lower(y);\n                          ^\n  symbol:   method lower(int)\n  location: variable s of type Set<Integer>\n/home/ubuntu/test_codellm/unit_tests/spark/c++_java/test.java:228: error: cannot find symbol\n                ans = Math.min(ans, Math.min(Math.abs(y - it), Math.abs(y - s.higher(it))));\n                                                                             ^\n  symbol:   method higher(Integer)\n  location: variable s of type Set<Integer>\nNote: /home/ubuntu/test_codellm/unit_tests/spark/c++_java/test.java uses unchecked or unsafe operations.\nNote: Recompile with -Xlint:unchecked for details.\n2 errors\nerror: compilation failed\n'


2023-12-12 10:40:04 INFO Running task: 43_0...
2023-12-12 10:40:05 INFO Test Passed!


2023-12-12 10:40:05 INFO Running task: 44_0...
2023-12-12 10:40:06 INFO Test Failed!
2023-12-12 10:40:06 INFO run_output: b'0 88\nTestcase No.1 Failed!\n0 -1\nTestcase No.2 Failed!\n0 19904\nTestcase No.3 Failed!\n0 19800\nTestcase No.4 Failed!\n0 16961\nTestcase No.5 Failed!\nPassed 0 / 5 testcases!\nTest Failed!\n'


2023-12-12 10:40:06 INFO Running task: 45_0...
2023-12-12 10:40:07 INFO Compilation Failed!
2023-12-12 10:40:07 INFO run_output: b'/home/ubuntu/test_codellm/unit_tests/spark/c++_java/test.java:227: error: no suitable constructor found for String(Deque<Character>)\n        return tail ? new String(q) : new StringBuilder(q).reverse().toString();\n                      ^\n    constructor String.String() is not applicable\n      (actual and formal argument lists differ in length)\n    constructor String.String(String) is not applicable\n      (argument mismatch; Deque<Character> cannot be converted to String)\n    constructor String.String(char[]) is not applicable\n      (argument mismatch; Deque<Character> cannot be converted to char[])\n    constructor String.String(char[],int,int) is not applicable\n      (actual and formal argument lists differ in length)\n    constructor String.String(int[],int,int) is not applicable\n      (actual and formal argument lists differ in length)\n    constructor String.String(byte[],int,int,int) is not applicable\n      (actual and formal argument lists differ in length)\n    constructor String.String(byte[],int) is not applicable\n      (actual and formal argument lists differ in length)\n    constructor String.String(byte[],int,int,String) is not applicable\n      (actual and formal argument lists differ in length)\n    constructor String.String(byte[],int,int,Charset) is not applicable\n      (actual and formal argument lists differ in length)\n    constructor String.String(byte[],String) is not applicable\n      (actual and formal argument lists differ in length)\n    constructor String.String(byte[],Charset) is not applicable\n      (actual and formal argument lists differ in length)\n    constructor String.String(byte[],int,int) is not applicable\n      (actual and formal argument lists differ in length)\n    constructor String.String(byte[]) is not applicable\n      (argument mismatch; Deque<Character> cannot be converted to byte[])\n    constructor String.String(StringBuffer) is not applicable\n      (argument mismatch; Deque<Character> cannot be converted to StringBuffer)\n    constructor String.String(StringBuilder) is not applicable\n      (argument mismatch; Deque<Character> cannot be converted to StringBuilder)\n    constructor String.String(char[],int,int,Void) is not applicable\n      (actual and formal argument lists differ in length)\n    constructor String.String(AbstractStringBuilder,Void) is not applicable\n      (actual and formal argument lists differ in length)\n    constructor String.String(byte[],byte) is not applicable\n      (actual and formal argument lists differ in length)\n/home/ubuntu/test_codellm/unit_tests/spark/c++_java/test.java:227: error: no suitable constructor found for StringBuilder(Deque<Character>)\n        return tail ? new String(q) : new StringBuilder(q).reverse().toString();\n                                      ^\n    constructor StringBuilder.StringBuilder() is not applicable\n      (actual and formal argument lists differ in length)\n    constructor StringBuilder.StringBuilder(int) is not applicable\n      (argument mismatch; Deque<Character> cannot be converted to int)\n    constructor StringBuilder.StringBuilder(String) is not applicable\n      (argument mismatch; Deque<Character> cannot be converted to String)\n    constructor StringBuilder.StringBuilder(CharSequence) is not applicable\n      (argument mismatch; Deque<Character> cannot be converted to CharSequence)\n2 errors\nerror: compilation failed\n'


2023-12-12 10:40:07 INFO Running task: 46_0...
2023-12-12 10:40:07 INFO Test Passed!


2023-12-12 10:40:07 INFO Running task: 47_0...
2023-12-12 10:40:08 INFO Test Passed!


2023-12-12 10:40:08 INFO Running task: 48_0...
2023-12-12 10:40:09 INFO Test Passed!


2023-12-12 10:40:09 INFO Running task: 49_0...
2023-12-12 10:40:10 INFO Compilation Failed!
2023-12-12 10:40:10 INFO run_output: b"/home/ubuntu/test_codellm/unit_tests/spark/c++_java/test.java:222: error: bad operand types for binary operator '+'\n        ans += h >= target;\n            ^\n  first type:  int\n  second type: boolean\n1 error\nerror: compilation failed\n"


2023-12-12 10:40:10 INFO Running task: 50_0...
2023-12-12 10:40:11 INFO Compilation Failed!
2023-12-12 10:40:11 INFO run_output: b'/home/ubuntu/test_codellm/unit_tests/spark/c++_java/test.java:221: error: cannot find symbol\n        Consumer<String> func = str -> {\n        ^\n  symbol:   class Consumer\n  location: class Test\nNote: /home/ubuntu/test_codellm/unit_tests/spark/c++_java/test.java uses unchecked or unsafe operations.\nNote: Recompile with -Xlint:unchecked for details.\n1 error\nerror: compilation failed\n'


2023-12-12 10:40:11 INFO Running task: 51_0...
2023-12-12 10:40:12 INFO Test Passed!


2023-12-12 10:40:12 INFO Running task: 52_0...
2023-12-12 10:40:13 INFO Test Passed!


2023-12-12 10:40:13 INFO Running task: 53_0...
2023-12-12 10:40:13 INFO Test Failed!
2023-12-12 10:40:13 INFO run_output: b'4 4\n85264 85264\n78818884 78818884\n752253184 20752136\nTestcase No.4 Failed!\n660384893 136582381\nTestcase No.5 Failed!\nPassed 3 / 5 testcases!\nTest Failed!\n'


2023-12-12 10:40:13 INFO Running task: 54_0...
2023-12-12 10:40:14 INFO Test Passed!


2023-12-12 10:40:14 INFO Running task: 55_0...
2023-12-12 10:40:16 INFO Test Passed!


2023-12-12 10:40:16 INFO Running task: 56_0...
2023-12-12 10:40:18 INFO Test Passed!


2023-12-12 10:40:18 INFO Running task: 57_0...
2023-12-12 10:40:18 INFO Test Passed!


2023-12-12 10:40:18 INFO Running task: 58_0...
2023-12-12 10:40:19 INFO Compilation Failed!
2023-12-12 10:40:19 INFO run_output: b'/home/ubuntu/test_codellm/unit_tests/spark/c++_java/test.java:221: error: incompatible types: int cannot be converted to boolean\n        return root.val;\n                   ^\n1 error\nerror: compilation failed\n'


2023-12-12 10:40:19 INFO Running task: 59_0...
2023-12-12 10:40:21 INFO Test Passed!


2023-12-12 10:40:21 INFO Running task: 60_0...
2023-12-12 10:40:22 INFO Test Passed!


2023-12-12 10:40:22 INFO Running task: 61_0...
2023-12-12 10:40:23 INFO Test Passed!


2023-12-12 10:40:23 INFO Running task: 62_0...
2023-12-12 10:40:24 INFO Test Failed!
2023-12-12 10:40:24 INFO run_output: b'Note: /home/ubuntu/test_codellm/unit_tests/spark/c++_java/test.java uses unchecked or unsafe operations.\nNote: Recompile with -Xlint:unchecked for details.\n11 1\nTestcase No.1 Failed!\n14 4\nTestcase No.2 Failed!\n12 0\nTestcase No.3 Failed!\n24 21\nTestcase No.4 Failed!\n20 16\nTestcase No.5 Failed!\nPassed 0 / 5 testcases!\nTest Failed!\n'


2023-12-12 10:40:24 INFO Running task: 63_0...
2023-12-12 10:40:25 INFO Test Passed!


2023-12-12 10:40:25 INFO Running task: 64_0...
2023-12-12 10:40:26 INFO Test Passed!


2023-12-12 10:40:26 INFO Running task: 65_0...
2023-12-12 10:40:26 INFO Test Passed!


2023-12-12 10:40:26 INFO Running task: 66_0...
2023-12-12 10:40:27 INFO Test Passed!


2023-12-12 10:40:27 INFO Running task: 67_0...
2023-12-12 10:40:28 INFO Test Passed!


2023-12-12 10:40:28 INFO Running task: 68_0...
2023-12-12 10:40:29 INFO Test Passed!


2023-12-12 10:40:29 INFO Running task: 69_0...
2023-12-12 10:40:31 INFO Test Passed!


2023-12-12 10:40:31 INFO Running task: 70_0...
2023-12-12 10:40:32 INFO Test Passed!


2023-12-12 10:40:32 INFO Running task: 71_0...
2023-12-12 10:40:33 INFO Compilation Failed!
2023-12-12 10:40:33 INFO run_output: b"/home/ubuntu/test_codellm/unit_tests/spark/c++_java/test.java:250: error: bad operand types for binary operator '&&'\n            if (deg[i] == 1 && coins[i]) {\n                            ^\n  first type:  boolean\n  second type: int\n1 error\nerror: compilation failed\n"


2023-12-12 10:40:33 INFO Running task: 72_0...
2023-12-12 10:40:34 INFO Test Passed!


2023-12-12 10:40:34 INFO Running task: 73_0...
2023-12-12 10:40:35 INFO Test Passed!


2023-12-12 10:40:35 INFO Running task: 74_0...
2023-12-12 10:40:36 INFO Test Passed!


2023-12-12 10:40:36 INFO Running task: 75_0...
2023-12-12 10:40:37 INFO Test Passed!


2023-12-12 10:40:37 INFO Running task: 76_0...
2023-12-12 10:40:38 INFO Test Passed!


2023-12-12 10:40:38 INFO Running task: 77_0...
2023-12-12 10:40:39 INFO Test Passed!


2023-12-12 10:40:39 INFO Running task: 78_0...
2023-12-12 10:40:40 INFO Test Failed!
2023-12-12 10:40:40 INFO run_output: b'3 4\nTestcase No.1 Failed!\n10 11\nTestcase No.2 Failed!\n10 11\nTestcase No.3 Failed!\n99999 100000\nTestcase No.4 Failed!\n50000 50000\nPassed 1 / 5 testcases!\nTest Failed!\n'


2023-12-12 10:40:40 INFO Running task: 79_0...
2023-12-12 10:40:41 INFO Test Passed!


2023-12-12 10:40:41 INFO Running task: 80_0...
2023-12-12 10:40:41 INFO Test Passed!


2023-12-12 10:40:41 INFO Running task: 81_0...
2023-12-12 10:40:42 INFO Compilation Failed!
2023-12-12 10:40:42 INFO run_output: b'/home/ubuntu/test_codellm/unit_tests/spark/c++_java/test.java:252: error: invalid method declaration; return type required\npublic static Pair(K key, V value) {\n              ^\n1 error\nerror: compilation failed\n'


2023-12-12 10:40:42 INFO Running task: 82_0...
2023-12-12 10:40:43 INFO Test Passed!


2023-12-12 10:40:43 INFO Running task: 83_0...
2023-12-12 10:40:43 INFO Test Passed!


2023-12-12 10:40:43 INFO Running task: 84_0...
2023-12-12 10:40:44 INFO Test Passed!


2023-12-12 10:40:44 INFO Running task: 85_0...
2023-12-12 10:40:45 INFO Test Passed!


2023-12-12 10:40:45 INFO Running task: 86_0...
2023-12-12 10:40:46 INFO Test Passed!


2023-12-12 10:40:46 INFO Running task: 87_0...
2023-12-12 10:40:47 INFO Compilation Failed!
2023-12-12 10:40:47 INFO run_output: b'/home/ubuntu/test_codellm/unit_tests/spark/c++_java/test.java:231: error: cannot find symbol\n                if (cnt[logs[right][0]]++ == 0) {\n                    ^\n  symbol:   variable cnt\n  location: class Test\n/home/ubuntu/test_codellm/unit_tests/spark/c++_java/test.java:237: error: cannot find symbol\n                if (--cnt[logs[left][0]] == 0) {\n                      ^\n  symbol:   variable cnt\n  location: class Test\n2 errors\nerror: compilation failed\n'


2023-12-12 10:40:47 INFO Running task: 88_0...
2023-12-12 10:40:47 INFO Compilation Failed!
2023-12-12 10:40:47 INFO run_output: b'/home/ubuntu/test_codellm/unit_tests/spark/c++_java/test.java:230: error: incompatible types: int cannot be converted to boolean\n            if (g.get(i).size() % 2) odd.add(i);\n                                ^\nNote: /home/ubuntu/test_codellm/unit_tests/spark/c++_java/test.java uses unchecked or unsafe operations.\nNote: Recompile with -Xlint:unchecked for details.\n1 error\nerror: compilation failed\n'


2023-12-12 10:40:47 INFO Running task: 89_0...
2023-12-12 10:40:48 INFO Compilation Failed!
2023-12-12 10:40:48 INFO run_output: b'/home/ubuntu/test_codellm/unit_tests/spark/c++_java/test.java:272: error: method testfunc in class Test cannot be applied to given types;\n                return_data = testfunc(data1, data2);\n                              ^\n  required: String,List<String>\n  found:    String,String[]\n  reason: argument mismatch; String[] cannot be converted to List<String>\n1 error\nerror: compilation failed\n'


2023-12-12 10:40:48 INFO Running task: 90_0...
2023-12-12 10:40:49 INFO Compilation Failed!
2023-12-12 10:40:49 INFO run_output: b'/home/ubuntu/test_codellm/unit_tests/spark/c++_java/test.java:220: error: non-static variable this cannot be referenced from a static context\n        this.coins = coins;\n        ^\n/home/ubuntu/test_codellm/unit_tests/spark/c++_java/test.java:220: error: cannot find symbol\n        this.coins = coins;\n            ^\n  symbol: variable coins\n/home/ubuntu/test_codellm/unit_tests/spark/c++_java/test.java:221: error: cannot find symbol\n        g = new int[coins.length][];\n        ^\n  symbol:   variable g\n  location: class Test\n/home/ubuntu/test_codellm/unit_tests/spark/c++_java/test.java:224: error: cannot find symbol\n            g[x] = Arrays.copyOf(g[x], g[x].length + 1);\n            ^\n  symbol:   variable g\n  location: class Test\n/home/ubuntu/test_codellm/unit_tests/spark/c++_java/test.java:224: error: cannot find symbol\n            g[x] = Arrays.copyOf(g[x], g[x].length + 1);\n                                 ^\n  symbol:   variable g\n  location: class Test\n/home/ubuntu/test_codellm/unit_tests/spark/c++_java/test.java:224: error: cannot find symbol\n            g[x] = Arrays.copyOf(g[x], g[x].length + 1);\n                                       ^\n  symbol:   variable g\n  location: class Test\n/home/ubuntu/test_codellm/unit_tests/spark/c++_java/test.java:225: error: cannot find symbol\n            g[x][g[x].length - 1] = y;\n            ^\n  symbol:   variable g\n  location: class Test\n/home/ubuntu/test_codellm/unit_tests/spark/c++_java/test.java:225: error: cannot find symbol\n            g[x][g[x].length - 1] = y;\n                 ^\n  symbol:   variable g\n  location: class Test\n/home/ubuntu/test_codellm/unit_tests/spark/c++_java/test.java:226: error: cannot find symbol\n            g[y] = Arrays.copyOf(g[y], g[y].length + 1);\n            ^\n  symbol:   variable g\n  location: class Test\n/home/ubuntu/test_codellm/unit_tests/spark/c++_java/test.java:226: error: cannot find symbol\n            g[y] = Arrays.copyOf(g[y], g[y].length + 1);\n                                 ^\n  symbol:   variable g\n  location: class Test\n/home/ubuntu/test_codellm/unit_tests/spark/c++_java/test.java:226: error: cannot find symbol\n            g[y] = Arrays.copyOf(g[y], g[y].length + 1);\n                                       ^\n  symbol:   variable g\n  location: class Test\n/home/ubuntu/test_codellm/unit_tests/spark/c++_java/test.java:227: error: cannot find symbol\n            g[y][g[y].length - 1] = x;\n            ^\n  symbol:   variable g\n  location: class Test\n/home/ubuntu/test_codellm/unit_tests/spark/c++_java/test.java:227: error: cannot find symbol\n            g[y][g[y].length - 1] = x;\n                 ^\n  symbol:   variable g\n  location: class Test\n/home/ubuntu/test_codellm/unit_tests/spark/c++_java/test.java:234: error: cannot find symbol\n        for (int y : g[x]) {\n                     ^\n  symbol:   variable g\n  location: class Test\n/home/ubuntu/test_codellm/unit_tests/spark/c++_java/test.java:245: error: cannot find symbol\n            res1[j] = Math.max(res1[j] + (coins[x] >> j) - k, res2[j] + (coins[x] >> (j + 1)));\n                                          ^\n  symbol:   variable coins\n  location: class Test\n/home/ubuntu/test_codellm/unit_tests/spark/c++_java/test.java:245: error: cannot find symbol\n            res1[j] = Math.max(res1[j] + (coins[x] >> j) - k, res2[j] + (coins[x] >> (j + 1)));\n                                                           ^\n  symbol:   variable k\n  location: class Test\n/home/ubuntu/test_codellm/unit_tests/spark/c++_java/test.java:245: error: cannot find symbol\n            res1[j] = Math.max(res1[j] + (coins[x] >> j) - k, res2[j] + (coins[x] >> (j + 1)));\n                                                                         ^\n  symbol:   variable coins\n  location: class Test\n17 errors\nerror: compilation failed\n'


2023-12-12 10:40:49 INFO Running task: 91_0...
2023-12-12 10:40:50 INFO Compilation Failed!
2023-12-12 10:40:50 INFO run_output: b"/home/ubuntu/test_codellm/unit_tests/spark/c++_java/test.java:235: error: bad operand type Integer for unary operator '!'\n            if (!vis.get(i)) {\n                ^\n/home/ubuntu/test_codellm/unit_tests/spark/c++_java/test.java:239: error: bad operand types for binary operator '+'\n                ans += e == v * (v - 1);\n                    ^\n  first type:  int\n  second type: boolean\n/home/ubuntu/test_codellm/unit_tests/spark/c++_java/test.java:250: error: bad operand type Integer for unary operator '!'\n            if (!vis.get(y)) {\n                ^\n/home/ubuntu/test_codellm/unit_tests/spark/c++_java/test.java:294: error: method testfunc in class Test cannot be applied to given types;\n                return_data = testfunc(data1, data2);\n                              ^\n  required: int,List<List<Integer>>\n  found:    int,int[][]\n  reason: argument mismatch; int[][] cannot be converted to List<List<Integer>>\n4 errors\nerror: compilation failed\n"


2023-12-12 10:40:50 INFO Running task: 92_0...
2023-12-12 10:40:51 INFO Test Passed!


2023-12-12 10:40:51 INFO Running task: 93_0...
2023-12-12 10:40:52 INFO Test Passed!


2023-12-12 10:40:52 INFO Running task: 94_0...
2023-12-12 10:40:52 INFO Test Passed!


2023-12-12 10:40:52 INFO Running task: 95_0...
2023-12-12 10:40:53 INFO Test Passed!


2023-12-12 10:40:53 INFO Running task: 96_0...
2023-12-12 10:40:54 INFO Test Passed!


2023-12-12 10:40:54 INFO Running task: 97_0...
2023-12-12 10:40:55 INFO Test Passed!


2023-12-12 10:40:55 INFO Running task: 98_0...
2023-12-12 10:40:56 INFO Test Passed!


2023-12-12 10:40:56 INFO Running task: 99_0...
2023-12-12 10:40:57 INFO Test Passed!


2023-12-12 10:40:57 INFO Running task: 100_0...
2023-12-12 10:40:58 INFO Test Passed!


2023-12-12 10:40:58 INFO [[1], [1], [1], [2], [1], [1], [1], [1], [1], [2], [1], [1], [1], [1], [1], [2], [1], [1], [1], [1], [1], [2], [1], [1], [1], [1], [1], [2], [1], [3], [2], [1], [1], [1], [1], [1], [1], [1], [1], [1], [1], [2], [1], [4], [2], [1], [1], [1], [2], [2], [1], [1], [4], [1], [1], [1], [1], [2], [1], [1], [1], [4], [1], [1], [1], [1], [1], [1], [1], [1], [2], [1], [1], [1], [1], [1], [1], [4], [1], [1], [2], [1], [1], [1], [1], [1], [2], [2], [2], [2], [2], [1], [1], [1], [1], [1], [1], [1], [1], [1]]
