2023-12-12 03:00:33 INFO Running task: 1_0...
2023-12-12 03:00:34 INFO Test Passed!


2023-12-12 03:00:34 INFO Running task: 2_0...
2023-12-12 03:00:35 INFO Test Passed!


2023-12-12 03:00:35 INFO Running task: 3_0...
2023-12-12 03:00:36 INFO Compilation Failed!
2023-12-12 03:00:36 INFO run_output: b'/home/ubuntu/test_codellm/unit_tests/zhipu/python_java/test.java:273: error: method testfunc in class Test cannot be applied to given types;\n                return_data = testfunc(data1, data2);\n                              ^\n  required: int[],int\n  found:    List<Integer>,int\n  reason: argument mismatch; List<Integer> cannot be converted to int[]\nNote: /home/ubuntu/test_codellm/unit_tests/zhipu/python_java/test.java uses unchecked or unsafe operations.\nNote: Recompile with -Xlint:unchecked for details.\n1 error\nerror: compilation failed\n'


2023-12-12 03:00:36 INFO Running task: 4_0...
2023-12-12 03:00:37 INFO Test Passed!


2023-12-12 03:00:37 INFO Running task: 5_0...
2023-12-12 03:00:37 INFO Runtime Failed!
2023-12-12 03:00:37 INFO run_output: b'java.lang.ArithmeticException: / by zero\n\tat Test.testfunc(test.java:231)\n\tat Test.start(test.java:280)\n\tat Test.main(test.java:301)\n\tat java.base/jdk.internal.reflect.NativeMethodAccessorImpl.invoke0(Native Method)\n\tat java.base/jdk.internal.reflect.NativeMethodAccessorImpl.invoke(NativeMethodAccessorImpl.java:77)\n\tat java.base/jdk.internal.reflect.DelegatingMethodAccessorImpl.invoke(DelegatingMethodAccessorImpl.java:43)\n\tat java.base/java.lang.reflect.Method.invoke(Method.java:568)\n\tat jdk.compiler/com.sun.tools.javac.launcher.Main.execute(Main.java:419)\n\tat jdk.compiler/com.sun.tools.javac.launcher.Main.run(Main.java:192)\n\tat jdk.compiler/com.sun.tools.javac.launcher.Main.main(Main.java:132)\njava.lang.ArrayIndexOutOfBoundsException: Index 10 out of bounds for length 6\n\tat Test.testfunc(test.java:222)\n\tat Test.start(test.java:280)\n\tat Test.main(test.java:301)\n\tat java.base/jdk.internal.reflect.NativeMethodAccessorImpl.invoke0(Native Method)\n\tat java.base/jdk.internal.reflect.NativeMethodAccessorImpl.invoke(NativeMethodAccessorImpl.java:77)\n\tat java.base/jdk.internal.reflect.DelegatingMethodAccessorImpl.invoke(DelegatingMethodAccessorImpl.java:43)\n\tat java.base/java.lang.reflect.Method.invoke(Method.java:568)\n\tat jdk.compiler/com.sun.tools.javac.launcher.Main.execute(Main.java:419)\n\tat jdk.compiler/com.sun.tools.javac.launcher.Main.run(Main.java:192)\n\tat jdk.compiler/com.sun.tools.javac.launcher.Main.main(Main.java:132)\njava.lang.ArithmeticException: / by zero\n\tat Test.testfunc(test.java:231)\n\tat Test.start(test.java:280)\n\tat Test.main(test.java:301)\n\tat java.base/jdk.internal.reflect.NativeMethodAccessorImpl.invoke0(Native Method)\n\tat java.base/jdk.internal.reflect.NativeMethodAccessorImpl.invoke(NativeMethodAccessorImpl.java:77)\n\tat java.base/jdk.internal.reflect.DelegatingMethodAccessorImpl.invoke(DelegatingMethodAccessorImpl.java:43)\n\tat java.base/java.lang.reflect.Method.invoke(Method.java:568)\n\tat jdk.compiler/com.sun.tools.javac.launcher.Main.execute(Main.java:419)\n\tat jdk.compiler/com.sun.tools.javac.launcher.Main.run(Main.java:192)\n\tat jdk.compiler/com.sun.tools.javac.launcher.Main.main(Main.java:132)\njava.lang.ArithmeticException: / by zero\n\tat Test.testfunc(test.java:231)\n\tat Test.start(test.java:280)\n\tat Test.main(test.java:301)\n\tat java.base/jdk.internal.reflect.NativeMethodAccessorImpl.invoke0(Native Method)\n\tat java.base/jdk.internal.reflect.NativeMethodAccessorImpl.invoke(NativeMethodAccessorImpl.java:77)\n\tat java.base/jdk.internal.reflect.DelegatingMethodAccessorImpl.invoke(DelegatingMethodAccessorImpl.java:43)\n\tat java.base/java.lang.reflect.Method.invoke(Method.java:568)\n\tat jdk.compiler/com.sun.tools.javac.launcher.Main.execute(Main.java:419)\n\tat jdk.compiler/com.sun.tools.javac.launcher.Main.run(Main.java:192)\n\tat jdk.compiler/com.sun.tools.javac.launcher.Main.main(Main.java:132)\njava.lang.ArithmeticException: / by zero\n\tat Test.testfunc(test.java:231)\n\tat Test.start(test.java:280)\n\tat Test.main(test.java:301)\n\tat java.base/jdk.internal.reflect.NativeMethodAccessorImpl.invoke0(Native Method)\n\tat java.base/jdk.internal.reflect.NativeMethodAccessorImpl.invoke(NativeMethodAccessorImpl.java:77)\n\tat java.base/jdk.internal.reflect.DelegatingMethodAccessorImpl.invoke(DelegatingMethodAccessorImpl.java:43)\n\tat java.base/java.lang.reflect.Method.invoke(Method.java:568)\n\tat jdk.compiler/com.sun.tools.javac.launcher.Main.execute(Main.java:419)\n\tat jdk.compiler/com.sun.tools.javac.launcher.Main.run(Main.java:192)\n\tat jdk.compiler/com.sun.tools.javac.launcher.Main.main(Main.java:132)\nPassed 0 / 5 testcases!\nTest Failed!\n'


2023-12-12 03:00:37 INFO Running task: 6_0...
2023-12-12 03:00:38 INFO Test Failed!
2023-12-12 03:00:38 INFO run_output: b'9 9\n13 13\n2147483647 -1\nTestcase No.3 Failed!\n2147483647 -1\nTestcase No.4 Failed!\n299999998 299999998\nPassed 3 / 5 testcases!\nTest Failed!\n'


2023-12-12 03:00:38 INFO Running task: 7_0...
2023-12-12 03:00:39 INFO Compilation Failed!
2023-12-12 03:00:39 INFO run_output: b'/home/ubuntu/test_codellm/unit_tests/zhipu/python_java/test.java:228: error: cannot find symbol\n                suf = suf * grid[i][j] % MOD;\n                                         ^\n  symbol:   variable MOD\n  location: class Test\n/home/ubuntu/test_codellm/unit_tests/zhipu/python_java/test.java:235: error: cannot find symbol\n                p[i][j] = p[i][j] * pre % MOD;\n                                          ^\n  symbol:   variable MOD\n  location: class Test\n/home/ubuntu/test_codellm/unit_tests/zhipu/python_java/test.java:236: error: cannot find symbol\n                pre = pre * grid[i][j] % MOD;\n                                         ^\n  symbol:   variable MOD\n  location: class Test\n3 errors\nerror: compilation failed\n'


2023-12-12 03:00:39 INFO Running task: 8_0...
2023-12-12 03:00:40 INFO Compilation Failed!
2023-12-12 03:00:40 INFO run_output: b"/home/ubuntu/test_codellm/unit_tests/zhipu/python_java/test.java:220: error: cannot find symbol\n        int cnt1 = s.count('1');\n                    ^\n  symbol:   method count(char)\n  location: variable s of type String\n1 error\nerror: compilation failed\n"


2023-12-12 03:00:40 INFO Running task: 9_0...
2023-12-12 03:00:40 INFO Compilation Failed!
2023-12-12 03:00:40 INFO run_output: b'/home/ubuntu/test_codellm/unit_tests/zhipu/python_java/test.java:220: error: illegal character: \'\\\'\n    if (s.count(\\"1\\") < k) {\n                ^\n/home/ubuntu/test_codellm/unit_tests/zhipu/python_java/test.java:220: error: unclosed string literal\n    if (s.count(\\"1\\") < k) {\n                 ^\n/home/ubuntu/test_codellm/unit_tests/zhipu/python_java/test.java:221: error: illegal character: \'\\\'\n        return \\"\\";\n               ^\n/home/ubuntu/test_codellm/unit_tests/zhipu/python_java/test.java:221: error: unclosed string literal\n        return \\"\\";\n                ^\n/home/ubuntu/test_codellm/unit_tests/zhipu/python_java/test.java:225: error: illegal start of type\n    for (int right = 0; right < s.length(); right++) {\n    ^\n/home/ubuntu/test_codellm/unit_tests/zhipu/python_java/test.java:225: error: > expected\n    for (int right = 0; right < s.length(); right++) {\n                                        ^\n/home/ubuntu/test_codellm/unit_tests/zhipu/python_java/test.java:225: error: <identifier> expected\n    for (int right = 0; right < s.length(); right++) {\n                                                 ^\n/home/ubuntu/test_codellm/unit_tests/zhipu/python_java/test.java:239: error: illegal start of type\n    return ans;\n    ^\n/home/ubuntu/test_codellm/unit_tests/zhipu/python_java/test.java:239: error: <identifier> expected\n    return ans;\n              ^\n/home/ubuntu/test_codellm/unit_tests/zhipu/python_java/test.java:243: error: class, interface, enum, or record expected\n    public static void start() {\n                  ^\n/home/ubuntu/test_codellm/unit_tests/zhipu/python_java/test.java:245: error: class, interface, enum, or record expected\n        int count = 0;\n        ^\n/home/ubuntu/test_codellm/unit_tests/zhipu/python_java/test.java:248: error: class, interface, enum, or record expected\n        String[] input_type = {"String", "int"};\n        ^\n/home/ubuntu/test_codellm/unit_tests/zhipu/python_java/test.java:249: error: class, interface, enum, or record expected\n        String output_type = "String";\n        ^\n/home/ubuntu/test_codellm/unit_tests/zhipu/python_java/test.java:251: error: class, interface, enum, or record expected\n        String data1;\n        ^\n/home/ubuntu/test_codellm/unit_tests/zhipu/python_java/test.java:252: error: class, interface, enum, or record expected\n\t\tint data2;\n\t\t^\n/home/ubuntu/test_codellm/unit_tests/zhipu/python_java/test.java:253: error: class, interface, enum, or record expected\n        String return_data;\n        ^\n/home/ubuntu/test_codellm/unit_tests/zhipu/python_java/test.java:254: error: class, interface, enum, or record expected\n        String gold_ans;\n        ^\n/home/ubuntu/test_codellm/unit_tests/zhipu/python_java/test.java:256: error: class, interface, enum, or record expected\n        String basePath = "/home/ubuntu/test_codellm/datas/testcases/9";\n        ^\n/home/ubuntu/test_codellm/unit_tests/zhipu/python_java/test.java:257: error: class, interface, enum, or record expected\n        for (int folder = 1; folder <= 5; folder++) {\n        ^\n/home/ubuntu/test_codellm/unit_tests/zhipu/python_java/test.java:257: error: class, interface, enum, or record expected\n        for (int folder = 1; folder <= 5; folder++) {\n                             ^\n/home/ubuntu/test_codellm/unit_tests/zhipu/python_java/test.java:257: error: class, interface, enum, or record expected\n        for (int folder = 1; folder <= 5; folder++) {\n                                          ^\n/home/ubuntu/test_codellm/unit_tests/zhipu/python_java/test.java:260: error: class, interface, enum, or record expected\n            String[] inputDatas;\n            ^\n/home/ubuntu/test_codellm/unit_tests/zhipu/python_java/test.java:261: error: class, interface, enum, or record expected\n            try (BufferedReader br = new BufferedReader(new FileReader(Paths.get(basePath, folder + "i.txt").toString()))) {\n            ^\n/home/ubuntu/test_codellm/unit_tests/zhipu/python_java/test.java:263: error: class, interface, enum, or record expected\n            } catch (FileNotFoundException e) {\n            ^\n/home/ubuntu/test_codellm/unit_tests/zhipu/python_java/test.java:265: error: class, interface, enum, or record expected\n            } catch (IOException e) {\n            ^\n/home/ubuntu/test_codellm/unit_tests/zhipu/python_java/test.java:267: error: class, interface, enum, or record expected\n            }\n            ^\n/home/ubuntu/test_codellm/unit_tests/zhipu/python_java/test.java:269: error: class, interface, enum, or record expected\n\t\tdata2 = (int)convertToType(inputDatas[1].trim(), input_type[1]);\n\t\t^\n/home/ubuntu/test_codellm/unit_tests/zhipu/python_java/test.java:271: error: class, interface, enum, or record expected\n            String returnDatas = null;\n            ^\n/home/ubuntu/test_codellm/unit_tests/zhipu/python_java/test.java:272: error: class, interface, enum, or record expected\n            try (BufferedReader br = new BufferedReader(new FileReader(Paths.get(basePath, folder + "o.txt").toString()))) {\n            ^\n/home/ubuntu/test_codellm/unit_tests/zhipu/python_java/test.java:274: error: class, interface, enum, or record expected\n            } catch (IOException e) {\n            ^\n/home/ubuntu/test_codellm/unit_tests/zhipu/python_java/test.java:276: error: class, interface, enum, or record expected\n            }\n            ^\n/home/ubuntu/test_codellm/unit_tests/zhipu/python_java/test.java:279: error: class, interface, enum, or record expected\n            try {\n            ^\n/home/ubuntu/test_codellm/unit_tests/zhipu/python_java/test.java:281: error: class, interface, enum, or record expected\n                if (areEquivalent(return_data, gold_ans)){\n                ^\n/home/ubuntu/test_codellm/unit_tests/zhipu/python_java/test.java:283: error: class, interface, enum, or record expected\n                }else{\n                ^\n/home/ubuntu/test_codellm/unit_tests/zhipu/python_java/test.java:285: error: class, interface, enum, or record expected\n                }\n                ^\n/home/ubuntu/test_codellm/unit_tests/zhipu/python_java/test.java:288: error: class, interface, enum, or record expected\n            }\n            ^\n/home/ubuntu/test_codellm/unit_tests/zhipu/python_java/test.java:294: error: class, interface, enum, or record expected\n        } else {\n        ^\n/home/ubuntu/test_codellm/unit_tests/zhipu/python_java/test.java:296: error: class, interface, enum, or record expected\n            System.out.println("Test Failed!");\n            ^\n/home/ubuntu/test_codellm/unit_tests/zhipu/python_java/test.java:297: error: class, interface, enum, or record expected\n        }\n        ^\n/home/ubuntu/test_codellm/unit_tests/zhipu/python_java/test.java:300: error: class, interface, enum, or record expected\n    public static void main(String[] args) {\n                  ^\n/home/ubuntu/test_codellm/unit_tests/zhipu/python_java/test.java:302: error: class, interface, enum, or record expected\n    }\n    ^\n41 errors\nerror: compilation failed\n'


2023-12-12 03:00:40 INFO Running task: 10_0...
2023-12-12 03:00:41 INFO Compilation Failed!
2023-12-12 03:00:41 INFO run_output: b"/home/ubuntu/test_codellm/unit_tests/zhipu/python_java/test.java:222: error: bad operand types for binary operator '+'\n        t += s.charAt(i - 1) >= s.charAt(i);\n          ^\n  first type:  int\n  second type: boolean\n1 error\nerror: compilation failed\n"


2023-12-12 03:00:41 INFO Running task: 11_0...
2023-12-12 03:00:42 INFO Compilation Failed!
2023-12-12 03:00:42 INFO run_output: b'/home/ubuntu/test_codellm/unit_tests/zhipu/python_java/test.java:224: error: for-each not applicable to expression type\n    for (int num : ul) {\n                   ^\n  required: array or java.lang.Iterable\n  found:    int\nNote: /home/ubuntu/test_codellm/unit_tests/zhipu/python_java/test.java uses unchecked or unsafe operations.\nNote: Recompile with -Xlint:unchecked for details.\n1 error\nerror: compilation failed\n'


2023-12-12 03:00:42 INFO Running task: 12_0...
2023-12-12 03:00:42 INFO Compilation Failed!
2023-12-12 03:00:42 INFO run_output: b"/home/ubuntu/test_codellm/unit_tests/zhipu/python_java/test.java:229: error: ')' expected\n                ans.add(-1 if k > nums.size() else nums.get(k - 1));\n                          ^\n/home/ubuntu/test_codellm/unit_tests/zhipu/python_java/test.java:229: error: '(' expected\n                ans.add(-1 if k > nums.size() else nums.get(k - 1));\n                             ^\n/home/ubuntu/test_codellm/unit_tests/zhipu/python_java/test.java:229: error: ')' expected\n                ans.add(-1 if k > nums.size() else nums.get(k - 1));\n                                             ^\n/home/ubuntu/test_codellm/unit_tests/zhipu/python_java/test.java:229: error: ';' expected\n                ans.add(-1 if k > nums.size() else nums.get(k - 1));\n                                                                  ^\n/home/ubuntu/test_codellm/unit_tests/zhipu/python_java/test.java:229: error: 'else' without 'if'\n                ans.add(-1 if k > nums.size() else nums.get(k - 1));\n                                              ^\n5 errors\nerror: compilation failed\n"


2023-12-12 03:00:42 INFO Running task: 13_0...
2023-12-12 03:00:43 INFO Test Failed!
2023-12-12 03:00:43 INFO run_output: b'5 4\nTestcase No.1 Failed!\n-1 -1\n250 -1\nTestcase No.3 Failed!\n250 254\nTestcase No.4 Failed!\n-1 254\nTestcase No.5 Failed!\nPassed 1 / 5 testcases!\nTest Failed!\n'


2023-12-12 03:00:43 INFO Running task: 14_0...
2023-12-12 03:00:44 INFO Compilation Failed!
2023-12-12 03:00:44 INFO run_output: b'/home/ubuntu/test_codellm/unit_tests/zhipu/python_java/test.java:220: error: method sort in interface List<E> cannot be applied to given types;\n    processorTime.sort();\n                 ^\n  required: Comparator<? super Integer>\n  found:    no arguments\n  reason: actual and formal argument lists differ in length\n  where E is a type-variable:\n    E extends Object declared in interface List\nNote: /home/ubuntu/test_codellm/unit_tests/zhipu/python_java/test.java uses unchecked or unsafe operations.\nNote: Recompile with -Xlint:unchecked for details.\n1 error\nerror: compilation failed\n'


2023-12-12 03:00:44 INFO Running task: 15_0...
2023-12-12 03:00:45 INFO Test Passed!


2023-12-12 03:00:45 INFO Running task: 16_0...
2023-12-12 03:00:46 INFO Test Failed!
2023-12-12 03:00:46 INFO run_output: b'-1 2\nTestcase No.1 Failed!\n-1 2\nTestcase No.2 Failed!\n-1 -1\n-1 2\nTestcase No.4 Failed!\n-1 18424\nTestcase No.5 Failed!\nPassed 1 / 5 testcases!\nTest Failed!\n'


2023-12-12 03:00:46 INFO Running task: 17_0...
2023-12-12 03:00:47 INFO Test Passed!


2023-12-12 03:00:47 INFO Running task: 18_0...
2023-12-12 03:00:48 INFO Test Passed!


2023-12-12 03:00:48 INFO Running task: 19_0...
2023-12-12 03:00:49 INFO Test Passed!


2023-12-12 03:00:49 INFO Running task: 20_0...
2023-12-12 03:00:50 INFO Test Passed!


2023-12-12 03:00:50 INFO Running task: 21_0...
2023-12-12 03:00:50 INFO Compilation Failed!
2023-12-12 03:00:50 INFO run_output: b'/home/ubuntu/test_codellm/unit_tests/zhipu/python_java/test.java:270: error: method testfunc in class Test cannot be applied to given types;\n                return_data = testfunc(data1, data2);\n                              ^\n  required: int[],int\n  found:    List<Integer>,int\n  reason: argument mismatch; List<Integer> cannot be converted to int[]\nNote: /home/ubuntu/test_codellm/unit_tests/zhipu/python_java/test.java uses unchecked or unsafe operations.\nNote: Recompile with -Xlint:unchecked for details.\n1 error\nerror: compilation failed\n'


2023-12-12 03:00:50 INFO Running task: 22_0...
2023-12-12 03:00:51 INFO Compilation Failed!
2023-12-12 03:00:51 INFO run_output: b"/home/ubuntu/test_codellm/unit_tests/zhipu/python_java/test.java:221: error: no suitable method found for stream(List<Integer>)\n    int mx = Arrays.stream(stock).min() + budget;\n                   ^\n    method Arrays.<T#1>stream(T#1[]) is not applicable\n      (cannot infer type-variable(s) T#1\n        (argument mismatch; List<Integer> cannot be converted to T#1[]))\n    method Arrays.<T#2>stream(T#2[],int,int) is not applicable\n      (cannot infer type-variable(s) T#2\n        (actual and formal argument lists differ in length))\n    method Arrays.stream(int[]) is not applicable\n      (argument mismatch; List<Integer> cannot be converted to int[])\n    method Arrays.stream(int[],int,int) is not applicable\n      (actual and formal argument lists differ in length)\n    method Arrays.stream(long[]) is not applicable\n      (argument mismatch; List<Integer> cannot be converted to long[])\n    method Arrays.stream(long[],int,int) is not applicable\n      (actual and formal argument lists differ in length)\n    method Arrays.stream(double[]) is not applicable\n      (argument mismatch; List<Integer> cannot be converted to double[])\n    method Arrays.stream(double[],int,int) is not applicable\n      (actual and formal argument lists differ in length)\n  where T#1,T#2 are type-variables:\n    T#1 extends Object declared in method <T#1>stream(T#1[])\n    T#2 extends Object declared in method <T#2>stream(T#2[],int,int)\n/home/ubuntu/test_codellm/unit_tests/zhipu/python_java/test.java:239: error: cannot find symbol\n    for (int[] s : stock) {\n                   ^\n  symbol:   variable stock\n  location: class Test\n/home/ubuntu/test_codellm/unit_tests/zhipu/python_java/test.java:240: error: method get in interface List<E> cannot be applied to given types;\n        int base = com.get(s);\n                      ^\n  required: int\n  found:    int[]\n  reason: argument mismatch; int[] cannot be converted to int\n  where E is a type-variable:\n    E extends Object declared in interface List\n/home/ubuntu/test_codellm/unit_tests/zhipu/python_java/test.java:241: error: bad operand types for binary operator '<'\n        if (s < base * mid) {\n              ^\n  first type:  int[]\n  second type: int\n/home/ubuntu/test_codellm/unit_tests/zhipu/python_java/test.java:242: error: bad operand types for binary operator '-'\n            money += (base * mid - s) * cost.get(s);\n                                 ^\n  first type:  int\n  second type: int[]\n/home/ubuntu/test_codellm/unit_tests/zhipu/python_java/test.java:242: error: cannot find symbol\n            money += (base * mid - s) * cost.get(s);\n                                        ^\n  symbol:   variable cost\n  location: class Test\n/home/ubuntu/test_codellm/unit_tests/zhipu/python_java/test.java:243: error: cannot find symbol\n            if (money > budget) {\n                        ^\n  symbol:   variable budget\n  location: class Test\nNote: /home/ubuntu/test_codellm/unit_tests/zhipu/python_java/test.java uses unchecked or unsafe operations.\nNote: Recompile with -Xlint:unchecked for details.\n7 errors\nerror: compilation failed\n"


2023-12-12 03:00:51 INFO Running task: 23_0...
2023-12-12 03:00:52 INFO Test Failed!
2023-12-12 03:00:52 INFO run_output: b'Note: /home/ubuntu/test_codellm/unit_tests/zhipu/python_java/test.java uses unchecked or unsafe operations.\nNote: Recompile with -Xlint:unchecked for details.\n2 2\n3 3\n12 4\nTestcase No.3 Failed!\n100000 1\nTestcase No.4 Failed!\n27954 92\nTestcase No.5 Failed!\nPassed 2 / 5 testcases!\nTest Failed!\n'


2023-12-12 03:00:52 INFO Running task: 24_0...
2023-12-12 03:00:53 INFO Compilation Failed!
2023-12-12 03:00:53 INFO run_output: b'/home/ubuntu/test_codellm/unit_tests/zhipu/python_java/test.java:267: error: method testfunc in class Test cannot be applied to given types;\n                return_data = testfunc(data1, data2);\n                              ^\n  required: int[],int\n  found:    List<Integer>,int\n  reason: argument mismatch; List<Integer> cannot be converted to int[]\nNote: /home/ubuntu/test_codellm/unit_tests/zhipu/python_java/test.java uses unchecked or unsafe operations.\nNote: Recompile with -Xlint:unchecked for details.\n1 error\nerror: compilation failed\n'


2023-12-12 03:00:53 INFO Running task: 25_0...
2023-12-12 03:00:54 INFO Compilation Failed!
2023-12-12 03:00:54 INFO run_output: b'/home/ubuntu/test_codellm/unit_tests/zhipu/python_java/test.java:222: error: incompatible types: List<Integer> cannot be converted to int[]\n        for (int[] xy : coordinates) {\n                        ^\nNote: /home/ubuntu/test_codellm/unit_tests/zhipu/python_java/test.java uses unchecked or unsafe operations.\nNote: Recompile with -Xlint:unchecked for details.\n1 error\nerror: compilation failed\n'


2023-12-12 03:00:54 INFO Running task: 26_0...
2023-12-12 03:00:55 INFO Test Passed!


2023-12-12 03:00:55 INFO Running task: 27_0...
2023-12-12 03:00:55 INFO Test Passed!


2023-12-12 03:00:55 INFO Running task: 28_0...
2023-12-12 03:00:56 INFO Compilation Failed!
2023-12-12 03:00:56 INFO run_output: b"/home/ubuntu/test_codellm/unit_tests/zhipu/python_java/test.java:221: error: incompatible types: List<Integer> cannot be converted to int[]\n    for (int[] p : nums) {\n                   ^\n/home/ubuntu/test_codellm/unit_tests/zhipu/python_java/test.java:228: error: bad operand types for binary operator '+'\n        ans += s > 0;\n            ^\n  first type:  int\n  second type: boolean\nNote: /home/ubuntu/test_codellm/unit_tests/zhipu/python_java/test.java uses unchecked or unsafe operations.\nNote: Recompile with -Xlint:unchecked for details.\n2 errors\nerror: compilation failed\n"


2023-12-12 03:00:56 INFO Running task: 29_0...
2023-12-12 03:00:57 INFO Test Passed!


2023-12-12 03:00:57 INFO Running task: 30_0...
2023-12-12 03:00:58 INFO Compilation Failed!
2023-12-12 03:00:58 INFO run_output: b'/home/ubuntu/test_codellm/unit_tests/zhipu/python_java/test.java:235: error: method getOrDefault in interface Map<K,V> cannot be applied to given types;\n            countMap.put(preSum[i] % modulo, countMap.getOrDefault(preSum[i] % modulo, 0) + 1);\n                                                     ^\n  required: Object,Long\n  found:    int,int\n  reason: argument mismatch; int cannot be converted to Long\n  where K,V are type-variables:\n    K extends Object declared in interface Map\n    V extends Object declared in interface Map\n/home/ubuntu/test_codellm/unit_tests/zhipu/python_java/test.java:281: error: method testfunc in class Test cannot be applied to given types;\n                return_data = testfunc(data1, data2, data3);\n                              ^\n  required: int[],int,int\n  found:    List<Integer>,int,int\n  reason: argument mismatch; List<Integer> cannot be converted to int[]\nNote: /home/ubuntu/test_codellm/unit_tests/zhipu/python_java/test.java uses unchecked or unsafe operations.\nNote: Recompile with -Xlint:unchecked for details.\n2 errors\nerror: compilation failed\n'


2023-12-12 03:00:58 INFO Running task: 31_0...
2023-12-12 03:00:58 INFO Compilation Failed!
2023-12-12 03:00:58 INFO run_output: b'/home/ubuntu/test_codellm/unit_tests/zhipu/python_java/test.java:222: error: illegal character: \'\\\'\n    if (\\"0\\" == num.charAt(0)) {\n        ^\n/home/ubuntu/test_codellm/unit_tests/zhipu/python_java/test.java:222: error: unclosed string literal\n    if (\\"0\\" == num.charAt(0)) {\n         ^\n/home/ubuntu/test_codellm/unit_tests/zhipu/python_java/test.java:225: error: illegal start of type\n    return Math.min(f(\\"00\\", num), f(\\"25\\", num), f(\\"50\\", num), f(\\"75\\", num), zero);\n    ^\n/home/ubuntu/test_codellm/unit_tests/zhipu/python_java/test.java:225: error: <identifier> expected\n    return Math.min(f(\\"00\\", num), f(\\"25\\", num), f(\\"50\\", num), f(\\"75\\", num), zero);\n                   ^\n/home/ubuntu/test_codellm/unit_tests/zhipu/python_java/test.java:225: error: <identifier> expected\n    return Math.min(f(\\"00\\", num), f(\\"25\\", num), f(\\"50\\", num), f(\\"75\\", num), zero);\n                     ^\n/home/ubuntu/test_codellm/unit_tests/zhipu/python_java/test.java:225: error: illegal character: \'\\\'\n    return Math.min(f(\\"00\\", num), f(\\"25\\", num), f(\\"50\\", num), f(\\"75\\", num), zero);\n                      ^\n/home/ubuntu/test_codellm/unit_tests/zhipu/python_java/test.java:225: error: unclosed string literal\n    return Math.min(f(\\"00\\", num), f(\\"25\\", num), f(\\"50\\", num), f(\\"75\\", num), zero);\n                       ^\n/home/ubuntu/test_codellm/unit_tests/zhipu/python_java/test.java:244: error: class, interface, enum, or record expected\npublic static int f(String target, String num) {\n              ^\n/home/ubuntu/test_codellm/unit_tests/zhipu/python_java/test.java:247: error: class, interface, enum, or record expected\n            if (i < 0) {\n            ^\n/home/ubuntu/test_codellm/unit_tests/zhipu/python_java/test.java:249: error: class, interface, enum, or record expected\n            }\n            ^\n/home/ubuntu/test_codellm/unit_tests/zhipu/python_java/test.java:251: error: class, interface, enum, or record expected\n            if (i < 0) {\n            ^\n/home/ubuntu/test_codellm/unit_tests/zhipu/python_java/test.java:253: error: class, interface, enum, or record expected\n            }\n            ^\n/home/ubuntu/test_codellm/unit_tests/zhipu/python_java/test.java:255: error: class, interface, enum, or record expected\n        } catch (StringIndexOutOfBoundsException e) {\n        ^\n/home/ubuntu/test_codellm/unit_tests/zhipu/python_java/test.java:257: error: class, interface, enum, or record expected\n        }\n        ^\n/home/ubuntu/test_codellm/unit_tests/zhipu/python_java/test.java:261: error: class, interface, enum, or record expected\n    public static void start() {\n                  ^\n/home/ubuntu/test_codellm/unit_tests/zhipu/python_java/test.java:263: error: class, interface, enum, or record expected\n        int count = 0;\n        ^\n/home/ubuntu/test_codellm/unit_tests/zhipu/python_java/test.java:266: error: class, interface, enum, or record expected\n        String[] input_type = {"String"};\n        ^\n/home/ubuntu/test_codellm/unit_tests/zhipu/python_java/test.java:267: error: class, interface, enum, or record expected\n        String output_type = "int";\n        ^\n/home/ubuntu/test_codellm/unit_tests/zhipu/python_java/test.java:269: error: class, interface, enum, or record expected\n        String data1;\n        ^\n/home/ubuntu/test_codellm/unit_tests/zhipu/python_java/test.java:270: error: class, interface, enum, or record expected\n        int return_data;\n        ^\n/home/ubuntu/test_codellm/unit_tests/zhipu/python_java/test.java:271: error: class, interface, enum, or record expected\n        int gold_ans;\n        ^\n/home/ubuntu/test_codellm/unit_tests/zhipu/python_java/test.java:273: error: class, interface, enum, or record expected\n        String basePath = "/home/ubuntu/test_codellm/datas/testcases/31";\n        ^\n/home/ubuntu/test_codellm/unit_tests/zhipu/python_java/test.java:274: error: class, interface, enum, or record expected\n        for (int folder = 1; folder <= 5; folder++) {\n        ^\n/home/ubuntu/test_codellm/unit_tests/zhipu/python_java/test.java:274: error: class, interface, enum, or record expected\n        for (int folder = 1; folder <= 5; folder++) {\n                             ^\n/home/ubuntu/test_codellm/unit_tests/zhipu/python_java/test.java:274: error: class, interface, enum, or record expected\n        for (int folder = 1; folder <= 5; folder++) {\n                                          ^\n/home/ubuntu/test_codellm/unit_tests/zhipu/python_java/test.java:277: error: class, interface, enum, or record expected\n            String[] inputDatas;\n            ^\n/home/ubuntu/test_codellm/unit_tests/zhipu/python_java/test.java:278: error: class, interface, enum, or record expected\n            try (BufferedReader br = new BufferedReader(new FileReader(Paths.get(basePath, folder + "i.txt").toString()))) {\n            ^\n/home/ubuntu/test_codellm/unit_tests/zhipu/python_java/test.java:280: error: class, interface, enum, or record expected\n            } catch (FileNotFoundException e) {\n            ^\n/home/ubuntu/test_codellm/unit_tests/zhipu/python_java/test.java:282: error: class, interface, enum, or record expected\n            } catch (IOException e) {\n            ^\n/home/ubuntu/test_codellm/unit_tests/zhipu/python_java/test.java:284: error: class, interface, enum, or record expected\n            }\n            ^\n/home/ubuntu/test_codellm/unit_tests/zhipu/python_java/test.java:287: error: class, interface, enum, or record expected\n            String returnDatas = null;\n            ^\n/home/ubuntu/test_codellm/unit_tests/zhipu/python_java/test.java:288: error: class, interface, enum, or record expected\n            try (BufferedReader br = new BufferedReader(new FileReader(Paths.get(basePath, folder + "o.txt").toString()))) {\n            ^\n/home/ubuntu/test_codellm/unit_tests/zhipu/python_java/test.java:290: error: class, interface, enum, or record expected\n            } catch (IOException e) {\n            ^\n/home/ubuntu/test_codellm/unit_tests/zhipu/python_java/test.java:292: error: class, interface, enum, or record expected\n            }\n            ^\n/home/ubuntu/test_codellm/unit_tests/zhipu/python_java/test.java:295: error: class, interface, enum, or record expected\n            try {\n            ^\n/home/ubuntu/test_codellm/unit_tests/zhipu/python_java/test.java:297: error: class, interface, enum, or record expected\n                if (areEquivalent(return_data, gold_ans)){\n                ^\n/home/ubuntu/test_codellm/unit_tests/zhipu/python_java/test.java:299: error: class, interface, enum, or record expected\n                }else{\n                ^\n/home/ubuntu/test_codellm/unit_tests/zhipu/python_java/test.java:301: error: class, interface, enum, or record expected\n                }\n                ^\n/home/ubuntu/test_codellm/unit_tests/zhipu/python_java/test.java:304: error: class, interface, enum, or record expected\n            }\n            ^\n/home/ubuntu/test_codellm/unit_tests/zhipu/python_java/test.java:310: error: class, interface, enum, or record expected\n        } else {\n        ^\n/home/ubuntu/test_codellm/unit_tests/zhipu/python_java/test.java:312: error: class, interface, enum, or record expected\n            System.out.println("Test Failed!");\n            ^\n/home/ubuntu/test_codellm/unit_tests/zhipu/python_java/test.java:313: error: class, interface, enum, or record expected\n        }\n        ^\n/home/ubuntu/test_codellm/unit_tests/zhipu/python_java/test.java:316: error: class, interface, enum, or record expected\n    public static void main(String[] args) {\n                  ^\n/home/ubuntu/test_codellm/unit_tests/zhipu/python_java/test.java:318: error: class, interface, enum, or record expected\n    }\n    ^\n44 errors\nerror: compilation failed\n'


2023-12-12 03:00:58 INFO Running task: 32_0...
2023-12-12 03:00:59 INFO Test Passed!


2023-12-12 03:00:59 INFO Running task: 33_0...
2023-12-12 03:01:00 INFO Test Failed!
2023-12-12 03:01:00 INFO run_output: b'Note: /home/ubuntu/test_codellm/unit_tests/zhipu/python_java/test.java uses unchecked or unsafe operations.\nNote: Recompile with -Xlint:unchecked for details.\n18 18\n23 23\n0 0\n0 19999800010000\nTestcase No.4 Failed!\n2144241121 5507542627046\nTestcase No.5 Failed!\nPassed 3 / 5 testcases!\nTest Failed!\n'


2023-12-12 03:01:00 INFO Running task: 34_0...
2023-12-12 03:01:01 INFO Test Failed!
2023-12-12 03:01:01 INFO run_output: b'false true\nTestcase No.1 Failed!\nfalse false\nfalse true\nTestcase No.3 Failed!\nfalse true\nTestcase No.4 Failed!\nfalse false\nPassed 2 / 5 testcases!\nTest Failed!\n'


2023-12-12 03:01:01 INFO Running task: 35_0...
2023-12-12 03:01:02 INFO Compilation Failed!
2023-12-12 03:01:02 INFO run_output: b"/home/ubuntu/test_codellm/unit_tests/zhipu/python_java/test.java:223: error: cannot find symbol\n        cnt1[i % 2][ord(s1.charAt(i)) - ord('a')]++;\n                    ^\n  symbol:   method ord(char)\n  location: class Test\n/home/ubuntu/test_codellm/unit_tests/zhipu/python_java/test.java:223: error: cannot find symbol\n        cnt1[i % 2][ord(s1.charAt(i)) - ord('a')]++;\n                                        ^\n  symbol:   method ord(char)\n  location: class Test\n/home/ubuntu/test_codellm/unit_tests/zhipu/python_java/test.java:224: error: cannot find symbol\n        cnt2[i % 2][ord(s2.charAt(i)) - ord('a')]++;\n                    ^\n  symbol:   method ord(char)\n  location: class Test\n/home/ubuntu/test_codellm/unit_tests/zhipu/python_java/test.java:224: error: cannot find symbol\n        cnt2[i % 2][ord(s2.charAt(i)) - ord('a')]++;\n                                        ^\n  symbol:   method ord(char)\n  location: class Test\n4 errors\nerror: compilation failed\n"


2023-12-12 03:01:02 INFO Running task: 36_0...
2023-12-12 03:01:02 INFO Test Passed!


2023-12-12 03:01:02 INFO Running task: 37_0...
2023-12-12 03:01:03 INFO Test Passed!


2023-12-12 03:01:03 INFO Running task: 38_0...
2023-12-12 03:01:04 INFO Compilation Failed!
2023-12-12 03:01:04 INFO run_output: b'/home/ubuntu/test_codellm/unit_tests/zhipu/python_java/test.java:269: error: method testfunc in class Test cannot be applied to given types;\n                return_data = testfunc(data1, data2);\n                              ^\n  required: String[],String\n  found:    List<String>,String\n  reason: argument mismatch; List<String> cannot be converted to String[]\nNote: /home/ubuntu/test_codellm/unit_tests/zhipu/python_java/test.java uses unchecked or unsafe operations.\nNote: Recompile with -Xlint:unchecked for details.\n1 error\nerror: compilation failed\n'


2023-12-12 03:01:04 INFO Running task: 39_0...
2023-12-12 03:01:05 INFO Test Passed!


2023-12-12 03:01:05 INFO Running task: 40_0...
2023-12-12 03:01:06 INFO Test Passed!


2023-12-12 03:01:06 INFO Running task: 41_0...
2023-12-12 03:01:07 INFO Compilation Failed!
2023-12-12 03:01:07 INFO run_output: b'/home/ubuntu/test_codellm/unit_tests/zhipu/python_java/test.java:271: error: method testfunc in class Test cannot be applied to given types;\n                return_data = testfunc(data1, data2);\n                              ^\n  required: int[],int\n  found:    List<Integer>,int\n  reason: argument mismatch; List<Integer> cannot be converted to int[]\nNote: /home/ubuntu/test_codellm/unit_tests/zhipu/python_java/test.java uses unchecked or unsafe operations.\nNote: Recompile with -Xlint:unchecked for details.\n1 error\nerror: compilation failed\n'


2023-12-12 03:01:07 INFO Running task: 42_0...
2023-12-12 03:01:07 INFO Compilation Failed!
2023-12-12 03:01:07 INFO run_output: b'/home/ubuntu/test_codellm/unit_tests/zhipu/python_java/test.java:225: error: no suitable method found for binarySearch(List<Integer>,int,int,Integer)\n            int index = Arrays.binarySearch(pre, 0, pre.size() - 1, nums.get(i + x));\n                              ^\n    method Arrays.binarySearch(long[],long) is not applicable\n      (actual and formal argument lists differ in length)\n    method Arrays.binarySearch(long[],int,int,long) is not applicable\n      (argument mismatch; List<Integer> cannot be converted to long[])\n    method Arrays.binarySearch(int[],int) is not applicable\n      (actual and formal argument lists differ in length)\n    method Arrays.binarySearch(int[],int,int,int) is not applicable\n      (argument mismatch; List<Integer> cannot be converted to int[])\n    method Arrays.binarySearch(short[],short) is not applicable\n      (actual and formal argument lists differ in length)\n    method Arrays.binarySearch(short[],int,int,short) is not applicable\n      (argument mismatch; List<Integer> cannot be converted to short[])\n    method Arrays.binarySearch(char[],char) is not applicable\n      (actual and formal argument lists differ in length)\n    method Arrays.binarySearch(char[],int,int,char) is not applicable\n      (argument mismatch; List<Integer> cannot be converted to char[])\n    method Arrays.binarySearch(byte[],byte) is not applicable\n      (actual and formal argument lists differ in length)\n    method Arrays.binarySearch(byte[],int,int,byte) is not applicable\n      (argument mismatch; List<Integer> cannot be converted to byte[])\n    method Arrays.binarySearch(double[],double) is not applicable\n      (actual and formal argument lists differ in length)\n    method Arrays.binarySearch(double[],int,int,double) is not applicable\n      (argument mismatch; List<Integer> cannot be converted to double[])\n    method Arrays.binarySearch(float[],float) is not applicable\n      (actual and formal argument lists differ in length)\n    method Arrays.binarySearch(float[],int,int,float) is not applicable\n      (argument mismatch; List<Integer> cannot be converted to float[])\n    method Arrays.binarySearch(Object[],Object) is not applicable\n      (actual and formal argument lists differ in length)\n    method Arrays.binarySearch(Object[],int,int,Object) is not applicable\n      (argument mismatch; List<Integer> cannot be converted to Object[])\n    method Arrays.<T#1>binarySearch(T#1[],T#1,Comparator<? super T#1>) is not applicable\n      (cannot infer type-variable(s) T#1\n        (actual and formal argument lists differ in length))\n    method Arrays.<T#2>binarySearch(T#2[],int,int,T#2,Comparator<? super T#2>) is not applicable\n      (cannot infer type-variable(s) T#2\n        (actual and formal argument lists differ in length))\n  where T#1,T#2 are type-variables:\n    T#1 extends Object declared in method <T#1>binarySearch(T#1[],T#1,Comparator<? super T#1>)\n    T#2 extends Object declared in method <T#2>binarySearch(T#2[],int,int,T#2,Comparator<? super T#2>)\nNote: /home/ubuntu/test_codellm/unit_tests/zhipu/python_java/test.java uses unchecked or unsafe operations.\nNote: Recompile with -Xlint:unchecked for details.\n1 error\nerror: compilation failed\n'


2023-12-12 03:01:07 INFO Running task: 43_0...
2023-12-12 03:01:08 INFO Compilation Failed!
2023-12-12 03:01:08 INFO run_output: b'/home/ubuntu/test_codellm/unit_tests/zhipu/python_java/test.java:221: error: incompatible types: ListNode cannot be converted to Optional<ListNode>\n        head = new ListNode(0, head.get());\n               ^\n/home/ubuntu/test_codellm/unit_tests/zhipu/python_java/test.java:231: error: incompatible types: ListNode cannot be converted to Optional<ListNode>\n    return head.orElse(null);\n                      ^\n/home/ubuntu/test_codellm/unit_tests/zhipu/python_java/test.java:270: error: method testfunc in class Test cannot be applied to given types;\n                return_data = testfunc(data1);\n                              ^\n  required: Optional<ListNode>\n  found:    ListNode\n  reason: argument mismatch; ListNode cannot be converted to Optional<ListNode>\n3 errors\nerror: compilation failed\n'


2023-12-12 03:01:08 INFO Running task: 44_0...
2023-12-12 03:01:09 INFO Compilation Failed!
2023-12-12 03:01:09 INFO run_output: b'/home/ubuntu/test_codellm/unit_tests/zhipu/python_java/test.java:226: error: illegal character: \'\\\'\n        for (int d : Arrays.map(v + \\"\\", Integer::parseInt)) {\n                                    ^\n/home/ubuntu/test_codellm/unit_tests/zhipu/python_java/test.java:226: error: unclosed string literal\n        for (int d : Arrays.map(v + \\"\\", Integer::parseInt)) {\n                                     ^\n/home/ubuntu/test_codellm/unit_tests/zhipu/python_java/test.java:233: error: illegal start of type\n    return ans;\n    ^\n/home/ubuntu/test_codellm/unit_tests/zhipu/python_java/test.java:233: error: <identifier> expected\n    return ans;\n              ^\n/home/ubuntu/test_codellm/unit_tests/zhipu/python_java/test.java:237: error: class, interface, enum, or record expected\n    public static void start() {\n                  ^\n/home/ubuntu/test_codellm/unit_tests/zhipu/python_java/test.java:239: error: class, interface, enum, or record expected\n        int count = 0;\n        ^\n/home/ubuntu/test_codellm/unit_tests/zhipu/python_java/test.java:242: error: class, interface, enum, or record expected\n        String[] input_type = {"int[]"};\n        ^\n/home/ubuntu/test_codellm/unit_tests/zhipu/python_java/test.java:243: error: class, interface, enum, or record expected\n        String output_type = "int";\n        ^\n/home/ubuntu/test_codellm/unit_tests/zhipu/python_java/test.java:245: error: class, interface, enum, or record expected\n        int[] data1;\n        ^\n/home/ubuntu/test_codellm/unit_tests/zhipu/python_java/test.java:246: error: class, interface, enum, or record expected\n        int return_data;\n        ^\n/home/ubuntu/test_codellm/unit_tests/zhipu/python_java/test.java:247: error: class, interface, enum, or record expected\n        int gold_ans;\n        ^\n/home/ubuntu/test_codellm/unit_tests/zhipu/python_java/test.java:249: error: class, interface, enum, or record expected\n        String basePath = "/home/ubuntu/test_codellm/datas/testcases/44";\n        ^\n/home/ubuntu/test_codellm/unit_tests/zhipu/python_java/test.java:250: error: class, interface, enum, or record expected\n        for (int folder = 1; folder <= 5; folder++) {\n        ^\n/home/ubuntu/test_codellm/unit_tests/zhipu/python_java/test.java:250: error: class, interface, enum, or record expected\n        for (int folder = 1; folder <= 5; folder++) {\n                             ^\n/home/ubuntu/test_codellm/unit_tests/zhipu/python_java/test.java:250: error: class, interface, enum, or record expected\n        for (int folder = 1; folder <= 5; folder++) {\n                                          ^\n/home/ubuntu/test_codellm/unit_tests/zhipu/python_java/test.java:253: error: class, interface, enum, or record expected\n            String[] inputDatas;\n            ^\n/home/ubuntu/test_codellm/unit_tests/zhipu/python_java/test.java:254: error: class, interface, enum, or record expected\n            try (BufferedReader br = new BufferedReader(new FileReader(Paths.get(basePath, folder + "i.txt").toString()))) {\n            ^\n/home/ubuntu/test_codellm/unit_tests/zhipu/python_java/test.java:256: error: class, interface, enum, or record expected\n            } catch (FileNotFoundException e) {\n            ^\n/home/ubuntu/test_codellm/unit_tests/zhipu/python_java/test.java:258: error: class, interface, enum, or record expected\n            } catch (IOException e) {\n            ^\n/home/ubuntu/test_codellm/unit_tests/zhipu/python_java/test.java:260: error: class, interface, enum, or record expected\n            }\n            ^\n/home/ubuntu/test_codellm/unit_tests/zhipu/python_java/test.java:263: error: class, interface, enum, or record expected\n            String returnDatas = null;\n            ^\n/home/ubuntu/test_codellm/unit_tests/zhipu/python_java/test.java:264: error: class, interface, enum, or record expected\n            try (BufferedReader br = new BufferedReader(new FileReader(Paths.get(basePath, folder + "o.txt").toString()))) {\n            ^\n/home/ubuntu/test_codellm/unit_tests/zhipu/python_java/test.java:266: error: class, interface, enum, or record expected\n            } catch (IOException e) {\n            ^\n/home/ubuntu/test_codellm/unit_tests/zhipu/python_java/test.java:268: error: class, interface, enum, or record expected\n            }\n            ^\n/home/ubuntu/test_codellm/unit_tests/zhipu/python_java/test.java:271: error: class, interface, enum, or record expected\n            try {\n            ^\n/home/ubuntu/test_codellm/unit_tests/zhipu/python_java/test.java:273: error: class, interface, enum, or record expected\n                if (areEquivalent(return_data, gold_ans)){\n                ^\n/home/ubuntu/test_codellm/unit_tests/zhipu/python_java/test.java:275: error: class, interface, enum, or record expected\n                }else{\n                ^\n/home/ubuntu/test_codellm/unit_tests/zhipu/python_java/test.java:277: error: class, interface, enum, or record expected\n                }\n                ^\n/home/ubuntu/test_codellm/unit_tests/zhipu/python_java/test.java:280: error: class, interface, enum, or record expected\n            }\n            ^\n/home/ubuntu/test_codellm/unit_tests/zhipu/python_java/test.java:286: error: class, interface, enum, or record expected\n        } else {\n        ^\n/home/ubuntu/test_codellm/unit_tests/zhipu/python_java/test.java:288: error: class, interface, enum, or record expected\n            System.out.println("Test Failed!");\n            ^\n/home/ubuntu/test_codellm/unit_tests/zhipu/python_java/test.java:289: error: class, interface, enum, or record expected\n        }\n        ^\n/home/ubuntu/test_codellm/unit_tests/zhipu/python_java/test.java:292: error: class, interface, enum, or record expected\n    public static void main(String[] args) {\n                  ^\n/home/ubuntu/test_codellm/unit_tests/zhipu/python_java/test.java:294: error: class, interface, enum, or record expected\n    }\n    ^\n34 errors\nerror: compilation failed\n'


2023-12-12 03:01:09 INFO Running task: 45_0...
2023-12-12 03:01:09 INFO Compilation Failed!
2023-12-12 03:01:09 INFO run_output: b'/home/ubuntu/test_codellm/unit_tests/zhipu/python_java/test.java:231: error: no suitable constructor found for String(Object[])\n        return new String(q.toArray());\n               ^\n    constructor String.String() is not applicable\n      (actual and formal argument lists differ in length)\n    constructor String.String(String) is not applicable\n      (argument mismatch; Object[] cannot be converted to String)\n    constructor String.String(char[]) is not applicable\n      (argument mismatch; Object[] cannot be converted to char[])\n    constructor String.String(char[],int,int) is not applicable\n      (actual and formal argument lists differ in length)\n    constructor String.String(int[],int,int) is not applicable\n      (actual and formal argument lists differ in length)\n    constructor String.String(byte[],int,int,int) is not applicable\n      (actual and formal argument lists differ in length)\n    constructor String.String(byte[],int) is not applicable\n      (actual and formal argument lists differ in length)\n    constructor String.String(byte[],int,int,String) is not applicable\n      (actual and formal argument lists differ in length)\n    constructor String.String(byte[],int,int,Charset) is not applicable\n      (actual and formal argument lists differ in length)\n    constructor String.String(byte[],String) is not applicable\n      (actual and formal argument lists differ in length)\n    constructor String.String(byte[],Charset) is not applicable\n      (actual and formal argument lists differ in length)\n    constructor String.String(byte[],int,int) is not applicable\n      (actual and formal argument lists differ in length)\n    constructor String.String(byte[]) is not applicable\n      (argument mismatch; Object[] cannot be converted to byte[])\n    constructor String.String(StringBuffer) is not applicable\n      (argument mismatch; Object[] cannot be converted to StringBuffer)\n    constructor String.String(StringBuilder) is not applicable\n      (argument mismatch; Object[] cannot be converted to StringBuilder)\n    constructor String.String(char[],int,int,Void) is not applicable\n      (actual and formal argument lists differ in length)\n    constructor String.String(AbstractStringBuilder,Void) is not applicable\n      (actual and formal argument lists differ in length)\n    constructor String.String(byte[],byte) is not applicable\n      (actual and formal argument lists differ in length)\n1 error\nerror: compilation failed\n'


2023-12-12 03:01:09 INFO Running task: 46_0...
2023-12-12 03:01:10 INFO Test Passed!


2023-12-12 03:01:10 INFO Running task: 47_0...
2023-12-12 03:01:11 INFO Test Failed!
2023-12-12 03:01:11 INFO run_output: b'4 3\nTestcase No.1 Failed!\n2 1\nTestcase No.2 Failed!\n2 3\nTestcase No.3 Failed!\n1 1\n4 4\nPassed 2 / 5 testcases!\nTest Failed!\n'


2023-12-12 03:01:11 INFO Running task: 48_0...
2023-12-12 03:01:12 INFO Test Passed!


2023-12-12 03:01:12 INFO Running task: 49_0...
2023-12-12 03:01:13 INFO Test Passed!


2023-12-12 03:01:13 INFO Running task: 50_0...
2023-12-12 03:01:14 INFO Test Passed!


2023-12-12 03:01:14 INFO Running task: 51_0...
2023-12-12 03:01:15 INFO Test Passed!


2023-12-12 03:01:15 INFO Running task: 52_0...
2023-12-12 03:01:15 INFO Runtime Failed!
2023-12-12 03:01:15 INFO run_output: b'Note: /home/ubuntu/test_codellm/unit_tests/zhipu/python_java/test.java uses unchecked or unsafe operations.\nNote: Recompile with -Xlint:unchecked for details.\njava.lang.NullPointerException: Cannot invoke "java.lang.Integer.intValue()" because the return value of "java.util.Map.get(Object)" is null\n\tat Test.testfunc(test.java:226)\n\tat Test.start(test.java:267)\n\tat Test.main(test.java:288)\n\tat java.base/jdk.internal.reflect.NativeMethodAccessorImpl.invoke0(Native Method)\n\tat java.base/jdk.internal.reflect.NativeMethodAccessorImpl.invoke(NativeMethodAccessorImpl.java:77)\n\tat java.base/jdk.internal.reflect.DelegatingMethodAccessorImpl.invoke(DelegatingMethodAccessorImpl.java:43)\n\tat java.base/java.lang.reflect.Method.invoke(Method.java:568)\n\tat jdk.compiler/com.sun.tools.javac.launcher.Main.execute(Main.java:419)\n\tat jdk.compiler/com.sun.tools.javac.launcher.Main.run(Main.java:192)\n\tat jdk.compiler/com.sun.tools.javac.launcher.Main.main(Main.java:132)\njava.lang.NullPointerException: Cannot invoke "java.lang.Integer.intValue()" because the return value of "java.util.Map.get(Object)" is null\n\tat Test.testfunc(test.java:226)\n\tat Test.start(test.java:267)\n\tat Test.main(test.java:288)\n\tat java.base/jdk.internal.reflect.NativeMethodAccessorImpl.invoke0(Native Method)\n\tat java.base/jdk.internal.reflect.NativeMethodAccessorImpl.invoke(NativeMethodAccessorImpl.java:77)\n\tat java.base/jdk.internal.reflect.DelegatingMethodAccessorImpl.invoke(DelegatingMethodAccessorImpl.java:43)\n\tat java.base/java.lang.reflect.Method.invoke(Method.java:568)\n\tat jdk.compiler/com.sun.tools.javac.launcher.Main.execute(Main.java:419)\n\tat jdk.compiler/com.sun.tools.javac.launcher.Main.run(Main.java:192)\n\tat jdk.compiler/com.sun.tools.javac.launcher.Main.main(Main.java:132)\njava.lang.NullPointerException: Cannot invoke "java.lang.Integer.intValue()" because the return value of "java.util.Map.get(Object)" is null\n\tat Test.testfunc(test.java:226)\n\tat Test.start(test.java:267)\n\tat Test.main(test.java:288)\n\tat java.base/jdk.internal.reflect.NativeMethodAccessorImpl.invoke0(Native Method)\n\tat java.base/jdk.internal.reflect.NativeMethodAccessorImpl.invoke(NativeMethodAccessorImpl.java:77)\n\tat java.base/jdk.internal.reflect.DelegatingMethodAccessorImpl.invoke(DelegatingMethodAccessorImpl.java:43)\n\tat java.base/java.lang.reflect.Method.invoke(Method.java:568)\n\tat jdk.compiler/com.sun.tools.javac.launcher.Main.execute(Main.java:419)\n\tat jdk.compiler/com.sun.tools.javac.launcher.Main.run(Main.java:192)\n\tat jdk.compiler/com.sun.tools.javac.launcher.Main.main(Main.java:132)\njava.lang.NullPointerException: Cannot invoke "java.lang.Integer.intValue()" because the return value of "java.util.Map.get(Object)" is null\n\tat Test.testfunc(test.java:226)\n\tat Test.start(test.java:267)\n\tat Test.main(test.java:288)\n\tat java.base/jdk.internal.reflect.NativeMethodAccessorImpl.invoke0(Native Method)\n\tat java.base/jdk.internal.reflect.NativeMethodAccessorImpl.invoke(NativeMethodAccessorImpl.java:77)\n\tat java.base/jdk.internal.reflect.DelegatingMethodAccessorImpl.invoke(DelegatingMethodAccessorImpl.java:43)\n\tat java.base/java.lang.reflect.Method.invoke(Method.java:568)\n\tat jdk.compiler/com.sun.tools.javac.launcher.Main.execute(Main.java:419)\n\tat jdk.compiler/com.sun.tools.javac.launcher.Main.run(Main.java:192)\n\tat jdk.compiler/com.sun.tools.javac.launcher.Main.main(Main.java:132)\njava.lang.NullPointerException: Cannot invoke "java.lang.Integer.intValue()" because the return value of "java.util.Map.get(Object)" is null\n\tat Test.testfunc(test.java:226)\n\tat Test.start(test.java:267)\n\tat Test.main(test.java:288)\n\tat java.base/jdk.internal.reflect.NativeMethodAccessorImpl.invoke0(Native Method)\n\tat java.base/jdk.internal.reflect.NativeMethodAccessorImpl.invoke(NativeMethodAccessorImpl.java:77)\n\tat java.base/jdk.internal.reflect.DelegatingMethodAccessorImpl.invoke(DelegatingMethodAccessorImpl.java:43)\n\tat java.base/java.lang.reflect.Method.invoke(Method.java:568)\n\tat jdk.compiler/com.sun.tools.javac.launcher.Main.execute(Main.java:419)\n\tat jdk.compiler/com.sun.tools.javac.launcher.Main.run(Main.java:192)\n\tat jdk.compiler/com.sun.tools.javac.launcher.Main.main(Main.java:132)\nPassed 0 / 5 testcases!\nTest Failed!\n'


2023-12-12 03:01:15 INFO Running task: 53_0...
2023-12-12 03:01:16 INFO Compilation Failed!
2023-12-12 03:01:16 INFO run_output: b'/home/ubuntu/test_codellm/unit_tests/zhipu/python_java/test.java:220: error: incompatible types: possible lossy conversion from long to int\n    return (n * n) % 1000000007;\n                   ^\n1 error\nerror: compilation failed\n'


2023-12-12 03:01:16 INFO Running task: 54_0...
2023-12-12 03:01:17 INFO Test Passed!


2023-12-12 03:01:17 INFO Running task: 55_0...
2023-12-12 03:01:18 INFO Compilation Failed!
2023-12-12 03:01:18 INFO run_output: b'/home/ubuntu/test_codellm/unit_tests/zhipu/python_java/test.java:220: error: no suitable method found for toMap(List::get,(i)->i)\n        Map<Integer, Integer> rankMap = ranked.stream().collect(Collectors.toMap(List::get, i -> i));\n                                                                          ^\n    method Collectors.<T#1,K#1,U#1>toMap(Function<? super T#1,? extends K#1>,Function<? super T#1,? extends U#1>) is not applicable\n      (cannot infer type-variable(s) T#1,K#1,U#1\n        (argument mismatch; unexpected instance method get(int) found in unbound lookup))\n    method Collectors.<T#2,K#2,U#2>toMap(Function<? super T#2,? extends K#2>,Function<? super T#2,? extends U#2>,BinaryOperator<U#2>) is not applicable\n      (cannot infer type-variable(s) T#2,K#2,U#2\n        (actual and formal argument lists differ in length))\n    method Collectors.<T#3,K#3,U#3,M>toMap(Function<? super T#3,? extends K#3>,Function<? super T#3,? extends U#3>,BinaryOperator<U#3>,Supplier<M>) is not applicable\n      (cannot infer type-variable(s) T#3,K#3,U#3,M\n        (actual and formal argument lists differ in length))\n  where T#1,K#1,U#1,E,T#2,K#2,U#2,T#3,K#3,U#3,M are type-variables:\n    T#1 extends Object declared in method <T#1,K#1,U#1>toMap(Function<? super T#1,? extends K#1>,Function<? super T#1,? extends U#1>)\n    K#1 extends Object declared in method <T#1,K#1,U#1>toMap(Function<? super T#1,? extends K#1>,Function<? super T#1,? extends U#1>)\n    U#1 extends Object declared in method <T#1,K#1,U#1>toMap(Function<? super T#1,? extends K#1>,Function<? super T#1,? extends U#1>)\n    E extends Object declared in interface List\n    T#2 extends Object declared in method <T#2,K#2,U#2>toMap(Function<? super T#2,? extends K#2>,Function<? super T#2,? extends U#2>,BinaryOperator<U#2>)\n    K#2 extends Object declared in method <T#2,K#2,U#2>toMap(Function<? super T#2,? extends K#2>,Function<? super T#2,? extends U#2>,BinaryOperator<U#2>)\n    U#2 extends Object declared in method <T#2,K#2,U#2>toMap(Function<? super T#2,? extends K#2>,Function<? super T#2,? extends U#2>,BinaryOperator<U#2>)\n    T#3 extends Object declared in method <T#3,K#3,U#3,M>toMap(Function<? super T#3,? extends K#3>,Function<? super T#3,? extends U#3>,BinaryOperator<U#3>,Supplier<M>)\n    K#3 extends Object declared in method <T#3,K#3,U#3,M>toMap(Function<? super T#3,? extends K#3>,Function<? super T#3,? extends U#3>,BinaryOperator<U#3>,Supplier<M>)\n    U#3 extends Object declared in method <T#3,K#3,U#3,M>toMap(Function<? super T#3,? extends K#3>,Function<? super T#3,? extends U#3>,BinaryOperator<U#3>,Supplier<M>)\n    M extends Map<K#3,U#3> declared in method <T#3,K#3,U#3,M>toMap(Function<? super T#3,? extends K#3>,Function<? super T#3,? extends U#3>,BinaryOperator<U#3>,Supplier<M>)\n/home/ubuntu/test_codellm/unit_tests/zhipu/python_java/test.java:225: error: method bsearch in class Test cannot be applied to given types;\n            int rank = bsearch(rankNums, score);\n                       ^\n  required: List<Integer>,List<Integer>\n  found:    List<Integer>,Integer\n  reason: argument mismatch; Integer cannot be converted to List<Integer>\n/home/ubuntu/test_codellm/unit_tests/zhipu/python_java/test.java:241: error: incompatible types: int cannot be converted to List<Integer>\n                return mid + 1;\n                           ^\n/home/ubuntu/test_codellm/unit_tests/zhipu/python_java/test.java:244: error: incompatible types: int cannot be converted to List<Integer>\n        return low + 1;\n                   ^\nNote: /home/ubuntu/test_codellm/unit_tests/zhipu/python_java/test.java uses unchecked or unsafe operations.\nNote: Recompile with -Xlint:unchecked for details.\n4 errors\nerror: compilation failed\n'


2023-12-12 03:01:18 INFO Running task: 56_0...
2023-12-12 03:01:20 INFO Test Passed!


2023-12-12 03:01:20 INFO Running task: 57_0...
2023-12-12 03:01:21 INFO Test Passed!


2023-12-12 03:01:21 INFO Running task: 58_0...
2023-12-12 03:01:21 INFO Compilation Failed!
2023-12-12 03:01:21 INFO run_output: b'/home/ubuntu/test_codellm/unit_tests/zhipu/python_java/test.java:222: error: cannot find symbol\n        if (node.left.isPresent()) {\n                     ^\n  symbol:   method isPresent()\n  location: variable left of type TreeNode\n/home/ubuntu/test_codellm/unit_tests/zhipu/python_java/test.java:223: error: method testfunc in class Test cannot be applied to given types;\n            boolean left = testfunc(node.left);\n                           ^\n  required: Optional<TreeNode>\n  found:    TreeNode\n  reason: argument mismatch; TreeNode cannot be converted to Optional<TreeNode>\n/home/ubuntu/test_codellm/unit_tests/zhipu/python_java/test.java:224: error: method testfunc in class Test cannot be applied to given types;\n            boolean right = testfunc(node.right);\n                            ^\n  required: Optional<TreeNode>\n  found:    TreeNode\n  reason: argument mismatch; TreeNode cannot be converted to Optional<TreeNode>\n/home/ubuntu/test_codellm/unit_tests/zhipu/python_java/test.java:227: error: no suitable method found for valueOf(int)\n            return Boolean.valueOf(node.val);\n                          ^\n    method Boolean.valueOf(boolean) is not applicable\n      (argument mismatch; int cannot be converted to boolean)\n    method Boolean.valueOf(String) is not applicable\n      (argument mismatch; int cannot be converted to String)\n/home/ubuntu/test_codellm/unit_tests/zhipu/python_java/test.java:270: error: method testfunc in class Test cannot be applied to given types;\n                return_data = testfunc(data1);\n                              ^\n  required: Optional<TreeNode>\n  found:    TreeNode\n  reason: argument mismatch; TreeNode cannot be converted to Optional<TreeNode>\n5 errors\nerror: compilation failed\n'


2023-12-12 03:01:21 INFO Running task: 59_0...
2023-12-12 03:01:23 INFO Test Passed!


2023-12-12 03:01:23 INFO Running task: 60_0...
2023-12-12 03:01:24 INFO Test Passed!


2023-12-12 03:01:24 INFO Running task: 61_0...
2023-12-12 03:01:25 INFO Compilation Failed!
2023-12-12 03:01:25 INFO run_output: b'/home/ubuntu/test_codellm/unit_tests/zhipu/python_java/test.java:228: error: no suitable method found for binarySearch(List<Long>,long)\n            int idx = Arrays.binarySearch(sortedSums, currentSum);\n                            ^\n    method Arrays.binarySearch(long[],long) is not applicable\n      (argument mismatch; List<Long> cannot be converted to long[])\n    method Arrays.binarySearch(long[],int,int,long) is not applicable\n      (actual and formal argument lists differ in length)\n    method Arrays.binarySearch(int[],int) is not applicable\n      (argument mismatch; List<Long> cannot be converted to int[])\n    method Arrays.binarySearch(int[],int,int,int) is not applicable\n      (actual and formal argument lists differ in length)\n    method Arrays.binarySearch(short[],short) is not applicable\n      (argument mismatch; List<Long> cannot be converted to short[])\n    method Arrays.binarySearch(short[],int,int,short) is not applicable\n      (actual and formal argument lists differ in length)\n    method Arrays.binarySearch(char[],char) is not applicable\n      (argument mismatch; List<Long> cannot be converted to char[])\n    method Arrays.binarySearch(char[],int,int,char) is not applicable\n      (actual and formal argument lists differ in length)\n    method Arrays.binarySearch(byte[],byte) is not applicable\n      (argument mismatch; List<Long> cannot be converted to byte[])\n    method Arrays.binarySearch(byte[],int,int,byte) is not applicable\n      (actual and formal argument lists differ in length)\n    method Arrays.binarySearch(double[],double) is not applicable\n      (argument mismatch; List<Long> cannot be converted to double[])\n    method Arrays.binarySearch(double[],int,int,double) is not applicable\n      (actual and formal argument lists differ in length)\n    method Arrays.binarySearch(float[],float) is not applicable\n      (argument mismatch; List<Long> cannot be converted to float[])\n    method Arrays.binarySearch(float[],int,int,float) is not applicable\n      (actual and formal argument lists differ in length)\n    method Arrays.binarySearch(Object[],Object) is not applicable\n      (argument mismatch; List<Long> cannot be converted to Object[])\n    method Arrays.binarySearch(Object[],int,int,Object) is not applicable\n      (actual and formal argument lists differ in length)\n    method Arrays.<T#1>binarySearch(T#1[],T#1,Comparator<? super T#1>) is not applicable\n      (cannot infer type-variable(s) T#1\n        (actual and formal argument lists differ in length))\n    method Arrays.<T#2>binarySearch(T#2[],int,int,T#2,Comparator<? super T#2>) is not applicable\n      (cannot infer type-variable(s) T#2\n        (actual and formal argument lists differ in length))\n  where T#1,T#2 are type-variables:\n    T#1 extends Object declared in method <T#1>binarySearch(T#1[],T#1,Comparator<? super T#1>)\n    T#2 extends Object declared in method <T#2>binarySearch(T#2[],int,int,T#2,Comparator<? super T#2>)\nNote: /home/ubuntu/test_codellm/unit_tests/zhipu/python_java/test.java uses unchecked or unsafe operations.\nNote: Recompile with -Xlint:unchecked for details.\n1 error\nerror: compilation failed\n'


2023-12-12 03:01:25 INFO Running task: 62_0...
2023-12-12 03:01:25 INFO Compilation Failed!
2023-12-12 03:01:25 INFO run_output: b'/home/ubuntu/test_codellm/unit_tests/zhipu/python_java/test.java:220: error: incompatible types: inference variable T has incompatible bounds\n    List<List<List<Integer>>> magicSquares = Arrays.asList(\n                                                          ^\n    equality constraints: List<Integer>\n    lower bounds: int[]\n  where T is a type-variable:\n    T extends Object declared in method <T>asList(T...)\nNote: /home/ubuntu/test_codellm/unit_tests/zhipu/python_java/test.java uses unchecked or unsafe operations.\nNote: Recompile with -Xlint:unchecked for details.\n1 error\nerror: compilation failed\n'


2023-12-12 03:01:25 INFO Running task: 63_0...
2023-12-12 03:01:26 INFO Compilation Failed!
2023-12-12 03:01:26 INFO run_output: b'/home/ubuntu/test_codellm/unit_tests/zhipu/python_java/test.java:227: error: illegal character: \'\\\'\n                return \\"IsFibo\\";\n                       ^\n/home/ubuntu/test_codellm/unit_tests/zhipu/python_java/test.java:227: error: unclosed string literal\n                return \\"IsFibo\\";\n                        ^\n/home/ubuntu/test_codellm/unit_tests/zhipu/python_java/test.java:230: error: illegal character: \'\\\'\n        return \\"IsNotFibo\\";\n               ^\n/home/ubuntu/test_codellm/unit_tests/zhipu/python_java/test.java:230: error: unclosed string literal\n        return \\"IsNotFibo\\";\n                ^\n4 errors\nerror: compilation failed\n'


2023-12-12 03:01:26 INFO Running task: 64_0...
2023-12-12 03:01:26 INFO Compilation Failed!
2023-12-12 03:01:26 INFO run_output: b"/home/ubuntu/test_codellm/unit_tests/zhipu/python_java/test.java:241: error: '_' used as an identifier\n        return seen.stream().filter(l <= _ -> true).filter(s -> s <= r).count();\n                                         ^\n  (use of '_' as an identifier is forbidden for lambda parameters)\n1 error\nerror: compilation failed\n"


2023-12-12 03:01:26 INFO Running task: 65_0...
2023-12-12 03:01:27 INFO Compilation Failed!
2023-12-12 03:01:27 INFO run_output: b"/home/ubuntu/test_codellm/unit_tests/zhipu/python_java/test.java:225: error: bad operand types for binary operator '>'\n                if (i.charAt(j - 1) < i.charAt(j) > i.charAt(j + 1) && d.charAt(j) < i.charAt(j) > u.charAt(j)) {\n                                                  ^\n  first type:  boolean\n  second type: char\n/home/ubuntu/test_codellm/unit_tests/zhipu/python_java/test.java:225: error: bad operand types for binary operator '>'\n                if (i.charAt(j - 1) < i.charAt(j) > i.charAt(j + 1) && d.charAt(j) < i.charAt(j) > u.charAt(j)) {\n                                                                                                 ^\n  first type:  boolean\n  second type: char\n/home/ubuntu/test_codellm/unit_tests/zhipu/python_java/test.java:231: error: no suitable constructor found for String(List<Character>)\n                    grid.set(k, new String(x));\n                                ^\n    constructor String.String() is not applicable\n      (actual and formal argument lists differ in length)\n    constructor String.String(String) is not applicable\n      (argument mismatch; List<Character> cannot be converted to String)\n    constructor String.String(char[]) is not applicable\n      (argument mismatch; List<Character> cannot be converted to char[])\n    constructor String.String(char[],int,int) is not applicable\n      (actual and formal argument lists differ in length)\n    constructor String.String(int[],int,int) is not applicable\n      (actual and formal argument lists differ in length)\n    constructor String.String(byte[],int,int,int) is not applicable\n      (actual and formal argument lists differ in length)\n    constructor String.String(byte[],int) is not applicable\n      (actual and formal argument lists differ in length)\n    constructor String.String(byte[],int,int,String) is not applicable\n      (actual and formal argument lists differ in length)\n    constructor String.String(byte[],int,int,Charset) is not applicable\n      (actual and formal argument lists differ in length)\n    constructor String.String(byte[],String) is not applicable\n      (actual and formal argument lists differ in length)\n    constructor String.String(byte[],Charset) is not applicable\n      (actual and formal argument lists differ in length)\n    constructor String.String(byte[],int,int) is not applicable\n      (actual and formal argument lists differ in length)\n    constructor String.String(byte[]) is not applicable\n      (argument mismatch; List<Character> cannot be converted to byte[])\n    constructor String.String(StringBuffer) is not applicable\n      (argument mismatch; List<Character> cannot be converted to StringBuffer)\n    constructor String.String(StringBuilder) is not applicable\n      (argument mismatch; List<Character> cannot be converted to StringBuilder)\n    constructor String.String(char[],int,int,Void) is not applicable\n      (actual and formal argument lists differ in length)\n    constructor String.String(AbstractStringBuilder,Void) is not applicable\n      (actual and formal argument lists differ in length)\n    constructor String.String(byte[],byte) is not applicable\n      (actual and formal argument lists differ in length)\nNote: /home/ubuntu/test_codellm/unit_tests/zhipu/python_java/test.java uses unchecked or unsafe operations.\nNote: Recompile with -Xlint:unchecked for details.\n3 errors\nerror: compilation failed\n"


2023-12-12 03:01:27 INFO Running task: 66_0...
2023-12-12 03:01:27 INFO Compilation Failed!
2023-12-12 03:01:27 INFO run_output: b"/home/ubuntu/test_codellm/unit_tests/zhipu/python_java/test.java:222: error: ';' expected\n    long ans = Math.min(Math.max(m - 1, n - 1) * n + Math.min(m, n) - 1, Math.max(n - 1, m - 1) * m + Math.min(m, n) - 1));\n                                                                                                                         ^\n1 error\nerror: compilation failed\n"


2023-12-12 03:01:27 INFO Running task: 67_0...
2023-12-12 03:01:28 INFO Compilation Failed!
2023-12-12 03:01:28 INFO run_output: b'/home/ubuntu/test_codellm/unit_tests/zhipu/python_java/test.java:224: error: method sort in interface List<E> cannot be applied to given types;\n    price.sort((p1, p2) -> p1 - p2);\n              ^\n  required: Comparator<? super Long>\n  found:    (p1,p2)->p1 - p2\n  reason: argument mismatch; bad return type in lambda expression\n      possible lossy conversion from long to int\n  where E is a type-variable:\n    E extends Object declared in interface List\nNote: /home/ubuntu/test_codellm/unit_tests/zhipu/python_java/test.java uses unchecked or unsafe operations.\nNote: Recompile with -Xlint:unchecked for details.\n1 error\nerror: compilation failed\n'


2023-12-12 03:01:28 INFO Running task: 68_0...
2023-12-12 03:01:28 INFO Compilation Failed!
2023-12-12 03:01:28 INFO run_output: b'/home/ubuntu/test_codellm/unit_tests/zhipu/python_java/test.java:221: error: illegal character: \'\\\'\n        return \\"26.09.1918\\";\n               ^\n/home/ubuntu/test_codellm/unit_tests/zhipu/python_java/test.java:221: error: unclosed string literal\n        return \\"26.09.1918\\";\n                ^\n/home/ubuntu/test_codellm/unit_tests/zhipu/python_java/test.java:227: error: illegal character: \'\\\'\n    return \\".join([\\"12\\" if leapYear else \\"13\\", \\"09\\", String.valueOf(year)]));\n           ^\n/home/ubuntu/test_codellm/unit_tests/zhipu/python_java/test.java:227: error: unclosed string literal\n    return \\".join([\\"12\\" if leapYear else \\"13\\", \\"09\\", String.valueOf(year)]));\n            ^\n4 errors\nerror: compilation failed\n'


2023-12-12 03:01:28 INFO Running task: 69_0...
2023-12-12 03:01:30 INFO Test Passed!


2023-12-12 03:01:30 INFO Running task: 70_0...
2023-12-12 03:01:31 INFO Compilation Failed!
2023-12-12 03:01:31 INFO run_output: b'/home/ubuntu/test_codellm/unit_tests/zhipu/python_java/test.java:221: error: illegal character: \'\\\'\n            return hour.get(h - 1) + \\" o\' clock\\";\n                                     ^\n/home/ubuntu/test_codellm/unit_tests/zhipu/python_java/test.java:221: error: unclosed string literal\n            return hour.get(h - 1) + \\" o\' clock\\";\n                                      ^\n/home/ubuntu/test_codellm/unit_tests/zhipu/python_java/test.java:223: error: illegal character: \'\\\'\n            return \\"quarter past \\" + hour.get(h - 1);\n                   ^\n/home/ubuntu/test_codellm/unit_tests/zhipu/python_java/test.java:223: error: unclosed string literal\n            return \\"quarter past \\" + hour.get(h - 1);\n                    ^\n/home/ubuntu/test_codellm/unit_tests/zhipu/python_java/test.java:225: error: illegal character: \'\\\'\n            return \\"half past \\" + hour.get(h - 1);\n                   ^\n/home/ubuntu/test_codellm/unit_tests/zhipu/python_java/test.java:225: error: unclosed string literal\n            return \\"half past \\" + hour.get(h - 1);\n                    ^\n/home/ubuntu/test_codellm/unit_tests/zhipu/python_java/test.java:227: error: illegal character: \'\\\'\n            return \\"quarter to \\" + hour.get((h % 12));\n                   ^\n/home/ubuntu/test_codellm/unit_tests/zhipu/python_java/test.java:227: error: unclosed string literal\n            return \\"quarter to \\" + hour.get((h % 12));\n                    ^\n/home/ubuntu/test_codellm/unit_tests/zhipu/python_java/test.java:229: error: illegal character: \'\\\'\n            return minutes.get(m - 1) + \\" minute past \\" + hour.get(h - 1);\n                                        ^\n/home/ubuntu/test_codellm/unit_tests/zhipu/python_java/test.java:229: error: unclosed string literal\n            return minutes.get(m - 1) + \\" minute past \\" + hour.get(h - 1);\n                                         ^\n/home/ubuntu/test_codellm/unit_tests/zhipu/python_java/test.java:231: error: illegal character: \'\\\'\n            return minutes.get(m - 1) + \\" minutes past \\" + hour.get(h - 1);\n                                        ^\n/home/ubuntu/test_codellm/unit_tests/zhipu/python_java/test.java:231: error: unclosed string literal\n            return minutes.get(m - 1) + \\" minutes past \\" + hour.get(h - 1);\n                                         ^\n/home/ubuntu/test_codellm/unit_tests/zhipu/python_java/test.java:233: error: illegal character: \'\\\'\n            return minutes.get(60 - m - 1) + \\" minutes to \\" + hour.get(h % 12);\n                                             ^\n/home/ubuntu/test_codellm/unit_tests/zhipu/python_java/test.java:233: error: unclosed string literal\n            return minutes.get(60 - m - 1) + \\" minutes to \\" + hour.get(h % 12);\n                                              ^\n14 errors\nerror: compilation failed\n'


2023-12-12 03:01:31 INFO Running task: 71_0...
2023-12-12 03:01:32 INFO Test Passed!


2023-12-12 03:01:32 INFO Running task: 72_0...
2023-12-12 03:01:33 INFO Runtime Failed!
2023-12-12 03:01:33 INFO run_output: b'Note: /home/ubuntu/test_codellm/unit_tests/zhipu/python_java/test.java uses unchecked or unsafe operations.\nNote: Recompile with -Xlint:unchecked for details.\njava.lang.IndexOutOfBoundsException: Index -1 out of bounds for length 4\n\tat java.base/jdk.internal.util.Preconditions.outOfBounds(Preconditions.java:64)\n\tat java.base/jdk.internal.util.Preconditions.outOfBoundsCheckIndex(Preconditions.java:70)\n\tat java.base/jdk.internal.util.Preconditions.checkIndex(Preconditions.java:266)\n\tat java.base/java.util.Objects.checkIndex(Objects.java:361)\n\tat java.base/java.util.ArrayList.get(ArrayList.java:427)\n\tat Test.testfunc(test.java:233)\n\tat Test.start(test.java:283)\n\tat Test.main(test.java:304)\n\tat java.base/jdk.internal.reflect.NativeMethodAccessorImpl.invoke0(Native Method)\n\tat java.base/jdk.internal.reflect.NativeMethodAccessorImpl.invoke(NativeMethodAccessorImpl.java:77)\n\tat java.base/jdk.internal.reflect.DelegatingMethodAccessorImpl.invoke(DelegatingMethodAccessorImpl.java:43)\n\tat java.base/java.lang.reflect.Method.invoke(Method.java:568)\n\tat jdk.compiler/com.sun.tools.javac.launcher.Main.execute(Main.java:419)\n\tat jdk.compiler/com.sun.tools.javac.launcher.Main.run(Main.java:192)\n\tat jdk.compiler/com.sun.tools.javac.launcher.Main.main(Main.java:132)\njava.lang.IndexOutOfBoundsException: Index -1 out of bounds for length 4\n\tat java.base/jdk.internal.util.Preconditions.outOfBounds(Preconditions.java:64)\n\tat java.base/jdk.internal.util.Preconditions.outOfBoundsCheckIndex(Preconditions.java:70)\n\tat java.base/jdk.internal.util.Preconditions.checkIndex(Preconditions.java:266)\n\tat java.base/java.util.Objects.checkIndex(Objects.java:361)\n\tat java.base/java.util.ArrayList.get(ArrayList.java:427)\n\tat Test.testfunc(test.java:233)\n\tat Test.start(test.java:283)\n\tat Test.main(test.java:304)\n\tat java.base/jdk.internal.reflect.NativeMethodAccessorImpl.invoke0(Native Method)\n\tat java.base/jdk.internal.reflect.NativeMethodAccessorImpl.invoke(NativeMethodAccessorImpl.java:77)\n\tat java.base/jdk.internal.reflect.DelegatingMethodAccessorImpl.invoke(DelegatingMethodAccessorImpl.java:43)\n\tat java.base/java.lang.reflect.Method.invoke(Method.java:568)\n\tat jdk.compiler/com.sun.tools.javac.launcher.Main.execute(Main.java:419)\n\tat jdk.compiler/com.sun.tools.javac.launcher.Main.run(Main.java:192)\n\tat jdk.compiler/com.sun.tools.javac.launcher.Main.main(Main.java:132)\njava.lang.IndexOutOfBoundsException: Index -1 out of bounds for length 4\n\tat java.base/jdk.internal.util.Preconditions.outOfBounds(Preconditions.java:64)\n\tat java.base/jdk.internal.util.Preconditions.outOfBoundsCheckIndex(Preconditions.java:70)\n\tat java.base/jdk.internal.util.Preconditions.checkIndex(Preconditions.java:266)\n\tat java.base/java.util.Objects.checkIndex(Objects.java:361)\n\tat java.base/java.util.ArrayList.get(ArrayList.java:427)\n\tat Test.testfunc(test.java:233)\n\tat Test.start(test.java:283)\n\tat Test.main(test.java:304)\n\tat java.base/jdk.internal.reflect.NativeMethodAccessorImpl.invoke0(Native Method)\n\tat java.base/jdk.internal.reflect.NativeMethodAccessorImpl.invoke(NativeMethodAccessorImpl.java:77)\n\tat java.base/jdk.internal.reflect.DelegatingMethodAccessorImpl.invoke(DelegatingMethodAccessorImpl.java:43)\n\tat java.base/java.lang.reflect.Method.invoke(Method.java:568)\n\tat jdk.compiler/com.sun.tools.javac.launcher.Main.execute(Main.java:419)\n\tat jdk.compiler/com.sun.tools.javac.launcher.Main.run(Main.java:192)\n\tat jdk.compiler/com.sun.tools.javac.launcher.Main.main(Main.java:132)\njava.lang.IndexOutOfBoundsException: Index -1 out of bounds for length 2\n\tat java.base/jdk.internal.util.Preconditions.outOfBounds(Preconditions.java:64)\n\tat java.base/jdk.internal.util.Preconditions.outOfBoundsCheckIndex(Preconditions.java:70)\n\tat java.base/jdk.internal.util.Preconditions.checkIndex(Preconditions.java:266)\n\tat java.base/java.util.Objects.checkIndex(Objects.java:361)\n\tat java.base/java.util.ArrayList.get(ArrayList.java:427)\n\tat Test.testfunc(test.java:233)\n\tat Test.start(test.java:283)\n\tat Test.main(test.java:304)\n\tat java.base/jdk.internal.reflect.NativeMethodAccessorImpl.invoke0(Native Method)\n\tat java.base/jdk.internal.reflect.NativeMethodAccessorImpl.invoke(NativeMethodAccessorImpl.java:77)\n\tat java.base/jdk.internal.reflect.DelegatingMethodAccessorImpl.invoke(DelegatingMethodAccessorImpl.java:43)\n\tat java.base/java.lang.reflect.Method.invoke(Method.java:568)\n\tat jdk.compiler/com.sun.tools.javac.launcher.Main.execute(Main.java:419)\n\tat jdk.compiler/com.sun.tools.javac.launcher.Main.run(Main.java:192)\n\tat jdk.compiler/com.sun.tools.javac.launcher.Main.main(Main.java:132)\njava.lang.IndexOutOfBoundsException: Index -1 out of bounds for length 35\n\tat java.base/jdk.internal.util.Preconditions.outOfBounds(Preconditions.java:64)\n\tat java.base/jdk.internal.util.Preconditions.outOfBoundsCheckIndex(Preconditions.java:70)\n\tat java.base/jdk.internal.util.Preconditions.checkIndex(Preconditions.java:266)\n\tat java.base/java.util.Objects.checkIndex(Objects.java:361)\n\tat java.base/java.util.ArrayList.get(ArrayList.java:427)\n\tat Test.testfunc(test.java:233)\n\tat Test.start(test.java:283)\n\tat Test.main(test.java:304)\n\tat java.base/jdk.internal.reflect.NativeMethodAccessorImpl.invoke0(Native Method)\n\tat java.base/jdk.internal.reflect.NativeMethodAccessorImpl.invoke(NativeMethodAccessorImpl.java:77)\n\tat java.base/jdk.internal.reflect.DelegatingMethodAccessorImpl.invoke(DelegatingMethodAccessorImpl.java:43)\n\tat java.base/java.lang.reflect.Method.invoke(Method.java:568)\n\tat jdk.compiler/com.sun.tools.javac.launcher.Main.execute(Main.java:419)\n\tat jdk.compiler/com.sun.tools.javac.launcher.Main.run(Main.java:192)\n\tat jdk.compiler/com.sun.tools.javac.launcher.Main.main(Main.java:132)\nPassed 0 / 5 testcases!\nTest Failed!\n'


2023-12-12 03:01:33 INFO Running task: 73_0...
2023-12-12 03:01:34 INFO Test Passed!


2023-12-12 03:01:34 INFO Running task: 74_0...
2023-12-12 03:01:34 INFO Runtime Failed!
2023-12-12 03:01:34 INFO run_output: b'Note: /home/ubuntu/test_codellm/unit_tests/zhipu/python_java/test.java uses unchecked or unsafe operations.\nNote: Recompile with -Xlint:unchecked for details.\njava.lang.ArithmeticException: / by zero\n\tat Test.testfunc(test.java:229)\n\tat Test.start(test.java:283)\n\tat Test.main(test.java:304)\n\tat java.base/jdk.internal.reflect.NativeMethodAccessorImpl.invoke0(Native Method)\n\tat java.base/jdk.internal.reflect.NativeMethodAccessorImpl.invoke(NativeMethodAccessorImpl.java:77)\n\tat java.base/jdk.internal.reflect.DelegatingMethodAccessorImpl.invoke(DelegatingMethodAccessorImpl.java:43)\n\tat java.base/java.lang.reflect.Method.invoke(Method.java:568)\n\tat jdk.compiler/com.sun.tools.javac.launcher.Main.execute(Main.java:419)\n\tat jdk.compiler/com.sun.tools.javac.launcher.Main.run(Main.java:192)\n\tat jdk.compiler/com.sun.tools.javac.launcher.Main.main(Main.java:132)\njava.lang.ArithmeticException: / by zero\n\tat Test.testfunc(test.java:229)\n\tat Test.start(test.java:283)\n\tat Test.main(test.java:304)\n\tat java.base/jdk.internal.reflect.NativeMethodAccessorImpl.invoke0(Native Method)\n\tat java.base/jdk.internal.reflect.NativeMethodAccessorImpl.invoke(NativeMethodAccessorImpl.java:77)\n\tat java.base/jdk.internal.reflect.DelegatingMethodAccessorImpl.invoke(DelegatingMethodAccessorImpl.java:43)\n\tat java.base/java.lang.reflect.Method.invoke(Method.java:568)\n\tat jdk.compiler/com.sun.tools.javac.launcher.Main.execute(Main.java:419)\n\tat jdk.compiler/com.sun.tools.javac.launcher.Main.run(Main.java:192)\n\tat jdk.compiler/com.sun.tools.javac.launcher.Main.main(Main.java:132)\njava.lang.ArithmeticException: / by zero\n\tat Test.testfunc(test.java:229)\n\tat Test.start(test.java:283)\n\tat Test.main(test.java:304)\n\tat java.base/jdk.internal.reflect.NativeMethodAccessorImpl.invoke0(Native Method)\n\tat java.base/jdk.internal.reflect.NativeMethodAccessorImpl.invoke(NativeMethodAccessorImpl.java:77)\n\tat java.base/jdk.internal.reflect.DelegatingMethodAccessorImpl.invoke(DelegatingMethodAccessorImpl.java:43)\n\tat java.base/java.lang.reflect.Method.invoke(Method.java:568)\n\tat jdk.compiler/com.sun.tools.javac.launcher.Main.execute(Main.java:419)\n\tat jdk.compiler/com.sun.tools.javac.launcher.Main.run(Main.java:192)\n\tat jdk.compiler/com.sun.tools.javac.launcher.Main.main(Main.java:132)\njava.lang.ArithmeticException: / by zero\n\tat Test.testfunc(test.java:229)\n\tat Test.start(test.java:283)\n\tat Test.main(test.java:304)\n\tat java.base/jdk.internal.reflect.NativeMethodAccessorImpl.invoke0(Native Method)\n\tat java.base/jdk.internal.reflect.NativeMethodAccessorImpl.invoke(NativeMethodAccessorImpl.java:77)\n\tat java.base/jdk.internal.reflect.DelegatingMethodAccessorImpl.invoke(DelegatingMethodAccessorImpl.java:43)\n\tat java.base/java.lang.reflect.Method.invoke(Method.java:568)\n\tat jdk.compiler/com.sun.tools.javac.launcher.Main.execute(Main.java:419)\n\tat jdk.compiler/com.sun.tools.javac.launcher.Main.run(Main.java:192)\n\tat jdk.compiler/com.sun.tools.javac.launcher.Main.main(Main.java:132)\njava.lang.ArithmeticException: / by zero\n\tat Test.testfunc(test.java:229)\n\tat Test.start(test.java:283)\n\tat Test.main(test.java:304)\n\tat java.base/jdk.internal.reflect.NativeMethodAccessorImpl.invoke0(Native Method)\n\tat java.base/jdk.internal.reflect.NativeMethodAccessorImpl.invoke(NativeMethodAccessorImpl.java:77)\n\tat java.base/jdk.internal.reflect.DelegatingMethodAccessorImpl.invoke(DelegatingMethodAccessorImpl.java:43)\n\tat java.base/java.lang.reflect.Method.invoke(Method.java:568)\n\tat jdk.compiler/com.sun.tools.javac.launcher.Main.execute(Main.java:419)\n\tat jdk.compiler/com.sun.tools.javac.launcher.Main.run(Main.java:192)\n\tat jdk.compiler/com.sun.tools.javac.launcher.Main.main(Main.java:132)\nPassed 0 / 5 testcases!\nTest Failed!\n'


2023-12-12 03:01:34 INFO Running task: 75_0...
2023-12-12 03:01:35 INFO Compilation Failed!
2023-12-12 03:01:35 INFO run_output: b'/home/ubuntu/test_codellm/unit_tests/zhipu/python_java/test.java:271: error: method testfunc in class Test cannot be applied to given types;\n                return_data = testfunc(data1, data2);\n                              ^\n  required: int[],int\n  found:    List<Integer>,int\n  reason: argument mismatch; List<Integer> cannot be converted to int[]\nNote: /home/ubuntu/test_codellm/unit_tests/zhipu/python_java/test.java uses unchecked or unsafe operations.\nNote: Recompile with -Xlint:unchecked for details.\n1 error\nerror: compilation failed\n'


2023-12-12 03:01:35 INFO Running task: 76_0...
2023-12-12 03:01:36 INFO Test Passed!


2023-12-12 03:01:36 INFO Running task: 77_0...
2023-12-12 03:01:37 INFO Test Passed!


2023-12-12 03:01:37 INFO Running task: 78_0...
2023-12-12 03:01:38 INFO Test Passed!


2023-12-12 03:01:38 INFO Running task: 79_0...
2023-12-12 03:01:39 INFO Test Passed!


2023-12-12 03:01:39 INFO Running task: 80_0...
2023-12-12 03:01:40 INFO Test Passed!


2023-12-12 03:01:40 INFO Running task: 81_0...
2023-12-12 03:01:40 INFO Compilation Failed!
2023-12-12 03:01:40 INFO run_output: b'/home/ubuntu/test_codellm/unit_tests/zhipu/python_java/test.java:220: error: incompatible types: long[] cannot be converted to int[]\n        int ans[] = new long[5];\n                    ^\n/home/ubuntu/test_codellm/unit_tests/zhipu/python_java/test.java:227: error: illegal initializer for int\n                {{0, -1}, {-1, -1}, {-1, 0}},\n                 ^\n/home/ubuntu/test_codellm/unit_tests/zhipu/python_java/test.java:227: error: illegal initializer for int\n                {{0, -1}, {-1, -1}, {-1, 0}},\n                          ^\n/home/ubuntu/test_codellm/unit_tests/zhipu/python_java/test.java:227: error: illegal initializer for int\n                {{0, -1}, {-1, -1}, {-1, 0}},\n                                    ^\n/home/ubuntu/test_codellm/unit_tests/zhipu/python_java/test.java:228: error: illegal initializer for int\n                {{0, 1}, {-1, 0}, {-1, 1}},\n                 ^\n/home/ubuntu/test_codellm/unit_tests/zhipu/python_java/test.java:228: error: illegal initializer for int\n                {{0, 1}, {-1, 0}, {-1, 1}},\n                         ^\n/home/ubuntu/test_codellm/unit_tests/zhipu/python_java/test.java:228: error: illegal initializer for int\n                {{0, 1}, {-1, 0}, {-1, 1}},\n                                  ^\n/home/ubuntu/test_codellm/unit_tests/zhipu/python_java/test.java:229: error: illegal initializer for int\n                {{0, -1}, {1, 0}, {1, -1}},\n                 ^\n/home/ubuntu/test_codellm/unit_tests/zhipu/python_java/test.java:229: error: illegal initializer for int\n                {{0, -1}, {1, 0}, {1, -1}},\n                          ^\n/home/ubuntu/test_codellm/unit_tests/zhipu/python_java/test.java:229: error: illegal initializer for int\n                {{0, -1}, {1, 0}, {1, -1}},\n                                  ^\n/home/ubuntu/test_codellm/unit_tests/zhipu/python_java/test.java:230: error: illegal initializer for int\n                {{0, 1}, {1, 0}, {1, 1}}\n                 ^\n/home/ubuntu/test_codellm/unit_tests/zhipu/python_java/test.java:230: error: illegal initializer for int\n                {{0, 1}, {1, 0}, {1, 1}}\n                         ^\n/home/ubuntu/test_codellm/unit_tests/zhipu/python_java/test.java:230: error: illegal initializer for int\n                {{0, 1}, {1, 0}, {1, 1}}\n                                 ^\n/home/ubuntu/test_codellm/unit_tests/zhipu/python_java/test.java:236: error: incompatible types: int cannot be converted to int[]\n                for (int[] d : dir) {\n                               ^\n/home/ubuntu/test_codellm/unit_tests/zhipu/python_java/test.java:254: error: cannot find symbol\n        ans[0] = sumBlocks - sum(ans[1]);\n                             ^\n  symbol:   method sum(int)\n  location: class Test\n/home/ubuntu/test_codellm/unit_tests/zhipu/python_java/test.java:255: error: incompatible types: int[] cannot be converted to long[]\n        return ans;\n               ^\n/home/ubuntu/test_codellm/unit_tests/zhipu/python_java/test.java:298: error: method testfunc in class Test cannot be applied to given types;\n                return_data = testfunc(data1, data2, data3);\n                              ^\n  required: int[][],int[][],int[][]\n  found:    int,int,int[][]\n  reason: argument mismatch; int cannot be converted to int[][]\n17 errors\nerror: compilation failed\n'


2023-12-12 03:01:41 INFO Running task: 82_0...
2023-12-12 03:01:41 INFO Compilation Failed!
2023-12-12 03:01:41 INFO run_output: b'/home/ubuntu/test_codellm/unit_tests/zhipu/python_java/test.java:223: error: illegal character: \'\\\'\n    Set<String> beautifulStrings = {\\"1\\", \\"101\\", \\"11001\\", \\"1111101\\", \\"1001110001\\", \\"110000110101\\", \\"11110100001001\\"};\n                                    ^\n/home/ubuntu/test_codellm/unit_tests/zhipu/python_java/test.java:223: error: unclosed string literal\n    Set<String> beautifulStrings = {\\"1\\", \\"101\\", \\"11001\\", \\"1111101\\", \\"1001110001\\", \\"110000110101\\", \\"11110100001001\\"};\n                                     ^\n2 errors\nerror: compilation failed\n'


2023-12-12 03:01:41 INFO Running task: 83_0...
2023-12-12 03:01:41 INFO Compilation Failed!
2023-12-12 03:01:41 INFO run_output: b"/home/ubuntu/test_codellm/unit_tests/zhipu/python_java/test.java:232: error: not a statement\n        x, y = y, x;\n        ^\n/home/ubuntu/test_codellm/unit_tests/zhipu/python_java/test.java:232: error: ';' expected\n        x, y = y, x;\n         ^\n/home/ubuntu/test_codellm/unit_tests/zhipu/python_java/test.java:232: error: ';' expected\n        x, y = y, x;\n                ^\n/home/ubuntu/test_codellm/unit_tests/zhipu/python_java/test.java:232: error: not a statement\n        x, y = y, x;\n                  ^\n/home/ubuntu/test_codellm/unit_tests/zhipu/python_java/test.java:245: error: not a statement\n        x, y = y, x;\n        ^\n/home/ubuntu/test_codellm/unit_tests/zhipu/python_java/test.java:245: error: ';' expected\n        x, y = y, x;\n         ^\n/home/ubuntu/test_codellm/unit_tests/zhipu/python_java/test.java:245: error: ';' expected\n        x, y = y, x;\n                ^\n/home/ubuntu/test_codellm/unit_tests/zhipu/python_java/test.java:245: error: not a statement\n        x, y = y, x;\n                  ^\n8 errors\nerror: compilation failed\n"


2023-12-12 03:01:41 INFO Running task: 84_0...
2023-12-12 03:01:42 INFO Test Failed!
2023-12-12 03:01:42 INFO run_output: b'Note: /home/ubuntu/test_codellm/unit_tests/zhipu/python_java/test.java uses unchecked or unsafe operations.\nNote: Recompile with -Xlint:unchecked for details.\n2 3\nTestcase No.1 Failed!\n3 4\nTestcase No.2 Failed!\n2 3\nTestcase No.3 Failed!\n3 4\nTestcase No.4 Failed!\n3 4\nTestcase No.5 Failed!\nPassed 0 / 5 testcases!\nTest Failed!\n'


2023-12-12 03:01:42 INFO Running task: 85_0...
2023-12-12 03:01:43 INFO Compilation Failed!
2023-12-12 03:01:43 INFO run_output: b"/home/ubuntu/test_codellm/unit_tests/zhipu/python_java/test.java:222: error: no suitable method found for stream(char[])\n        boolean isDigits = Arrays.stream(s.toCharArray()).allMatch(c -> c >= '0' && c <= '9');\n                                 ^\n    method Arrays.<T#1>stream(T#1[]) is not applicable\n      (inference variable T#1 has incompatible bounds\n        equality constraints: char\n        lower bounds: Object)\n    method Arrays.<T#2>stream(T#2[],int,int) is not applicable\n      (cannot infer type-variable(s) T#2\n        (actual and formal argument lists differ in length))\n    method Arrays.stream(int[]) is not applicable\n      (argument mismatch; char[] cannot be converted to int[])\n    method Arrays.stream(int[],int,int) is not applicable\n      (actual and formal argument lists differ in length)\n    method Arrays.stream(long[]) is not applicable\n      (argument mismatch; char[] cannot be converted to long[])\n    method Arrays.stream(long[],int,int) is not applicable\n      (actual and formal argument lists differ in length)\n    method Arrays.stream(double[]) is not applicable\n      (argument mismatch; char[] cannot be converted to double[])\n    method Arrays.stream(double[],int,int) is not applicable\n      (actual and formal argument lists differ in length)\n  where T#1,T#2 are type-variables:\n    T#1 extends Object declared in method <T#1>stream(T#1[])\n    T#2 extends Object declared in method <T#2>stream(T#2[],int,int)\n1 error\nerror: compilation failed\n"


2023-12-12 03:01:43 INFO Running task: 86_0...
2023-12-12 03:01:44 INFO Compilation Failed!
2023-12-12 03:01:44 INFO run_output: b'/home/ubuntu/test_codellm/unit_tests/zhipu/python_java/test.java:220: error: incompatible types: cannot infer type arguments for ArrayList<>\n        int ans, cnt = new ArrayList<>();\n                                    ^\n    reason: no instance(s) of type variable(s) E exist so that ArrayList<E> conforms to int\n  where E is a type-variable:\n    E extends Object declared in class ArrayList\n/home/ubuntu/test_codellm/unit_tests/zhipu/python_java/test.java:223: error: int cannot be dereferenced\n                if (cnt.get(y) != null && gcd(x % 10, y) == 1) {\n                       ^\n/home/ubuntu/test_codellm/unit_tests/zhipu/python_java/test.java:223: error: cannot find symbol\n                if (cnt.get(y) != null && gcd(x % 10, y) == 1) {\n                                          ^\n  symbol:   method gcd(int,int)\n  location: class Test\n/home/ubuntu/test_codellm/unit_tests/zhipu/python_java/test.java:224: error: int cannot be dereferenced\n                    ans += cnt.get(y);\n                              ^\n/home/ubuntu/test_codellm/unit_tests/zhipu/python_java/test.java:230: error: int cannot be dereferenced\n            cnt.add(x, 1);\n               ^\n5 errors\nerror: compilation failed\n'


2023-12-12 03:01:44 INFO Running task: 87_0...
2023-12-12 03:01:44 INFO Compilation Failed!
2023-12-12 03:01:44 INFO run_output: b'/home/ubuntu/test_codellm/unit_tests/zhipu/python_java/test.java:302: error: method testfunc in class Test cannot be applied to given types;\n                return_data = testfunc(data1, data2, data3, data4);\n                              ^\n  required: int,List<List<Integer>>,int,List<Integer>\n  found:    int,int[][],int,int[]\n  reason: argument mismatch; int[][] cannot be converted to List<List<Integer>>\n1 error\nerror: compilation failed\n'


2023-12-12 03:01:44 INFO Running task: 88_0...
2023-12-12 03:01:45 INFO Compilation Failed!
2023-12-12 03:01:45 INFO run_output: b"/home/ubuntu/test_codellm/unit_tests/zhipu/python_java/test.java:243: error: bad operand types for binary operator '!='\n            return x != g.get(y) || any(x, y, g, odd);\n                     ^\n  first type:  int\n  second type: Set<Integer>\n/home/ubuntu/test_codellm/unit_tests/zhipu/python_java/test.java:255: error: cannot find symbol\n        for (int i = 1; i <= n; i++) {\n                             ^\n  symbol:   variable n\n  location: class Test\nNote: /home/ubuntu/test_codellm/unit_tests/zhipu/python_java/test.java uses unchecked or unsafe operations.\nNote: Recompile with -Xlint:unchecked for details.\n2 errors\nerror: compilation failed\n"


2023-12-12 03:01:45 INFO Running task: 89_0...
2023-12-12 03:01:46 INFO Runtime Failed!
2023-12-12 03:01:46 INFO run_output: b'java.lang.StringIndexOutOfBoundsException: begin 8, end 7, length 9\n\tat java.base/java.lang.String.checkBoundsBeginEnd(String.java:4606)\n\tat java.base/java.lang.String.substring(String.java:2709)\n\tat Test.testfunc(test.java:227)\n\tat Test.start(test.java:274)\n\tat Test.main(test.java:295)\n\tat java.base/jdk.internal.reflect.NativeMethodAccessorImpl.invoke0(Native Method)\n\tat java.base/jdk.internal.reflect.NativeMethodAccessorImpl.invoke(NativeMethodAccessorImpl.java:77)\n\tat java.base/jdk.internal.reflect.DelegatingMethodAccessorImpl.invoke(DelegatingMethodAccessorImpl.java:43)\n\tat java.base/java.lang.reflect.Method.invoke(Method.java:568)\n\tat jdk.compiler/com.sun.tools.javac.launcher.Main.execute(Main.java:419)\n\tat jdk.compiler/com.sun.tools.javac.launcher.Main.run(Main.java:192)\n\tat jdk.compiler/com.sun.tools.javac.launcher.Main.main(Main.java:132)\njava.lang.StringIndexOutOfBoundsException: begin 12, end 11, length 13\n\tat java.base/java.lang.String.checkBoundsBeginEnd(String.java:4606)\n\tat java.base/java.lang.String.substring(String.java:2709)\n\tat Test.testfunc(test.java:227)\n\tat Test.start(test.java:274)\n\tat Test.main(test.java:295)\n\tat java.base/jdk.internal.reflect.NativeMethodAccessorImpl.invoke0(Native Method)\n\tat java.base/jdk.internal.reflect.NativeMethodAccessorImpl.invoke(NativeMethodAccessorImpl.java:77)\n\tat java.base/jdk.internal.reflect.DelegatingMethodAccessorImpl.invoke(DelegatingMethodAccessorImpl.java:43)\n\tat java.base/java.lang.reflect.Method.invoke(Method.java:568)\n\tat jdk.compiler/com.sun.tools.javac.launcher.Main.execute(Main.java:419)\n\tat jdk.compiler/com.sun.tools.javac.launcher.Main.run(Main.java:192)\n\tat jdk.compiler/com.sun.tools.javac.launcher.Main.main(Main.java:132)\njava.lang.StringIndexOutOfBoundsException: begin 15, end 14, length 16\n\tat java.base/java.lang.String.checkBoundsBeginEnd(String.java:4606)\n\tat java.base/java.lang.String.substring(String.java:2709)\n\tat Test.testfunc(test.java:227)\n\tat Test.start(test.java:274)\n\tat Test.main(test.java:295)\n\tat java.base/jdk.internal.reflect.NativeMethodAccessorImpl.invoke0(Native Method)\n\tat java.base/jdk.internal.reflect.NativeMethodAccessorImpl.invoke(NativeMethodAccessorImpl.java:77)\n\tat java.base/jdk.internal.reflect.DelegatingMethodAccessorImpl.invoke(DelegatingMethodAccessorImpl.java:43)\n\tat java.base/java.lang.reflect.Method.invoke(Method.java:568)\n\tat jdk.compiler/com.sun.tools.javac.launcher.Main.execute(Main.java:419)\n\tat jdk.compiler/com.sun.tools.javac.launcher.Main.run(Main.java:192)\n\tat jdk.compiler/com.sun.tools.javac.launcher.Main.main(Main.java:132)\njava.lang.StringIndexOutOfBoundsException: begin 49, end 48, length 50\n\tat java.base/java.lang.String.checkBoundsBeginEnd(String.java:4606)\n\tat java.base/java.lang.String.substring(String.java:2709)\n\tat Test.testfunc(test.java:227)\n\tat Test.start(test.java:274)\n\tat Test.main(test.java:295)\n\tat java.base/jdk.internal.reflect.NativeMethodAccessorImpl.invoke0(Native Method)\n\tat java.base/jdk.internal.reflect.NativeMethodAccessorImpl.invoke(NativeMethodAccessorImpl.java:77)\n\tat java.base/jdk.internal.reflect.DelegatingMethodAccessorImpl.invoke(DelegatingMethodAccessorImpl.java:43)\n\tat java.base/java.lang.reflect.Method.invoke(Method.java:568)\n\tat jdk.compiler/com.sun.tools.javac.launcher.Main.execute(Main.java:419)\n\tat jdk.compiler/com.sun.tools.javac.launcher.Main.run(Main.java:192)\n\tat jdk.compiler/com.sun.tools.javac.launcher.Main.main(Main.java:132)\njava.lang.StringIndexOutOfBoundsException: begin 49, end 48, length 50\n\tat java.base/java.lang.String.checkBoundsBeginEnd(String.java:4606)\n\tat java.base/java.lang.String.substring(String.java:2709)\n\tat Test.testfunc(test.java:227)\n\tat Test.start(test.java:274)\n\tat Test.main(test.java:295)\n\tat java.base/jdk.internal.reflect.NativeMethodAccessorImpl.invoke0(Native Method)\n\tat java.base/jdk.internal.reflect.NativeMethodAccessorImpl.invoke(NativeMethodAccessorImpl.java:77)\n\tat java.base/jdk.internal.reflect.DelegatingMethodAccessorImpl.invoke(DelegatingMethodAccessorImpl.java:43)\n\tat java.base/java.lang.reflect.Method.invoke(Method.java:568)\n\tat jdk.compiler/com.sun.tools.javac.launcher.Main.execute(Main.java:419)\n\tat jdk.compiler/com.sun.tools.javac.launcher.Main.run(Main.java:192)\n\tat jdk.compiler/com.sun.tools.javac.launcher.Main.main(Main.java:132)\nPassed 0 / 5 testcases!\nTest Failed!\n'


2023-12-12 03:01:46 INFO Running task: 90_0...
2023-12-12 03:01:47 INFO Compilation Failed!
2023-12-12 03:01:47 INFO run_output: b'/home/ubuntu/test_codellm/unit_tests/zhipu/python_java/test.java:229: error: incompatible types: int[] cannot be converted to int\n        return dfs(0, -1, g, coins, k);\n                  ^\n1 error\nerror: compilation failed\n'


2023-12-12 03:01:47 INFO Running task: 91_0...
2023-12-12 03:01:48 INFO Compilation Failed!
2023-12-12 03:01:48 INFO run_output: b"/home/ubuntu/test_codellm/unit_tests/zhipu/python_java/test.java:220: error: cannot find symbol\n        g = new int[n][n];\n        ^\n  symbol:   variable g\n  location: class Test\n/home/ubuntu/test_codellm/unit_tests/zhipu/python_java/test.java:223: error: cannot find symbol\n            g[x][y] = g[y][x] = 1;\n            ^\n  symbol:   variable g\n  location: class Test\n/home/ubuntu/test_codellm/unit_tests/zhipu/python_java/test.java:223: error: cannot find symbol\n            g[x][y] = g[y][x] = 1;\n                      ^\n  symbol:   variable g\n  location: class Test\n/home/ubuntu/test_codellm/unit_tests/zhipu/python_java/test.java:225: error: cannot find symbol\n        vis = new boolean[n];\n        ^\n  symbol:   variable vis\n  location: class Test\n/home/ubuntu/test_codellm/unit_tests/zhipu/python_java/test.java:228: error: cannot find symbol\n            if (!vis[i]) {\n                 ^\n  symbol:   variable vis\n  location: class Test\n/home/ubuntu/test_codellm/unit_tests/zhipu/python_java/test.java:229: error: cannot find symbol\n                counts = new int[] {0, 0};\n                ^\n  symbol:   variable counts\n  location: class Test\n/home/ubuntu/test_codellm/unit_tests/zhipu/python_java/test.java:230: error: cannot find symbol\n                dfs(i, g, vis, counts);\n                       ^\n  symbol:   variable g\n  location: class Test\n/home/ubuntu/test_codellm/unit_tests/zhipu/python_java/test.java:230: error: cannot find symbol\n                dfs(i, g, vis, counts);\n                          ^\n  symbol:   variable vis\n  location: class Test\n/home/ubuntu/test_codellm/unit_tests/zhipu/python_java/test.java:230: error: cannot find symbol\n                dfs(i, g, vis, counts);\n                               ^\n  symbol:   variable counts\n  location: class Test\n/home/ubuntu/test_codellm/unit_tests/zhipu/python_java/test.java:231: error: cannot find symbol\n                int v = counts[0], e = counts[1];\n                        ^\n  symbol:   variable counts\n  location: class Test\n/home/ubuntu/test_codellm/unit_tests/zhipu/python_java/test.java:231: error: cannot find symbol\n                int v = counts[0], e = counts[1];\n                                       ^\n  symbol:   variable counts\n  location: class Test\n/home/ubuntu/test_codellm/unit_tests/zhipu/python_java/test.java:232: error: bad operand types for binary operator '+'\n                ans += e == v * (v - 1);\n                    ^\n  first type:  int\n  second type: boolean\n12 errors\nerror: compilation failed\n"


2023-12-12 03:01:48 INFO Running task: 92_0...
2023-12-12 03:01:49 INFO Test Passed!


2023-12-12 03:01:49 INFO Running task: 93_0...
2023-12-12 03:01:49 INFO Compilation Failed!
2023-12-12 03:01:49 INFO run_output: b'/home/ubuntu/test_codellm/unit_tests/zhipu/python_java/test.java:220: error: cannot find symbol\n        visited = new boolean[n];\n        ^\n  symbol:   variable visited\n  location: class Test\n/home/ubuntu/test_codellm/unit_tests/zhipu/python_java/test.java:220: error: cannot find symbol\n        visited = new boolean[n];\n                              ^\n  symbol:   variable n\n  location: class Test\n/home/ubuntu/test_codellm/unit_tests/zhipu/python_java/test.java:221: error: cannot find symbol\n        return dfs(source, destination, adj, visited);\n                                        ^\n  symbol:   variable adj\n  location: class Test\n/home/ubuntu/test_codellm/unit_tests/zhipu/python_java/test.java:221: error: cannot find symbol\n        return dfs(source, destination, adj, visited);\n                                             ^\n  symbol:   variable visited\n  location: class Test\n/home/ubuntu/test_codellm/unit_tests/zhipu/python_java/test.java:279: error: method testfunc in class Test cannot be applied to given types;\n                return_data = testfunc(data1, data2, data3, data4);\n                              ^\n  required: int,int\n  found:    int,int[][],int,int\n  reason: actual and formal argument lists differ in length\n5 errors\nerror: compilation failed\n'


2023-12-12 03:01:49 INFO Running task: 94_0...
2023-12-12 03:01:50 INFO Test Passed!


2023-12-12 03:01:50 INFO Running task: 95_0...
2023-12-12 03:01:51 INFO Test Passed!


2023-12-12 03:01:51 INFO Running task: 96_0...
2023-12-12 03:01:52 INFO Compilation Failed!
2023-12-12 03:01:52 INFO run_output: b'/home/ubuntu/test_codellm/unit_tests/zhipu/python_java/test.java:222: error: no suitable method found for max(List<Integer>)\n        return sums.index(Math.max(sums)) + 1;\n                              ^\n    method Math.max(int,int) is not applicable\n      (actual and formal argument lists differ in length)\n    method Math.max(long,long) is not applicable\n      (actual and formal argument lists differ in length)\n    method Math.max(float,float) is not applicable\n      (actual and formal argument lists differ in length)\n    method Math.max(double,double) is not applicable\n      (actual and formal argument lists differ in length)\n1 error\nerror: compilation failed\n'


2023-12-12 03:01:52 INFO Running task: 97_0...
2023-12-12 03:01:53 INFO Compilation Failed!
2023-12-12 03:01:53 INFO run_output: b'/home/ubuntu/test_codellm/unit_tests/zhipu/python_java/test.java:231: error: cannot find symbol\n    return dfs(node.left.orElse(null), val) + dfs(node.right.orElse(null), val);\n                        ^\n  symbol:   method orElse(<null>)\n  location: variable left of type TreeNode\n/home/ubuntu/test_codellm/unit_tests/zhipu/python_java/test.java:231: error: cannot find symbol\n    return dfs(node.left.orElse(null), val) + dfs(node.right.orElse(null), val);\n                                                            ^\n  symbol:   method orElse(<null>)\n  location: variable right of type TreeNode\n/home/ubuntu/test_codellm/unit_tests/zhipu/python_java/test.java:270: error: method testfunc in class Test cannot be applied to given types;\n                return_data = testfunc(data1);\n                              ^\n  required: Optional<TreeNode>\n  found:    TreeNode\n  reason: argument mismatch; TreeNode cannot be converted to Optional<TreeNode>\n3 errors\nerror: compilation failed\n'


2023-12-12 03:01:53 INFO Running task: 98_0...
2023-12-12 03:01:53 INFO Test Passed!


2023-12-12 03:01:53 INFO Running task: 99_0...
2023-12-12 03:01:54 INFO Compilation Failed!
2023-12-12 03:01:54 INFO run_output: b"/home/ubuntu/test_codellm/unit_tests/zhipu/python_java/test.java:224: error: bad operand types for binary operator '=='\n        while (x == s) {\n                 ^\n  first type:  int\n  second type: Set<Integer>\n1 error\nerror: compilation failed\n"


2023-12-12 03:01:54 INFO Running task: 100_0...
2023-12-12 03:01:55 INFO Test Passed!


Traceback (most recent call last):
  File "/home/ubuntu/test_codellm/run_all_java_json.py", line 167, in <module>
    results = run_tests(
  File "/home/ubuntu/test_codellm/run_all_java_json.py", line 111, in run_tests
    data = json_data(task, "total", "total", results)
TypeError: json_data() missing 1 required positional argument: 'number'
